#
# A fatal error has been detected by the Java Runtime Environment:
#
#  SIGSEGV (0xb) at pc=0x00007fb22f6939a0, pid=15725, tid=15771
#
# JRE version: OpenJDK Runtime Environment Temurin-17.0.8.1+1 (17.0.8.1+1) (build 17.0.8.1+1)
# Java VM: OpenJDK 64-Bit Server VM Temurin-17.0.8.1+1 (17.0.8.1+1, mixed mode, tiered, compressed oops, compressed class ptrs, parallel gc, linux-amd64)
# Problematic frame:
# V  [libjvm.so+0xc939a0]  oopDesc* PSPromotionManager::copy_unmarked_to_survivor_space<false>(oopDesc*, markWord)+0x40
#
# Core dump will be written. Default location: Core dumps may be processed with "/usr/share/apport/apport -p%p -s%s -c%c -d%d -P%P -u%u -g%g -- %E" (or dumping to /home/emmanuel/Desktop/spring_batch/spring_batch_hello_world/core.15725)
#
# If you would like to submit a bug report, please visit:
#   https://github.com/adoptium/adoptium-support/issues
#

---------------  S U M M A R Y ------------

Command Line: --add-modules=ALL-SYSTEM --add-opens=java.base/java.util=ALL-UNNAMED --add-opens=java.base/java.lang=ALL-UNNAMED --add-opens=java.base/sun.nio.fs=ALL-UNNAMED -Declipse.application=org.eclipse.jdt.ls.core.id1 -Dosgi.bundles.defaultStartLevel=4 -Declipse.product=org.eclipse.jdt.ls.core.product -Djava.import.generatesMetadataFilesAtProjectRoot=false -DDetectVMInstallationsJob.disabled=true -Dfile.encoding=utf8 -XX:+UseParallelGC -XX:GCTimeRatio=4 -XX:AdaptiveSizePolicyWeight=90 -Dsun.zip.disableMemoryMapping=true -Xmx1G -Xms100m -Xlog:disable -javaagent:/home/emmanuel/.vscode/extensions/redhat.java-1.23.0-linux-x64/lombok/lombok-1.18.30.jar -XX:+HeapDumpOnOutOfMemoryError -XX:HeapDumpPath=/home/emmanuel/.config/Code/User/workspaceStorage/9cf0182d8b0822c1a4b2ba5774e2e160/redhat.java -Daether.dependencyCollector.impl=bf /home/emmanuel/.vscode/extensions/redhat.java-1.23.0-linux-x64/server/plugins/org.eclipse.equinox.launcher_1.6.500.v20230717-2134.jar -configuration /home/emmanuel/.config/Code/User/globalStorage/redhat.java/1.23.0/config_linux -data /home/emmanuel/.config/Code/User/workspaceStorage/9cf0182d8b0822c1a4b2ba5774e2e160/redhat.java/jdt_ws

Host: AMD Ryzen 7 3750H with Radeon Vega Mobile Gfx, 8 cores, 15G, Ubuntu 22.04.3 LTS
Time: Sun Oct  8 18:13:39 2023 CDT elapsed time: 6.062862 seconds (0d 0h 0m 6s)

---------------  T H R E A D  ---------------

Current thread (0x00007fb204005800):  GCTaskThread "GC Thread#6" [stack: 0x00007fb202cf4000,0x00007fb202df4000] [id=15771]

Stack: [0x00007fb202cf4000,0x00007fb202df4000],  sp=0x00007fb202df2b30,  free space=1018k
Native frames: (J=compiled Java code, j=interpreted, Vv=VM code, C=native code)
V  [libjvm.so+0xc939a0]  oopDesc* PSPromotionManager::copy_unmarked_to_survivor_space<false>(oopDesc*, markWord)+0x40
V  [libjvm.so+0xc93306]  PSPromotionManager::drain_stacks_depth(bool)+0x226
V  [libjvm.so+0xc9653f]  steal_work(TaskTerminator&, unsigned int)+0x2f
V  [libjvm.so+0xc98013]  ScavengeRootsTask::work(unsigned int)+0x403
V  [libjvm.so+0xf17f2f]  GangWorker::loop()+0x5f
V  [libjvm.so+0xf17f8f]
V  [libjvm.so+0xe68d40]  Thread::call_run()+0xc0
V  [libjvm.so+0xc1e681]  thread_native_entry(Thread*)+0xe1


siginfo: si_signo: 11 (SIGSEGV), si_code: 1 (SEGV_MAPERR), si_addr: 0x0000000608fae2a0

Register to memory mapping:

RAX=0x00007fb22fcbf320: <offset 0x00000000012bf320> in /home/emmanuel/.vscode/extensions/redhat.java-1.23.0-linux-x64/jre/17.0.8.1-linux-x86_64/lib/server/libjvm.so at 0x00007fb22ea00000
RBX=0x00007fb2281d3a00 points into unknown readable memory: 0x00007fb22fcb62a8 | a8 62 cb 2f b2 7f 00 00
RCX=0x0000000000000003 is an unknown value
RDX=0x0000000000000001 is an unknown value
RSP=0x00007fb202df2b30 points into unknown readable memory: 0x00007fb202df2b28 | 28 2b df 02 b2 7f 00 00
RBP=0x00007fb202df2ba0 points into unknown readable memory: 0x00007fb202df2bf0 | f0 2b df 02 b2 7f 00 00
RSI=0x00000000ec2e00e0 points into unknown readable memory: 0x752f79726f746361 | 61 63 74 6f 72 79 2f 75
RDI=0x0000000608fae298 is an unknown value
R8 =0x00007fb228041570 points into unknown readable memory: 0x0000000000000000 | 00 00 00 00 00 00 00 00
R9 =0x00007fb22ec8ee40: <offset 0x000000000028ee40> in /home/emmanuel/.vscode/extensions/redhat.java-1.23.0-linux-x64/jre/17.0.8.1-linux-x86_64/lib/server/libjvm.so at 0x00007fb22ea00000
R10=0x00007fb22fd06245: <offset 0x0000000001306245> in /home/emmanuel/.vscode/extensions/redhat.java-1.23.0-linux-x64/jre/17.0.8.1-linux-x86_64/lib/server/libjvm.so at 0x00007fb22ea00000
R11=0x00000000ec4df7c0 is an oop: com.google.inject.spi.Dependency 
{0x00000000ec4df7c0} - klass: 'com/google/inject/spi/Dependency'
 - ---- fields (total size 4 words):
 - private final 'parameterIndex' 'I' @12  -1 (ffffffff)
 - private final 'nullable' 'Z' @16  true
 - private final 'injectionPoint' 'Lcom/google/inject/spi/InjectionPoint;' @20  NULL (0)
 - private final 'key' 'Lcom/google/inject/Key;' @24  a 'com/google/inject/Key'{0x00000000c104cba0} (c104cba0)
R12=0x00000000ec2e00e0 points into unknown readable memory: 0x752f79726f746361 | 61 63 74 6f 72 79 2f 75
R13=0x00000000c116cb18 is pointing into object: com.google.inject.internal.ProviderInstanceBindingImpl 
{0x00000000c116cb08} - klass: 'com/google/inject/internal/ProviderInstanceBindingImpl'
 - ---- fields (total size 6 words):
 - private final 'injector' 'Lcom/google/inject/internal/InjectorImpl;' @12  a 'com/google/inject/internal/InjectorImpl'{0x00000000c11b4928} (c11b4928)
 - private final 'key' 'Lcom/google/inject/Key;' @16  
[error occurred during error reporting (printing register info), id 0xb, SIGSEGV (0xb) at pc=0x00007fb22f606b68]

Registers:
RAX=0x00007fb22fcbf320, RBX=0x00007fb2281d3a00, RCX=0x0000000000000003, RDX=0x0000000000000001
RSP=0x00007fb202df2b30, RBP=0x00007fb202df2ba0, RSI=0x00000000ec2e00e0, RDI=0x0000000608fae298
R8 =0x00007fb228041570, R9 =0x00007fb22ec8ee40, R10=0x00007fb22fd06245, R11=0x00000000ec4df7c0
R12=0x00000000ec2e00e0, R13=0x00000000c116cb18, R14=0x00000000c116cb19, R15=0x00007fb22fcbf330
RIP=0x00007fb22f6939a0, EFLAGS=0x0000000000010202, CSGSFS=0x002b000000000033, ERR=0x0000000000000004
  TRAPNO=0x000000000000000e

Top of Stack: (sp=0x00007fb202df2b30)
0x00007fb202df2b30:   00007fb202df2b28 00007fb22e631b81
0x00007fb202df2b40:   00007fb22e631b81 752f79726f746361
0x00007fb202df2b50:   0000000000000240 00007fb22fd21a00
0x00007fb202df2b60:   00007fb202df2c40 00007fb22f67731c 

Instructions: (pc=0x00007fb22f6939a0)
0x00007fb22f6938a0:   e8 eb 4b 73 ff e9 f9 fb ff ff 66 0f 1f 44 00 00
0x00007fb22f6938b0:   48 8d 05 11 c9 6a 00 4c 89 ee 48 89 55 c0 48 8b
0x00007fb22f6938c0:   38 e8 4a 88 fa ff 84 c0 0f 84 b2 f9 ff ff 48 8b
0x00007fb22f6938d0:   55 c0 49 39 16 0f 87 a5 f9 ff ff 48 8d 05 1e e8
0x00007fb22f6938e0:   68 00 4d 89 e8 49 c1 e8 09 48 8b 00 48 8b 40 40
0x00007fb22f6938f0:   42 c6 04 00 03 e9 86 f9 ff ff 66 0f 1f 44 00 00
0x00007fb22f693900:   8b 93 60 01 00 00 8b 83 e0 00 00 00 29 d0 25 ff
0x00007fb22f693910:   ff 01 00 3d ff ff 01 00 74 08 85 c0 0f 85 fe f7
0x00007fb22f693920:   ff ff 48 83 c4 18 5b 41 5c 41 5d 41 5e 41 5f 5d
0x00007fb22f693930:   c3 31 d2 e9 3d fd ff ff 45 31 ff e9 a1 fd ff ff
0x00007fb22f693940:   45 31 ed e9 29 fa ff ff 31 d2 e9 ba f9 ff ff 45
0x00007fb22f693950:   31 ed e9 a2 fa ff ff 31 d2 e9 04 f9 ff ff 66 90
0x00007fb22f693960:   55 48 89 e5 41 57 41 56 41 55 41 54 49 89 f4 53
0x00007fb22f693970:   48 89 fb 48 83 ec 48 48 8d 05 c7 28 67 00 48 89
0x00007fb22f693980:   55 a8 0f b6 10 84 d2 0f 84 0b 04 00 00 48 8d 05
0x00007fb22f693990:   8c b9 62 00 8b 7e 08 8b 48 08 48 d3 e7 48 03 38
0x00007fb22f6939a0:   8b 47 08 89 45 a4 85 c0 0f 8e da 02 00 00 a8 01
0x00007fb22f6939b0:   0f 84 9a 00 00 00 48 8b 07 48 8d 15 80 b4 5f ff
0x00007fb22f6939c0:   48 8b 80 00 01 00 00 48 39 d0 0f 85 3d 04 00 00
0x00007fb22f6939d0:   c1 7d a4 03 4c 63 6d a4 48 8b 55 a8 49 89 d6 49
0x00007fb22f6939e0:   c1 ee 03 44 89 f0 83 e0 0f 83 e2 01 89 45 a0 0f
0x00007fb22f6939f0:   84 b3 03 00 00 48 8d 05 fc e6 68 00 8b 4d a0 3b
0x00007fb22f693a00:   08 0f 83 29 01 00 00 4c 8b 7b 08 48 8b 43 18 4c
0x00007fb22f693a10:   29 f8 48 c1 e8 03 4c 39 e8 0f 82 01 01 00 00 4b
0x00007fb22f693a20:   8d 04 ef 45 31 db 48 89 43 08 4d 85 ff 0f 84 ed
0x00007fb22f693a30:   00 00 00 8b 45 a4 83 f8 08 0f 87 69 06 00 00 48
0x00007fb22f693a40:   8d 15 ca e2 36 00 48 63 04 82 48 01 d0 ff e0 90
0x00007fb22f693a50:   c1 f8 03 89 45 a4 4c 63 e8 e9 7a ff ff ff 66 90
0x00007fb22f693a60:   49 8b 44 24 38 49 89 47 38 49 8b 44 24 30 49 89
0x00007fb22f693a70:   47 30 49 8b 44 24 28 49 89 47 28 49 8b 44 24 20
0x00007fb22f693a80:   49 89 47 20 49 8b 44 24 18 49 89 47 18 49 8b 44
0x00007fb22f693a90:   24 10 49 89 47 10 49 8b 44 24 08 49 89 47 08 49 


Stack slot to memory mapping:
stack at sp + 0 slots: 0x00007fb202df2b28 points into unknown readable memory: 0x00000000c10efba8 | a8 fb 0e c1 00 00 00 00
stack at sp + 1 slots: 0x00007fb22e631b81 points into unknown readable memory: 03 ff ff ff ff ff ff
stack at sp + 2 slots: 0x00007fb22e631b81 points into unknown readable memory: 03 ff ff ff ff ff ff
stack at sp + 3 slots: 0x752f79726f746361 is an unknown value
stack at sp + 4 slots: 0x0000000000000240 is an unknown value
stack at sp + 5 slots: 0x00007fb22fd21a00: <offset 0x0000000001321a00> in /home/emmanuel/.vscode/extensions/redhat.java-1.23.0-linux-x64/jre/17.0.8.1-linux-x86_64/lib/server/libjvm.so at 0x00007fb22ea00000
stack at sp + 6 slots: 0x00007fb202df2c40 points into unknown readable memory: 0x0000000000000001 | 01 00 00 00 00 00 00 00
stack at sp + 7 slots: 0x00007fb22f67731c: <offset 0x0000000000c7731c> in /home/emmanuel/.vscode/extensions/redhat.java-1.23.0-linux-x64/jre/17.0.8.1-linux-x86_64/lib/server/libjvm.so at 0x00007fb22ea00000


---------------  P R O C E S S  ---------------

Threads class SMR info:
_java_thread_list=0x00007fb188002bd0, length=28, elements={
0x00007fb228028470, 0x00007fb2281e7780, 0x00007fb2281e8d00, 0x00007fb2282101b0,
0x00007fb228213aa0, 0x00007fb228214a40, 0x00007fb2282160a0, 0x00007fb228217560,
0x00007fb2282209a0, 0x00007fb2282b6390, 0x00007fb2283b8fd0, 0x00007fb228490a40,
0x00007fb1ec23b4f0, 0x00007fb1ec23c0c0, 0x00007fb228580d30, 0x00007fb2285d9a90,
0x00007fb2285dc710, 0x00007fb1ac43d2a0, 0x00007fb1ac0423e0, 0x00007fb1ac4e85b0,
0x00007fb1ac2a2230, 0x00007fb1ac3cc080, 0x00007fb1ac3d71e0, 0x00007fb1ac9acde0,
0x00007fb2286c1380, 0x00007fb2288286f0, 0x00007fb228829690, 0x00007fb188001f20
}

Java Threads: ( => current thread )
  0x00007fb228028470 JavaThread "main" [_thread_blocked, id=15726, stack(0x00007fb230032000,0x00007fb230132000)]
  0x00007fb2281e7780 JavaThread "Reference Handler" daemon [_thread_blocked, id=15729, stack(0x00007fb2145e4000,0x00007fb2146e4000)]
  0x00007fb2281e8d00 JavaThread "Finalizer" daemon [_thread_blocked, id=15730, stack(0x00007fb2144e4000,0x00007fb2145e4000)]
  0x00007fb2282101b0 JavaThread "Signal Dispatcher" daemon [_thread_blocked, id=15731, stack(0x00007fb2143e4000,0x00007fb2144e4000)]
  0x00007fb228213aa0 JavaThread "Service Thread" daemon [_thread_blocked, id=15732, stack(0x00007fb2142e4000,0x00007fb2143e4000)]
  0x00007fb228214a40 JavaThread "Monitor Deflation Thread" daemon [_thread_blocked, id=15733, stack(0x00007fb2141e4000,0x00007fb2142e4000)]
  0x00007fb2282160a0 JavaThread "C2 CompilerThread0" daemon [_thread_blocked, id=15734, stack(0x00007fb2140e4000,0x00007fb2141e4000)]
  0x00007fb228217560 JavaThread "C1 CompilerThread0" daemon [_thread_blocked, id=15735, stack(0x00007fb203900000,0x00007fb203a00000)]
  0x00007fb2282209a0 JavaThread "Sweeper thread" daemon [_thread_blocked, id=15736, stack(0x00007fb203800000,0x00007fb203900000)]
  0x00007fb2282b6390 JavaThread "Common-Cleaner" daemon [_thread_blocked, id=15738, stack(0x00007fb203700000,0x00007fb203800000)]
  0x00007fb2283b8fd0 JavaThread "Notification Thread" daemon [_thread_blocked, id=15744, stack(0x00007fb203400000,0x00007fb203500000)]
  0x00007fb228490a40 JavaThread "process reaper" daemon [_thread_blocked, id=15755, stack(0x00007fb22c094000,0x00007fb22c0b6000)]
  0x00007fb1ec23b4f0 JavaThread "C2 CompilerThread1" daemon [_thread_blocked, id=15773, stack(0x00007fb203600000,0x00007fb203700000)]
  0x00007fb1ec23c0c0 JavaThread "C2 CompilerThread2" daemon [_thread_in_native, id=15774, stack(0x00007fb203500000,0x00007fb203600000)]
  0x00007fb228580d30 JavaThread "Active Thread: Equinox Container: 6bb7ddc6-c023-48ee-8abe-7885c0035c5e" [_thread_blocked, id=15786, stack(0x00007fb202bf2000,0x00007fb202cf2000)]
  0x00007fb2285d9a90 JavaThread "Framework Event Dispatcher: Equinox Container: 6bb7ddc6-c023-48ee-8abe-7885c0035c5e" daemon [_thread_blocked, id=15790, stack(0x00007fb202af2000,0x00007fb202bf2000)]
  0x00007fb2285dc710 JavaThread "Start Level: Equinox Container: 6bb7ddc6-c023-48ee-8abe-7885c0035c5e" daemon [_thread_blocked, id=15791, stack(0x00007fb2029f2000,0x00007fb202af2000)]
  0x00007fb1ac43d2a0 JavaThread "Bundle File Closer" daemon [_thread_blocked, id=15796, stack(0x00007fb202500000,0x00007fb202600000)]
  0x00007fb1ac0423e0 JavaThread "SCR Component Actor" daemon [_thread_blocked, id=15798, stack(0x00007fb202400000,0x00007fb202500000)]
  0x00007fb1ac4e85b0 JavaThread "SCR Component Registry" daemon [_thread_blocked, id=15800, stack(0x00007fb202300000,0x00007fb202400000)]
  0x00007fb1ac2a2230 JavaThread "Worker-JM" [_thread_blocked, id=15803, stack(0x00007fb202200000,0x00007fb202300000)]
  0x00007fb1ac3cc080 JavaThread "Worker-0: Initialize Workspace" [_thread_blocked, id=15809, stack(0x00007fb202100000,0x00007fb202200000)]
  0x00007fb1ac3d71e0 JavaThread "Worker-1" [_thread_blocked, id=15811, stack(0x00007fb202000000,0x00007fb202100000)]
  0x00007fb1ac9acde0 JavaThread "Java indexing" daemon [_thread_blocked, id=15835, stack(0x00007fb201f00000,0x00007fb202000000)]
  0x00007fb2286c1380 JavaThread "pool-2-thread-1" [_thread_blocked, id=15842, stack(0x00007fb201993000,0x00007fb201a93000)]
  0x00007fb2288286f0 JavaThread "WorkspaceEventsHandler" [_thread_blocked, id=15843, stack(0x00007fb201ba8000,0x00007fb201ca8000)]
  0x00007fb228829690 JavaThread "pool-1-thread-1" [_thread_blocked, id=15844, stack(0x00007fb201aa8000,0x00007fb201ba8000)]
  0x00007fb188001f20 JavaThread "Worker-2" [_thread_blocked, id=15846, stack(0x00007fb201e00000,0x00007fb201f00000)]

Other Threads:
  0x00007fb2280695d0 VMThread "VM Thread" [stack: 0x00007fb2146e6000,0x00007fb2147e6000] [id=15728]
  0x00007fb2280723b0 WatcherThread [stack: 0x00007fb203300000,0x00007fb203400000] [id=15745]
  0x00007fb22803fd80 GCTaskThread "GC Thread#0" [stack: 0x00007fb22e529000,0x00007fb22e629000] [id=15727]
  0x00007fb204001250 GCTaskThread "GC Thread#1" [stack: 0x00007fb2031fe000,0x00007fb2032fe000] [id=15766]
  0x00007fb204003140 GCTaskThread "GC Thread#2" [stack: 0x00007fb2030fc000,0x00007fb2031fc000] [id=15767]
  0x00007fb204003af0 GCTaskThread "GC Thread#3" [stack: 0x00007fb202ffa000,0x00007fb2030fa000] [id=15768]
  0x00007fb2040044a0 GCTaskThread "GC Thread#4" [stack: 0x00007fb202ef8000,0x00007fb202ff8000] [id=15769]
  0x00007fb204004e50 GCTaskThread "GC Thread#5" [stack: 0x00007fb202df6000,0x00007fb202ef6000] [id=15770]
=>0x00007fb204005800 GCTaskThread "GC Thread#6" [stack: 0x00007fb202cf4000,0x00007fb202df4000] [id=15771]
  0x00007fb204006cb0 GCTaskThread "GC Thread#7" [stack: 0x00007fb2028f2000,0x00007fb2029f2000] [id=15794]

Threads with active compile tasks:
C1 CompilerThread0     6072 5655       3       java.util.stream.SpinedBuffer::<init> (18 bytes)
C2 CompilerThread2     6072 5357       4       jdk.internal.org.objectweb.asm.Frame::execute (2318 bytes)

VM state: at safepoint (normal execution)

VM Mutex/Monitor currently owned by a thread:  ([mutex/lock_event])
[0x00007fb228025260] Threads_lock - owner thread: 0x00007fb2280695d0
[0x00007fb228025a10] Heap_lock - owner thread: 0x00007fb1ac3cc080

Heap address: 0x00000000c0000000, size: 1024 MB, Compressed Oops mode: 32-bit

CDS archive(s) not mapped
Compressed class space mapped at: 0x0000000100000000-0x0000000140000000, reserved size: 1073741824
Narrow klass base: 0x0000000000000000, Narrow klass shift: 3, Narrow klass range: 0x140000000

GC Precious Log:
 CPUs: 8 total, 8 available
 Memory: 15413M
 Large Page Support: Disabled
 NUMA Support: Disabled
 Compressed Oops: Enabled (32-bit)
 Alignments: Space 512K, Generation 512K, Heap 2M
 Heap Min Capacity: 100M
 Heap Initial Capacity: 100M
 Heap Max Capacity: 1G
 Pre-touch: Disabled
 Parallel Workers: 8

Heap:
 PSYoungGen      total 23040K, used 23040K [0x00000000eab00000, 0x00000000ec580000, 0x0000000100000000)
  eden space 22016K, 100% used [0x00000000eab00000,0x00000000ec080000,0x00000000ec080000)
  from space 1024K, 100% used [0x00000000ec280000,0x00000000ec380000,0x00000000ec380000)
  to   space 2048K, 73% used [0x00000000ec380000,0x00000000ec4fa328,0x00000000ec580000)
 ParOldGen       total 68608K, used 19158K [0x00000000c0000000, 0x00000000c4300000, 0x00000000eab00000)
  object space 68608K, 27% used [0x00000000c0000000,0x00000000c12b5938,0x00000000c4300000)
 Metaspace       used 50847K, committed 51968K, reserved 1114112K
  class space    used 5550K, committed 6080K, reserved 1048576K

Card table byte_map: [0x00007fb22e629000,0x00007fb22e82a000] _byte_map_base: 0x00007fb22e029000

Marking Bits: (ParMarkBitMap*) 0x00007fb22fd21ba0
 Begin Bits: [0x00007fb22c3d1000, 0x00007fb22d3d1000)
 End Bits:   [0x00007fb22d3d1000, 0x00007fb22e3d1000)

Polling page: 0x00007fb23026c000

Metaspace:

Usage:
  Non-class:     44.24 MB used.
      Class:      5.42 MB used.
       Both:     49.66 MB used.

Virtual space:
  Non-class space:       64.00 MB reserved,      44.81 MB ( 70%) committed,  1 nodes.
      Class space:        1.00 GB reserved,       5.94 MB ( <1%) committed,  1 nodes.
             Both:        1.06 GB reserved,      50.75 MB (  5%) committed. 

Chunk freelists:
   Non-Class:  2.94 MB
       Class:  10.11 MB
        Both:  13.05 MB

MaxMetaspaceSize: unlimited
CompressedClassSpaceSize: 1.00 GB
Initial GC threshold: 21.00 MB
Current GC threshold: 58.38 MB
CDS: off
MetaspaceReclaimPolicy: balanced
 - commit_granule_bytes: 65536.
 - commit_granule_words: 8192.
 - virtual_space_node_default_size: 8388608.
 - enlarge_chunks_in_place: 1.
 - new_chunks_are_fully_committed: 0.
 - uncommit_free_chunks: 1.
 - use_allocation_guard: 0.
 - handle_deallocations: 1.


Internal statistics:

num_allocs_failed_limit: 6.
num_arena_births: 682.
num_arena_deaths: 14.
num_vsnodes_births: 2.
num_vsnodes_deaths: 0.
num_space_committed: 812.
num_space_uncommitted: 0.
num_chunks_returned_to_freelist: 20.
num_chunks_taken_from_freelist: 2515.
num_chunk_merges: 10.
num_chunk_splits: 1641.
num_chunks_enlarged: 1039.
num_inconsistent_stats: 0.

CodeHeap 'non-profiled nmethods': size=120028Kb used=2381Kb max_used=2710Kb free=117646Kb
 bounds [0x00007fb21dcc9000, 0x00007fb21df79000, 0x00007fb225200000]
CodeHeap 'profiled nmethods': size=120028Kb used=9303Kb max_used=11172Kb free=110724Kb
 bounds [0x00007fb216200000, 0x00007fb216cf0000, 0x00007fb21d737000]
CodeHeap 'non-nmethods': size=5704Kb used=1271Kb max_used=1336Kb free=4432Kb
 bounds [0x00007fb21d737000, 0x00007fb21d9a7000, 0x00007fb21dcc9000]
 total_blobs=5421 nmethods=4822 adapters=513
 compilation: enabled
              stopped_count=0, restarted_count=0
 full_count=0

Compilation events (20 events):
Event: 6.052 Thread 0x00007fb228217560 5636       3       java.util.Spliterators::iterator (14 bytes)
Event: 6.052 Thread 0x00007fb228217560 nmethod 5636 0x00007fb2165a0c10 code [0x00007fb2165a0de0, 0x00007fb2165a1140]
Event: 6.052 Thread 0x00007fb228217560 5641       3       java.nio.file.FileTreeWalker$Event::<init> (9 bytes)
Event: 6.053 Thread 0x00007fb228217560 nmethod 5641 0x00007fb2166ca590 code [0x00007fb2166ca740, 0x00007fb2166ca950]
Event: 6.053 Thread 0x00007fb228217560 5640   !   3       java.nio.file.FileTreeWalker::getAttributes (94 bytes)
Event: 6.053 Thread 0x00007fb228217560 nmethod 5640 0x00007fb216353d90 code [0x00007fb216354040, 0x00007fb216355050]
Event: 6.053 Thread 0x00007fb228217560 5642       3       jdk.internal.jrtfs.JrtFileAttributes::isDirectory (8 bytes)
Event: 6.053 Thread 0x00007fb228217560 nmethod 5642 0x00007fb216764690 code [0x00007fb216764840, 0x00007fb216764a00]
Event: 6.053 Thread 0x00007fb228217560 5643       3       org.eclipse.jdt.internal.compiler.util.JrtFileSystem$1::visitFile (10 bytes)
Event: 6.053 Thread 0x00007fb228217560 nmethod 5643 0x00007fb2168f6590 code [0x00007fb2168f6740, 0x00007fb2168f6980]
Event: 6.053 Thread 0x00007fb228217560 5644       3       org.eclipse.jdt.internal.compiler.util.JrtFileSystem$1::visitFile (44 bytes)
Event: 6.054 Thread 0x00007fb228217560 nmethod 5644 0x00007fb2164a2490 code [0x00007fb2164a26a0, 0x00007fb2164a2c30]
Event: 6.054 Thread 0x00007fb228217560 5645       3       jdk.internal.jrtfs.JrtPath::relativize (6 bytes)
Event: 6.054 Thread 0x00007fb228217560 nmethod 5645 0x00007fb216a79990 code [0x00007fb216a79b40, 0x00007fb216a79c80]
Event: 6.054 Thread 0x00007fb228217560 5646       3       jdk.internal.jrtfs.JrtPath::relativize (375 bytes)
Event: 6.055 Thread 0x00007fb2282160a0 nmethod 5639 0x00007fb21dcd6b10 code [0x00007fb21dcd6ca0, 0x00007fb21dcd6fb8]
Event: 6.056 Thread 0x00007fb228217560 nmethod 5646 0x00007fb21620f790 code [0x00007fb21620fe40, 0x00007fb216213800]
Event: 6.056 Thread 0x00007fb228217560 5649       3       java.util.stream.ReferencePipeline::wrap (11 bytes)
Event: 6.057 Thread 0x00007fb228217560 nmethod 5649 0x00007fb2165e5110 code [0x00007fb2165e52c0, 0x00007fb2165e5590]
Event: 6.057 Thread 0x00007fb228217560 5655       3       java.util.stream.SpinedBuffer::<init> (18 bytes)

GC Heap History (20 events):
Event: 3.457 GC heap after
{Heap after GC invocations=8 (full 1):
 PSYoungGen      total 27136K, used 2539K [0x00000000eab00000, 0x00000000ecb00000, 0x0000000100000000)
  eden space 24576K, 0% used [0x00000000eab00000,0x00000000eab00000,0x00000000ec300000)
  from space 2560K, 99% used [0x00000000ec500000,0x00000000ec77af28,0x00000000ec780000)
  to   space 3584K, 0% used [0x00000000ec780000,0x00000000ec780000,0x00000000ecb00000)
 ParOldGen       total 68608K, used 10966K [0x00000000c0000000, 0x00000000c4300000, 0x00000000eab00000)
  object space 68608K, 15% used [0x00000000c0000000,0x00000000c0ab5b60,0x00000000c4300000)
 Metaspace       used 27682K, committed 28480K, reserved 1114112K
  class space    used 2877K, committed 3200K, reserved 1048576K
}
Event: 3.613 GC heap before
{Heap before GC invocations=9 (full 1):
 PSYoungGen      total 27136K, used 27115K [0x00000000eab00000, 0x00000000ecb00000, 0x0000000100000000)
  eden space 24576K, 100% used [0x00000000eab00000,0x00000000ec300000,0x00000000ec300000)
  from space 2560K, 99% used [0x00000000ec500000,0x00000000ec77af28,0x00000000ec780000)
  to   space 3584K, 0% used [0x00000000ec780000,0x00000000ec780000,0x00000000ecb00000)
 ParOldGen       total 68608K, used 10966K [0x00000000c0000000, 0x00000000c4300000, 0x00000000eab00000)
  object space 68608K, 15% used [0x00000000c0000000,0x00000000c0ab5b60,0x00000000c4300000)
 Metaspace       used 30644K, committed 31424K, reserved 1114112K
  class space    used 3084K, committed 3392K, reserved 1048576K
}
Event: 3.615 GC heap after
{Heap after GC invocations=9 (full 1):
 PSYoungGen      total 27136K, used 2678K [0x00000000eab00000, 0x00000000eca80000, 0x0000000100000000)
  eden space 24064K, 0% used [0x00000000eab00000,0x00000000eab00000,0x00000000ec280000)
  from space 3072K, 87% used [0x00000000ec780000,0x00000000eca1d9b0,0x00000000eca80000)
  to   space 3072K, 0% used [0x00000000ec480000,0x00000000ec480000,0x00000000ec780000)
 ParOldGen       total 68608K, used 10974K [0x00000000c0000000, 0x00000000c4300000, 0x00000000eab00000)
  object space 68608K, 15% used [0x00000000c0000000,0x00000000c0ab7b60,0x00000000c4300000)
 Metaspace       used 30644K, committed 31424K, reserved 1114112K
  class space    used 3084K, committed 3392K, reserved 1048576K
}
Event: 3.751 GC heap before
{Heap before GC invocations=10 (full 1):
 PSYoungGen      total 27136K, used 26742K [0x00000000eab00000, 0x00000000eca80000, 0x0000000100000000)
  eden space 24064K, 100% used [0x00000000eab00000,0x00000000ec280000,0x00000000ec280000)
  from space 3072K, 87% used [0x00000000ec780000,0x00000000eca1d9b0,0x00000000eca80000)
  to   space 3072K, 0% used [0x00000000ec480000,0x00000000ec480000,0x00000000ec780000)
 ParOldGen       total 68608K, used 10974K [0x00000000c0000000, 0x00000000c4300000, 0x00000000eab00000)
  object space 68608K, 15% used [0x00000000c0000000,0x00000000c0ab7b60,0x00000000c4300000)
 Metaspace       used 32883K, committed 33728K, reserved 1114112K
  class space    used 3254K, committed 3648K, reserved 1048576K
}
Event: 3.754 GC heap after
{Heap after GC invocations=10 (full 1):
 PSYoungGen      total 26112K, used 2505K [0x00000000eab00000, 0x00000000ec800000, 0x0000000100000000)
  eden space 23552K, 0% used [0x00000000eab00000,0x00000000eab00000,0x00000000ec200000)
  from space 2560K, 97% used [0x00000000ec480000,0x00000000ec6f2550,0x00000000ec700000)
  to   space 1024K, 0% used [0x00000000ec700000,0x00000000ec700000,0x00000000ec800000)
 ParOldGen       total 68608K, used 11502K [0x00000000c0000000, 0x00000000c4300000, 0x00000000eab00000)
  object space 68608K, 16% used [0x00000000c0000000,0x00000000c0b3b818,0x00000000c4300000)
 Metaspace       used 32883K, committed 33728K, reserved 1114112K
  class space    used 3254K, committed 3648K, reserved 1048576K
}
Event: 3.964 GC heap before
{Heap before GC invocations=11 (full 1):
 PSYoungGen      total 26112K, used 14975K [0x00000000eab00000, 0x00000000ec800000, 0x0000000100000000)
  eden space 23552K, 52% used [0x00000000eab00000,0x00000000eb72d810,0x00000000ec200000)
  from space 2560K, 97% used [0x00000000ec480000,0x00000000ec6f2550,0x00000000ec700000)
  to   space 1024K, 0% used [0x00000000ec700000,0x00000000ec700000,0x00000000ec800000)
 ParOldGen       total 68608K, used 11502K [0x00000000c0000000, 0x00000000c4300000, 0x00000000eab00000)
  object space 68608K, 16% used [0x00000000c0000000,0x00000000c0b3b818,0x00000000c4300000)
 Metaspace       used 35040K, committed 35840K, reserved 1114112K
  class space    used 3489K, committed 3840K, reserved 1048576K
}
Event: 3.966 GC heap after
{Heap after GC invocations=11 (full 1):
 PSYoungGen      total 24576K, used 1002K [0x00000000eab00000, 0x00000000ec900000, 0x0000000100000000)
  eden space 23552K, 0% used [0x00000000eab00000,0x00000000eab00000,0x00000000ec200000)
  from space 1024K, 97% used [0x00000000ec700000,0x00000000ec7fa838,0x00000000ec800000)
  to   space 3584K, 0% used [0x00000000ec200000,0x00000000ec200000,0x00000000ec580000)
 ParOldGen       total 68608K, used 13835K [0x00000000c0000000, 0x00000000c4300000, 0x00000000eab00000)
  object space 68608K, 20% used [0x00000000c0000000,0x00000000c0d82ff8,0x00000000c4300000)
 Metaspace       used 35040K, committed 35840K, reserved 1114112K
  class space    used 3489K, committed 3840K, reserved 1048576K
}
Event: 3.966 GC heap before
{Heap before GC invocations=12 (full 2):
 PSYoungGen      total 24576K, used 1002K [0x00000000eab00000, 0x00000000ec900000, 0x0000000100000000)
  eden space 23552K, 0% used [0x00000000eab00000,0x00000000eab00000,0x00000000ec200000)
  from space 1024K, 97% used [0x00000000ec700000,0x00000000ec7fa838,0x00000000ec800000)
  to   space 3584K, 0% used [0x00000000ec200000,0x00000000ec200000,0x00000000ec580000)
 ParOldGen       total 68608K, used 13835K [0x00000000c0000000, 0x00000000c4300000, 0x00000000eab00000)
  object space 68608K, 20% used [0x00000000c0000000,0x00000000c0d82ff8,0x00000000c4300000)
 Metaspace       used 35040K, committed 35840K, reserved 1114112K
  class space    used 3489K, committed 3840K, reserved 1048576K
}
Event: 3.991 GC heap after
{Heap after GC invocations=12 (full 2):
 PSYoungGen      total 24576K, used 0K [0x00000000eab00000, 0x00000000ec900000, 0x0000000100000000)
  eden space 23552K, 0% used [0x00000000eab00000,0x00000000eab00000,0x00000000ec200000)
  from space 1024K, 0% used [0x00000000ec700000,0x00000000ec700000,0x00000000ec800000)
  to   space 3584K, 0% used [0x00000000ec200000,0x00000000ec200000,0x00000000ec580000)
 ParOldGen       total 68608K, used 13613K [0x00000000c0000000, 0x00000000c4300000, 0x00000000eab00000)
  object space 68608K, 19% used [0x00000000c0000000,0x00000000c0d4b5a0,0x00000000c4300000)
 Metaspace       used 35027K, committed 35840K, reserved 1114112K
  class space    used 3486K, committed 3840K, reserved 1048576K
}
Event: 4.295 GC heap before
{Heap before GC invocations=13 (full 2):
 PSYoungGen      total 24576K, used 23552K [0x00000000eab00000, 0x00000000ec900000, 0x0000000100000000)
  eden space 23552K, 100% used [0x00000000eab00000,0x00000000ec200000,0x00000000ec200000)
  from space 1024K, 0% used [0x00000000ec700000,0x00000000ec700000,0x00000000ec800000)
  to   space 3584K, 0% used [0x00000000ec200000,0x00000000ec200000,0x00000000ec580000)
 ParOldGen       total 68608K, used 13613K [0x00000000c0000000, 0x00000000c4300000, 0x00000000eab00000)
  object space 68608K, 19% used [0x00000000c0000000,0x00000000c0d4b5a0,0x00000000c4300000)
 Metaspace       used 38164K, committed 39040K, reserved 1114112K
  class space    used 3896K, committed 4288K, reserved 1048576K
}
Event: 4.296 GC heap after
{Heap after GC invocations=13 (full 2):
 PSYoungGen      total 26624K, used 1169K [0x00000000eab00000, 0x00000000ec780000, 0x0000000100000000)
  eden space 23040K, 0% used [0x00000000eab00000,0x00000000eab00000,0x00000000ec180000)
  from space 3584K, 32% used [0x00000000ec200000,0x00000000ec3246f0,0x00000000ec580000)
  to   space 2048K, 0% used [0x00000000ec580000,0x00000000ec580000,0x00000000ec780000)
 ParOldGen       total 68608K, used 13621K [0x00000000c0000000, 0x00000000c4300000, 0x00000000eab00000)
  object space 68608K, 19% used [0x00000000c0000000,0x00000000c0d4d5a0,0x00000000c4300000)
 Metaspace       used 38164K, committed 39040K, reserved 1114112K
  class space    used 3896K, committed 4288K, reserved 1048576K
}
Event: 4.564 GC heap before
{Heap before GC invocations=14 (full 2):
 PSYoungGen      total 26624K, used 24209K [0x00000000eab00000, 0x00000000ec780000, 0x0000000100000000)
  eden space 23040K, 100% used [0x00000000eab00000,0x00000000ec180000,0x00000000ec180000)
  from space 3584K, 32% used [0x00000000ec200000,0x00000000ec3246f0,0x00000000ec580000)
  to   space 2048K, 0% used [0x00000000ec580000,0x00000000ec580000,0x00000000ec780000)
 ParOldGen       total 68608K, used 13621K [0x00000000c0000000, 0x00000000c4300000, 0x00000000eab00000)
  object space 68608K, 19% used [0x00000000c0000000,0x00000000c0d4d5a0,0x00000000c4300000)
 Metaspace       used 41252K, committed 42304K, reserved 1114112K
  class space    used 4318K, committed 4800K, reserved 1048576K
}
Event: 4.567 GC heap after
{Heap after GC invocations=14 (full 2):
 PSYoungGen      total 24576K, used 1988K [0x00000000eab00000, 0x00000000ec780000, 0x0000000100000000)
  eden space 22528K, 0% used [0x00000000eab00000,0x00000000eab00000,0x00000000ec100000)
  from space 2048K, 97% used [0x00000000ec580000,0x00000000ec771228,0x00000000ec780000)
  to   space 2560K, 0% used [0x00000000ec280000,0x00000000ec280000,0x00000000ec500000)
 ParOldGen       total 68608K, used 14657K [0x00000000c0000000, 0x00000000c4300000, 0x00000000eab00000)
  object space 68608K, 21% used [0x00000000c0000000,0x00000000c0e50530,0x00000000c4300000)
 Metaspace       used 41252K, committed 42304K, reserved 1114112K
  class space    used 4318K, committed 4800K, reserved 1048576K
}
Event: 4.838 GC heap before
{Heap before GC invocations=15 (full 2):
 PSYoungGen      total 24576K, used 24516K [0x00000000eab00000, 0x00000000ec780000, 0x0000000100000000)
  eden space 22528K, 100% used [0x00000000eab00000,0x00000000ec100000,0x00000000ec100000)
  from space 2048K, 97% used [0x00000000ec580000,0x00000000ec771228,0x00000000ec780000)
  to   space 2560K, 0% used [0x00000000ec280000,0x00000000ec280000,0x00000000ec500000)
 ParOldGen       total 68608K, used 14657K [0x00000000c0000000, 0x00000000c4300000, 0x00000000eab00000)
  object space 68608K, 21% used [0x00000000c0000000,0x00000000c0e50530,0x00000000c4300000)
 Metaspace       used 43102K, committed 44096K, reserved 1114112K
  class space    used 4574K, committed 4992K, reserved 1048576K
}
Event: 4.840 GC heap after
{Heap after GC invocations=15 (full 2):
 PSYoungGen      total 23040K, used 768K [0x00000000eab00000, 0x00000000ec600000, 0x0000000100000000)
  eden space 22016K, 0% used [0x00000000eab00000,0x00000000eab00000,0x00000000ec080000)
  from space 1024K, 75% used [0x00000000ec280000,0x00000000ec340000,0x00000000ec380000)
  to   space 1536K, 0% used [0x00000000ec480000,0x00000000ec480000,0x00000000ec600000)
 ParOldGen       total 68608K, used 16559K [0x00000000c0000000, 0x00000000c4300000, 0x00000000eab00000)
  object space 68608K, 24% used [0x00000000c0000000,0x00000000c102bc18,0x00000000c4300000)
 Metaspace       used 43102K, committed 44096K, reserved 1114112K
  class space    used 4574K, committed 4992K, reserved 1048576K
}
Event: 5.158 GC heap before
{Heap before GC invocations=16 (full 2):
 PSYoungGen      total 23040K, used 22784K [0x00000000eab00000, 0x00000000ec600000, 0x0000000100000000)
  eden space 22016K, 100% used [0x00000000eab00000,0x00000000ec080000,0x00000000ec080000)
  from space 1024K, 75% used [0x00000000ec280000,0x00000000ec340000,0x00000000ec380000)
  to   space 1536K, 0% used [0x00000000ec480000,0x00000000ec480000,0x00000000ec600000)
 ParOldGen       total 68608K, used 16559K [0x00000000c0000000, 0x00000000c4300000, 0x00000000eab00000)
  object space 68608K, 24% used [0x00000000c0000000,0x00000000c102bc18,0x00000000c4300000)
 Metaspace       used 45427K, committed 46336K, reserved 1114112K
  class space    used 4875K, committed 5312K, reserved 1048576K
}
Event: 5.160 GC heap after
{Heap after GC invocations=16 (full 2):
 PSYoungGen      total 23040K, used 832K [0x00000000eab00000, 0x00000000ec580000, 0x0000000100000000)
  eden space 22016K, 0% used [0x00000000eab00000,0x00000000eab00000,0x00000000ec080000)
  from space 1024K, 81% used [0x00000000ec480000,0x00000000ec550000,0x00000000ec580000)
  to   space 1024K, 0% used [0x00000000ec280000,0x00000000ec280000,0x00000000ec380000)
 ParOldGen       total 68608K, used 17179K [0x00000000c0000000, 0x00000000c4300000, 0x00000000eab00000)
  object space 68608K, 25% used [0x00000000c0000000,0x00000000c10c6c28,0x00000000c4300000)
 Metaspace       used 45427K, committed 46336K, reserved 1114112K
  class space    used 4875K, committed 5312K, reserved 1048576K
}
Event: 5.670 GC heap before
{Heap before GC invocations=17 (full 2):
 PSYoungGen      total 23040K, used 22848K [0x00000000eab00000, 0x00000000ec580000, 0x0000000100000000)
  eden space 22016K, 100% used [0x00000000eab00000,0x00000000ec080000,0x00000000ec080000)
  from space 1024K, 81% used [0x00000000ec480000,0x00000000ec550000,0x00000000ec580000)
  to   space 1024K, 0% used [0x00000000ec280000,0x00000000ec280000,0x00000000ec380000)
 ParOldGen       total 68608K, used 17179K [0x00000000c0000000, 0x00000000c4300000, 0x00000000eab00000)
  object space 68608K, 25% used [0x00000000c0000000,0x00000000c10c6c28,0x00000000c4300000)
 Metaspace       used 48154K, committed 49152K, reserved 1114112K
  class space    used 5258K, committed 5696K, reserved 1048576K
}
Event: 5.672 GC heap after
{Heap after GC invocations=17 (full 2):
 PSYoungGen      total 23040K, used 1024K [0x00000000eab00000, 0x00000000ec580000, 0x0000000100000000)
  eden space 22016K, 0% used [0x00000000eab00000,0x00000000eab00000,0x00000000ec080000)
  from space 1024K, 100% used [0x00000000ec280000,0x00000000ec380000,0x00000000ec380000)
  to   space 2048K, 0% used [0x00000000ec380000,0x00000000ec380000,0x00000000ec580000)
 ParOldGen       total 68608K, used 18106K [0x00000000c0000000, 0x00000000c4300000, 0x00000000eab00000)
  object space 68608K, 26% used [0x00000000c0000000,0x00000000c11ae928,0x00000000c4300000)
 Metaspace       used 48154K, committed 49152K, reserved 1114112K
  class space    used 5258K, committed 5696K, reserved 1048576K
}
Event: 6.057 GC heap before
{Heap before GC invocations=18 (full 2):
 PSYoungGen      total 23040K, used 23040K [0x00000000eab00000, 0x00000000ec580000, 0x0000000100000000)
  eden space 22016K, 100% used [0x00000000eab00000,0x00000000ec080000,0x00000000ec080000)
  from space 1024K, 100% used [0x00000000ec280000,0x00000000ec380000,0x00000000ec380000)
  to   space 2048K, 0% used [0x00000000ec380000,0x00000000ec380000,0x00000000ec580000)
 ParOldGen       total 68608K, used 18106K [0x00000000c0000000, 0x00000000c4300000, 0x00000000eab00000)
  object space 68608K, 26% used [0x00000000c0000000,0x00000000c11ae928,0x00000000c4300000)
 Metaspace       used 50847K, committed 51968K, reserved 1114112K
  class space    used 5550K, committed 6080K, reserved 1048576K
}

Dll operation events (9 events):
Event: 0.002 Loaded shared library /home/emmanuel/.vscode/extensions/redhat.java-1.23.0-linux-x64/jre/17.0.8.1-linux-x86_64/lib/libjava.so
Event: 0.134 Loaded shared library /home/emmanuel/.vscode/extensions/redhat.java-1.23.0-linux-x64/jre/17.0.8.1-linux-x86_64/lib/libzip.so
Event: 0.136 Loaded shared library /home/emmanuel/.vscode/extensions/redhat.java-1.23.0-linux-x64/jre/17.0.8.1-linux-x86_64/lib/libinstrument.so
Event: 0.143 Loaded shared library /home/emmanuel/.vscode/extensions/redhat.java-1.23.0-linux-x64/jre/17.0.8.1-linux-x86_64/lib/libnio.so
Event: 0.151 Loaded shared library /home/emmanuel/.vscode/extensions/redhat.java-1.23.0-linux-x64/jre/17.0.8.1-linux-x86_64/lib/libzip.so
Event: 0.165 Loaded shared library /home/emmanuel/.vscode/extensions/redhat.java-1.23.0-linux-x64/jre/17.0.8.1-linux-x86_64/lib/libjimage.so
Event: 0.215 Loaded shared library /home/emmanuel/.vscode/extensions/redhat.java-1.23.0-linux-x64/jre/17.0.8.1-linux-x86_64/lib/libverify.so
Event: 1.025 Loaded shared library /home/emmanuel/.vscode/extensions/redhat.java-1.23.0-linux-x64/jre/17.0.8.1-linux-x86_64/lib/libnet.so
Event: 1.616 Loaded shared library /home/emmanuel/.config/Code/User/globalStorage/redhat.java/1.23.0/config_linux/org.eclipse.equinox.launcher/org.eclipse.equinox.launcher.gtk.linux.x86_64_1.2.700.v20221108-1024/eclipse_11801.so

Deoptimization events (20 events):
Event: 5.800 Thread 0x00007fb1ac3d71e0 DEOPT PACKING pc=0x00007fb21de7d038 sp=0x00007fb2020f8de0
Event: 5.800 Thread 0x00007fb1ac3d71e0 DEOPT UNPACKING pc=0x00007fb21d78d399 sp=0x00007fb2020f8d00 mode 2
Event: 5.825 Thread 0x00007fb1ac3d71e0 Uncommon trap: trap_request=0xffffff45 fr.pc=0x00007fb21df6dbcc relative=0x000000000000050c
Event: 5.825 Thread 0x00007fb1ac3d71e0 Uncommon trap: reason=unstable_if action=reinterpret pc=0x00007fb21df6dbcc method=org.eclipse.sisu.inject.InjectorBindings.isAssignableFrom(Lcom/google/inject/TypeLiteral;Lcom/google/inject/Binding;)Z @ 14 c2
Event: 5.825 Thread 0x00007fb1ac3d71e0 DEOPT PACKING pc=0x00007fb21df6dbcc sp=0x00007fb2020fd1b0
Event: 5.825 Thread 0x00007fb1ac3d71e0 DEOPT UNPACKING pc=0x00007fb21d78d399 sp=0x00007fb2020fd180 mode 2
Event: 5.862 Thread 0x00007fb1ac3d71e0 Uncommon trap: trap_request=0xffffff45 fr.pc=0x00007fb21dcff2bc relative=0x000000000000009c
Event: 5.862 Thread 0x00007fb1ac3d71e0 Uncommon trap: reason=unstable_if action=reinterpret pc=0x00007fb21dcff2bc method=jdk.internal.misc.Unsafe.convEndian(ZI)I @ 4 c2
Event: 5.862 Thread 0x00007fb1ac3d71e0 DEOPT PACKING pc=0x00007fb21dcff2bc sp=0x00007fb2020fe030
Event: 5.862 Thread 0x00007fb1ac3d71e0 DEOPT UNPACKING pc=0x00007fb21d78d399 sp=0x00007fb2020fdee8 mode 2
Event: 5.931 Thread 0x00007fb1ac3cc080 Uncommon trap: trap_request=0xffffffde fr.pc=0x00007fb21df61190 relative=0x0000000000000430
Event: 5.931 Thread 0x00007fb1ac3cc080 Uncommon trap: reason=class_check action=maybe_recompile pc=0x00007fb21df61190 method=java.util.HashMap.removeNode(ILjava/lang/Object;Ljava/lang/Object;ZZ)Ljava/util/HashMap$Node; @ 68 c2
Event: 5.931 Thread 0x00007fb1ac3cc080 DEOPT PACKING pc=0x00007fb21df61190 sp=0x00007fb2021fdab0
Event: 5.931 Thread 0x00007fb1ac3cc080 DEOPT UNPACKING pc=0x00007fb21d78d399 sp=0x00007fb2021fd9d8 mode 2
Event: 5.937 Thread 0x00007fb1ac3cc080 Uncommon trap: trap_request=0xffffff45 fr.pc=0x00007fb21de09704 relative=0x0000000000000884
Event: 5.937 Thread 0x00007fb1ac3cc080 Uncommon trap: reason=unstable_if action=reinterpret pc=0x00007fb21de09704 method=java.util.Properties$LineReader.readLine()I @ 395 c2
Event: 5.937 Thread 0x00007fb1ac3cc080 DEOPT PACKING pc=0x00007fb21de09704 sp=0x00007fb2021fda30
Event: 5.937 Thread 0x00007fb1ac3cc080 DEOPT UNPACKING pc=0x00007fb21d78d399 sp=0x00007fb2021fd9b0 mode 2
Event: 5.971 Thread 0x00007fb1ac3cc080 DEOPT PACKING pc=0x00007fb216bee42c sp=0x00007fb2021fb380
Event: 5.971 Thread 0x00007fb1ac3cc080 DEOPT UNPACKING pc=0x00007fb21d78db2f sp=0x00007fb2021fa8a8 mode 0

Classes unloaded (7 events):
Event: 3.970 Thread 0x00007fb2280695d0 Unloading class 0x0000000100258000 'java/lang/invoke/LambdaForm$MH+0x0000000100258000'
Event: 3.970 Thread 0x00007fb2280695d0 Unloading class 0x0000000100257c00 'java/lang/invoke/LambdaForm$MH+0x0000000100257c00'
Event: 3.970 Thread 0x00007fb2280695d0 Unloading class 0x0000000100257800 'java/lang/invoke/LambdaForm$MH+0x0000000100257800'
Event: 3.970 Thread 0x00007fb2280695d0 Unloading class 0x0000000100257400 'java/lang/invoke/LambdaForm$MH+0x0000000100257400'
Event: 3.970 Thread 0x00007fb2280695d0 Unloading class 0x0000000100257000 'java/lang/invoke/LambdaForm$BMH+0x0000000100257000'
Event: 3.970 Thread 0x00007fb2280695d0 Unloading class 0x0000000100256c00 'java/lang/invoke/LambdaForm$DMH+0x0000000100256c00'
Event: 3.970 Thread 0x00007fb2280695d0 Unloading class 0x0000000100254000 'java/lang/invoke/LambdaForm$DMH+0x0000000100254000'

Classes redefined (0 events):
No events

Internal exceptions (20 events):
Event: 4.104 Thread 0x00007fb228028470 Exception <a 'java/lang/NoSuchMethodError'{0x00000000eb270400}: 'void java.lang.invoke.DirectMethodHandle$Holder.invokeStatic(java.lang.Object, java.lang.Object, java.lang.Object, java.lang.Object)'> (0x00000000eb270400) 
thrown [src/hotspot/share/interpreter/linkResolver.cpp, line 758]
Event: 4.219 Thread 0x00007fb228028470 Exception <a 'java/lang/NoSuchMethodError'{0x00000000ebce6c00}: 'void java.lang.invoke.DirectMethodHandle$Holder.invokeSpecial(java.lang.Object, java.lang.Object, java.lang.Object, java.lang.Object, java.lang.Object, java.lang.Object)'> (0x00000000ebce6c00) 
thrown [src/hotspot/share/interpreter/linkResolver.cpp, line 758]
Event: 4.220 Thread 0x00007fb228028470 Exception <a 'java/lang/IncompatibleClassChangeError'{0x00000000ebcf0950}: Found class java.lang.Object, but interface was expected> (0x00000000ebcf0950) 
thrown [src/hotspot/share/interpreter/linkResolver.cpp, line 826]
Event: 4.375 Thread 0x00007fb228829690 Exception <a 'java/io/FileNotFoundException'{0x00000000eb47b2b0}> (0x00000000eb47b2b0) 
thrown [src/hotspot/share/prims/jni.cpp, line 516]
Event: 4.405 Thread 0x00007fb228829690 Exception <a 'sun/nio/fs/UnixException'{0x00000000eb5e8378}> (0x00000000eb5e8378) 
thrown [src/hotspot/share/prims/jni.cpp, line 516]
Event: 4.446 Thread 0x00007fb228829690 Exception <a 'java/lang/NoSuchMethodError'{0x00000000eb81d610}: 'java.lang.Object java.lang.invoke.DirectMethodHandle$Holder.invokeSpecialIFC(java.lang.Object, java.lang.Object, java.lang.Object, java.lang.Object)'> (0x00000000eb81d610) 
thrown [src/hotspot/share/interpreter/linkResolver.cpp, line 758]
Event: 4.561 Thread 0x00007fb228829690 Exception <a 'java/lang/NoSuchMethodError'{0x00000000ec1368e8}: 'int java.lang.invoke.DirectMethodHandle$Holder.invokeSpecialIFC(java.lang.Object, java.lang.Object, java.lang.Object, java.lang.Object, java.lang.Object)'> (0x00000000ec1368e8) 
thrown [src/hotspot/share/interpreter/linkResolver.cpp, line 758]
Event: 4.656 Thread 0x00007fb228829690 Exception <a 'java/lang/NoClassDefFoundError'{0x00000000eb163e90}: javax/enterprise/inject/Typed> (0x00000000eb163e90) 
thrown [src/hotspot/share/classfile/systemDictionary.cpp, line 245]
Event: 5.364 Thread 0x00007fb228829690 Exception <a 'java/lang/NoSuchMethodError'{0x00000000eb363c58}: 'void java.lang.invoke.DirectMethodHandle$Holder.invokeStaticInit(java.lang.Object, java.lang.Object, java.lang.Object)'> (0x00000000eb363c58) 
thrown [src/hotspot/share/interpreter/linkResolver.cpp, line 758]
Event: 5.368 Thread 0x00007fb228829690 Exception <a 'java/lang/ExceptionInInitializerError'{0x00000000eb397ef0}> (0x00000000eb397ef0) 
thrown [src/hotspot/share/oops/instanceKlass.cpp, line 1218]
Event: 5.371 Thread 0x00007fb228829690 Implicit null exception at 0x00007fb21dead76b to 0x00007fb21deae384
Event: 5.394 Thread 0x00007fb228829690 Implicit null exception at 0x00007fb21ddd9ab0 to 0x00007fb21ddd9c5c
Event: 5.394 Thread 0x00007fb228829690 Implicit null exception at 0x00007fb21dd5cf09 to 0x00007fb21dd5e19c
Event: 5.397 Thread 0x00007fb228829690 Exception <a 'java/lang/NoSuchMethodError'{0x00000000eb513e18}: 'java.lang.Object java.lang.invoke.Invokers$Holder.invokeExact_MT(java.lang.Object, int, java.lang.Object)'> (0x00000000eb513e18) 
thrown [src/hotspot/share/interpreter/linkResolver.cpp, line 758]
Event: 5.406 Thread 0x00007fb228829690 Exception <a 'java/lang/NoSuchMethodError'{0x00000000eb57d750}: 'int java.lang.invoke.DirectMethodHandle$Holder.invokeSpecial(java.lang.Object, java.lang.Object, java.lang.Object, java.lang.Object)'> (0x00000000eb57d750) 
thrown [src/hotspot/share/interpreter/linkResolver.cpp, line 758]
Event: 5.674 Thread 0x00007fb228829690 Exception <a 'java/lang/NoClassDefFoundError'{0x00000000eab25290}: com/google/inject/servlet/ServletModuleTargetVisitor> (0x00000000eab25290) 
thrown [src/hotspot/share/classfile/systemDictionary.cpp, line 245]
Event: 5.730 Thread 0x00007fb1ac3cc080 Exception <a 'java/lang/NoSuchMethodError'{0x00000000eb18b9e0}: 'int java.lang.invoke.DirectMethodHandle$Holder.invokeSpecialIFC(java.lang.Object, java.lang.Object, java.lang.Object, java.lang.Object)'> (0x00000000eb18b9e0) 
thrown [src/hotspot/share/interpreter/linkResolver.cpp, line 758]
Event: 5.887 Thread 0x00007fb1ac3cc080 Exception <a 'java/lang/NoSuchMethodError'{0x00000000eb845a00}: 'int java.lang.invoke.DirectMethodHandle$Holder.invokeInterface(java.lang.Object, java.lang.Object)'> (0x00000000eb845a00) 
thrown [src/hotspot/share/interpreter/linkResolver.cpp, line 758]
Event: 5.888 Thread 0x00007fb1ac3cc080 Exception <a 'java/lang/IncompatibleClassChangeError'{0x00000000eb848f28}: Found class java.lang.Object, but interface was expected> (0x00000000eb848f28) 
thrown [src/hotspot/share/interpreter/linkResolver.cpp, line 826]
Event: 5.970 Thread 0x00007fb1ac3cc080 Exception <a 'java/lang/NoSuchMethodError'{0x00000000ebc393e0}: 'java.lang.Object java.lang.invoke.Invokers$Holder.invoke_MT(java.lang.Object, java.lang.Object, java.lang.Object)'> (0x00000000ebc393e0) 
thrown [src/hotspot/share/interpreter/linkResolver.cpp, line 758]

VM Operations (20 events):
Event: 5.753 Executing VM operation: HandshakeAllThreads done
Event: 5.754 Executing VM operation: HandshakeAllThreads
Event: 5.754 Executing VM operation: HandshakeAllThreads done
Event: 5.766 Executing VM operation: HandshakeAllThreads
Event: 5.766 Executing VM operation: HandshakeAllThreads done
Event: 5.794 Executing VM operation: HandshakeAllThreads
Event: 5.794 Executing VM operation: HandshakeAllThreads done
Event: 5.940 Executing VM operation: ICBufferFull
Event: 5.940 Executing VM operation: ICBufferFull done
Event: 5.945 Executing VM operation: HandshakeAllThreads
Event: 5.945 Executing VM operation: HandshakeAllThreads done
Event: 5.954 Executing VM operation: HandshakeAllThreads
Event: 5.954 Executing VM operation: HandshakeAllThreads done
Event: 5.957 Executing VM operation: HandshakeAllThreads
Event: 5.957 Executing VM operation: HandshakeAllThreads done
Event: 5.984 Executing VM operation: HandshakeAllThreads
Event: 5.984 Executing VM operation: HandshakeAllThreads done
Event: 5.985 Executing VM operation: HandshakeAllThreads
Event: 5.985 Executing VM operation: HandshakeAllThreads done
Event: 6.057 Executing VM operation: ParallelGCFailedAllocation

Events (20 events):
Event: 5.979 loading class java/nio/file/FileTreeWalker
Event: 5.980 loading class java/nio/file/FileTreeWalker done
Event: 5.980 loading class java/util/RegularEnumSet$EnumSetIterator
Event: 5.980 loading class java/util/RegularEnumSet$EnumSetIterator done
Event: 5.983 loading class java/nio/ByteBufferAsIntBufferL
Event: 5.984 loading class java/nio/ByteBufferAsIntBufferL done
Event: 5.986 loading class jdk/internal/jimage/ImageReader$Directory
Event: 5.986 loading class jdk/internal/jimage/ImageReader$Directory done
Event: 6.029 loading class java/nio/file/FileTreeWalker$DirectoryNode
Event: 6.030 loading class java/nio/file/FileTreeWalker$DirectoryNode done
Event: 6.030 loading class java/nio/file/FileTreeWalker$Event
Event: 6.030 loading class java/nio/file/FileTreeWalker$Event done
Event: 6.030 loading class java/nio/file/FileTreeWalker$EventType
Event: 6.030 loading class java/nio/file/FileTreeWalker$EventType done
Event: 6.030 loading class java/nio/file/Files$3
Event: 6.030 loading class java/nio/file/Files$3 done
Event: 6.030 loading class java/nio/file/FileVisitResult
Event: 6.030 loading class java/nio/file/FileVisitResult done
Event: 6.030 loading class sun/nio/fs/BasicFileAttributesHolder
Event: 6.031 loading class sun/nio/fs/BasicFileAttributesHolder done


Dynamic libraries:
c0000000-c4300000 rw-p 00000000 00:00 0 
c4300000-eab00000 ---p 00000000 00:00 0 
eab00000-ec580000 rw-p 00000000 00:00 0 
ec580000-100000000 ---p 00000000 00:00 0 
100000000-100010000 rw-p 00000000 00:00 0 
100010000-100030000 rw-p 00000000 00:00 0 
100030000-1000b0000 rw-p 00000000 00:00 0 
1000b0000-1000d0000 rw-p 00000000 00:00 0 
1000d0000-100130000 rw-p 00000000 00:00 0 
100130000-100170000 rw-p 00000000 00:00 0 
100170000-1001f0000 rw-p 00000000 00:00 0 
1001f0000-1002d0000 rw-p 00000000 00:00 0 
1002d0000-1002f0000 rw-p 00000000 00:00 0 
1002f0000-1003b0000 rw-p 00000000 00:00 0 
1003b0000-1003f0000 rw-p 00000000 00:00 0 
1003f0000-1005f0000 rw-p 00000000 00:00 0 
1005f0000-140000000 ---p 00000000 00:00 0 
555cda24f000-555cda250000 r--p 00000000 103:05 5384145                   /home/emmanuel/.vscode/extensions/redhat.java-1.23.0-linux-x64/jre/17.0.8.1-linux-x86_64/bin/java
555cda250000-555cda251000 r-xp 00001000 103:05 5384145                   /home/emmanuel/.vscode/extensions/redhat.java-1.23.0-linux-x64/jre/17.0.8.1-linux-x86_64/bin/java
555cda251000-555cda252000 r--p 00002000 103:05 5384145                   /home/emmanuel/.vscode/extensions/redhat.java-1.23.0-linux-x64/jre/17.0.8.1-linux-x86_64/bin/java
555cda252000-555cda253000 r--p 00002000 103:05 5384145                   /home/emmanuel/.vscode/extensions/redhat.java-1.23.0-linux-x64/jre/17.0.8.1-linux-x86_64/bin/java
555cda253000-555cda254000 rw-p 00003000 103:05 5384145                   /home/emmanuel/.vscode/extensions/redhat.java-1.23.0-linux-x64/jre/17.0.8.1-linux-x86_64/bin/java
555cdba8c000-555cdbad4000 rw-p 00000000 00:00 0                          [heap]
7fb170400000-7fb177e5b000 r--s 00000000 103:05 5376781                   /usr/lib/jvm/java-17-openjdk-amd64/lib/modules
7fb178000000-7fb1785e0000 rw-p 00000000 00:00 0 
7fb1785e0000-7fb17c000000 ---p 00000000 00:00 0 
7fb17c000000-7fb17c021000 rw-p 00000000 00:00 0 
7fb17c021000-7fb180000000 ---p 00000000 00:00 0 
7fb180000000-7fb180021000 rw-p 00000000 00:00 0 
7fb180021000-7fb184000000 ---p 00000000 00:00 0 
7fb184000000-7fb184021000 rw-p 00000000 00:00 0 
7fb184021000-7fb188000000 ---p 00000000 00:00 0 
7fb188000000-7fb188056000 rw-p 00000000 00:00 0 
7fb188056000-7fb18c000000 ---p 00000000 00:00 0 
7fb18c000000-7fb18c021000 rw-p 00000000 00:00 0 
7fb18c021000-7fb190000000 ---p 00000000 00:00 0 
7fb190000000-7fb190021000 rw-p 00000000 00:00 0 
7fb190021000-7fb194000000 ---p 00000000 00:00 0 
7fb194000000-7fb194081000 rw-p 00000000 00:00 0 
7fb194081000-7fb198000000 ---p 00000000 00:00 0 
7fb198000000-7fb198021000 rw-p 00000000 00:00 0 
7fb198021000-7fb19c000000 ---p 00000000 00:00 0 
7fb19c000000-7fb19c021000 rw-p 00000000 00:00 0 
7fb19c021000-7fb1a0000000 ---p 00000000 00:00 0 
7fb1a0000000-7fb1a0021000 rw-p 00000000 00:00 0 
7fb1a0021000-7fb1a4000000 ---p 00000000 00:00 0 
7fb1a4000000-7fb1a4021000 rw-p 00000000 00:00 0 
7fb1a4021000-7fb1a8000000 ---p 00000000 00:00 0 
7fb1a8000000-7fb1a8021000 rw-p 00000000 00:00 0 
7fb1a8021000-7fb1ac000000 ---p 00000000 00:00 0 
7fb1ac000000-7fb1aca91000 rw-p 00000000 00:00 0 
7fb1aca91000-7fb1b0000000 ---p 00000000 00:00 0 
7fb1b0000000-7fb1b0160000 rw-p 00000000 00:00 0 
7fb1b0160000-7fb1b4000000 ---p 00000000 00:00 0 
7fb1b4000000-7fb1b4021000 rw-p 00000000 00:00 0 
7fb1b4021000-7fb1b8000000 ---p 00000000 00:00 0 
7fb1b8000000-7fb1b8021000 rw-p 00000000 00:00 0 
7fb1b8021000-7fb1bc000000 ---p 00000000 00:00 0 
7fb1bc000000-7fb1bc021000 rw-p 00000000 00:00 0 
7fb1bc021000-7fb1c0000000 ---p 00000000 00:00 0 
7fb1c0000000-7fb1c0021000 rw-p 00000000 00:00 0 
7fb1c0021000-7fb1c4000000 ---p 00000000 00:00 0 
7fb1c4000000-7fb1c4021000 rw-p 00000000 00:00 0 
7fb1c4021000-7fb1c8000000 ---p 00000000 00:00 0 
7fb1c8000000-7fb1c8021000 rw-p 00000000 00:00 0 
7fb1c8021000-7fb1cc000000 ---p 00000000 00:00 0 
7fb1cc000000-7fb1cc021000 rw-p 00000000 00:00 0 
7fb1cc021000-7fb1d0000000 ---p 00000000 00:00 0 
7fb1d0000000-7fb1d0021000 rw-p 00000000 00:00 0 
7fb1d0021000-7fb1d4000000 ---p 00000000 00:00 0 
7fb1d4000000-7fb1d4021000 rw-p 00000000 00:00 0 
7fb1d4021000-7fb1d8000000 ---p 00000000 00:00 0 
7fb1d8000000-7fb1d8f7e000 rw-p 00000000 00:00 0 
7fb1d8f7e000-7fb1dc000000 ---p 00000000 00:00 0 
7fb1dc000000-7fb1dcfb9000 rw-p 00000000 00:00 0 
7fb1dcfb9000-7fb1e0000000 ---p 00000000 00:00 0 
7fb1e0000000-7fb1e0021000 rw-p 00000000 00:00 0 
7fb1e0021000-7fb1e4000000 ---p 00000000 00:00 0 
7fb1e4000000-7fb1e4021000 rw-p 00000000 00:00 0 
7fb1e4021000-7fb1e8000000 ---p 00000000 00:00 0 
7fb1e8000000-7fb1e974a000 rw-p 00000000 00:00 0 
7fb1e974a000-7fb1ec000000 ---p 00000000 00:00 0 
7fb1ec000000-7fb1ec8b2000 rw-p 00000000 00:00 0 
7fb1ec8b2000-7fb1f0000000 ---p 00000000 00:00 0 
7fb1f0000000-7fb1f0021000 rw-p 00000000 00:00 0 
7fb1f0021000-7fb1f4000000 ---p 00000000 00:00 0 
7fb1f4000000-7fb1f4021000 rw-p 00000000 00:00 0 
7fb1f4021000-7fb1f8000000 ---p 00000000 00:00 0 
7fb1f8000000-7fb1f8021000 rw-p 00000000 00:00 0 
7fb1f8021000-7fb1fc000000 ---p 00000000 00:00 0 
7fb1fc000000-7fb1fc021000 rw-p 00000000 00:00 0 
7fb1fc021000-7fb200000000 ---p 00000000 00:00 0 
7fb2016fc000-7fb201993000 rw-p 00000000 00:00 0 
7fb201993000-7fb201997000 ---p 00000000 00:00 0 
7fb201997000-7fb201a93000 rw-p 00000000 00:00 0 
7fb201aa8000-7fb201aac000 ---p 00000000 00:00 0 
7fb201aac000-7fb201ba8000 rw-p 00000000 00:00 0 
7fb201ba8000-7fb201bac000 ---p 00000000 00:00 0 
7fb201bac000-7fb201ca8000 rw-p 00000000 00:00 0 
7fb201e00000-7fb201e04000 ---p 00000000 00:00 0 
7fb201e04000-7fb201f00000 rw-p 00000000 00:00 0 
7fb201f00000-7fb201f04000 ---p 00000000 00:00 0 
7fb201f04000-7fb202000000 rw-p 00000000 00:00 0 
7fb202000000-7fb202004000 ---p 00000000 00:00 0 
7fb202004000-7fb202100000 rw-p 00000000 00:00 0 
7fb202100000-7fb202104000 ---p 00000000 00:00 0 
7fb202104000-7fb202200000 rw-p 00000000 00:00 0 
7fb202200000-7fb202204000 ---p 00000000 00:00 0 
7fb202204000-7fb202300000 rw-p 00000000 00:00 0 
7fb202300000-7fb202304000 ---p 00000000 00:00 0 
7fb202304000-7fb202400000 rw-p 00000000 00:00 0 
7fb202400000-7fb202404000 ---p 00000000 00:00 0 
7fb202404000-7fb202500000 rw-p 00000000 00:00 0 
7fb202500000-7fb202504000 ---p 00000000 00:00 0 
7fb202504000-7fb202600000 rw-p 00000000 00:00 0 
7fb202600000-7fb202610000 r-xp 00000000 103:05 5384788                   /home/emmanuel/.config/Code/User/globalStorage/redhat.java/1.23.0/config_linux/org.eclipse.equinox.launcher/org.eclipse.equinox.launcher.gtk.linux.x86_64_1.2.700.v20221108-1024/eclipse_11801.so
7fb202610000-7fb20280f000 ---p 00010000 103:05 5384788                   /home/emmanuel/.config/Code/User/globalStorage/redhat.java/1.23.0/config_linux/org.eclipse.equinox.launcher/org.eclipse.equinox.launcher.gtk.linux.x86_64_1.2.700.v20221108-1024/eclipse_11801.so
7fb20280f000-7fb202810000 r--p 0000f000 103:05 5384788                   /home/emmanuel/.config/Code/User/globalStorage/redhat.java/1.23.0/config_linux/org.eclipse.equinox.launcher/org.eclipse.equinox.launcher.gtk.linux.x86_64_1.2.700.v20221108-1024/eclipse_11801.so
7fb202810000-7fb202811000 rw-p 00010000 103:05 5384788                   /home/emmanuel/.config/Code/User/globalStorage/redhat.java/1.23.0/config_linux/org.eclipse.equinox.launcher/org.eclipse.equinox.launcher.gtk.linux.x86_64_1.2.700.v20221108-1024/eclipse_11801.so
7fb202811000-7fb202812000 rw-p 00000000 00:00 0 
7fb2028f0000-7fb2028f1000 ---p 00000000 00:00 0 
7fb2028f1000-7fb2029f2000 rw-p 00000000 00:00 0 
7fb2029f2000-7fb2029f6000 ---p 00000000 00:00 0 
7fb2029f6000-7fb202af2000 rw-p 00000000 00:00 0 
7fb202af2000-7fb202af6000 ---p 00000000 00:00 0 
7fb202af6000-7fb202bf2000 rw-p 00000000 00:00 0 
7fb202bf2000-7fb202bf6000 ---p 00000000 00:00 0 
7fb202bf6000-7fb202cf2000 rw-p 00000000 00:00 0 
7fb202cf2000-7fb202cf3000 ---p 00000000 00:00 0 
7fb202cf3000-7fb202df4000 rw-p 00000000 00:00 0 
7fb202df4000-7fb202df5000 ---p 00000000 00:00 0 
7fb202df5000-7fb202ef6000 rw-p 00000000 00:00 0 
7fb202ef6000-7fb202ef7000 ---p 00000000 00:00 0 
7fb202ef7000-7fb202ff8000 rw-p 00000000 00:00 0 
7fb202ff8000-7fb202ff9000 ---p 00000000 00:00 0 
7fb202ff9000-7fb2030fa000 rw-p 00000000 00:00 0 
7fb2030fa000-7fb2030fb000 ---p 00000000 00:00 0 
7fb2030fb000-7fb2031fc000 rw-p 00000000 00:00 0 
7fb2031fc000-7fb2031fd000 ---p 00000000 00:00 0 
7fb2031fd000-7fb2032fe000 rw-p 00000000 00:00 0 
7fb2032fe000-7fb2032ff000 ---p 00000000 00:00 0 
7fb2032ff000-7fb203400000 rw-p 00000000 00:00 0 
7fb203400000-7fb203404000 ---p 00000000 00:00 0 
7fb203404000-7fb203500000 rw-p 00000000 00:00 0 
7fb203500000-7fb203504000 ---p 00000000 00:00 0 
7fb203504000-7fb203600000 rw-p 00000000 00:00 0 
7fb203600000-7fb203604000 ---p 00000000 00:00 0 
7fb203604000-7fb203700000 rw-p 00000000 00:00 0 
7fb203700000-7fb203704000 ---p 00000000 00:00 0 
7fb203704000-7fb203800000 rw-p 00000000 00:00 0 
7fb203800000-7fb203804000 ---p 00000000 00:00 0 
7fb203804000-7fb203900000 rw-p 00000000 00:00 0 
7fb203900000-7fb203904000 ---p 00000000 00:00 0 
7fb203904000-7fb203a00000 rw-p 00000000 00:00 0 
7fb203a00000-7fb203f73000 r--p 00000000 103:05 4329506                   /usr/lib/locale/locale-archive
7fb204000000-7fb204021000 rw-p 00000000 00:00 0 
7fb204021000-7fb208000000 ---p 00000000 00:00 0 
7fb208000000-7fb208021000 rw-p 00000000 00:00 0 
7fb208021000-7fb20c000000 ---p 00000000 00:00 0 
7fb20c000000-7fb20c3f0000 rw-p 00000000 00:00 0 
7fb20c3f0000-7fb20c450000 rw-p 00000000 00:00 0 
7fb20c450000-7fb20c470000 rw-p 00000000 00:00 0 
7fb20c470000-7fb20c4f0000 rw-p 00000000 00:00 0 
7fb20c4f0000-7fb20c7f0000 rw-p 00000000 00:00 0 
7fb20c7f0000-7fb20c8b0000 rw-p 00000000 00:00 0 
7fb20c8b0000-7fb20c8f0000 rw-p 00000000 00:00 0 
7fb20c8f0000-7fb20caf0000 rw-p 00000000 00:00 0 
7fb20caf0000-7fb20cbf0000 rw-p 00000000 00:00 0 
7fb20cbf0000-7fb20cd70000 rw-p 00000000 00:00 0 
7fb20cd70000-7fb20cef0000 rw-p 00000000 00:00 0 
7fb20cef0000-7fb20cff0000 rw-p 00000000 00:00 0 
7fb20cff0000-7fb20d0f0000 rw-p 00000000 00:00 0 
7fb20d0f0000-7fb20d1f0000 rw-p 00000000 00:00 0 
7fb20d1f0000-7fb20d6f0000 rw-p 00000000 00:00 0 
7fb20d6f0000-7fb20d7f0000 rw-p 00000000 00:00 0 
7fb20d7f0000-7fb20ddb0000 rw-p 00000000 00:00 0 
7fb20ddb0000-7fb20ddf0000 rw-p 00000000 00:00 0 
7fb20ddf0000-7fb20def0000 rw-p 00000000 00:00 0 
7fb20def0000-7fb20dff0000 rw-p 00000000 00:00 0 
7fb20dff0000-7fb20e4f0000 rw-p 00000000 00:00 0 
7fb20e4f0000-7fb20e5c0000 rw-p 00000000 00:00 0 
7fb20e5c0000-7fb20e600000 ---p 00000000 00:00 0 
7fb20e600000-7fb20ed10000 rw-p 00000000 00:00 0 
7fb20ed10000-7fb210000000 ---p 00000000 00:00 0 
7fb210000000-7fb210021000 rw-p 00000000 00:00 0 
7fb210021000-7fb214000000 ---p 00000000 00:00 0 
7fb2140e4000-7fb2140e8000 ---p 00000000 00:00 0 
7fb2140e8000-7fb2141e4000 rw-p 00000000 00:00 0 
7fb2141e4000-7fb2141e8000 ---p 00000000 00:00 0 
7fb2141e8000-7fb2142e4000 rw-p 00000000 00:00 0 
7fb2142e4000-7fb2142e8000 ---p 00000000 00:00 0 
7fb2142e8000-7fb2143e4000 rw-p 00000000 00:00 0 
7fb2143e4000-7fb2143e8000 ---p 00000000 00:00 0 
7fb2143e8000-7fb2144e4000 rw-p 00000000 00:00 0 
7fb2144e4000-7fb2144e8000 ---p 00000000 00:00 0 
7fb2144e8000-7fb2145e4000 rw-p 00000000 00:00 0 
7fb2145e4000-7fb2145e8000 ---p 00000000 00:00 0 
7fb2145e8000-7fb2146e4000 rw-p 00000000 00:00 0 
7fb2146e4000-7fb2146e5000 ---p 00000000 00:00 0 
7fb2146e5000-7fb216200000 rw-p 00000000 00:00 0 
7fb216200000-7fb216cf0000 rwxp 00000000 00:00 0 
7fb216cf0000-7fb21d737000 ---p 00000000 00:00 0 
7fb21d737000-7fb21d9a7000 rwxp 00000000 00:00 0 
7fb21d9a7000-7fb21dcc9000 ---p 00000000 00:00 0 
7fb21dcc9000-7fb21df79000 rwxp 00000000 00:00 0 
7fb21df79000-7fb225200000 ---p 00000000 00:00 0 
7fb225200000-7fb227e1b000 r--s 00000000 103:05 5384551                   /home/emmanuel/.vscode/extensions/redhat.java-1.23.0-linux-x64/jre/17.0.8.1-linux-x86_64/lib/modules
7fb227eff000-7fb228000000 rw-p 00000000 00:00 0 
7fb228000000-7fb22882f000 rw-p 00000000 00:00 0 
7fb22882f000-7fb22c000000 ---p 00000000 00:00 0 
7fb22c08d000-7fb22c094000 r--s 00000000 103:05 4327898                   /usr/lib/x86_64-linux-gnu/gconv/gconv-modules.cache
7fb22c094000-7fb22c098000 ---p 00000000 00:00 0 
7fb22c098000-7fb22c0b6000 rw-p 00000000 00:00 0 
7fb22c0b6000-7fb22c0ba000 r--p 00000000 103:05 5384549                   /home/emmanuel/.vscode/extensions/redhat.java-1.23.0-linux-x64/jre/17.0.8.1-linux-x86_64/lib/libverify.so
7fb22c0ba000-7fb22c0c1000 r-xp 00004000 103:05 5384549                   /home/emmanuel/.vscode/extensions/redhat.java-1.23.0-linux-x64/jre/17.0.8.1-linux-x86_64/lib/libverify.so
7fb22c0c1000-7fb22c0c3000 r--p 0000b000 103:05 5384549                   /home/emmanuel/.vscode/extensions/redhat.java-1.23.0-linux-x64/jre/17.0.8.1-linux-x86_64/lib/libverify.so
7fb22c0c3000-7fb22c0c5000 r--p 0000c000 103:05 5384549                   /home/emmanuel/.vscode/extensions/redhat.java-1.23.0-linux-x64/jre/17.0.8.1-linux-x86_64/lib/libverify.so
7fb22c0c5000-7fb22c0c6000 rw-p 0000e000 103:05 5384549                   /home/emmanuel/.vscode/extensions/redhat.java-1.23.0-linux-x64/jre/17.0.8.1-linux-x86_64/lib/libverify.so
7fb22c0c6000-7fb22c0ca000 r--p 00000000 103:05 5384542                   /home/emmanuel/.vscode/extensions/redhat.java-1.23.0-linux-x64/jre/17.0.8.1-linux-x86_64/lib/libnet.so
7fb22c0ca000-7fb22c0d8000 r-xp 00004000 103:05 5384542                   /home/emmanuel/.vscode/extensions/redhat.java-1.23.0-linux-x64/jre/17.0.8.1-linux-x86_64/lib/libnet.so
7fb22c0d8000-7fb22c0dc000 r--p 00012000 103:05 5384542                   /home/emmanuel/.vscode/extensions/redhat.java-1.23.0-linux-x64/jre/17.0.8.1-linux-x86_64/lib/libnet.so
7fb22c0dc000-7fb22c0dd000 r--p 00015000 103:05 5384542                   /home/emmanuel/.vscode/extensions/redhat.java-1.23.0-linux-x64/jre/17.0.8.1-linux-x86_64/lib/libnet.so
7fb22c0dd000-7fb22c0de000 rw-p 00016000 103:05 5384542                   /home/emmanuel/.vscode/extensions/redhat.java-1.23.0-linux-x64/jre/17.0.8.1-linux-x86_64/lib/libnet.so
7fb22c0de000-7fb22c0e5000 r--p 00000000 103:05 5384543                   /home/emmanuel/.vscode/extensions/redhat.java-1.23.0-linux-x64/jre/17.0.8.1-linux-x86_64/lib/libnio.so
7fb22c0e5000-7fb22c0ee000 r-xp 00007000 103:05 5384543                   /home/emmanuel/.vscode/extensions/redhat.java-1.23.0-linux-x64/jre/17.0.8.1-linux-x86_64/lib/libnio.so
7fb22c0ee000-7fb22c0f2000 r--p 00010000 103:05 5384543                   /home/emmanuel/.vscode/extensions/redhat.java-1.23.0-linux-x64/jre/17.0.8.1-linux-x86_64/lib/libnio.so
7fb22c0f2000-7fb22c0f3000 ---p 00014000 103:05 5384543                   /home/emmanuel/.vscode/extensions/redhat.java-1.23.0-linux-x64/jre/17.0.8.1-linux-x86_64/lib/libnio.so
7fb22c0f3000-7fb22c0f4000 r--p 00014000 103:05 5384543                   /home/emmanuel/.vscode/extensions/redhat.java-1.23.0-linux-x64/jre/17.0.8.1-linux-x86_64/lib/libnio.so
7fb22c0f4000-7fb22c0f5000 rw-p 00015000 103:05 5384543                   /home/emmanuel/.vscode/extensions/redhat.java-1.23.0-linux-x64/jre/17.0.8.1-linux-x86_64/lib/libnio.so
7fb22c0f5000-7fb22e3f3000 rw-p 00000000 00:00 0 
7fb22e3f3000-7fb22e527000 ---p 00000000 00:00 0 
7fb22e527000-7fb22e528000 ---p 00000000 00:00 0 
7fb22e528000-7fb22e64b000 rw-p 00000000 00:00 0 
7fb22e64b000-7fb22e77e000 ---p 00000000 00:00 0 
7fb22e77e000-7fb22e78c000 rw-p 00000000 00:00 0 
7fb22e78c000-7fb22e829000 ---p 00000000 00:00 0 
7fb22e829000-7fb22e830000 rw-p 00000000 00:00 0 
7fb22e830000-7fb22e915000 ---p 00000000 00:00 0 
7fb22e915000-7fb22e92b000 rw-p 00000000 00:00 0 
7fb22e92b000-7fb22ea00000 ---p 00000000 00:00 0 
7fb22ea00000-7fb22ec53000 r--p 00000000 103:05 5384561                   /home/emmanuel/.vscode/extensions/redhat.java-1.23.0-linux-x64/jre/17.0.8.1-linux-x86_64/lib/server/libjvm.so
7fb22ec53000-7fb22f975000 r-xp 00253000 103:05 5384561                   /home/emmanuel/.vscode/extensions/redhat.java-1.23.0-linux-x64/jre/17.0.8.1-linux-x86_64/lib/server/libjvm.so
7fb22f975000-7fb22fc02000 r--p 00f75000 103:05 5384561                   /home/emmanuel/.vscode/extensions/redhat.java-1.23.0-linux-x64/jre/17.0.8.1-linux-x86_64/lib/server/libjvm.so
7fb22fc02000-7fb22fcbb000 r--p 01201000 103:05 5384561                   /home/emmanuel/.vscode/extensions/redhat.java-1.23.0-linux-x64/jre/17.0.8.1-linux-x86_64/lib/server/libjvm.so
7fb22fcbb000-7fb22fcf0000 rw-p 012ba000 103:05 5384561                   /home/emmanuel/.vscode/extensions/redhat.java-1.23.0-linux-x64/jre/17.0.8.1-linux-x86_64/lib/server/libjvm.so
7fb22fcf0000-7fb22fd4a000 rw-p 00000000 00:00 0 
7fb22fd4c000-7fb22fd4e000 r--p 00000000 103:05 5384550                   /home/emmanuel/.vscode/extensions/redhat.java-1.23.0-linux-x64/jre/17.0.8.1-linux-x86_64/lib/libzip.so
7fb22fd4e000-7fb22fd52000 r-xp 00002000 103:05 5384550                   /home/emmanuel/.vscode/extensions/redhat.java-1.23.0-linux-x64/jre/17.0.8.1-linux-x86_64/lib/libzip.so
7fb22fd52000-7fb22fd54000 r--p 00006000 103:05 5384550                   /home/emmanuel/.vscode/extensions/redhat.java-1.23.0-linux-x64/jre/17.0.8.1-linux-x86_64/lib/libzip.so
7fb22fd54000-7fb22fd55000 r--p 00007000 103:05 5384550                   /home/emmanuel/.vscode/extensions/redhat.java-1.23.0-linux-x64/jre/17.0.8.1-linux-x86_64/lib/libzip.so
7fb22fd55000-7fb22fd56000 rw-p 00008000 103:05 5384550                   /home/emmanuel/.vscode/extensions/redhat.java-1.23.0-linux-x64/jre/17.0.8.1-linux-x86_64/lib/libzip.so
7fb22fd56000-7fb22fdb0000 rw-p 00000000 00:00 0 
7fb22fdb0000-7fb22fdb7000 ---p 00000000 00:00 0 
7fb22fdb7000-7fb22fdc4000 r--p 00000000 103:05 5384529                   /home/emmanuel/.vscode/extensions/redhat.java-1.23.0-linux-x64/jre/17.0.8.1-linux-x86_64/lib/libjava.so
7fb22fdc4000-7fb22fdd6000 r-xp 0000d000 103:05 5384529                   /home/emmanuel/.vscode/extensions/redhat.java-1.23.0-linux-x64/jre/17.0.8.1-linux-x86_64/lib/libjava.so
7fb22fdd6000-7fb22fddc000 r--p 0001f000 103:05 5384529                   /home/emmanuel/.vscode/extensions/redhat.java-1.23.0-linux-x64/jre/17.0.8.1-linux-x86_64/lib/libjava.so
7fb22fddc000-7fb22fddd000 ---p 00025000 103:05 5384529                   /home/emmanuel/.vscode/extensions/redhat.java-1.23.0-linux-x64/jre/17.0.8.1-linux-x86_64/lib/libjava.so
7fb22fddd000-7fb22fdde000 r--p 00025000 103:05 5384529                   /home/emmanuel/.vscode/extensions/redhat.java-1.23.0-linux-x64/jre/17.0.8.1-linux-x86_64/lib/libjava.so
7fb22fdde000-7fb22fddf000 rw-p 00026000 103:05 5384529                   /home/emmanuel/.vscode/extensions/redhat.java-1.23.0-linux-x64/jre/17.0.8.1-linux-x86_64/lib/libjava.so
7fb22fddf000-7fb22fde0000 rw-p 00000000 00:00 0 
7fb22fde0000-7fb22fde4000 r--p 00000000 103:05 5384533                   /home/emmanuel/.vscode/extensions/redhat.java-1.23.0-linux-x64/jre/17.0.8.1-linux-x86_64/lib/libjimage.so
7fb22fde4000-7fb22fdf7000 r-xp 00004000 103:05 5384533                   /home/emmanuel/.vscode/extensions/redhat.java-1.23.0-linux-x64/jre/17.0.8.1-linux-x86_64/lib/libjimage.so
7fb22fdf7000-7fb22fdfd000 r--p 00017000 103:05 5384533                   /home/emmanuel/.vscode/extensions/redhat.java-1.23.0-linux-x64/jre/17.0.8.1-linux-x86_64/lib/libjimage.so
7fb22fdfd000-7fb22fdff000 r--p 0001c000 103:05 5384533                   /home/emmanuel/.vscode/extensions/redhat.java-1.23.0-linux-x64/jre/17.0.8.1-linux-x86_64/lib/libjimage.so
7fb22fdff000-7fb22fe00000 rw-p 0001e000 103:05 5384533                   /home/emmanuel/.vscode/extensions/redhat.java-1.23.0-linux-x64/jre/17.0.8.1-linux-x86_64/lib/libjimage.so
7fb22fe00000-7fb22fe28000 r--p 00000000 103:05 4327521                   /usr/lib/x86_64-linux-gnu/libc.so.6
7fb22fe28000-7fb22ffbd000 r-xp 00028000 103:05 4327521                   /usr/lib/x86_64-linux-gnu/libc.so.6
7fb22ffbd000-7fb230015000 r--p 001bd000 103:05 4327521                   /usr/lib/x86_64-linux-gnu/libc.so.6
7fb230015000-7fb230019000 r--p 00214000 103:05 4327521                   /usr/lib/x86_64-linux-gnu/libc.so.6
7fb230019000-7fb23001b000 rw-p 00218000 103:05 4327521                   /usr/lib/x86_64-linux-gnu/libc.so.6
7fb23001b000-7fb230028000 rw-p 00000000 00:00 0 
7fb23002a000-7fb230032000 rw-s 00000000 103:05 395482                    /tmp/hsperfdata_emmanuel/15725
7fb230032000-7fb230036000 ---p 00000000 00:00 0 
7fb230036000-7fb230132000 rw-p 00000000 00:00 0 
7fb230132000-7fb230140000 r--p 00000000 103:05 4327526                   /usr/lib/x86_64-linux-gnu/libm.so.6
7fb230140000-7fb2301bc000 r-xp 0000e000 103:05 4327526                   /usr/lib/x86_64-linux-gnu/libm.so.6
7fb2301bc000-7fb230217000 r--p 0008a000 103:05 4327526                   /usr/lib/x86_64-linux-gnu/libm.so.6
7fb230217000-7fb230218000 r--p 000e4000 103:05 4327526                   /usr/lib/x86_64-linux-gnu/libm.so.6
7fb230218000-7fb230219000 rw-p 000e5000 103:05 4327526                   /usr/lib/x86_64-linux-gnu/libm.so.6
7fb230219000-7fb23021a000 r--p 00000000 103:05 4327567                   /usr/lib/x86_64-linux-gnu/librt.so.1
7fb23021a000-7fb23021b000 r-xp 00001000 103:05 4327567                   /usr/lib/x86_64-linux-gnu/librt.so.1
7fb23021b000-7fb23021c000 r--p 00002000 103:05 4327567                   /usr/lib/x86_64-linux-gnu/librt.so.1
7fb23021c000-7fb23021d000 r--p 00002000 103:05 4327567                   /usr/lib/x86_64-linux-gnu/librt.so.1
7fb23021d000-7fb23021e000 rw-p 00003000 103:05 4327567                   /usr/lib/x86_64-linux-gnu/librt.so.1
7fb23021e000-7fb230222000 rw-p 00000000 00:00 0 
7fb230222000-7fb230223000 r--p 00000000 103:05 4327524                   /usr/lib/x86_64-linux-gnu/libdl.so.2
7fb230223000-7fb230224000 r-xp 00001000 103:05 4327524                   /usr/lib/x86_64-linux-gnu/libdl.so.2
7fb230224000-7fb230225000 r--p 00002000 103:05 4327524                   /usr/lib/x86_64-linux-gnu/libdl.so.2
7fb230225000-7fb230226000 r--p 00002000 103:05 4327524                   /usr/lib/x86_64-linux-gnu/libdl.so.2
7fb230226000-7fb230227000 rw-p 00003000 103:05 4327524                   /usr/lib/x86_64-linux-gnu/libdl.so.2
7fb230227000-7fb230228000 r--p 00000000 103:05 4327560                   /usr/lib/x86_64-linux-gnu/libpthread.so.0
7fb230228000-7fb230229000 r-xp 00001000 103:05 4327560                   /usr/lib/x86_64-linux-gnu/libpthread.so.0
7fb230229000-7fb23022a000 r--p 00002000 103:05 4327560                   /usr/lib/x86_64-linux-gnu/libpthread.so.0
7fb23022a000-7fb23022b000 r--p 00002000 103:05 4327560                   /usr/lib/x86_64-linux-gnu/libpthread.so.0
7fb23022b000-7fb23022c000 rw-p 00003000 103:05 4327560                   /usr/lib/x86_64-linux-gnu/libpthread.so.0
7fb23022c000-7fb23022f000 r--p 00000000 103:05 5384534                   /home/emmanuel/.vscode/extensions/redhat.java-1.23.0-linux-x64/jre/17.0.8.1-linux-x86_64/lib/libjli.so
7fb23022f000-7fb230239000 r-xp 00003000 103:05 5384534                   /home/emmanuel/.vscode/extensions/redhat.java-1.23.0-linux-x64/jre/17.0.8.1-linux-x86_64/lib/libjli.so
7fb230239000-7fb23023c000 r--p 0000d000 103:05 5384534                   /home/emmanuel/.vscode/extensions/redhat.java-1.23.0-linux-x64/jre/17.0.8.1-linux-x86_64/lib/libjli.so
7fb23023c000-7fb23023d000 ---p 00010000 103:05 5384534                   /home/emmanuel/.vscode/extensions/redhat.java-1.23.0-linux-x64/jre/17.0.8.1-linux-x86_64/lib/libjli.so
7fb23023d000-7fb23023e000 r--p 00010000 103:05 5384534                   /home/emmanuel/.vscode/extensions/redhat.java-1.23.0-linux-x64/jre/17.0.8.1-linux-x86_64/lib/libjli.so
7fb23023e000-7fb23023f000 rw-p 00011000 103:05 5384534                   /home/emmanuel/.vscode/extensions/redhat.java-1.23.0-linux-x64/jre/17.0.8.1-linux-x86_64/lib/libjli.so
7fb23023f000-7fb230241000 r--p 00000000 103:05 4353575                   /usr/lib/x86_64-linux-gnu/libz.so.1.2.11
7fb230241000-7fb230252000 r-xp 00002000 103:05 4353575                   /usr/lib/x86_64-linux-gnu/libz.so.1.2.11
7fb230252000-7fb230258000 r--p 00013000 103:05 4353575                   /usr/lib/x86_64-linux-gnu/libz.so.1.2.11
7fb230258000-7fb230259000 ---p 00019000 103:05 4353575                   /usr/lib/x86_64-linux-gnu/libz.so.1.2.11
7fb230259000-7fb23025a000 r--p 00019000 103:05 4353575                   /usr/lib/x86_64-linux-gnu/libz.so.1.2.11
7fb23025a000-7fb23025b000 rw-p 0001a000 103:05 4353575                   /usr/lib/x86_64-linux-gnu/libz.so.1.2.11
7fb23025f000-7fb230261000 r--p 00000000 103:05 5384524                   /home/emmanuel/.vscode/extensions/redhat.java-1.23.0-linux-x64/jre/17.0.8.1-linux-x86_64/lib/libinstrument.so
7fb230261000-7fb230267000 r-xp 00002000 103:05 5384524                   /home/emmanuel/.vscode/extensions/redhat.java-1.23.0-linux-x64/jre/17.0.8.1-linux-x86_64/lib/libinstrument.so
7fb230267000-7fb23026a000 r--p 00008000 103:05 5384524                   /home/emmanuel/.vscode/extensions/redhat.java-1.23.0-linux-x64/jre/17.0.8.1-linux-x86_64/lib/libinstrument.so
7fb23026a000-7fb23026b000 r--p 0000a000 103:05 5384524                   /home/emmanuel/.vscode/extensions/redhat.java-1.23.0-linux-x64/jre/17.0.8.1-linux-x86_64/lib/libinstrument.so
7fb23026b000-7fb23026c000 rw-p 0000b000 103:05 5384524                   /home/emmanuel/.vscode/extensions/redhat.java-1.23.0-linux-x64/jre/17.0.8.1-linux-x86_64/lib/libinstrument.so
7fb23026c000-7fb23026d000 ---p 00000000 00:00 0 
7fb23026d000-7fb23026e000 r--p 00000000 00:00 0 
7fb23026e000-7fb230270000 rw-p 00000000 00:00 0 
7fb230270000-7fb230272000 r--p 00000000 103:05 4327516                   /usr/lib/x86_64-linux-gnu/ld-linux-x86-64.so.2
7fb230272000-7fb23029c000 r-xp 00002000 103:05 4327516                   /usr/lib/x86_64-linux-gnu/ld-linux-x86-64.so.2
7fb23029c000-7fb2302a7000 r--p 0002c000 103:05 4327516                   /usr/lib/x86_64-linux-gnu/ld-linux-x86-64.so.2
7fb2302a7000-7fb2302a8000 ---p 00000000 00:00 0 
7fb2302a8000-7fb2302aa000 r--p 00037000 103:05 4327516                   /usr/lib/x86_64-linux-gnu/ld-linux-x86-64.so.2
7fb2302aa000-7fb2302ac000 rw-p 00039000 103:05 4327516                   /usr/lib/x86_64-linux-gnu/ld-linux-x86-64.so.2
7ffc85d37000-7ffc85d59000 rw-p 00000000 00:00 0                          [stack]
7ffc85dca000-7ffc85dce000 r--p 00000000 00:00 0                          [vvar]
7ffc85dce000-7ffc85dd0000 r-xp 00000000 00:00 0                          [vdso]
ffffffffff600000-ffffffffff601000 --xp 00000000 00:00 0                  [vsyscall]


VM Arguments:
jvm_args: --add-modules=ALL-SYSTEM --add-opens=java.base/java.util=ALL-UNNAMED --add-opens=java.base/java.lang=ALL-UNNAMED --add-opens=java.base/sun.nio.fs=ALL-UNNAMED -Declipse.application=org.eclipse.jdt.ls.core.id1 -Dosgi.bundles.defaultStartLevel=4 -Declipse.product=org.eclipse.jdt.ls.core.product -Djava.import.generatesMetadataFilesAtProjectRoot=false -DDetectVMInstallationsJob.disabled=true -Dfile.encoding=utf8 -XX:+UseParallelGC -XX:GCTimeRatio=4 -XX:AdaptiveSizePolicyWeight=90 -Dsun.zip.disableMemoryMapping=true -Xmx1G -Xms100m -Xlog:disable -javaagent:/home/emmanuel/.vscode/extensions/redhat.java-1.23.0-linux-x64/lombok/lombok-1.18.30.jar -XX:+HeapDumpOnOutOfMemoryError -XX:HeapDumpPath=/home/emmanuel/.config/Code/User/workspaceStorage/9cf0182d8b0822c1a4b2ba5774e2e160/redhat.java -Daether.dependencyCollector.impl=bf 
java_command: /home/emmanuel/.vscode/extensions/redhat.java-1.23.0-linux-x64/server/plugins/org.eclipse.equinox.launcher_1.6.500.v20230717-2134.jar -configuration /home/emmanuel/.config/Code/User/globalStorage/redhat.java/1.23.0/config_linux -data /home/emmanuel/.config/Code/User/workspaceStorage/9cf0182d8b0822c1a4b2ba5774e2e160/redhat.java/jdt_ws
java_class_path (initial): /home/emmanuel/.vscode/extensions/redhat.java-1.23.0-linux-x64/server/plugins/org.eclipse.equinox.launcher_1.6.500.v20230717-2134.jar
Launcher Type: SUN_STANDARD

[Global flags]
    uintx AdaptiveSizePolicyWeight                 = 90                                        {product} {command line}
     intx CICompilerCount                          = 4                                         {product} {ergonomic}
    uintx GCTimeRatio                              = 4                                         {product} {command line}
     bool HeapDumpOnOutOfMemoryError               = true                                   {manageable} {command line}
    ccstr HeapDumpPath                             = /home/emmanuel/.config/Code/User/workspaceStorage/9cf0182d8b0822c1a4b2ba5774e2e160/redhat.java         {manageable} {command line}
   size_t InitialHeapSize                          = 104857600                                 {product} {command line}
   size_t MaxHeapSize                              = 1073741824                                {product} {command line}
   size_t MaxNewSize                               = 357564416                                 {product} {ergonomic}
   size_t MinHeapDeltaBytes                        = 524288                                    {product} {ergonomic}
   size_t MinHeapSize                              = 104857600                                 {product} {command line}
   size_t NewSize                                  = 34603008                                  {product} {ergonomic}
    uintx NonNMethodCodeHeapSize                   = 5839372                                {pd product} {ergonomic}
    uintx NonProfiledCodeHeapSize                  = 122909434                              {pd product} {ergonomic}
   size_t OldSize                                  = 70254592                                  {product} {ergonomic}
    uintx ProfiledCodeHeapSize                     = 122909434                              {pd product} {ergonomic}
    uintx ReservedCodeCacheSize                    = 251658240                              {pd product} {ergonomic}
     bool SegmentedCodeCache                       = true                                      {product} {ergonomic}
   size_t SoftMaxHeapSize                          = 1073741824                             {manageable} {ergonomic}
     bool UseCompressedClassPointers               = true                           {product lp64_product} {ergonomic}
     bool UseCompressedOops                        = true                           {product lp64_product} {ergonomic}
     bool UseParallelGC                            = true                                      {product} {command line}

Logging:
Log output configuration:
 #0: stdout all=off uptime,level,tags
 #1: stderr all=off uptime,level,tags

Environment Variables:
JAVA_HOME=/usr/lib/jvm/java-17-openjdk-amd64
PATH=/usr/local/sbin:/usr/local/bin:/usr/sbin:/usr/bin:/sbin:/bin:/usr/games:/usr/local/games:/snap/bin:/snap/bin:/usr/lib/jvm/java-17-openjdk-amd64/bin
USERNAME=emmanuel
SHELL=/bin/bash
DISPLAY=:0
LANG=en_US.UTF-8
TERM=xterm-256color

Active Locale:
LC_ALL=en_US.UTF-8
LC_COLLATE=en_US.UTF-8
LC_CTYPE=en_US.UTF-8
LC_MESSAGES=en_US.UTF-8
LC_MONETARY=en_US.UTF-8
LC_NUMERIC=en_US.UTF-8
LC_TIME=en_US.UTF-8

Signal Handlers:
   SIGSEGV: crash_handler in libjvm.so, mask=11100100010111111101111111111110, flags=SA_RESTART|SA_SIGINFO, unblocked
    SIGBUS: crash_handler in libjvm.so, mask=11100100010111111101111111111110, flags=SA_RESTART|SA_SIGINFO, unblocked
    SIGFPE: crash_handler in libjvm.so, mask=11100100010111111101111111111110, flags=SA_RESTART|SA_SIGINFO, unblocked
   SIGPIPE: javaSignalHandler in libjvm.so, mask=11100100010111111101111111111110, flags=SA_RESTART|SA_SIGINFO, blocked
   SIGXFSZ: javaSignalHandler in libjvm.so, mask=11100100010111111101111111111110, flags=SA_RESTART|SA_SIGINFO, blocked
    SIGILL: crash_handler in libjvm.so, mask=11100100010111111101111111111110, flags=SA_RESTART|SA_SIGINFO, unblocked
   SIGUSR2: SR_handler in libjvm.so, mask=00000000000000000000000000000000, flags=SA_RESTART|SA_SIGINFO, blocked
    SIGHUP: UserHandler in libjvm.so, mask=11100100010111111101111111111110, flags=SA_RESTART|SA_SIGINFO, blocked
    SIGINT: UserHandler in libjvm.so, mask=11100100010111111101111111111110, flags=SA_RESTART|SA_SIGINFO, blocked
   SIGTERM: UserHandler in libjvm.so, mask=11100100010111111101111111111110, flags=SA_RESTART|SA_SIGINFO, blocked
   SIGQUIT: UserHandler in libjvm.so, mask=11100100010111111101111111111110, flags=SA_RESTART|SA_SIGINFO, blocked
   SIGTRAP: crash_handler in libjvm.so, mask=11100100010111111101111111111110, flags=SA_RESTART|SA_SIGINFO, unblocked


---------------  S Y S T E M  ---------------

OS:
DISTRIB_ID=Ubuntu
DISTRIB_RELEASE=22.04
DISTRIB_CODENAME=jammy
DISTRIB_DESCRIPTION="Ubuntu 22.04.3 LTS"
uname: Linux 6.2.0-33-generic #33~22.04.1-Ubuntu SMP PREEMPT_DYNAMIC Thu Sep  7 10:33:52 UTC 2 x86_64
OS uptime: 0 days 2:46 hours
libc: glibc 2.35 NPTL 2.35 
rlimit (soft/hard): STACK 8192k/infinity , CORE 0k/infinity , NPROC 61355/61355 , NOFILE 1048576/1048576 , AS infinity/infinity , CPU infinity/infinity , DATA infinity/infinity , FSIZE infinity/infinity , MEMLOCK 1972928k/1972928k
load average: 1.88 1.08 1.06

/proc/meminfo:
MemTotal:       15783452 kB
MemFree:         8375208 kB
MemAvailable:   12242640 kB
Buffers:          160504 kB
Cached:          3895044 kB
SwapCached:            0 kB
Active:          1896064 kB
Inactive:        4439644 kB
Active(anon):       2688 kB
Inactive(anon):  2324572 kB
Active(file):    1893376 kB
Inactive(file):  2115072 kB
Unevictable:          96 kB
Mlocked:              96 kB
SwapTotal:       2097148 kB
SwapFree:        2097148 kB
Zswap:                 0 kB
Zswapped:              0 kB
Dirty:              1000 kB
Writeback:             0 kB
AnonPages:       2280512 kB
Mapped:           864816 kB
Shmem:             47100 kB
KReclaimable:     194324 kB
Slab:             387924 kB
SReclaimable:     194324 kB
SUnreclaim:       193600 kB
KernelStack:       16848 kB
PageTables:        37140 kB
SecPageTables:         0 kB
NFS_Unstable:          0 kB
Bounce:                0 kB
WritebackTmp:          0 kB
CommitLimit:     9988872 kB
Committed_AS:    9386864 kB
VmallocTotal:   34359738367 kB
VmallocUsed:      137360 kB
VmallocChunk:          0 kB
Percpu:            16384 kB
HardwareCorrupted:     0 kB
AnonHugePages:         0 kB
ShmemHugePages:        0 kB
ShmemPmdMapped:        0 kB
FileHugePages:         0 kB
FilePmdMapped:         0 kB
HugePages_Total:       0
HugePages_Free:        0
HugePages_Rsvd:        0
HugePages_Surp:        0
Hugepagesize:       2048 kB
Hugetlb:               0 kB
DirectMap4k:      808596 kB
DirectMap2M:     9089024 kB
DirectMap1G:     7340032 kB

/sys/kernel/mm/transparent_hugepage/enabled: always [madvise] never
/sys/kernel/mm/transparent_hugepage/defrag (defrag/compaction efforts parameter): always defer defer+madvise [madvise] never

Process Memory:
Virtual Size: 5211436K (peak: 5211436K)
Resident Set Size: 241836K (peak: 241836K) (anon: 211372K, file: 30464K, shmem: 0K)
Swapped out: 0K
C-Heap outstanding allocations: 97212K, retained: 30535K
glibc malloc tunables: (default)

/proc/sys/kernel/threads-max (system-wide limit on the number of threads): 122711
/proc/sys/vm/max_map_count (maximum number of memory map areas a process may have): 65530
/proc/sys/kernel/pid_max (system-wide limit on number of process identifiers): 4194304

container (cgroup) information:
container_type: cgroupv2
cpu_cpuset_cpus: not supported
cpu_memory_nodes: not supported
active_processor_count: 8
cpu_quota: not supported
cpu_period: not supported
cpu_shares: not supported
memory_limit_in_bytes: unlimited
memory_and_swap_limit_in_bytes: unlimited
memory_soft_limit_in_bytes: unlimited
memory_usage_in_bytes: 1129172 k
memory_max_usage_in_bytes: not supported
memory_swap_current_in_bytes: unlimited
memory_swap_max_limit_in_bytes: unlimited
maximum number of tasks: 18406
current number of tasks: 228

Steal ticks since vm start: 0
Steal ticks percentage since vm start:  0.000

CPU: total 8 (initial active 8) (8 cores per cpu, 2 threads per core) family 23 model 24 stepping 1 microcode 0x8108102, cx8, cmov, fxsr, ht, mmx, 3dnowpref, sse, sse2, sse3, ssse3, sse4a, sse4.1, sse4.2, popcnt, lzcnt, tsc, tscinvbit, avx, avx2, aes, clmul, bmi1, bmi2, adx, sha, fma, vzeroupper, clflush, clflushopt
CPU Model and flags from /proc/cpuinfo:
model name	: AMD Ryzen 7 3750H with Radeon Vega Mobile Gfx
flags		: fpu vme de pse tsc msr pae mce cx8 apic sep mtrr pge mca cmov pat pse36 clflush mmx fxsr sse sse2 ht syscall nx mmxext fxsr_opt pdpe1gb rdtscp lm constant_tsc rep_good nopl nonstop_tsc cpuid extd_apicid aperfmperf rapl pni pclmulqdq monitor ssse3 fma cx16 sse4_1 sse4_2 movbe popcnt aes xsave avx f16c rdrand lahf_lm cmp_legacy svm extapic cr8_legacy abm sse4a misalignsse 3dnowprefetch osvw skinit wdt tce topoext perfctr_core perfctr_nb bpext perfctr_llc mwaitx cpb hw_pstate ssbd ibpb vmmcall fsgsbase bmi1 avx2 smep bmi2 rdseed adx smap clflushopt sha_ni xsaveopt xsavec xgetbv1 clzero irperf xsaveerptr arat npt lbrv svm_lock nrip_save tsc_scale vmcb_clean flushbyasid decodeassists pausefilter pfthreshold avic v_vmsave_vmload vgif overflow_recov succor smca sev sev_es

Online cpus: 0-7
Offline cpus: 8-15
BIOS frequency limitation: 2300000
Frequency switch latency (ns): 0
Available cpu frequencies: 2300000 1700000 1400000 
Current governor: schedutil
Core performance/turbo boost: 1

Memory: 4k page, physical 15783452k(8375208k free), swap 2097148k(2097148k free)
Page Sizes: 4k

vm_info: OpenJDK 64-Bit Server VM (17.0.8.1+1) for linux-amd64 JRE (17.0.8.1+1), built on Aug 24 2023 00:00:00 by "admin" with gcc 10.3.0

END.
