#
# A fatal error has been detected by the Java Runtime Environment:
#
#  SIGSEGV (0xb) at pc=0x00007fb4a313e1e9, pid=19076, tid=19107
#
# JRE version: OpenJDK Runtime Environment Temurin-17.0.8.1+1 (17.0.8.1+1) (build 17.0.8.1+1)
# Java VM: OpenJDK 64-Bit Server VM Temurin-17.0.8.1+1 (17.0.8.1+1, mixed mode, tiered, compressed oops, compressed class ptrs, parallel gc, linux-amd64)
# Problematic frame:
# V  [libjvm.so+0x53e1e9]  PhaseChaitin::gather_lrg_masks(bool)+0x199
#
# Core dump will be written. Default location: Core dumps may be processed with "/usr/share/apport/apport -p%p -s%s -c%c -d%d -P%P -u%u -g%g -- %E" (or dumping to /home/emmanuel/Desktop/spring_batch/spring_batch_hello_world/core.19076)
#
# If you would like to submit a bug report, please visit:
#   https://github.com/adoptium/adoptium-support/issues
#

---------------  S U M M A R Y ------------

Command Line: --add-modules=ALL-SYSTEM --add-opens=java.base/java.util=ALL-UNNAMED --add-opens=java.base/java.lang=ALL-UNNAMED --add-opens=java.base/sun.nio.fs=ALL-UNNAMED -Declipse.application=org.eclipse.jdt.ls.core.id1 -Dosgi.bundles.defaultStartLevel=4 -Declipse.product=org.eclipse.jdt.ls.core.product -Djava.import.generatesMetadataFilesAtProjectRoot=false -DDetectVMInstallationsJob.disabled=true -Dfile.encoding=utf8 -XX:+UseParallelGC -XX:GCTimeRatio=4 -XX:AdaptiveSizePolicyWeight=90 -Dsun.zip.disableMemoryMapping=true -Xmx1G -Xms100m -Xlog:disable -javaagent:/home/emmanuel/.vscode/extensions/redhat.java-1.23.0-linux-x64/lombok/lombok-1.18.30.jar -XX:+HeapDumpOnOutOfMemoryError -XX:HeapDumpPath=/home/emmanuel/.config/Code/User/workspaceStorage/9cf0182d8b0822c1a4b2ba5774e2e160/redhat.java -Daether.dependencyCollector.impl=bf /home/emmanuel/.vscode/extensions/redhat.java-1.23.0-linux-x64/server/plugins/org.eclipse.equinox.launcher_1.6.500.v20230717-2134.jar -configuration /home/emmanuel/.config/Code/User/globalStorage/redhat.java/1.23.0/config_linux -data /home/emmanuel/.config/Code/User/workspaceStorage/9cf0182d8b0822c1a4b2ba5774e2e160/redhat.java/jdt_ws

Host: AMD Ryzen 7 3750H with Radeon Vega Mobile Gfx, 8 cores, 15G, Ubuntu 22.04.3 LTS
Time: Sun Oct  8 18:22:36 2023 CDT elapsed time: 2.230394 seconds (0d 0h 0m 2s)

---------------  T H R E A D  ---------------

Current thread (0x00007fb46024b410):  JavaThread "C2 CompilerThread1" daemon [_thread_in_native, id=19107, stack(0x00007fb477700000,0x00007fb477800000)]


Current CompileTask:
C2:   2230 3301       4       jdk.internal.org.objectweb.asm.Frame::execute (2318 bytes)

Stack: [0x00007fb477700000,0x00007fb477800000],  sp=0x00007fb4777fb4a0,  free space=1005k
Native frames: (J=compiled Java code, j=interpreted, Vv=VM code, C=native code)
V  [libjvm.so+0x53e1e9]  PhaseChaitin::gather_lrg_masks(bool)+0x199
V  [libjvm.so+0x542981]  PhaseChaitin::Register_Allocate()+0x611
V  [libjvm.so+0x5d0e89]  Compile::Code_Gen()+0x349
V  [libjvm.so+0x5d6b0b]  Compile::Compile(ciEnv*, ciMethod*, int, bool, bool, bool, bool, bool, DirectiveSet*)+0x148b
V  [libjvm.so+0x5162c9]  C2Compiler::compile_method(ciEnv*, ciMethod*, int, bool, DirectiveSet*)+0xe9
V  [libjvm.so+0x5df632]  CompileBroker::invoke_compiler_on_method(CompileTask*)+0xef2
V  [libjvm.so+0x5e0448]  CompileBroker::compiler_thread_loop()+0x678
V  [libjvm.so+0xe65584]  JavaThread::thread_main_inner()+0x184
V  [libjvm.so+0xe68d40]  Thread::call_run()+0xc0
V  [libjvm.so+0xc1e681]  thread_native_entry(Thread*)+0xe1


siginfo: si_signo: 11 (SIGSEGV), si_code: 1 (SEGV_MAPERR), si_addr: 0x00007fb5bcfe48e0

Register to memory mapping:

RAX=0x00007fb44c6648a0 points into unknown readable memory: 0x0000000000000000 | 00 00 00 00 00 00 00 00
RBX=0x0000000000000080 is an unknown value
RCX=0x0000000000000001 is an unknown value
RDX=0x000000005c260010 is an unknown value
RSP=0x00007fb4777fb4a0 is pointing into the stack for thread: 0x00007fb46024b410
RBP=0x00007fb4777fb510 is pointing into the stack for thread: 0x00007fb46024b410
RSI=0x0 is NULL
RDI=0x00007fb44c81cf30 points into unknown readable memory: 0x0000000000040000 | 00 00 04 00 00 00 00 00
R8 =0x0 is NULL
R9 =0x0 is NULL
R10=0x0 is NULL
R11=0x0000000000000001 is an unknown value
R12=0x0 is NULL
R13=0x00007fb4777fb8f0 is pointing into the stack for thread: 0x00007fb46024b410
R14=0x00007fb45c13c9f0 points into unknown readable memory: 0x00007fb4a3e60228 | 28 02 e6 a3 b4 7f 00 00
R15=0x0000000000000010 is an unknown value


Registers:
RAX=0x00007fb44c6648a0, RBX=0x0000000000000080, RCX=0x0000000000000001, RDX=0x000000005c260010
RSP=0x00007fb4777fb4a0, RBP=0x00007fb4777fb510, RSI=0x0000000000000000, RDI=0x00007fb44c81cf30
R8 =0x0000000000000000, R9 =0x0000000000000000, R10=0x0000000000000000, R11=0x0000000000000001
R12=0x0000000000000000, R13=0x00007fb4777fb8f0, R14=0x00007fb45c13c9f0, R15=0x0000000000000010
RIP=0x00007fb4a313e1e9, EFLAGS=0x0000000000010293, CSGSFS=0x002b000000000033, ERR=0x0000000000000004
  TRAPNO=0x000000000000000e

Top of Stack: (sp=0x00007fb4777fb4a0)
0x00007fb4777fb4a0:   0000000000001082 0000000c0000042f
0x00007fb4777fb4b0:   00007fb44c81cf30 0101000affffffff
0x00007fb4777fb4c0:   00007fb45c24ea70 00007fb45c2e3a00
0x00007fb4777fb4d0:   0000001900000003 00007fb45c240648 

Instructions: (pc=0x00007fb4a313e1e9)
0x00007fb4a313e0e9:   1f 84 00 00 00 00 00 48 8b 5d c8 8b 45 9c 45 31
0x00007fb4a313e0f9:   f6 39 43 18 76 08 48 8b 53 20 4c 8b 34 c2 41 8b
0x00007fb4a313e109:   46 2c c6 45 ae 00 41 bd 01 00 00 00 83 e0 03 83
0x00007fb4a313e119:   f8 02 75 13 49 8b 06 4c 89 f7 ff 90 c8 00 00 00
0x00007fb4a313e129:   c6 45 ae 01 41 89 c5 49 63 56 28 49 8b 87 08 01
0x00007fb4a313e139:   00 00 8b 04 90 85 c0 0f 85 6a 04 00 00 41 8b 46
0x00007fb4a313e149:   18 80 7d af 00 89 45 c4 74 1a 49 8b 06 48 8d 1d
0x00007fb4a313e159:   f3 a9 dc ff 48 8b 80 b0 00 00 00 48 39 d8 0f 85
0x00007fb4a313e169:   f5 07 00 00 c7 45 a8 ff ff ff ff 44 89 eb 48 c1
0x00007fb4a313e179:   e3 03 44 3b 6d c4 0f 83 ad 01 00 00 4c 89 f8 45
0x00007fb4a313e189:   89 ef 49 89 c5 eb 46 80 7d af 00 74 62 49 8b 06
0x00007fb4a313e199:   4c 89 f7 ff 90 e0 00 00 00 80 7d ae 00 0f 84 54
0x00007fb4a313e1a9:   02 00 00 41 80 bd 18 01 00 00 00 0f 84 f6 07 00
0x00007fb4a313e1b9:   00 45 3b 7e 38 0f 82 ec 07 00 00 41 83 c7 01 48
0x00007fb4a313e1c9:   83 c3 08 44 3b 7d c4 0f 84 59 01 00 00 49 8b 46
0x00007fb4a313e1d9:   08 48 8b 04 18 48 63 50 28 49 8b 85 08 01 00 00
0x00007fb4a313e1e9:   44 8b 24 90 45 85 e4 74 d2 44 39 7d a8 74 98 80
0x00007fb4a313e1f9:   7d ae 00 74 0e 41 80 bd 18 01 00 00 00 0f 85 be
0x00007fb4a313e209:   07 00 00 49 8b 45 70 4b 8d 14 a4 44 89 fe 4c 89
0x00007fb4a313e219:   f7 49 8d 14 94 48 8b 40 20 4c 8d 24 d0 49 8b 06
0x00007fb4a313e229:   ff 90 80 00 00 00 80 7d af 00 49 89 c3 0f 85 ea
0x00007fb4a313e239:   01 00 00 49 8b 46 08 48 8b 55 c8 48 8b 3c 18 49
0x00007fb4a313e249:   8b 45 48 f2 0f 10 42 08 f2 0f 59 05 17 64 a4 00
0x00007fb4a313e259:   8b 4f 28 48 8b 40 78 48 8b 04 c8 f2 0f 10 48 08
0x00007fb4a313e269:   66 0f 2f c8 0f 86 b3 01 00 00 49 8d 44 24 38 4c
0x00007fb4a313e279:   89 5d b0 48 89 45 a0 48 8b 07 ff 50 68 89 c7 89
0x00007fb4a313e289:   45 c0 e8 60 29 77 00 8b 75 c0 49 8d 7c 24 38 88
0x00007fb4a313e299:   45 b8 e8 60 3a 77 00 0f b6 4d b8 4c 8b 5d b0 84
0x00007fb4a313e2a9:   c0 74 09 41 80 8c 24 a6 00 00 00 40 84 c9 75 47
0x00007fb4a313e2b9:   66 41 83 bc 24 9c 00 00 00 02 0f 84 5f 02 00 00
0x00007fb4a313e2c9:   41 8b 46 2c 83 e0 1f 83 f8 12 74 2b 49 8b 44 24
0x00007fb4a313e2d9:   18 48 8d 48 ff 48 83 f9 fd 77 0b 8b 40 2c 83 e0 


Stack slot to memory mapping:
stack at sp + 0 slots: 0x0000000000001082 is an unknown value
stack at sp + 1 slots: 0x0000000c0000042f is an unknown value
stack at sp + 2 slots: 0x00007fb44c81cf30 points into unknown readable memory: 0x0000000000040000 | 00 00 04 00 00 00 00 00
stack at sp + 3 slots: 0x0101000affffffff is an unknown value
stack at sp + 4 slots: 0x00007fb45c24ea70 points into unknown readable memory: 0x0000000000040000 | 00 00 04 00 00 00 00 00
stack at sp + 5 slots: 0x00007fb45c2e3a00 points into unknown readable memory: 0x00007fb4600f3948 | 48 39 0f 60 b4 7f 00 00
stack at sp + 6 slots: 0x0000001900000003 is an unknown value
stack at sp + 7 slots: 0x00007fb45c240648 points into unknown readable memory: 0x00007fb4a3e046f0 | f0 46 e0 a3 b4 7f 00 00


---------------  P R O C E S S  ---------------

Threads class SMR info:
_java_thread_list=0x00007fb408000c40, length=23, elements={
0x00007fb49c028470, 0x00007fb49c1e7780, 0x00007fb49c1e8d00, 0x00007fb49c2101b0,
0x00007fb49c213aa0, 0x00007fb49c214a40, 0x00007fb49c2160a0, 0x00007fb49c217560,
0x00007fb49c2209a0, 0x00007fb49c28e3d0, 0x00007fb49c38e980, 0x00007fb49c498650,
0x00007fb46024b410, 0x00007fb49c599440, 0x00007fb49c5e2c10, 0x00007fb49c5e5950,
0x00007fb42043ce10, 0x00007fb42048fb60, 0x00007fb4204e8000, 0x00007fb4203ae760,
0x00007fb42040f320, 0x00007fb420419fb0, 0x00007fb408000ff0
}

Java Threads: ( => current thread )
  0x00007fb49c028470 JavaThread "main" [_thread_blocked, id=19077, stack(0x00007fb4a2a19000,0x00007fb4a2b19000)]
  0x00007fb49c1e7780 JavaThread "Reference Handler" daemon [_thread_blocked, id=19082, stack(0x00007fb4886e5000,0x00007fb4887e5000)]
  0x00007fb49c1e8d00 JavaThread "Finalizer" daemon [_thread_blocked, id=19083, stack(0x00007fb4885e5000,0x00007fb4886e5000)]
  0x00007fb49c2101b0 JavaThread "Signal Dispatcher" daemon [_thread_blocked, id=19085, stack(0x00007fb4884e5000,0x00007fb4885e5000)]
  0x00007fb49c213aa0 JavaThread "Service Thread" daemon [_thread_blocked, id=19086, stack(0x00007fb4883e5000,0x00007fb4884e5000)]
  0x00007fb49c214a40 JavaThread "Monitor Deflation Thread" daemon [_thread_blocked, id=19087, stack(0x00007fb4882e5000,0x00007fb4883e5000)]
  0x00007fb49c2160a0 JavaThread "C2 CompilerThread0" daemon [_thread_blocked, id=19088, stack(0x00007fb4881e5000,0x00007fb4882e5000)]
  0x00007fb49c217560 JavaThread "C1 CompilerThread0" daemon [_thread_blocked, id=19089, stack(0x00007fb4880e5000,0x00007fb4881e5000)]
  0x00007fb49c2209a0 JavaThread "Sweeper thread" daemon [_thread_blocked, id=19090, stack(0x00007fb477900000,0x00007fb477a00000)]
  0x00007fb49c28e3d0 JavaThread "Common-Cleaner" daemon [_thread_blocked, id=19091, stack(0x00007fb477800000,0x00007fb477900000)]
  0x00007fb49c38e980 JavaThread "Notification Thread" daemon [_thread_blocked, id=19095, stack(0x00007fb477600000,0x00007fb477700000)]
  0x00007fb49c498650 JavaThread "process reaper" daemon [_thread_blocked, id=19099, stack(0x00007fb4a0007000,0x00007fb4a0029000)]
=>0x00007fb46024b410 JavaThread "C2 CompilerThread1" daemon [_thread_in_native, id=19107, stack(0x00007fb477700000,0x00007fb477800000)]
  0x00007fb49c599440 JavaThread "Active Thread: Equinox Container: 06480083-b5dd-4990-970e-4c51ce073ee6" [_thread_blocked, id=19109, stack(0x00007fb476cf2000,0x00007fb476df2000)]
  0x00007fb49c5e2c10 JavaThread "Framework Event Dispatcher: Equinox Container: 06480083-b5dd-4990-970e-4c51ce073ee6" daemon [_thread_blocked, id=19110, stack(0x00007fb476bf2000,0x00007fb476cf2000)]
  0x00007fb49c5e5950 JavaThread "Start Level: Equinox Container: 06480083-b5dd-4990-970e-4c51ce073ee6" daemon [_thread_blocked, id=19112, stack(0x00007fb476af2000,0x00007fb476bf2000)]
  0x00007fb42043ce10 JavaThread "Bundle File Closer" daemon [_thread_blocked, id=19118, stack(0x00007fb4765fe000,0x00007fb4766fe000)]
  0x00007fb42048fb60 JavaThread "SCR Component Actor" daemon [_thread_blocked, id=19119, stack(0x00007fb4764fe000,0x00007fb4765fe000)]
  0x00007fb4204e8000 JavaThread "SCR Component Registry" daemon [_thread_blocked, id=19120, stack(0x00007fb4763fe000,0x00007fb4764fe000)]
  0x00007fb4203ae760 JavaThread "Worker-JM" [_thread_blocked, id=19127, stack(0x00007fb4773fe000,0x00007fb4774fe000)]
  0x00007fb42040f320 JavaThread "Worker-0" [_thread_blocked, id=19128, stack(0x00007fb4762fe000,0x00007fb4763fe000)]
  0x00007fb420419fb0 JavaThread "Worker-1: Refreshing workspace" [_thread_blocked, id=19129, stack(0x00007fb4761fe000,0x00007fb4762fe000)]
  0x00007fb408000ff0 JavaThread "Worker-2" [_thread_blocked, id=19130, stack(0x00007fb4760fe000,0x00007fb4761fe000)]

Other Threads:
  0x00007fb49c0695d0 VMThread "VM Thread" [stack: 0x00007fb4887e7000,0x00007fb4888e7000] [id=19081]
  0x00007fb49c0723b0 WatcherThread [stack: 0x00007fb477500000,0x00007fb477600000] [id=19096]
  0x00007fb49c03fd80 GCTaskThread "GC Thread#0" [stack: 0x00007fb4a2542000,0x00007fb4a2642000] [id=19078]
  0x00007fb478001270 GCTaskThread "GC Thread#1" [stack: 0x00007fb4772fe000,0x00007fb4773fe000] [id=19101]
  0x00007fb478003160 GCTaskThread "GC Thread#2" [stack: 0x00007fb4771fc000,0x00007fb4772fc000] [id=19102]
  0x00007fb478003b10 GCTaskThread "GC Thread#3" [stack: 0x00007fb4770fa000,0x00007fb4771fa000] [id=19103]
  0x00007fb4780044c0 GCTaskThread "GC Thread#4" [stack: 0x00007fb476ff8000,0x00007fb4770f8000] [id=19104]
  0x00007fb478004e70 GCTaskThread "GC Thread#5" [stack: 0x00007fb476ef6000,0x00007fb476ff6000] [id=19105]
  0x00007fb478005820 GCTaskThread "GC Thread#6" [stack: 0x00007fb476df4000,0x00007fb476ef4000] [id=19106]
  0x00007fb478006cd0 GCTaskThread "GC Thread#7" [stack: 0x00007fb476700000,0x00007fb476800000] [id=19117]

Threads with active compile tasks:
C2 CompilerThread0     2237 3528       4       java.lang.String::equalsIgnoreCase (45 bytes)
C1 CompilerThread0     2237 3537   !   3       java.lang.ref.ReferenceQueue::remove (125 bytes)
C2 CompilerThread1     2237 3301       4       jdk.internal.org.objectweb.asm.Frame::execute (2318 bytes)

VM state: not at safepoint (normal execution)

VM Mutex/Monitor currently owned by a thread: None

Heap address: 0x00000000c0000000, size: 1024 MB, Compressed Oops mode: 32-bit

CDS archive(s) not mapped
Compressed class space mapped at: 0x0000000100000000-0x0000000140000000, reserved size: 1073741824
Narrow klass base: 0x0000000000000000, Narrow klass shift: 3, Narrow klass range: 0x140000000

GC Precious Log:
 CPUs: 8 total, 8 available
 Memory: 15413M
 Large Page Support: Disabled
 NUMA Support: Disabled
 Compressed Oops: Enabled (32-bit)
 Alignments: Space 512K, Generation 512K, Heap 2M
 Heap Min Capacity: 100M
 Heap Initial Capacity: 100M
 Heap Max Capacity: 1G
 Pre-touch: Disabled
 Parallel Workers: 8

Heap:
 PSYoungGen      total 28160K, used 3527K [0x00000000eab00000, 0x00000000eca80000, 0x0000000100000000)
  eden space 25088K, 1% used [0x00000000eab00000,0x00000000eab73b98,0x00000000ec380000)
  from space 3072K, 99% used [0x00000000ec500000,0x00000000ec7fe170,0x00000000ec800000)
  to   space 2560K, 0% used [0x00000000ec800000,0x00000000ec800000,0x00000000eca80000)
 ParOldGen       total 68608K, used 10305K [0x00000000c0000000, 0x00000000c4300000, 0x00000000eab00000)
  object space 68608K, 15% used [0x00000000c0000000,0x00000000c0a105f8,0x00000000c4300000)
 Metaspace       used 27742K, committed 28352K, reserved 1114112K
  class space    used 2882K, committed 3136K, reserved 1048576K

Card table byte_map: [0x00007fb4a2642000,0x00007fb4a2843000] _byte_map_base: 0x00007fb4a2042000

Marking Bits: (ParMarkBitMap*) 0x00007fb4a3f21ba0
 Begin Bits: [0x00007fb4a03ea000, 0x00007fb4a13ea000)
 End Bits:   [0x00007fb4a13ea000, 0x00007fb4a23ea000)

Polling page: 0x00007fb4a42e3000

Metaspace:

Usage:
  Non-class:     24.28 MB used.
      Class:      2.82 MB used.
       Both:     27.09 MB used.

Virtual space:
  Non-class space:       64.00 MB reserved,      24.62 MB ( 38%) committed,  1 nodes.
      Class space:        1.00 GB reserved,       3.06 MB ( <1%) committed,  1 nodes.
             Both:        1.06 GB reserved,      27.69 MB (  3%) committed. 

Chunk freelists:
   Non-Class:  6.47 MB
       Class:  12.88 MB
        Both:  19.35 MB

MaxMetaspaceSize: unlimited
CompressedClassSpaceSize: 1.00 GB
Initial GC threshold: 21.00 MB
Current GC threshold: 35.00 MB
CDS: off
MetaspaceReclaimPolicy: balanced
 - commit_granule_bytes: 65536.
 - commit_granule_words: 8192.
 - virtual_space_node_default_size: 8388608.
 - enlarge_chunks_in_place: 1.
 - new_chunks_are_fully_committed: 0.
 - uncommit_free_chunks: 1.
 - use_allocation_guard: 0.
 - handle_deallocations: 1.


Internal statistics:

num_allocs_failed_limit: 3.
num_arena_births: 574.
num_arena_deaths: 0.
num_vsnodes_births: 2.
num_vsnodes_deaths: 0.
num_space_committed: 443.
num_space_uncommitted: 0.
num_chunks_returned_to_freelist: 3.
num_chunks_taken_from_freelist: 1369.
num_chunk_merges: 3.
num_chunk_splits: 879.
num_chunks_enlarged: 520.
num_inconsistent_stats: 0.

CodeHeap 'non-profiled nmethods': size=120028Kb used=1394Kb max_used=1394Kb free=118634Kb
 bounds [0x00007fb491cc9000, 0x00007fb491f39000, 0x00007fb499200000]
CodeHeap 'profiled nmethods': size=120028Kb used=7115Kb max_used=7115Kb free=112912Kb
 bounds [0x00007fb48a200000, 0x00007fb48a900000, 0x00007fb491737000]
CodeHeap 'non-nmethods': size=5704Kb used=1205Kb max_used=1225Kb free=4498Kb
 bounds [0x00007fb491737000, 0x00007fb4919a7000, 0x00007fb491cc9000]
 total_blobs=4051 nmethods=3534 adapters=430
 compilation: enabled
              stopped_count=0, restarted_count=0
 full_count=0

Compilation events (20 events):
Event: 2.220 Thread 0x00007fb49c217560 3501       1       java.util.concurrent.atomic.AtomicReference::set (6 bytes)
Event: 2.220 Thread 0x00007fb49c217560 nmethod 3501 0x00007fb491e20f90 code [0x00007fb491e21120, 0x00007fb491e211f0]
Event: 2.221 Thread 0x00007fb49c217560 3502       1       org.eclipse.osgi.internal.serviceregistry.ServiceUse::getLock (5 bytes)
Event: 2.221 Thread 0x00007fb49c217560 nmethod 3502 0x00007fb491e21290 code [0x00007fb491e21420, 0x00007fb491e214f0]
Event: 2.222 Thread 0x00007fb49c217560 3503       3       org.eclipse.core.runtime.Assert::isNotNull (7 bytes)
Event: 2.222 Thread 0x00007fb49c217560 nmethod 3503 0x00007fb48a8df110 code [0x00007fb48a8df2e0, 0x00007fb48a8df590]
Event: 2.222 Thread 0x00007fb49c217560 3504       3       org.eclipse.core.internal.preferences.EclipsePreferences::internalNode (153 bytes)
Event: 2.224 Thread 0x00007fb49c217560 nmethod 3504 0x00007fb48a8df710 code [0x00007fb48a8dfb40, 0x00007fb48a8e1d10]
Event: 2.224 Thread 0x00007fb49c217560 3506       3       org.eclipse.core.runtime.Path::segmentCount (6 bytes)
Event: 2.225 Thread 0x00007fb49c217560 nmethod 3506 0x00007fb48a8e2910 code [0x00007fb48a8e2aa0, 0x00007fb48a8e2bb0]
Event: 2.225 Thread 0x00007fb49c217560 3507       1       org.eclipse.core.internal.dtree.AbstractDataTreeNode::isDelta (2 bytes)
Event: 2.225 Thread 0x00007fb49c217560 nmethod 3507 0x00007fb491e21590 code [0x00007fb491e21720, 0x00007fb491e217f0]
Event: 2.225 Thread 0x00007fb49c217560 3505       1       org.eclipse.core.internal.dtree.DataDeltaNode::isDelta (2 bytes)
Event: 2.225 Thread 0x00007fb49c217560 nmethod 3505 0x00007fb491e21890 code [0x00007fb491e21a20, 0x00007fb491e21af0]
Event: 2.225 Thread 0x00007fb49c217560 3508  s!   3       org.eclipse.osgi.util.NLS$MessagesProperties::put (168 bytes)
Event: 2.226 Thread 0x00007fb49c217560 nmethod 3508 0x00007fb48a8e2c90 code [0x00007fb48a8e30e0, 0x00007fb48a8e4ea0]
Event: 2.226 Thread 0x00007fb49c217560 3510       3       org.eclipse.core.internal.dtree.AbstractDataTreeNode::indexOfChild (75 bytes)
Event: 2.227 Thread 0x00007fb49c217560 nmethod 3510 0x00007fb48a8e5990 code [0x00007fb48a8e5b60, 0x00007fb48a8e5ee0]
Event: 2.227 Thread 0x00007fb49c217560 3509       3       jdk.internal.reflect.UnsafeStaticObjectFieldAccessorImpl::set (54 bytes)
Event: 2.227 Thread 0x00007fb49c217560 nmethod 3509 0x00007fb48a8e6090 code [0x00007fb48a8e62c0, 0x00007fb48a8e6b60]

GC Heap History (14 events):
Event: 0.600 GC heap before
{Heap before GC invocations=1 (full 0):
 PSYoungGen      total 29696K, used 25600K [0x00000000eab00000, 0x00000000ecc00000, 0x0000000100000000)
  eden space 25600K, 100% used [0x00000000eab00000,0x00000000ec400000,0x00000000ec400000)
  from space 4096K, 0% used [0x00000000ec800000,0x00000000ec800000,0x00000000ecc00000)
  to   space 4096K, 0% used [0x00000000ec400000,0x00000000ec400000,0x00000000ec800000)
 ParOldGen       total 68608K, used 0K [0x00000000c0000000, 0x00000000c4300000, 0x00000000eab00000)
  object space 68608K, 0% used [0x00000000c0000000,0x00000000c0000000,0x00000000c4300000)
 Metaspace       used 11160K, committed 11264K, reserved 1114112K
  class space    used 1120K, committed 1152K, reserved 1048576K
}
Event: 0.604 GC heap after
{Heap after GC invocations=1 (full 0):
 PSYoungGen      total 29696K, used 3116K [0x00000000eab00000, 0x00000000ecc00000, 0x0000000100000000)
  eden space 25600K, 0% used [0x00000000eab00000,0x00000000eab00000,0x00000000ec400000)
  from space 4096K, 76% used [0x00000000ec400000,0x00000000ec70b0a0,0x00000000ec800000)
  to   space 4096K, 0% used [0x00000000ec800000,0x00000000ec800000,0x00000000ecc00000)
 ParOldGen       total 68608K, used 16K [0x00000000c0000000, 0x00000000c4300000, 0x00000000eab00000)
  object space 68608K, 0% used [0x00000000c0000000,0x00000000c0004000,0x00000000c4300000)
 Metaspace       used 11160K, committed 11264K, reserved 1114112K
  class space    used 1120K, committed 1152K, reserved 1048576K
}
Event: 0.990 GC heap before
{Heap before GC invocations=2 (full 0):
 PSYoungGen      total 29696K, used 28716K [0x00000000eab00000, 0x00000000ecc00000, 0x0000000100000000)
  eden space 25600K, 100% used [0x00000000eab00000,0x00000000ec400000,0x00000000ec400000)
  from space 4096K, 76% used [0x00000000ec400000,0x00000000ec70b0a0,0x00000000ec800000)
  to   space 4096K, 0% used [0x00000000ec800000,0x00000000ec800000,0x00000000ecc00000)
 ParOldGen       total 68608K, used 16K [0x00000000c0000000, 0x00000000c4300000, 0x00000000eab00000)
  object space 68608K, 0% used [0x00000000c0000000,0x00000000c0004000,0x00000000c4300000)
 Metaspace       used 15017K, committed 15232K, reserved 1114112K
  class space    used 1520K, committed 1600K, reserved 1048576K
}
Event: 0.994 GC heap after
{Heap after GC invocations=2 (full 0):
 PSYoungGen      total 29696K, used 4072K [0x00000000eab00000, 0x00000000ecc00000, 0x0000000100000000)
  eden space 25600K, 0% used [0x00000000eab00000,0x00000000eab00000,0x00000000ec400000)
  from space 4096K, 99% used [0x00000000ec800000,0x00000000ecbfa368,0x00000000ecc00000)
  to   space 4096K, 0% used [0x00000000ec400000,0x00000000ec400000,0x00000000ec800000)
 ParOldGen       total 68608K, used 1500K [0x00000000c0000000, 0x00000000c4300000, 0x00000000eab00000)
  object space 68608K, 2% used [0x00000000c0000000,0x00000000c0177158,0x00000000c4300000)
 Metaspace       used 15017K, committed 15232K, reserved 1114112K
  class space    used 1520K, committed 1600K, reserved 1048576K
}
Event: 1.284 GC heap before
{Heap before GC invocations=3 (full 0):
 PSYoungGen      total 29696K, used 29672K [0x00000000eab00000, 0x00000000ecc00000, 0x0000000100000000)
  eden space 25600K, 100% used [0x00000000eab00000,0x00000000ec400000,0x00000000ec400000)
  from space 4096K, 99% used [0x00000000ec800000,0x00000000ecbfa368,0x00000000ecc00000)
  to   space 4096K, 0% used [0x00000000ec400000,0x00000000ec400000,0x00000000ec800000)
 ParOldGen       total 68608K, used 1500K [0x00000000c0000000, 0x00000000c4300000, 0x00000000eab00000)
  object space 68608K, 2% used [0x00000000c0000000,0x00000000c0177158,0x00000000c4300000)
 Metaspace       used 17476K, committed 17792K, reserved 1114112K
  class space    used 1789K, committed 1920K, reserved 1048576K
}
Event: 1.291 GC heap after
{Heap after GC invocations=3 (full 0):
 PSYoungGen      total 29696K, used 4085K [0x00000000eab00000, 0x00000000ecc00000, 0x0000000100000000)
  eden space 25600K, 0% used [0x00000000eab00000,0x00000000eab00000,0x00000000ec400000)
  from space 4096K, 99% used [0x00000000ec400000,0x00000000ec7fd428,0x00000000ec800000)
  to   space 4096K, 0% used [0x00000000ec800000,0x00000000ec800000,0x00000000ecc00000)
 ParOldGen       total 68608K, used 5250K [0x00000000c0000000, 0x00000000c4300000, 0x00000000eab00000)
  object space 68608K, 7% used [0x00000000c0000000,0x00000000c0520bb8,0x00000000c4300000)
 Metaspace       used 17476K, committed 17792K, reserved 1114112K
  class space    used 1789K, committed 1920K, reserved 1048576K
}
Event: 1.637 GC heap before
{Heap before GC invocations=4 (full 0):
 PSYoungGen      total 29696K, used 29685K [0x00000000eab00000, 0x00000000ecc00000, 0x0000000100000000)
  eden space 25600K, 100% used [0x00000000eab00000,0x00000000ec400000,0x00000000ec400000)
  from space 4096K, 99% used [0x00000000ec400000,0x00000000ec7fd428,0x00000000ec800000)
  to   space 4096K, 0% used [0x00000000ec800000,0x00000000ec800000,0x00000000ecc00000)
 ParOldGen       total 68608K, used 5250K [0x00000000c0000000, 0x00000000c4300000, 0x00000000eab00000)
  object space 68608K, 7% used [0x00000000c0000000,0x00000000c0520bb8,0x00000000c4300000)
 Metaspace       used 21015K, committed 21376K, reserved 1114112K
  class space    used 2128K, committed 2304K, reserved 1048576K
}
Event: 1.640 GC heap after
{Heap after GC invocations=4 (full 0):
 PSYoungGen      total 29696K, used 4066K [0x00000000eab00000, 0x00000000ecc00000, 0x0000000100000000)
  eden space 25600K, 0% used [0x00000000eab00000,0x00000000eab00000,0x00000000ec400000)
  from space 4096K, 99% used [0x00000000ec800000,0x00000000ecbf8a68,0x00000000ecc00000)
  to   space 4096K, 0% used [0x00000000ec400000,0x00000000ec400000,0x00000000ec800000)
 ParOldGen       total 68608K, used 6330K [0x00000000c0000000, 0x00000000c4300000, 0x00000000eab00000)
  object space 68608K, 9% used [0x00000000c0000000,0x00000000c062e958,0x00000000c4300000)
 Metaspace       used 21015K, committed 21376K, reserved 1114112K
  class space    used 2128K, committed 2304K, reserved 1048576K
}
Event: 1.645 GC heap before
{Heap before GC invocations=5 (full 0):
 PSYoungGen      total 29696K, used 4758K [0x00000000eab00000, 0x00000000ecc00000, 0x0000000100000000)
  eden space 25600K, 2% used [0x00000000eab00000,0x00000000eabad178,0x00000000ec400000)
  from space 4096K, 99% used [0x00000000ec800000,0x00000000ecbf8a68,0x00000000ecc00000)
  to   space 4096K, 0% used [0x00000000ec400000,0x00000000ec400000,0x00000000ec800000)
 ParOldGen       total 68608K, used 6330K [0x00000000c0000000, 0x00000000c4300000, 0x00000000eab00000)
  object space 68608K, 9% used [0x00000000c0000000,0x00000000c062e958,0x00000000c4300000)
 Metaspace       used 21089K, committed 21504K, reserved 1114112K
  class space    used 2133K, committed 2304K, reserved 1048576K
}
Event: 1.648 GC heap after
{Heap after GC invocations=5 (full 0):
 PSYoungGen      total 29696K, used 4094K [0x00000000eab00000, 0x00000000ece00000, 0x0000000100000000)
  eden space 25600K, 0% used [0x00000000eab00000,0x00000000eab00000,0x00000000ec400000)
  from space 4096K, 99% used [0x00000000ec400000,0x00000000ec7ffb18,0x00000000ec800000)
  to   space 5120K, 0% used [0x00000000ec900000,0x00000000ec900000,0x00000000ece00000)
 ParOldGen       total 68608K, used 6394K [0x00000000c0000000, 0x00000000c4300000, 0x00000000eab00000)
  object space 68608K, 9% used [0x00000000c0000000,0x00000000c063e958,0x00000000c4300000)
 Metaspace       used 21089K, committed 21504K, reserved 1114112K
  class space    used 2133K, committed 2304K, reserved 1048576K
}
Event: 1.648 GC heap before
{Heap before GC invocations=6 (full 1):
 PSYoungGen      total 29696K, used 4094K [0x00000000eab00000, 0x00000000ece00000, 0x0000000100000000)
  eden space 25600K, 0% used [0x00000000eab00000,0x00000000eab00000,0x00000000ec400000)
  from space 4096K, 99% used [0x00000000ec400000,0x00000000ec7ffb18,0x00000000ec800000)
  to   space 5120K, 0% used [0x00000000ec900000,0x00000000ec900000,0x00000000ece00000)
 ParOldGen       total 68608K, used 6394K [0x00000000c0000000, 0x00000000c4300000, 0x00000000eab00000)
  object space 68608K, 9% used [0x00000000c0000000,0x00000000c063e958,0x00000000c4300000)
 Metaspace       used 21089K, committed 21504K, reserved 1114112K
  class space    used 2133K, committed 2304K, reserved 1048576K
}
Event: 1.670 GC heap after
{Heap after GC invocations=6 (full 1):
 PSYoungGen      total 29696K, used 0K [0x00000000eab00000, 0x00000000ece00000, 0x0000000100000000)
  eden space 25600K, 0% used [0x00000000eab00000,0x00000000eab00000,0x00000000ec400000)
  from space 4096K, 0% used [0x00000000ec400000,0x00000000ec400000,0x00000000ec800000)
  to   space 5120K, 0% used [0x00000000ec900000,0x00000000ec900000,0x00000000ece00000)
 ParOldGen       total 68608K, used 10145K [0x00000000c0000000, 0x00000000c4300000, 0x00000000eab00000)
  object space 68608K, 14% used [0x00000000c0000000,0x00000000c09e8528,0x00000000c4300000)
 Metaspace       used 21089K, committed 21504K, reserved 1114112K
  class space    used 2133K, committed 2304K, reserved 1048576K
}
Event: 1.967 GC heap before
{Heap before GC invocations=7 (full 1):
 PSYoungGen      total 29696K, used 25600K [0x00000000eab00000, 0x00000000ece00000, 0x0000000100000000)
  eden space 25600K, 100% used [0x00000000eab00000,0x00000000ec400000,0x00000000ec400000)
  from space 4096K, 0% used [0x00000000ec400000,0x00000000ec400000,0x00000000ec800000)
  to   space 5120K, 0% used [0x00000000ec900000,0x00000000ec900000,0x00000000ece00000)
 ParOldGen       total 68608K, used 10145K [0x00000000c0000000, 0x00000000c4300000, 0x00000000eab00000)
  object space 68608K, 14% used [0x00000000c0000000,0x00000000c09e8528,0x00000000c4300000)
 Metaspace       used 24580K, committed 25152K, reserved 1114112K
  class space    used 2504K, committed 2752K, reserved 1048576K
}
Event: 1.970 GC heap after
{Heap after GC invocations=7 (full 1):
 PSYoungGen      total 27136K, used 1808K [0x00000000eab00000, 0x00000000ecb00000, 0x0000000100000000)
  eden space 25088K, 0% used [0x00000000eab00000,0x00000000eab00000,0x00000000ec380000)
  from space 2048K, 88% used [0x00000000ec900000,0x00000000ecac40a8,0x00000000ecb00000)
  to   space 3072K, 0% used [0x00000000ec500000,0x00000000ec500000,0x00000000ec800000)
 ParOldGen       total 68608K, used 10153K [0x00000000c0000000, 0x00000000c4300000, 0x00000000eab00000)
  object space 68608K, 14% used [0x00000000c0000000,0x00000000c09ea528,0x00000000c4300000)
 Metaspace       used 24580K, committed 25152K, reserved 1114112K
  class space    used 2504K, committed 2752K, reserved 1048576K
}

Dll operation events (9 events):
Event: 0.002 Loaded shared library /home/emmanuel/.vscode/extensions/redhat.java-1.23.0-linux-x64/jre/17.0.8.1-linux-x86_64/lib/libjava.so
Event: 0.135 Loaded shared library /home/emmanuel/.vscode/extensions/redhat.java-1.23.0-linux-x64/jre/17.0.8.1-linux-x86_64/lib/libzip.so
Event: 0.136 Loaded shared library /home/emmanuel/.vscode/extensions/redhat.java-1.23.0-linux-x64/jre/17.0.8.1-linux-x86_64/lib/libinstrument.so
Event: 0.144 Loaded shared library /home/emmanuel/.vscode/extensions/redhat.java-1.23.0-linux-x64/jre/17.0.8.1-linux-x86_64/lib/libnio.so
Event: 0.153 Loaded shared library /home/emmanuel/.vscode/extensions/redhat.java-1.23.0-linux-x64/jre/17.0.8.1-linux-x86_64/lib/libzip.so
Event: 0.167 Loaded shared library /home/emmanuel/.vscode/extensions/redhat.java-1.23.0-linux-x64/jre/17.0.8.1-linux-x86_64/lib/libjimage.so
Event: 0.204 Loaded shared library /home/emmanuel/.vscode/extensions/redhat.java-1.23.0-linux-x64/jre/17.0.8.1-linux-x86_64/lib/libverify.so
Event: 0.653 Loaded shared library /home/emmanuel/.vscode/extensions/redhat.java-1.23.0-linux-x64/jre/17.0.8.1-linux-x86_64/lib/libnet.so
Event: 0.912 Loaded shared library /home/emmanuel/.config/Code/User/globalStorage/redhat.java/1.23.0/config_linux/org.eclipse.equinox.launcher/org.eclipse.equinox.launcher.gtk.linux.x86_64_1.2.700.v20221108-1024/eclipse_11801.so

Deoptimization events (20 events):
Event: 2.023 Thread 0x00007fb49c5e5950 DEOPT PACKING pc=0x00007fb48a33cbca sp=0x00007fb476bde560
Event: 2.023 Thread 0x00007fb49c5e5950 DEOPT UNPACKING pc=0x00007fb49178db2f sp=0x00007fb476bdda00 mode 0
Event: 2.024 Thread 0x00007fb49c5e5950 DEOPT PACKING pc=0x00007fb48a33cbca sp=0x00007fb476bde850
Event: 2.024 Thread 0x00007fb49c5e5950 DEOPT UNPACKING pc=0x00007fb49178db2f sp=0x00007fb476bddcf0 mode 0
Event: 2.050 Thread 0x00007fb49c5e5950 Uncommon trap: trap_request=0xffffff45 fr.pc=0x00007fb491d224c0 relative=0x0000000000000320
Event: 2.050 Thread 0x00007fb49c5e5950 Uncommon trap: reason=unstable_if action=reinterpret pc=0x00007fb491d224c0 method=java.lang.StringLatin1.canEncode(I)Z @ 4 c2
Event: 2.050 Thread 0x00007fb49c5e5950 DEOPT PACKING pc=0x00007fb491d224c0 sp=0x00007fb476be0230
Event: 2.050 Thread 0x00007fb49c5e5950 DEOPT UNPACKING pc=0x00007fb49178d399 sp=0x00007fb476be0158 mode 2
Event: 2.050 Thread 0x00007fb49c5e5950 Uncommon trap: trap_request=0xffffff45 fr.pc=0x00007fb491d21c24 relative=0x0000000000000304
Event: 2.050 Thread 0x00007fb49c5e5950 Uncommon trap: reason=unstable_if action=reinterpret pc=0x00007fb491d21c24 method=java.lang.AbstractStringBuilder.isLatin1()Z @ 10 c2
Event: 2.050 Thread 0x00007fb49c5e5950 DEOPT PACKING pc=0x00007fb491d21c24 sp=0x00007fb476be0240
Event: 2.050 Thread 0x00007fb49c5e5950 DEOPT UNPACKING pc=0x00007fb49178d399 sp=0x00007fb476be01d0 mode 2
Event: 2.050 Thread 0x00007fb49c5e5950 Uncommon trap: trap_request=0xffffff45 fr.pc=0x00007fb491d9117c relative=0x000000000000005c
Event: 2.050 Thread 0x00007fb49c5e5950 Uncommon trap: reason=unstable_if action=reinterpret pc=0x00007fb491d9117c method=java.lang.AbstractStringBuilder.isLatin1()Z @ 10 c2
Event: 2.050 Thread 0x00007fb49c5e5950 DEOPT PACKING pc=0x00007fb491d9117c sp=0x00007fb476be0210
Event: 2.050 Thread 0x00007fb49c5e5950 DEOPT UNPACKING pc=0x00007fb49178d399 sp=0x00007fb476be01c0 mode 2
Event: 2.056 Thread 0x00007fb49c5e5950 Uncommon trap: trap_request=0xffffff45 fr.pc=0x00007fb491cf3de8 relative=0x0000000000000048
Event: 2.056 Thread 0x00007fb49c5e5950 Uncommon trap: reason=unstable_if action=reinterpret pc=0x00007fb491cf3de8 method=java.lang.CharacterData.of(I)Ljava/lang/CharacterData; @ 4 c2
Event: 2.056 Thread 0x00007fb49c5e5950 DEOPT PACKING pc=0x00007fb491cf3de8 sp=0x00007fb476bdf9b0
Event: 2.056 Thread 0x00007fb49c5e5950 DEOPT UNPACKING pc=0x00007fb49178d399 sp=0x00007fb476bdf968 mode 2

Classes unloaded (0 events):
No events

Classes redefined (0 events):
No events

Internal exceptions (20 events):
Event: 2.125 Thread 0x00007fb49c5e5950 Exception <a 'java/lang/NoSuchMethodError'{0x00000000ebbd8ee8}: 'int java.lang.invoke.DirectMethodHandle$Holder.invokeVirtual(java.lang.Object, java.lang.Object, java.lang.Object)'> (0x00000000ebbd8ee8) 
thrown [src/hotspot/share/interpreter/linkResolver.cpp, line 758]
Event: 2.126 Thread 0x00007fb49c5e5950 Exception <a 'java/lang/NoSuchMethodError'{0x00000000ebbdda38}: 'int java.lang.invoke.DirectMethodHandle$Holder.invokeVirtual(java.lang.Object, java.lang.Object)'> (0x00000000ebbdda38) 
thrown [src/hotspot/share/interpreter/linkResolver.cpp, line 758]
Event: 2.126 Thread 0x00007fb49c5e5950 Exception <a 'java/lang/NoSuchMethodError'{0x00000000ebbe2ee8}: 'int java.lang.invoke.DirectMethodHandle$Holder.invokeStaticInit(java.lang.Object, int, int)'> (0x00000000ebbe2ee8) 
thrown [src/hotspot/share/interpreter/linkResolver.cpp, line 758]
Event: 2.127 Thread 0x00007fb49c5e5950 Exception <a 'java/lang/NoSuchMethodError'{0x00000000ebbeb970}: 'int java.lang.invoke.DirectMethodHandle$Holder.invokeStaticInit(java.lang.Object, long, long)'> (0x00000000ebbeb970) 
thrown [src/hotspot/share/interpreter/linkResolver.cpp, line 758]
Event: 2.127 Thread 0x00007fb49c5e5950 Exception <a 'java/lang/NoSuchMethodError'{0x00000000ebbf3a58}: 'int java.lang.invoke.DirectMethodHandle$Holder.invokeStaticInit(java.lang.Object, float, float)'> (0x00000000ebbf3a58) 
thrown [src/hotspot/share/interpreter/linkResolver.cpp, line 758]
Event: 2.128 Thread 0x00007fb49c5e5950 Exception <a 'java/lang/NoSuchMethodError'{0x00000000ebbfbb48}: 'int java.lang.invoke.DirectMethodHandle$Holder.invokeStaticInit(java.lang.Object, double, double)'> (0x00000000ebbfbb48) 
thrown [src/hotspot/share/interpreter/linkResolver.cpp, line 758]
Event: 2.128 Thread 0x00007fb49c5e5950 Exception <a 'java/lang/NoSuchMethodError'{0x00000000ebc013e8}: 'int java.lang.invoke.DirectMethodHandle$Holder.invokeStatic(java.lang.Object, long)'> (0x00000000ebc013e8) 
thrown [src/hotspot/share/interpreter/linkResolver.cpp, line 758]
Event: 2.131 Thread 0x00007fb49c5e5950 Exception <a 'java/lang/NoSuchMethodError'{0x00000000ebc29840}: 'int java.lang.invoke.Invokers$Holder.linkToTargetMethod(java.lang.Object, java.lang.Object)'> (0x00000000ebc29840) 
thrown [src/hotspot/share/interpreter/linkResolver.cpp, line 758]
Event: 2.155 Thread 0x00007fb49c5e5950 Exception <a 'java/lang/NoSuchMethodError'{0x00000000ebce81c0}: 'java.lang.Object java.lang.invoke.DirectMethodHandle$Holder.newInvokeSpecial(java.lang.Object, java.lang.Object, java.lang.Object, java.lang.Object, java.lang.Object)'> (0x00000000ebce81c0) 
thrown [src/hotspot/share/interpreter/linkResolver.cpp, line 758]
Event: 2.158 Thread 0x00007fb49c5e5950 Exception <a 'java/lang/NoSuchMethodError'{0x00000000ebd0c6c8}: 'java.lang.Object java.lang.invoke.DirectMethodHandle$Holder.invokeSpecial(java.lang.Object, java.lang.Object, java.lang.Object, java.lang.Object, java.lang.Object, java.lang.Object, java.lang.Object, java.lang.Object, java.lang.Object, java.lang.Object, java.lang.Object)'> (0x00000000ebd0c6c8) 
thrown [src/hotspot/share/interpreter/linkResolver.cpp, line 758]
Event: 2.158 Thread 0x00007fb49c5e5950 Exception <a 'java/lang/NoSuchMethodError'{0x00000000ebd11e88}: 'java.lang.Object java.lang.invoke.Invokers$Holder.invoke_MT(java.lang.Object, java.lang.Object, java.lang.Object, java.lang.Object, java.lang.Object, java.lang.Object, java.lang.Object, java.lang.Object, java.lang.Object, java.lang.Object, java.lang.Object)'> (0x00000000ebd11e88) 
thrown [src/hotspot/share/interpreter/linkResolver.cpp, line 758]
Event: 2.167 Thread 0x00007fb49c5e5950 Exception <a 'java/lang/NoSuchMethodError'{0x00000000ebda2578}: 'java.lang.Object java.lang.invoke.DirectMethodHandle$Holder.invokeSpecial(java.lang.Object, java.lang.Object, java.lang.Object, java.lang.Object, java.lang.Object, java.lang.Object, java.lang.Object, java.lang.Object, java.lang.Object, java.lang.Object)'> (0x00000000ebda2578) 
thrown [src/hotspot/share/interpreter/linkResolver.cpp, line 758]
Event: 2.167 Thread 0x00007fb49c5e5950 Exception <a 'java/lang/NoSuchMethodError'{0x00000000ebda77c8}: 'java.lang.Object java.lang.invoke.Invokers$Holder.invoke_MT(java.lang.Object, java.lang.Object, java.lang.Object, java.lang.Object, java.lang.Object, java.lang.Object, java.lang.Object, java.lang.Object, java.lang.Object, java.lang.Object)'> (0x00000000ebda77c8) 
thrown [src/hotspot/share/interpreter/linkResolver.cpp, line 758]
Event: 2.178 Thread 0x00007fb49c5e5950 Exception <a 'java/lang/NoSuchMethodError'{0x00000000ebe48d40}: 'java.lang.Object java.lang.invoke.DirectMethodHandle$Holder.newInvokeSpecial(java.lang.Object, java.lang.Object, java.lang.Object, java.lang.Object, java.lang.Object, java.lang.Object, java.lang.Object)'> (0x00000000ebe48d40) 
thrown [src/hotspot/share/interpreter/linkResolver.cpp, line 758]
Event: 2.185 Thread 0x00007fb49c5e5950 Exception <a 'java/lang/NoSuchMethodError'{0x00000000ebeb5c10}: 'java.lang.Object java.lang.invoke.DirectMethodHandle$Holder.invokeSpecial(java.lang.Object, java.lang.Object, java.lang.Object, java.lang.Object, java.lang.Object, java.lang.Object, java.lang.Object, java.lang.Object, java.lang.Object, java.lang.Object, java.lang.Object, java.lang.Object, java.lang.Object)'> (0x00000000ebeb5c10) 
thrown [src/hotspot/share/interpreter/linkResolver.cpp, line 758]
Event: 2.185 Thread 0x00007fb49c5e5950 Exception <a 'java/lang/NoSuchMethodError'{0x00000000ebebb740}: 'java.lang.Object java.lang.invoke.Invokers$Holder.invoker(java.lang.Object, java.lang.Object, java.lang.Object, java.lang.Object, java.lang.Object, java.lang.Object, java.lang.Object, java.lang.Object, java.lang.Object, java.lang.Object, java.lang.Object, java.lang.Object, java.lang.Object)'> (0x00000000ebebb740) 
thrown [src/hotspot/share/interpreter/linkResolver.cpp, line 758]
Event: 2.185 Thread 0x00007fb49c5e5950 Exception <a 'java/lang/NoSuchMethodError'{0x00000000ebec2440}: 'java.lang.Object java.lang.invoke.DirectMethodHandle$Holder.invokeSpecial(java.lang.Object, java.lang.Object, java.lang.Object, java.lang.Object, java.lang.Object, java.lang.Object, java.lang.Object, java.lang.Object, java.lang.Object, java.lang.Object, java.lang.Object, java.lang.Object, java.lang.Object, java.lang.Object)'> (0x00000000ebec2440) 
thrown [src/hotspot/share/interpreter/linkResolver.cpp, line 758]
Event: 2.189 Thread 0x00007fb49c5e5950 Exception <a 'java/lang/NoSuchMethodError'{0x00000000ebf2a810}: static Lorg/eclipse/m2e/core/internal/lifecyclemapping/model/PluginExecutionMetadata;.<clinit>()V> (0x00000000ebf2a810) 
thrown [src/hotspot/share/prims/jni.cpp, line 1107]
Event: 2.194 Thread 0x00007fb49c5e5950 Exception <a 'java/lang/NoSuchMethodError'{0x00000000ebf89940}: static Lorg/eclipse/m2e/core/internal/lifecyclemapping/model/PluginExecutionFilter;.<clinit>()V> (0x00000000ebf89940) 
thrown [src/hotspot/share/prims/jni.cpp, line 1107]
Event: 2.197 Thread 0x00007fb49c5e5950 Exception <a 'java/lang/NoSuchMethodError'{0x00000000ebfbf1a0}: static Lorg/eclipse/m2e/core/internal/project/registry/MavenProjectFacade$MavenProjectConfiguration;.<clinit>()V> (0x00000000ebfbf1a0) 
thrown [src/hotspot/share/prims/jni.cpp, line 1107]

VM Operations (20 events):
Event: 1.728 Executing VM operation: HandshakeAllThreads
Event: 1.728 Executing VM operation: HandshakeAllThreads done
Event: 1.796 Executing VM operation: HandshakeAllThreads
Event: 1.796 Executing VM operation: HandshakeAllThreads done
Event: 1.842 Executing VM operation: HandshakeAllThreads
Event: 1.842 Executing VM operation: HandshakeAllThreads done
Event: 1.868 Executing VM operation: HandshakeAllThreads
Event: 1.868 Executing VM operation: HandshakeAllThreads done
Event: 1.892 Executing VM operation: HandshakeAllThreads
Event: 1.892 Executing VM operation: HandshakeAllThreads done
Event: 1.896 Executing VM operation: HandshakeAllThreads
Event: 1.896 Executing VM operation: HandshakeAllThreads done
Event: 1.926 Executing VM operation: HandshakeAllThreads
Event: 1.926 Executing VM operation: HandshakeAllThreads done
Event: 1.967 Executing VM operation: ParallelGCFailedAllocation
Event: 1.970 Executing VM operation: ParallelGCFailedAllocation done
Event: 2.057 Executing VM operation: HandshakeAllThreads
Event: 2.057 Executing VM operation: HandshakeAllThreads done
Event: 2.114 Executing VM operation: HandshakeAllThreads
Event: 2.114 Executing VM operation: HandshakeAllThreads done

Events (20 events):
Event: 2.189 loading class java/io/ObjectStreamClass$4
Event: 2.189 loading class java/io/ObjectStreamClass$4 done
Event: 2.190 loading class java/io/ObjectStreamClass$5
Event: 2.190 loading class java/io/ObjectStreamClass$5 done
Event: 2.190 loading class sun/security/provider/SHA
Event: 2.190 loading class sun/security/provider/SHA done
Event: 2.198 loading class java/io/ObjectStreamClass$ExceptionInfo
Event: 2.198 loading class java/io/ObjectStreamClass$ExceptionInfo done
Event: 2.209 loading class org/w3c/dom/Node
Event: 2.209 loading class org/w3c/dom/Node done
Event: 2.209 loading class javax/xml/transform/Result
Event: 2.209 loading class javax/xml/transform/Result done
Event: 2.209 loading class javax/xml/transform/Source
Event: 2.209 loading class javax/xml/transform/Source done
Event: 2.222 loading class java/util/concurrent/locks/ReentrantReadWriteLock$Sync$HoldCounter
Event: 2.222 loading class java/util/concurrent/locks/ReentrantReadWriteLock$Sync$HoldCounter done
Event: 2.222 loading class java/util/AbstractList$RandomAccessSpliterator
Event: 2.222 loading class java/util/AbstractList$RandomAccessSpliterator done
Event: 2.223 loading class java/util/stream/SortedOps$SizedRefSortingSink
Event: 2.223 loading class java/util/stream/SortedOps$SizedRefSortingSink done


Dynamic libraries:
c0000000-c4300000 rw-p 00000000 00:00 0 
c4300000-eab00000 ---p 00000000 00:00 0 
eab00000-eca80000 rw-p 00000000 00:00 0 
eca80000-100000000 ---p 00000000 00:00 0 
100000000-100010000 rw-p 00000000 00:00 0 
100010000-100030000 rw-p 00000000 00:00 0 
100030000-1000b0000 rw-p 00000000 00:00 0 
1000b0000-1000d0000 rw-p 00000000 00:00 0 
1000d0000-100130000 rw-p 00000000 00:00 0 
100130000-100170000 rw-p 00000000 00:00 0 
100170000-1001f0000 rw-p 00000000 00:00 0 
1001f0000-1002d0000 rw-p 00000000 00:00 0 
1002d0000-1002f0000 rw-p 00000000 00:00 0 
1002f0000-100300000 ---p 00000000 00:00 0 
100300000-100320000 rw-p 00000000 00:00 0 
100320000-140000000 ---p 00000000 00:00 0 
55a962d00000-55a962d01000 r--p 00000000 103:05 5384145                   /home/emmanuel/.vscode/extensions/redhat.java-1.23.0-linux-x64/jre/17.0.8.1-linux-x86_64/bin/java
55a962d01000-55a962d02000 r-xp 00001000 103:05 5384145                   /home/emmanuel/.vscode/extensions/redhat.java-1.23.0-linux-x64/jre/17.0.8.1-linux-x86_64/bin/java
55a962d02000-55a962d03000 r--p 00002000 103:05 5384145                   /home/emmanuel/.vscode/extensions/redhat.java-1.23.0-linux-x64/jre/17.0.8.1-linux-x86_64/bin/java
55a962d03000-55a962d04000 r--p 00002000 103:05 5384145                   /home/emmanuel/.vscode/extensions/redhat.java-1.23.0-linux-x64/jre/17.0.8.1-linux-x86_64/bin/java
55a962d04000-55a962d05000 rw-p 00003000 103:05 5384145                   /home/emmanuel/.vscode/extensions/redhat.java-1.23.0-linux-x64/jre/17.0.8.1-linux-x86_64/bin/java
55a96410f000-55a964157000 rw-p 00000000 00:00 0                          [heap]
7fb3fc000000-7fb3fc021000 rw-p 00000000 00:00 0 
7fb3fc021000-7fb400000000 ---p 00000000 00:00 0 
7fb404000000-7fb404021000 rw-p 00000000 00:00 0 
7fb404021000-7fb408000000 ---p 00000000 00:00 0 
7fb408000000-7fb408021000 rw-p 00000000 00:00 0 
7fb408021000-7fb40c000000 ---p 00000000 00:00 0 
7fb40c000000-7fb40c021000 rw-p 00000000 00:00 0 
7fb40c021000-7fb410000000 ---p 00000000 00:00 0 
7fb410000000-7fb410021000 rw-p 00000000 00:00 0 
7fb410021000-7fb414000000 ---p 00000000 00:00 0 
7fb414000000-7fb414021000 rw-p 00000000 00:00 0 
7fb414021000-7fb418000000 ---p 00000000 00:00 0 
7fb418000000-7fb418021000 rw-p 00000000 00:00 0 
7fb418021000-7fb41c000000 ---p 00000000 00:00 0 
7fb41c000000-7fb41c021000 rw-p 00000000 00:00 0 
7fb41c021000-7fb420000000 ---p 00000000 00:00 0 
7fb420000000-7fb4206f1000 rw-p 00000000 00:00 0 
7fb4206f1000-7fb424000000 ---p 00000000 00:00 0 
7fb424000000-7fb424021000 rw-p 00000000 00:00 0 
7fb424021000-7fb428000000 ---p 00000000 00:00 0 
7fb428000000-7fb428021000 rw-p 00000000 00:00 0 
7fb428021000-7fb42c000000 ---p 00000000 00:00 0 
7fb42c000000-7fb42c021000 rw-p 00000000 00:00 0 
7fb42c021000-7fb430000000 ---p 00000000 00:00 0 
7fb430000000-7fb430021000 rw-p 00000000 00:00 0 
7fb430021000-7fb434000000 ---p 00000000 00:00 0 
7fb434000000-7fb434021000 rw-p 00000000 00:00 0 
7fb434021000-7fb438000000 ---p 00000000 00:00 0 
7fb438000000-7fb438021000 rw-p 00000000 00:00 0 
7fb438021000-7fb43c000000 ---p 00000000 00:00 0 
7fb43c000000-7fb43c021000 rw-p 00000000 00:00 0 
7fb43c021000-7fb440000000 ---p 00000000 00:00 0 
7fb440000000-7fb440021000 rw-p 00000000 00:00 0 
7fb440021000-7fb444000000 ---p 00000000 00:00 0 
7fb444000000-7fb444021000 rw-p 00000000 00:00 0 
7fb444021000-7fb448000000 ---p 00000000 00:00 0 
7fb448000000-7fb44826c000 rw-p 00000000 00:00 0 
7fb44826c000-7fb44c000000 ---p 00000000 00:00 0 
7fb44c000000-7fb44c883000 rw-p 00000000 00:00 0 
7fb44c883000-7fb450000000 ---p 00000000 00:00 0 
7fb450000000-7fb450021000 rw-p 00000000 00:00 0 
7fb450021000-7fb454000000 ---p 00000000 00:00 0 
7fb454000000-7fb454021000 rw-p 00000000 00:00 0 
7fb454021000-7fb458000000 ---p 00000000 00:00 0 
7fb458000000-7fb458021000 rw-p 00000000 00:00 0 
7fb458021000-7fb45c000000 ---p 00000000 00:00 0 
7fb45c000000-7fb45c669000 rw-p 00000000 00:00 0 
7fb45c669000-7fb460000000 ---p 00000000 00:00 0 
7fb460000000-7fb46035f000 rw-p 00000000 00:00 0 
7fb46035f000-7fb464000000 ---p 00000000 00:00 0 
7fb464000000-7fb464021000 rw-p 00000000 00:00 0 
7fb464021000-7fb468000000 ---p 00000000 00:00 0 
7fb468000000-7fb468021000 rw-p 00000000 00:00 0 
7fb468021000-7fb46c000000 ---p 00000000 00:00 0 
7fb46c000000-7fb46c021000 rw-p 00000000 00:00 0 
7fb46c021000-7fb470000000 ---p 00000000 00:00 0 
7fb470000000-7fb470021000 rw-p 00000000 00:00 0 
7fb470021000-7fb474000000 ---p 00000000 00:00 0 
7fb475d10000-7fb4760fe000 rw-p 00000000 00:00 0 
7fb4760fe000-7fb476102000 ---p 00000000 00:00 0 
7fb476102000-7fb4761fe000 rw-p 00000000 00:00 0 
7fb4761fe000-7fb476202000 ---p 00000000 00:00 0 
7fb476202000-7fb4762fe000 rw-p 00000000 00:00 0 
7fb4762fe000-7fb476302000 ---p 00000000 00:00 0 
7fb476302000-7fb4763fe000 rw-p 00000000 00:00 0 
7fb4763fe000-7fb476402000 ---p 00000000 00:00 0 
7fb476402000-7fb4764fe000 rw-p 00000000 00:00 0 
7fb4764fe000-7fb476502000 ---p 00000000 00:00 0 
7fb476502000-7fb4765fe000 rw-p 00000000 00:00 0 
7fb4765fe000-7fb476602000 ---p 00000000 00:00 0 
7fb476602000-7fb4766fe000 rw-p 00000000 00:00 0 
7fb4766fe000-7fb4766ff000 ---p 00000000 00:00 0 
7fb4766ff000-7fb476800000 rw-p 00000000 00:00 0 
7fb476800000-7fb476810000 r-xp 00000000 103:05 5384788                   /home/emmanuel/.config/Code/User/globalStorage/redhat.java/1.23.0/config_linux/org.eclipse.equinox.launcher/org.eclipse.equinox.launcher.gtk.linux.x86_64_1.2.700.v20221108-1024/eclipse_11801.so
7fb476810000-7fb476a0f000 ---p 00010000 103:05 5384788                   /home/emmanuel/.config/Code/User/globalStorage/redhat.java/1.23.0/config_linux/org.eclipse.equinox.launcher/org.eclipse.equinox.launcher.gtk.linux.x86_64_1.2.700.v20221108-1024/eclipse_11801.so
7fb476a0f000-7fb476a10000 r--p 0000f000 103:05 5384788                   /home/emmanuel/.config/Code/User/globalStorage/redhat.java/1.23.0/config_linux/org.eclipse.equinox.launcher/org.eclipse.equinox.launcher.gtk.linux.x86_64_1.2.700.v20221108-1024/eclipse_11801.so
7fb476a10000-7fb476a11000 rw-p 00010000 103:05 5384788                   /home/emmanuel/.config/Code/User/globalStorage/redhat.java/1.23.0/config_linux/org.eclipse.equinox.launcher/org.eclipse.equinox.launcher.gtk.linux.x86_64_1.2.700.v20221108-1024/eclipse_11801.so
7fb476a11000-7fb476a12000 rw-p 00000000 00:00 0 
7fb476af2000-7fb476af6000 ---p 00000000 00:00 0 
7fb476af6000-7fb476bf2000 rw-p 00000000 00:00 0 
7fb476bf2000-7fb476bf6000 ---p 00000000 00:00 0 
7fb476bf6000-7fb476cf2000 rw-p 00000000 00:00 0 
7fb476cf2000-7fb476cf6000 ---p 00000000 00:00 0 
7fb476cf6000-7fb476df2000 rw-p 00000000 00:00 0 
7fb476df2000-7fb476df3000 ---p 00000000 00:00 0 
7fb476df3000-7fb476ef4000 rw-p 00000000 00:00 0 
7fb476ef4000-7fb476ef5000 ---p 00000000 00:00 0 
7fb476ef5000-7fb476ff6000 rw-p 00000000 00:00 0 
7fb476ff6000-7fb476ff7000 ---p 00000000 00:00 0 
7fb476ff7000-7fb4770f8000 rw-p 00000000 00:00 0 
7fb4770f8000-7fb4770f9000 ---p 00000000 00:00 0 
7fb4770f9000-7fb4771fa000 rw-p 00000000 00:00 0 
7fb4771fa000-7fb4771fb000 ---p 00000000 00:00 0 
7fb4771fb000-7fb4772fc000 rw-p 00000000 00:00 0 
7fb4772fc000-7fb4772fd000 ---p 00000000 00:00 0 
7fb4772fd000-7fb4773fe000 rw-p 00000000 00:00 0 
7fb4773fe000-7fb477402000 ---p 00000000 00:00 0 
7fb477402000-7fb4774fe000 rw-p 00000000 00:00 0 
7fb4774fe000-7fb4774ff000 ---p 00000000 00:00 0 
7fb4774ff000-7fb477600000 rw-p 00000000 00:00 0 
7fb477600000-7fb477604000 ---p 00000000 00:00 0 
7fb477604000-7fb477700000 rw-p 00000000 00:00 0 
7fb477700000-7fb477704000 ---p 00000000 00:00 0 
7fb477704000-7fb477800000 rw-p 00000000 00:00 0 
7fb477800000-7fb477804000 ---p 00000000 00:00 0 
7fb477804000-7fb477900000 rw-p 00000000 00:00 0 
7fb477900000-7fb477904000 ---p 00000000 00:00 0 
7fb477904000-7fb477a00000 rw-p 00000000 00:00 0 
7fb477a00000-7fb477f73000 r--p 00000000 103:05 4329506                   /usr/lib/locale/locale-archive
7fb478000000-7fb478021000 rw-p 00000000 00:00 0 
7fb478021000-7fb47c000000 ---p 00000000 00:00 0 
7fb47c000000-7fb47c021000 rw-p 00000000 00:00 0 
7fb47c021000-7fb480000000 ---p 00000000 00:00 0 
7fb480000000-7fb4803f0000 rw-p 00000000 00:00 0 
7fb4803f0000-7fb480450000 rw-p 00000000 00:00 0 
7fb480450000-7fb480470000 rw-p 00000000 00:00 0 
7fb480470000-7fb4804f0000 rw-p 00000000 00:00 0 
7fb4804f0000-7fb4807f0000 rw-p 00000000 00:00 0 
7fb4807f0000-7fb4808f0000 rw-p 00000000 00:00 0 
7fb4808f0000-7fb480b70000 rw-p 00000000 00:00 0 
7fb480b70000-7fb480bf0000 rw-p 00000000 00:00 0 
7fb480bf0000-7fb480cf0000 rw-p 00000000 00:00 0 
7fb480cf0000-7fb480df0000 rw-p 00000000 00:00 0 
7fb480df0000-7fb480ef0000 rw-p 00000000 00:00 0 
7fb480ef0000-7fb480ff0000 rw-p 00000000 00:00 0 
7fb480ff0000-7fb481170000 rw-p 00000000 00:00 0 
7fb481170000-7fb4811f0000 rw-p 00000000 00:00 0 
7fb4811f0000-7fb4813f0000 rw-p 00000000 00:00 0 
7fb4813f0000-7fb4814f0000 rw-p 00000000 00:00 0 
7fb4814f0000-7fb4815f0000 rw-p 00000000 00:00 0 
7fb4815f0000-7fb481890000 rw-p 00000000 00:00 0 
7fb481890000-7fb481900000 ---p 00000000 00:00 0 
7fb481900000-7fb481910000 rw-p 00000000 00:00 0 
7fb481910000-7fb484000000 ---p 00000000 00:00 0 
7fb484000000-7fb484021000 rw-p 00000000 00:00 0 
7fb484021000-7fb488000000 ---p 00000000 00:00 0 
7fb4880e5000-7fb4880e9000 ---p 00000000 00:00 0 
7fb4880e9000-7fb4881e5000 rw-p 00000000 00:00 0 
7fb4881e5000-7fb4881e9000 ---p 00000000 00:00 0 
7fb4881e9000-7fb4882e5000 rw-p 00000000 00:00 0 
7fb4882e5000-7fb4882e9000 ---p 00000000 00:00 0 
7fb4882e9000-7fb4883e5000 rw-p 00000000 00:00 0 
7fb4883e5000-7fb4883e9000 ---p 00000000 00:00 0 
7fb4883e9000-7fb4884e5000 rw-p 00000000 00:00 0 
7fb4884e5000-7fb4884e9000 ---p 00000000 00:00 0 
7fb4884e9000-7fb4885e5000 rw-p 00000000 00:00 0 
7fb4885e5000-7fb4885e9000 ---p 00000000 00:00 0 
7fb4885e9000-7fb4886e5000 rw-p 00000000 00:00 0 
7fb4886e5000-7fb4886e9000 ---p 00000000 00:00 0 
7fb4886e9000-7fb4887e5000 rw-p 00000000 00:00 0 
7fb4887e5000-7fb4887e6000 ---p 00000000 00:00 0 
7fb4887e6000-7fb48a200000 rw-p 00000000 00:00 0 
7fb48a200000-7fb48a900000 rwxp 00000000 00:00 0 
7fb48a900000-7fb491737000 ---p 00000000 00:00 0 
7fb491737000-7fb4919a7000 rwxp 00000000 00:00 0 
7fb4919a7000-7fb491cc9000 ---p 00000000 00:00 0 
7fb491cc9000-7fb491f39000 rwxp 00000000 00:00 0 
7fb491f39000-7fb499200000 ---p 00000000 00:00 0 
7fb499200000-7fb49be1b000 r--s 00000000 103:05 5384551                   /home/emmanuel/.vscode/extensions/redhat.java-1.23.0-linux-x64/jre/17.0.8.1-linux-x86_64/lib/modules
7fb49beff000-7fb49c000000 rw-p 00000000 00:00 0 
7fb49c000000-7fb49c61c000 rw-p 00000000 00:00 0 
7fb49c61c000-7fb4a0000000 ---p 00000000 00:00 0 
7fb4a0000000-7fb4a0007000 r--s 00000000 103:05 4327898                   /usr/lib/x86_64-linux-gnu/gconv/gconv-modules.cache
7fb4a0007000-7fb4a000b000 ---p 00000000 00:00 0 
7fb4a000b000-7fb4a0029000 rw-p 00000000 00:00 0 
7fb4a0029000-7fb4a002d000 r--p 00000000 103:05 5384549                   /home/emmanuel/.vscode/extensions/redhat.java-1.23.0-linux-x64/jre/17.0.8.1-linux-x86_64/lib/libverify.so
7fb4a002d000-7fb4a0034000 r-xp 00004000 103:05 5384549                   /home/emmanuel/.vscode/extensions/redhat.java-1.23.0-linux-x64/jre/17.0.8.1-linux-x86_64/lib/libverify.so
7fb4a0034000-7fb4a0036000 r--p 0000b000 103:05 5384549                   /home/emmanuel/.vscode/extensions/redhat.java-1.23.0-linux-x64/jre/17.0.8.1-linux-x86_64/lib/libverify.so
7fb4a0036000-7fb4a0038000 r--p 0000c000 103:05 5384549                   /home/emmanuel/.vscode/extensions/redhat.java-1.23.0-linux-x64/jre/17.0.8.1-linux-x86_64/lib/libverify.so
7fb4a0038000-7fb4a0039000 rw-p 0000e000 103:05 5384549                   /home/emmanuel/.vscode/extensions/redhat.java-1.23.0-linux-x64/jre/17.0.8.1-linux-x86_64/lib/libverify.so
7fb4a0039000-7fb4a003d000 r--p 00000000 103:05 5384542                   /home/emmanuel/.vscode/extensions/redhat.java-1.23.0-linux-x64/jre/17.0.8.1-linux-x86_64/lib/libnet.so
7fb4a003d000-7fb4a004b000 r-xp 00004000 103:05 5384542                   /home/emmanuel/.vscode/extensions/redhat.java-1.23.0-linux-x64/jre/17.0.8.1-linux-x86_64/lib/libnet.so
7fb4a004b000-7fb4a004f000 r--p 00012000 103:05 5384542                   /home/emmanuel/.vscode/extensions/redhat.java-1.23.0-linux-x64/jre/17.0.8.1-linux-x86_64/lib/libnet.so
7fb4a004f000-7fb4a0050000 r--p 00015000 103:05 5384542                   /home/emmanuel/.vscode/extensions/redhat.java-1.23.0-linux-x64/jre/17.0.8.1-linux-x86_64/lib/libnet.so
7fb4a0050000-7fb4a0051000 rw-p 00016000 103:05 5384542                   /home/emmanuel/.vscode/extensions/redhat.java-1.23.0-linux-x64/jre/17.0.8.1-linux-x86_64/lib/libnet.so
7fb4a0051000-7fb4a0058000 r--p 00000000 103:05 5384543                   /home/emmanuel/.vscode/extensions/redhat.java-1.23.0-linux-x64/jre/17.0.8.1-linux-x86_64/lib/libnio.so
7fb4a0058000-7fb4a0061000 r-xp 00007000 103:05 5384543                   /home/emmanuel/.vscode/extensions/redhat.java-1.23.0-linux-x64/jre/17.0.8.1-linux-x86_64/lib/libnio.so
7fb4a0061000-7fb4a0065000 r--p 00010000 103:05 5384543                   /home/emmanuel/.vscode/extensions/redhat.java-1.23.0-linux-x64/jre/17.0.8.1-linux-x86_64/lib/libnio.so
7fb4a0065000-7fb4a0066000 ---p 00014000 103:05 5384543                   /home/emmanuel/.vscode/extensions/redhat.java-1.23.0-linux-x64/jre/17.0.8.1-linux-x86_64/lib/libnio.so
7fb4a0066000-7fb4a0067000 r--p 00014000 103:05 5384543                   /home/emmanuel/.vscode/extensions/redhat.java-1.23.0-linux-x64/jre/17.0.8.1-linux-x86_64/lib/libnio.so
7fb4a0067000-7fb4a0068000 rw-p 00015000 103:05 5384543                   /home/emmanuel/.vscode/extensions/redhat.java-1.23.0-linux-x64/jre/17.0.8.1-linux-x86_64/lib/libnio.so
7fb4a0068000-7fb4a240c000 rw-p 00000000 00:00 0 
7fb4a240c000-7fb4a2540000 ---p 00000000 00:00 0 
7fb4a2540000-7fb4a2541000 ---p 00000000 00:00 0 
7fb4a2541000-7fb4a2664000 rw-p 00000000 00:00 0 
7fb4a2664000-7fb4a2797000 ---p 00000000 00:00 0 
7fb4a2797000-7fb4a27a8000 rw-p 00000000 00:00 0 
7fb4a27a8000-7fb4a2842000 ---p 00000000 00:00 0 
7fb4a2842000-7fb4a2848000 rw-p 00000000 00:00 0 
7fb4a2848000-7fb4a292e000 ---p 00000000 00:00 0 
7fb4a292e000-7fb4a293c000 rw-p 00000000 00:00 0 
7fb4a293c000-7fb4a2a19000 ---p 00000000 00:00 0 
7fb4a2a19000-7fb4a2a1d000 ---p 00000000 00:00 0 
7fb4a2a1d000-7fb4a2b19000 rw-p 00000000 00:00 0 
7fb4a2b19000-7fb4a2b27000 r--p 00000000 103:05 4327526                   /usr/lib/x86_64-linux-gnu/libm.so.6
7fb4a2b27000-7fb4a2ba3000 r-xp 0000e000 103:05 4327526                   /usr/lib/x86_64-linux-gnu/libm.so.6
7fb4a2ba3000-7fb4a2bfe000 r--p 0008a000 103:05 4327526                   /usr/lib/x86_64-linux-gnu/libm.so.6
7fb4a2bfe000-7fb4a2bff000 r--p 000e4000 103:05 4327526                   /usr/lib/x86_64-linux-gnu/libm.so.6
7fb4a2bff000-7fb4a2c00000 rw-p 000e5000 103:05 4327526                   /usr/lib/x86_64-linux-gnu/libm.so.6
7fb4a2c00000-7fb4a2e53000 r--p 00000000 103:05 5384561                   /home/emmanuel/.vscode/extensions/redhat.java-1.23.0-linux-x64/jre/17.0.8.1-linux-x86_64/lib/server/libjvm.so
7fb4a2e53000-7fb4a3b75000 r-xp 00253000 103:05 5384561                   /home/emmanuel/.vscode/extensions/redhat.java-1.23.0-linux-x64/jre/17.0.8.1-linux-x86_64/lib/server/libjvm.so
7fb4a3b75000-7fb4a3e02000 r--p 00f75000 103:05 5384561                   /home/emmanuel/.vscode/extensions/redhat.java-1.23.0-linux-x64/jre/17.0.8.1-linux-x86_64/lib/server/libjvm.so
7fb4a3e02000-7fb4a3ebb000 r--p 01201000 103:05 5384561                   /home/emmanuel/.vscode/extensions/redhat.java-1.23.0-linux-x64/jre/17.0.8.1-linux-x86_64/lib/server/libjvm.so
7fb4a3ebb000-7fb4a3ef0000 rw-p 012ba000 103:05 5384561                   /home/emmanuel/.vscode/extensions/redhat.java-1.23.0-linux-x64/jre/17.0.8.1-linux-x86_64/lib/server/libjvm.so
7fb4a3ef0000-7fb4a3f4a000 rw-p 00000000 00:00 0 
7fb4a3f50000-7fb4a4000000 rw-p 00000000 00:00 0 
7fb4a4000000-7fb4a4028000 r--p 00000000 103:05 4327521                   /usr/lib/x86_64-linux-gnu/libc.so.6
7fb4a4028000-7fb4a41bd000 r-xp 00028000 103:05 4327521                   /usr/lib/x86_64-linux-gnu/libc.so.6
7fb4a41bd000-7fb4a4215000 r--p 001bd000 103:05 4327521                   /usr/lib/x86_64-linux-gnu/libc.so.6
7fb4a4215000-7fb4a4219000 r--p 00214000 103:05 4327521                   /usr/lib/x86_64-linux-gnu/libc.so.6
7fb4a4219000-7fb4a421b000 rw-p 00218000 103:05 4327521                   /usr/lib/x86_64-linux-gnu/libc.so.6
7fb4a421b000-7fb4a4228000 rw-p 00000000 00:00 0 
7fb4a4229000-7fb4a422b000 r--p 00000000 103:05 5384550                   /home/emmanuel/.vscode/extensions/redhat.java-1.23.0-linux-x64/jre/17.0.8.1-linux-x86_64/lib/libzip.so
7fb4a422b000-7fb4a422f000 r-xp 00002000 103:05 5384550                   /home/emmanuel/.vscode/extensions/redhat.java-1.23.0-linux-x64/jre/17.0.8.1-linux-x86_64/lib/libzip.so
7fb4a422f000-7fb4a4231000 r--p 00006000 103:05 5384550                   /home/emmanuel/.vscode/extensions/redhat.java-1.23.0-linux-x64/jre/17.0.8.1-linux-x86_64/lib/libzip.so
7fb4a4231000-7fb4a4232000 r--p 00007000 103:05 5384550                   /home/emmanuel/.vscode/extensions/redhat.java-1.23.0-linux-x64/jre/17.0.8.1-linux-x86_64/lib/libzip.so
7fb4a4232000-7fb4a4233000 rw-p 00008000 103:05 5384550                   /home/emmanuel/.vscode/extensions/redhat.java-1.23.0-linux-x64/jre/17.0.8.1-linux-x86_64/lib/libzip.so
7fb4a4233000-7fb4a4238000 rw-p 00000000 00:00 0 
7fb4a4238000-7fb4a423f000 ---p 00000000 00:00 0 
7fb4a423f000-7fb4a4247000 rw-s 00000000 103:05 395482                    /tmp/hsperfdata_emmanuel/19076
7fb4a4247000-7fb4a4254000 r--p 00000000 103:05 5384529                   /home/emmanuel/.vscode/extensions/redhat.java-1.23.0-linux-x64/jre/17.0.8.1-linux-x86_64/lib/libjava.so
7fb4a4254000-7fb4a4266000 r-xp 0000d000 103:05 5384529                   /home/emmanuel/.vscode/extensions/redhat.java-1.23.0-linux-x64/jre/17.0.8.1-linux-x86_64/lib/libjava.so
7fb4a4266000-7fb4a426c000 r--p 0001f000 103:05 5384529                   /home/emmanuel/.vscode/extensions/redhat.java-1.23.0-linux-x64/jre/17.0.8.1-linux-x86_64/lib/libjava.so
7fb4a426c000-7fb4a426d000 ---p 00025000 103:05 5384529                   /home/emmanuel/.vscode/extensions/redhat.java-1.23.0-linux-x64/jre/17.0.8.1-linux-x86_64/lib/libjava.so
7fb4a426d000-7fb4a426e000 r--p 00025000 103:05 5384529                   /home/emmanuel/.vscode/extensions/redhat.java-1.23.0-linux-x64/jre/17.0.8.1-linux-x86_64/lib/libjava.so
7fb4a426e000-7fb4a426f000 rw-p 00026000 103:05 5384529                   /home/emmanuel/.vscode/extensions/redhat.java-1.23.0-linux-x64/jre/17.0.8.1-linux-x86_64/lib/libjava.so
7fb4a426f000-7fb4a4270000 rw-p 00000000 00:00 0 
7fb4a4270000-7fb4a4274000 r--p 00000000 103:05 5384533                   /home/emmanuel/.vscode/extensions/redhat.java-1.23.0-linux-x64/jre/17.0.8.1-linux-x86_64/lib/libjimage.so
7fb4a4274000-7fb4a4287000 r-xp 00004000 103:05 5384533                   /home/emmanuel/.vscode/extensions/redhat.java-1.23.0-linux-x64/jre/17.0.8.1-linux-x86_64/lib/libjimage.so
7fb4a4287000-7fb4a428d000 r--p 00017000 103:05 5384533                   /home/emmanuel/.vscode/extensions/redhat.java-1.23.0-linux-x64/jre/17.0.8.1-linux-x86_64/lib/libjimage.so
7fb4a428d000-7fb4a428f000 r--p 0001c000 103:05 5384533                   /home/emmanuel/.vscode/extensions/redhat.java-1.23.0-linux-x64/jre/17.0.8.1-linux-x86_64/lib/libjimage.so
7fb4a428f000-7fb4a4290000 rw-p 0001e000 103:05 5384533                   /home/emmanuel/.vscode/extensions/redhat.java-1.23.0-linux-x64/jre/17.0.8.1-linux-x86_64/lib/libjimage.so
7fb4a4290000-7fb4a4291000 r--p 00000000 103:05 4327567                   /usr/lib/x86_64-linux-gnu/librt.so.1
7fb4a4291000-7fb4a4292000 r-xp 00001000 103:05 4327567                   /usr/lib/x86_64-linux-gnu/librt.so.1
7fb4a4292000-7fb4a4293000 r--p 00002000 103:05 4327567                   /usr/lib/x86_64-linux-gnu/librt.so.1
7fb4a4293000-7fb4a4294000 r--p 00002000 103:05 4327567                   /usr/lib/x86_64-linux-gnu/librt.so.1
7fb4a4294000-7fb4a4295000 rw-p 00003000 103:05 4327567                   /usr/lib/x86_64-linux-gnu/librt.so.1
7fb4a4295000-7fb4a4299000 rw-p 00000000 00:00 0 
7fb4a4299000-7fb4a429a000 r--p 00000000 103:05 4327524                   /usr/lib/x86_64-linux-gnu/libdl.so.2
7fb4a429a000-7fb4a429b000 r-xp 00001000 103:05 4327524                   /usr/lib/x86_64-linux-gnu/libdl.so.2
7fb4a429b000-7fb4a429c000 r--p 00002000 103:05 4327524                   /usr/lib/x86_64-linux-gnu/libdl.so.2
7fb4a429c000-7fb4a429d000 r--p 00002000 103:05 4327524                   /usr/lib/x86_64-linux-gnu/libdl.so.2
7fb4a429d000-7fb4a429e000 rw-p 00003000 103:05 4327524                   /usr/lib/x86_64-linux-gnu/libdl.so.2
7fb4a429e000-7fb4a429f000 r--p 00000000 103:05 4327560                   /usr/lib/x86_64-linux-gnu/libpthread.so.0
7fb4a429f000-7fb4a42a0000 r-xp 00001000 103:05 4327560                   /usr/lib/x86_64-linux-gnu/libpthread.so.0
7fb4a42a0000-7fb4a42a1000 r--p 00002000 103:05 4327560                   /usr/lib/x86_64-linux-gnu/libpthread.so.0
7fb4a42a1000-7fb4a42a2000 r--p 00002000 103:05 4327560                   /usr/lib/x86_64-linux-gnu/libpthread.so.0
7fb4a42a2000-7fb4a42a3000 rw-p 00003000 103:05 4327560                   /usr/lib/x86_64-linux-gnu/libpthread.so.0
7fb4a42a3000-7fb4a42a6000 r--p 00000000 103:05 5384534                   /home/emmanuel/.vscode/extensions/redhat.java-1.23.0-linux-x64/jre/17.0.8.1-linux-x86_64/lib/libjli.so
7fb4a42a6000-7fb4a42b0000 r-xp 00003000 103:05 5384534                   /home/emmanuel/.vscode/extensions/redhat.java-1.23.0-linux-x64/jre/17.0.8.1-linux-x86_64/lib/libjli.so
7fb4a42b0000-7fb4a42b3000 r--p 0000d000 103:05 5384534                   /home/emmanuel/.vscode/extensions/redhat.java-1.23.0-linux-x64/jre/17.0.8.1-linux-x86_64/lib/libjli.so
7fb4a42b3000-7fb4a42b4000 ---p 00010000 103:05 5384534                   /home/emmanuel/.vscode/extensions/redhat.java-1.23.0-linux-x64/jre/17.0.8.1-linux-x86_64/lib/libjli.so
7fb4a42b4000-7fb4a42b5000 r--p 00010000 103:05 5384534                   /home/emmanuel/.vscode/extensions/redhat.java-1.23.0-linux-x64/jre/17.0.8.1-linux-x86_64/lib/libjli.so
7fb4a42b5000-7fb4a42b6000 rw-p 00011000 103:05 5384534                   /home/emmanuel/.vscode/extensions/redhat.java-1.23.0-linux-x64/jre/17.0.8.1-linux-x86_64/lib/libjli.so
7fb4a42b6000-7fb4a42b8000 r--p 00000000 103:05 4353575                   /usr/lib/x86_64-linux-gnu/libz.so.1.2.11
7fb4a42b8000-7fb4a42c9000 r-xp 00002000 103:05 4353575                   /usr/lib/x86_64-linux-gnu/libz.so.1.2.11
7fb4a42c9000-7fb4a42cf000 r--p 00013000 103:05 4353575                   /usr/lib/x86_64-linux-gnu/libz.so.1.2.11
7fb4a42cf000-7fb4a42d0000 ---p 00019000 103:05 4353575                   /usr/lib/x86_64-linux-gnu/libz.so.1.2.11
7fb4a42d0000-7fb4a42d1000 r--p 00019000 103:05 4353575                   /usr/lib/x86_64-linux-gnu/libz.so.1.2.11
7fb4a42d1000-7fb4a42d2000 rw-p 0001a000 103:05 4353575                   /usr/lib/x86_64-linux-gnu/libz.so.1.2.11
7fb4a42d6000-7fb4a42d8000 r--p 00000000 103:05 5384524                   /home/emmanuel/.vscode/extensions/redhat.java-1.23.0-linux-x64/jre/17.0.8.1-linux-x86_64/lib/libinstrument.so
7fb4a42d8000-7fb4a42de000 r-xp 00002000 103:05 5384524                   /home/emmanuel/.vscode/extensions/redhat.java-1.23.0-linux-x64/jre/17.0.8.1-linux-x86_64/lib/libinstrument.so
7fb4a42de000-7fb4a42e1000 r--p 00008000 103:05 5384524                   /home/emmanuel/.vscode/extensions/redhat.java-1.23.0-linux-x64/jre/17.0.8.1-linux-x86_64/lib/libinstrument.so
7fb4a42e1000-7fb4a42e2000 r--p 0000a000 103:05 5384524                   /home/emmanuel/.vscode/extensions/redhat.java-1.23.0-linux-x64/jre/17.0.8.1-linux-x86_64/lib/libinstrument.so
7fb4a42e2000-7fb4a42e3000 rw-p 0000b000 103:05 5384524                   /home/emmanuel/.vscode/extensions/redhat.java-1.23.0-linux-x64/jre/17.0.8.1-linux-x86_64/lib/libinstrument.so
7fb4a42e3000-7fb4a42e4000 ---p 00000000 00:00 0 
7fb4a42e4000-7fb4a42e5000 r--p 00000000 00:00 0 
7fb4a42e5000-7fb4a42e7000 rw-p 00000000 00:00 0 
7fb4a42e7000-7fb4a42e9000 r--p 00000000 103:05 4327516                   /usr/lib/x86_64-linux-gnu/ld-linux-x86-64.so.2
7fb4a42e9000-7fb4a4313000 r-xp 00002000 103:05 4327516                   /usr/lib/x86_64-linux-gnu/ld-linux-x86-64.so.2
7fb4a4313000-7fb4a431e000 r--p 0002c000 103:05 4327516                   /usr/lib/x86_64-linux-gnu/ld-linux-x86-64.so.2
7fb4a431e000-7fb4a431f000 ---p 00000000 00:00 0 
7fb4a431f000-7fb4a4321000 r--p 00037000 103:05 4327516                   /usr/lib/x86_64-linux-gnu/ld-linux-x86-64.so.2
7fb4a4321000-7fb4a4323000 rw-p 00039000 103:05 4327516                   /usr/lib/x86_64-linux-gnu/ld-linux-x86-64.so.2
7ffc03c57000-7ffc03c79000 rw-p 00000000 00:00 0                          [stack]
7ffc03dd7000-7ffc03ddb000 r--p 00000000 00:00 0                          [vvar]
7ffc03ddb000-7ffc03ddd000 r-xp 00000000 00:00 0                          [vdso]
ffffffffff600000-ffffffffff601000 --xp 00000000 00:00 0                  [vsyscall]


VM Arguments:
jvm_args: --add-modules=ALL-SYSTEM --add-opens=java.base/java.util=ALL-UNNAMED --add-opens=java.base/java.lang=ALL-UNNAMED --add-opens=java.base/sun.nio.fs=ALL-UNNAMED -Declipse.application=org.eclipse.jdt.ls.core.id1 -Dosgi.bundles.defaultStartLevel=4 -Declipse.product=org.eclipse.jdt.ls.core.product -Djava.import.generatesMetadataFilesAtProjectRoot=false -DDetectVMInstallationsJob.disabled=true -Dfile.encoding=utf8 -XX:+UseParallelGC -XX:GCTimeRatio=4 -XX:AdaptiveSizePolicyWeight=90 -Dsun.zip.disableMemoryMapping=true -Xmx1G -Xms100m -Xlog:disable -javaagent:/home/emmanuel/.vscode/extensions/redhat.java-1.23.0-linux-x64/lombok/lombok-1.18.30.jar -XX:+HeapDumpOnOutOfMemoryError -XX:HeapDumpPath=/home/emmanuel/.config/Code/User/workspaceStorage/9cf0182d8b0822c1a4b2ba5774e2e160/redhat.java -Daether.dependencyCollector.impl=bf 
java_command: /home/emmanuel/.vscode/extensions/redhat.java-1.23.0-linux-x64/server/plugins/org.eclipse.equinox.launcher_1.6.500.v20230717-2134.jar -configuration /home/emmanuel/.config/Code/User/globalStorage/redhat.java/1.23.0/config_linux -data /home/emmanuel/.config/Code/User/workspaceStorage/9cf0182d8b0822c1a4b2ba5774e2e160/redhat.java/jdt_ws
java_class_path (initial): /home/emmanuel/.vscode/extensions/redhat.java-1.23.0-linux-x64/server/plugins/org.eclipse.equinox.launcher_1.6.500.v20230717-2134.jar
Launcher Type: SUN_STANDARD

[Global flags]
    uintx AdaptiveSizePolicyWeight                 = 90                                        {product} {command line}
     intx CICompilerCount                          = 4                                         {product} {ergonomic}
    uintx GCTimeRatio                              = 4                                         {product} {command line}
     bool HeapDumpOnOutOfMemoryError               = true                                   {manageable} {command line}
    ccstr HeapDumpPath                             = /home/emmanuel/.config/Code/User/workspaceStorage/9cf0182d8b0822c1a4b2ba5774e2e160/redhat.java         {manageable} {command line}
   size_t InitialHeapSize                          = 104857600                                 {product} {command line}
   size_t MaxHeapSize                              = 1073741824                                {product} {command line}
   size_t MaxNewSize                               = 357564416                                 {product} {ergonomic}
   size_t MinHeapDeltaBytes                        = 524288                                    {product} {ergonomic}
   size_t MinHeapSize                              = 104857600                                 {product} {command line}
   size_t NewSize                                  = 34603008                                  {product} {ergonomic}
    uintx NonNMethodCodeHeapSize                   = 5839372                                {pd product} {ergonomic}
    uintx NonProfiledCodeHeapSize                  = 122909434                              {pd product} {ergonomic}
   size_t OldSize                                  = 70254592                                  {product} {ergonomic}
    uintx ProfiledCodeHeapSize                     = 122909434                              {pd product} {ergonomic}
    uintx ReservedCodeCacheSize                    = 251658240                              {pd product} {ergonomic}
     bool SegmentedCodeCache                       = true                                      {product} {ergonomic}
   size_t SoftMaxHeapSize                          = 1073741824                             {manageable} {ergonomic}
     bool UseCompressedClassPointers               = true                           {product lp64_product} {ergonomic}
     bool UseCompressedOops                        = true                           {product lp64_product} {ergonomic}
     bool UseParallelGC                            = true                                      {product} {command line}

Logging:
Log output configuration:
 #0: stdout all=off uptime,level,tags
 #1: stderr all=off uptime,level,tags

Environment Variables:
JAVA_HOME=/usr/lib/jvm/java-17-openjdk-amd64
PATH=/usr/local/sbin:/usr/local/bin:/usr/sbin:/usr/bin:/sbin:/bin:/usr/games:/usr/local/games:/snap/bin:/snap/bin:/usr/lib/jvm/java-17-openjdk-amd64/bin
USERNAME=emmanuel
SHELL=/bin/bash
DISPLAY=:0
LANG=en_US.UTF-8
TERM=xterm-256color

Active Locale:
LC_ALL=en_US.UTF-8
LC_COLLATE=en_US.UTF-8
LC_CTYPE=en_US.UTF-8
LC_MESSAGES=en_US.UTF-8
LC_MONETARY=en_US.UTF-8
LC_NUMERIC=en_US.UTF-8
LC_TIME=en_US.UTF-8

Signal Handlers:
   SIGSEGV: crash_handler in libjvm.so, mask=11100100010111111101111111111110, flags=SA_RESTART|SA_SIGINFO, unblocked
    SIGBUS: crash_handler in libjvm.so, mask=11100100010111111101111111111110, flags=SA_RESTART|SA_SIGINFO, unblocked
    SIGFPE: crash_handler in libjvm.so, mask=11100100010111111101111111111110, flags=SA_RESTART|SA_SIGINFO, unblocked
   SIGPIPE: javaSignalHandler in libjvm.so, mask=11100100010111111101111111111110, flags=SA_RESTART|SA_SIGINFO, blocked
   SIGXFSZ: javaSignalHandler in libjvm.so, mask=11100100010111111101111111111110, flags=SA_RESTART|SA_SIGINFO, blocked
    SIGILL: crash_handler in libjvm.so, mask=11100100010111111101111111111110, flags=SA_RESTART|SA_SIGINFO, unblocked
   SIGUSR2: SR_handler in libjvm.so, mask=00000000000000000000000000000000, flags=SA_RESTART|SA_SIGINFO, blocked
    SIGHUP: UserHandler in libjvm.so, mask=11100100010111111101111111111110, flags=SA_RESTART|SA_SIGINFO, blocked
    SIGINT: UserHandler in libjvm.so, mask=11100100010111111101111111111110, flags=SA_RESTART|SA_SIGINFO, blocked
   SIGTERM: UserHandler in libjvm.so, mask=11100100010111111101111111111110, flags=SA_RESTART|SA_SIGINFO, blocked
   SIGQUIT: UserHandler in libjvm.so, mask=11100100010111111101111111111110, flags=SA_RESTART|SA_SIGINFO, blocked
   SIGTRAP: crash_handler in libjvm.so, mask=11100100010111111101111111111110, flags=SA_RESTART|SA_SIGINFO, unblocked


---------------  S Y S T E M  ---------------

OS:
DISTRIB_ID=Ubuntu
DISTRIB_RELEASE=22.04
DISTRIB_CODENAME=jammy
DISTRIB_DESCRIPTION="Ubuntu 22.04.3 LTS"
uname: Linux 6.2.0-33-generic #33~22.04.1-Ubuntu SMP PREEMPT_DYNAMIC Thu Sep  7 10:33:52 UTC 2 x86_64
OS uptime: 0 days 2:55 hours
libc: glibc 2.35 NPTL 2.35 
rlimit (soft/hard): STACK 8192k/infinity , CORE 0k/infinity , NPROC 61355/61355 , NOFILE 1048576/1048576 , AS infinity/infinity , CPU infinity/infinity , DATA infinity/infinity , FSIZE infinity/infinity , MEMLOCK 1972928k/1972928k
load average: 0.67 0.68 0.87

/proc/meminfo:
MemTotal:       15783452 kB
MemFree:         3502696 kB
MemAvailable:    8351808 kB
Buffers:          164544 kB
Cached:          8809956 kB
SwapCached:            0 kB
Active:          5914296 kB
Inactive:        5242448 kB
Active(anon):    3953088 kB
Inactive(anon):  2228860 kB
Active(file):    1961208 kB
Inactive(file):  3013588 kB
Unevictable:          96 kB
Mlocked:              96 kB
SwapTotal:       2097148 kB
SwapFree:        2097148 kB
Zswap:                 0 kB
Zswapped:              0 kB
Dirty:               860 kB
Writeback:             0 kB
AnonPages:       2182424 kB
Mapped:          5161672 kB
Shmem:           3999704 kB
KReclaimable:     209656 kB
Slab:             409092 kB
SReclaimable:     209656 kB
SUnreclaim:       199436 kB
KernelStack:       18336 kB
PageTables:        48104 kB
SecPageTables:      7760 kB
NFS_Unstable:          0 kB
Bounce:                0 kB
WritebackTmp:          0 kB
CommitLimit:     9988872 kB
Committed_AS:   14298992 kB
VmallocTotal:   34359738367 kB
VmallocUsed:      142984 kB
VmallocChunk:          0 kB
Percpu:            16384 kB
HardwareCorrupted:     0 kB
AnonHugePages:         0 kB
ShmemHugePages:        0 kB
ShmemPmdMapped:        0 kB
FileHugePages:         0 kB
FilePmdMapped:         0 kB
HugePages_Total:       0
HugePages_Free:        0
HugePages_Rsvd:        0
HugePages_Surp:        0
Hugepagesize:       2048 kB
Hugetlb:               0 kB
DirectMap4k:      808596 kB
DirectMap2M:     9089024 kB
DirectMap1G:     7340032 kB

/sys/kernel/mm/transparent_hugepage/enabled: always [madvise] never
/sys/kernel/mm/transparent_hugepage/defrag (defrag/compaction efforts parameter): always defer defer+madvise [madvise] never

Process Memory:
Virtual Size: 4754716K (peak: 4816200K)
Resident Set Size: 147692K (peak: 147756K) (anon: 119788K, file: 27904K, shmem: 0K)
Swapped out: 0K
C-Heap outstanding allocations: 63194K, retained: 5977K
glibc malloc tunables: (default)

/proc/sys/kernel/threads-max (system-wide limit on the number of threads): 122711
/proc/sys/vm/max_map_count (maximum number of memory map areas a process may have): 65530
/proc/sys/kernel/pid_max (system-wide limit on number of process identifiers): 4194304

container (cgroup) information:
container_type: cgroupv2
cpu_cpuset_cpus: not supported
cpu_memory_nodes: not supported
active_processor_count: 8
cpu_quota: not supported
cpu_period: not supported
cpu_shares: not supported
memory_limit_in_bytes: unlimited
memory_and_swap_limit_in_bytes: unlimited
memory_soft_limit_in_bytes: unlimited
memory_usage_in_bytes: 819184 k
memory_max_usage_in_bytes: not supported
memory_swap_current_in_bytes: unlimited
memory_swap_max_limit_in_bytes: unlimited
maximum number of tasks: 18406
current number of tasks: 194

Steal ticks since vm start: 0
Steal ticks percentage since vm start:  0.000

CPU: total 8 (initial active 8) (8 cores per cpu, 2 threads per core) family 23 model 24 stepping 1 microcode 0x8108102, cx8, cmov, fxsr, ht, mmx, 3dnowpref, sse, sse2, sse3, ssse3, sse4a, sse4.1, sse4.2, popcnt, lzcnt, tsc, tscinvbit, avx, avx2, aes, clmul, bmi1, bmi2, adx, sha, fma, vzeroupper, clflush, clflushopt
CPU Model and flags from /proc/cpuinfo:
model name	: AMD Ryzen 7 3750H with Radeon Vega Mobile Gfx
flags		: fpu vme de pse tsc msr pae mce cx8 apic sep mtrr pge mca cmov pat pse36 clflush mmx fxsr sse sse2 ht syscall nx mmxext fxsr_opt pdpe1gb rdtscp lm constant_tsc rep_good nopl nonstop_tsc cpuid extd_apicid aperfmperf rapl pni pclmulqdq monitor ssse3 fma cx16 sse4_1 sse4_2 movbe popcnt aes xsave avx f16c rdrand lahf_lm cmp_legacy svm extapic cr8_legacy abm sse4a misalignsse 3dnowprefetch osvw skinit wdt tce topoext perfctr_core perfctr_nb bpext perfctr_llc mwaitx cpb hw_pstate ssbd ibpb vmmcall fsgsbase bmi1 avx2 smep bmi2 rdseed adx smap clflushopt sha_ni xsaveopt xsavec xgetbv1 clzero irperf xsaveerptr arat npt lbrv svm_lock nrip_save tsc_scale vmcb_clean flushbyasid decodeassists pausefilter pfthreshold avic v_vmsave_vmload vgif overflow_recov succor smca sev sev_es

Online cpus: 0-7
Offline cpus: 8-15
BIOS frequency limitation: 2300000
Frequency switch latency (ns): 0
Available cpu frequencies: 2300000 1700000 1400000 
Current governor: schedutil
Core performance/turbo boost: 1

Memory: 4k page, physical 15783452k(3502696k free), swap 2097148k(2097148k free)
Page Sizes: 4k

vm_info: OpenJDK 64-Bit Server VM (17.0.8.1+1) for linux-amd64 JRE (17.0.8.1+1), built on Aug 24 2023 00:00:00 by "admin" with gcc 10.3.0

END.
