#
# A fatal error has been detected by the Java Runtime Environment:
#
#  SIGSEGV (0xb) at pc=0x00007f723747cd77, pid=19179, tid=19199
#
# JRE version: OpenJDK Runtime Environment Temurin-17.0.8.1+1 (17.0.8.1+1) (build 17.0.8.1+1)
# Java VM: OpenJDK 64-Bit Server VM Temurin-17.0.8.1+1 (17.0.8.1+1, mixed mode, tiered, compressed oops, compressed class ptrs, parallel gc, linux-amd64)
# Problematic frame:
# V  [libjvm.so+0xc7cd77]  ParCompactionManager::follow_marking_stacks()+0x4f7
#
# Core dump will be written. Default location: Core dumps may be processed with "/usr/share/apport/apport -p%p -s%s -c%c -d%d -P%P -u%u -g%g -- %E" (or dumping to /home/emmanuel/Desktop/spring_batch/spring_batch_hello_world/core.19179)
#
# If you would like to submit a bug report, please visit:
#   https://github.com/adoptium/adoptium-support/issues
#

---------------  S U M M A R Y ------------

Command Line: --add-modules=ALL-SYSTEM --add-opens=java.base/java.util=ALL-UNNAMED --add-opens=java.base/java.lang=ALL-UNNAMED --add-opens=java.base/sun.nio.fs=ALL-UNNAMED -Declipse.application=org.eclipse.jdt.ls.core.id1 -Dosgi.bundles.defaultStartLevel=4 -Declipse.product=org.eclipse.jdt.ls.core.product -Djava.import.generatesMetadataFilesAtProjectRoot=false -DDetectVMInstallationsJob.disabled=true -Dfile.encoding=utf8 -XX:+UseParallelGC -XX:GCTimeRatio=4 -XX:AdaptiveSizePolicyWeight=90 -Dsun.zip.disableMemoryMapping=true -Xmx1G -Xms100m -Xlog:disable -javaagent:/home/emmanuel/.vscode/extensions/redhat.java-1.23.0-linux-x64/lombok/lombok-1.18.30.jar -XX:+HeapDumpOnOutOfMemoryError -XX:HeapDumpPath=/home/emmanuel/.config/Code/User/workspaceStorage/9cf0182d8b0822c1a4b2ba5774e2e160/redhat.java -Daether.dependencyCollector.impl=bf /home/emmanuel/.vscode/extensions/redhat.java-1.23.0-linux-x64/server/plugins/org.eclipse.equinox.launcher_1.6.500.v20230717-2134.jar -configuration /home/emmanuel/.config/Code/User/globalStorage/redhat.java/1.23.0/config_linux -data /home/emmanuel/.config/Code/User/workspaceStorage/9cf0182d8b0822c1a4b2ba5774e2e160/redhat.java/jdt_ws

Host: AMD Ryzen 7 3750H with Radeon Vega Mobile Gfx, 8 cores, 15G, Ubuntu 22.04.3 LTS
Time: Sun Oct  8 18:22:41 2023 CDT elapsed time: 2.548136 seconds (0d 0h 0m 2s)

---------------  T H R E A D  ---------------

Current thread (0x00007f720c003140):  GCTaskThread "GC Thread#2" [stack: 0x00007f720adfc000,0x00007f720aefc000] [id=19199]

Stack: [0x00007f720adfc000,0x00007f720aefc000],  sp=0x00007f720aefaac0,  free space=1018k
Native frames: (J=compiled Java code, j=interpreted, Vv=VM code, C=native code)
V  [libjvm.so+0xc7cd77]  ParCompactionManager::follow_marking_stacks()+0x4f7
V  [libjvm.so+0xc8eed1]  PCAddThreadRootsMarkingTaskClosure::do_thread(Thread*)+0xb1
V  [libjvm.so+0xe66a28]  Threads::possibly_parallel_threads_do(bool, ThreadClosure*)+0x168
V  [libjvm.so+0xc912e2]  MarkFromRootsTask::work(unsigned int)+0x112
V  [libjvm.so+0xf17f2f]  GangWorker::loop()+0x5f
V  [libjvm.so+0xf17f8f]
V  [libjvm.so+0xe68d40]  Thread::call_run()+0xc0
V  [libjvm.so+0xc1e681]  thread_native_entry(Thread*)+0xe1


siginfo: si_signo: 11 (SIGSEGV), si_code: 1 (SEGV_MAPERR), si_addr: 0x00000007e297aa88

Register to memory mapping:

RAX=0x0000000000000001 is an unknown value
RBX=0x00007f72300ccc70 points into unknown readable memory: 0x0000000000000000 | 00 00 00 00 00 00 00 00
RCX=0x0000000000000003 is an unknown value
RDX=0x0 is NULL
RSP=0x00007f720aefaac0 points into unknown readable memory: 0x00007f7230028f00 | 00 8f 02 30 72 7f 00 00
RBP=0x00007f720aefaba0 points into unknown readable memory: 0x00007f720aefac40 | 40 ac ef 0a 72 7f 00 00
RSI=0x00007f7237abf320: <offset 0x00000000012bf320> in /home/emmanuel/.vscode/extensions/redhat.java-1.23.0-linux-x64/jre/17.0.8.1-linux-x86_64/lib/server/libjvm.so at 0x00007f7236800000
RDI=0x00000007e297aa80 is an unknown value
R8 =0x00000000c00f6b30 is an oop: [Ljava.security.cert.Certificate; 
{0x00000000c00f6b30} - klass: 'java/security/cert/Certificate'[]
 - length: 3
R9 =0x00007f720aefab50 points into unknown readable memory: 0x00007f7237a16dc8 | c8 6d a1 37 72 7f 00 00
R10=0x00000000c00f6b40 is pointing into object: [Ljava.security.cert.Certificate; 
{0x00000000c00f6b30} - klass: 'java/security/cert/Certificate'[]
 - length: 3
R11=0x00007f7237abfd28: <offset 0x00000000012bfd28> in /home/emmanuel/.vscode/extensions/redhat.java-1.23.0-linux-x64/jre/17.0.8.1-linux-x86_64/lib/server/libjvm.so at 0x00007f7236800000
R12=0x0 is NULL
R13=0x00000000c00f6b4c is pointing into object: [Ljava.security.cert.Certificate; 
{0x00000000c00f6b30} - klass: 'java/security/cert/Certificate'[]
 - length: 3
R14=0x00007f7237b06245: <offset 0x0000000001306245> in /home/emmanuel/.vscode/extensions/redhat.java-1.23.0-linux-x64/jre/17.0.8.1-linux-x86_64/lib/server/libjvm.so at 0x00007f7236800000
R15=0x00000000c060f808 is pointing into object: [B 
{0x00000000c060f7b8} - klass: {type array byte}
 - length: 512


Registers:
RAX=0x0000000000000001, RBX=0x00007f72300ccc70, RCX=0x0000000000000003, RDX=0x0000000000000000
RSP=0x00007f720aefaac0, RBP=0x00007f720aefaba0, RSI=0x00007f7237abf320, RDI=0x00000007e297aa80
R8 =0x00000000c00f6b30, R9 =0x00007f720aefab50, R10=0x00000000c00f6b40, R11=0x00007f7237abfd28
R12=0x0000000000000000, R13=0x00000000c00f6b4c, R14=0x00007f7237b06245, R15=0x00000000c060f808
RIP=0x00007f723747cd77, EFLAGS=0x0000000000010202, CSGSFS=0x002b000000000033, ERR=0x0000000000000004
  TRAPNO=0x000000000000000e

Top of Stack: (sp=0x00007f720aefaac0)
0x00007f720aefaac0:   00007f7230028f00 00000000c0277cbc
0x00007f720aefaad0:   0000000000000000 0000000000000000
0x00007f720aefaae0:   0000000000000000 0000000000000000
0x00007f720aefaaf0:   0000000000000000 0000000000000000 

Instructions: (pc=0x00007f723747cd77)
0x00007f723747cc77:   a1 59 00 48 89 45 b0 48 63 42 0c ff 14 c1 e9 56
0x00007f723747cc87:   fc ff ff 66 0f 1f 44 00 00 49 8b 50 08 81 7a 08
0x00007f723747cc97:   00 00 00 c0 7d af 3c 01 48 8d 15 a0 95 68 00 48
0x00007f723747cca7:   19 c9 83 e1 08 3c 01 48 19 c0 83 e0 04 80 3a 00
0x00007f723747ccb7:   49 63 54 00 0c 0f 84 7e 01 00 00 48 81 fa 00 08
0x00007f723747ccc7:   00 00 b8 00 08 00 00 4d 8d 54 08 10 48 0f 46 c2
0x00007f723747ccd7:   4d 8d 2c 82 48 39 c2 0f 87 0c 04 00 00 4d 39 ea
0x00007f723747cce7:   72 14 e9 f2 fb ff ff 66 90 49 83 c2 04 4d 39 d5
0x00007f723747ccf7:   0f 86 e3 fb ff ff 45 8b 3a 45 85 ff 74 eb 48 8d
0x00007f723747cd07:   05 24 26 64 00 48 8b 15 6d 4d 6a 00 8b 48 08 49
0x00007f723747cd17:   d3 e7 4c 03 38 4c 89 f9 48 2b 0a 48 89 c8 48 8d
0x00007f723747cd27:   0d fc 2f 64 00 48 c1 e8 03 8b 09 48 d3 e8 48 89
0x00007f723747cd37:   c1 48 89 c6 48 8b 42 10 ba 01 00 00 00 83 e1 3f
0x00007f723747cd47:   48 c1 ee 06 48 d3 e2 48 23 14 f0 49 89 d4 75 99
0x00007f723747cd57:   41 0f b6 06 84 c0 0f 84 dd 02 00 00 48 8d 35 b6
0x00007f723747cd67:   25 64 00 41 8b 7f 08 8b 4e 08 48 d3 e7 48 03 3e
0x00007f723747cd77:   8b 4f 08 85 c9 0f 8e 76 02 00 00 f6 c1 01 74 1a
0x00007f723747cd87:   48 8b 07 48 8d 35 af 20 61 ff 48 8b 80 00 01 00
0x00007f723747cd97:   00 48 39 f0 0f 85 e9 05 00 00 c1 f9 03 4c 63 e1
0x00007f723747cda7:   48 8d 3d f2 4d 6a 00 4c 89 e2 4c 89 fe 4c 89 95
0x00007f723747cdb7:   28 ff ff ff e8 a0 cc fb ff 4c 8b 95 28 ff ff ff
0x00007f723747cdc7:   84 c0 0f 84 21 ff ff ff 48 8d 3d 8a 4d 6a 00 4c
0x00007f723747cdd7:   89 e2 4c 89 fe e8 8f b8 00 00 8b 83 88 00 00 00
0x00007f723747cde7:   8b 8b 08 01 00 00 4c 8b 95 28 ff ff ff 89 c2 29
0x00007f723747cdf7:   ca 81 e2 ff ff 01 00 81 fa fd ff 01 00 0f 86 86
0x00007f723747ce07:   07 00 00 48 8b 83 a8 02 00 00 48 3b 83 90 02 00
0x00007f723747ce17:   00 0f 84 11 0a 00 00 48 8b 93 c0 02 00 00 48 8d
0x00007f723747ce27:   14 c2 48 83 c0 01 4c 89 3a 48 89 83 a8 02 00 00
0x00007f723747ce37:   e9 b4 fe ff ff 0f 1f 40 00 48 81 fa 00 08 00 00
0x00007f723747ce47:   b8 00 08 00 00 4d 8d 7c 08 10 48 0f 46 c2 4d 8d
0x00007f723747ce57:   2c c7 48 39 c2 0f 87 1e 02 00 00 4d 39 ef 72 16
0x00007f723747ce67:   e9 74 fa ff ff 0f 1f 40 00 49 83 c7 08 4d 39 fd 


Stack slot to memory mapping:
stack at sp + 0 slots: 0x00007f7230028f00 points into unknown readable memory: 0x00000000c0215ae8 | e8 5a 21 c0 00 00 00 00
stack at sp + 1 slots: 0x00000000c0277cbc is pointing into object: [Ljava.lang.Object; 
{0x00000000c0277c88} - klass: 'java/lang/Object'[]
 - length: 10
stack at sp + 2 slots: 0x0 is NULL
stack at sp + 3 slots: 0x0 is NULL
stack at sp + 4 slots: 0x0 is NULL
stack at sp + 5 slots: 0x0 is NULL
stack at sp + 6 slots: 0x0 is NULL
stack at sp + 7 slots: 0x0 is NULL


---------------  P R O C E S S  ---------------

Threads class SMR info:
_java_thread_list=0x00007f71b08c5360, length=25, elements={
0x00007f7230028470, 0x00007f72301e7780, 0x00007f72301e8d00, 0x00007f72302101b0,
0x00007f7230213aa0, 0x00007f7230214a40, 0x00007f72302160a0, 0x00007f7230217560,
0x00007f72302209a0, 0x00007f72302c6240, 0x00007f71f4095df0, 0x00007f71f4097450,
0x00007f72303ceba0, 0x00007f72304bfa70, 0x00007f72305c0460, 0x00007f7230609cd0,
0x00007f723060cc00, 0x00007f71b036ebc0, 0x00007f71b048fa00, 0x00007f71b04e8550,
0x00007f71b03c2640, 0x00007f71b01dd180, 0x00007f71b00ee4b0, 0x00007f7190000ff0,
0x00007f71b08c7630
}

Java Threads: ( => current thread )
  0x00007f7230028470 JavaThread "main" [_thread_blocked, id=19180, stack(0x00007f7236619000,0x00007f7236719000)]
  0x00007f72301e7780 JavaThread "Reference Handler" daemon [_thread_blocked, id=19183, stack(0x00007f722ff00000,0x00007f7230000000)]
  0x00007f72301e8d00 JavaThread "Finalizer" daemon [_thread_blocked, id=19184, stack(0x00007f721c100000,0x00007f721c200000)]
  0x00007f72302101b0 JavaThread "Signal Dispatcher" daemon [_thread_blocked, id=19185, stack(0x00007f721c000000,0x00007f721c100000)]
  0x00007f7230213aa0 JavaThread "Service Thread" daemon [_thread_blocked, id=19186, stack(0x00007f720b900000,0x00007f720ba00000)]
  0x00007f7230214a40 JavaThread "Monitor Deflation Thread" daemon [_thread_blocked, id=19187, stack(0x00007f720b800000,0x00007f720b900000)]
  0x00007f72302160a0 JavaThread "C2 CompilerThread0" daemon [_thread_blocked, id=19188, stack(0x00007f720b700000,0x00007f720b800000)]
  0x00007f7230217560 JavaThread "C1 CompilerThread0" daemon [_thread_blocked, id=19189, stack(0x00007f720b600000,0x00007f720b700000)]
  0x00007f72302209a0 JavaThread "Sweeper thread" daemon [_thread_blocked, id=19190, stack(0x00007f720b500000,0x00007f720b600000)]
  0x00007f72302c6240 JavaThread "Common-Cleaner" daemon [_thread_blocked, id=19191, stack(0x00007f720b400000,0x00007f720b500000)]
  0x00007f71f4095df0 JavaThread "C2 CompilerThread1" daemon [_thread_in_native, id=19192, stack(0x00007f720b300000,0x00007f720b400000)]
  0x00007f71f4097450 JavaThread "C2 CompilerThread2" daemon [_thread_blocked, id=19193, stack(0x00007f720b200000,0x00007f720b300000)]
  0x00007f72303ceba0 JavaThread "Notification Thread" daemon [_thread_blocked, id=19194, stack(0x00007f720b100000,0x00007f720b200000)]
  0x00007f72304bfa70 JavaThread "process reaper" daemon [_thread_blocked, id=19197, stack(0x00007f7234090000,0x00007f72340b2000)]
  0x00007f72305c0460 JavaThread "Active Thread: Equinox Container: fa795211-a4ce-485d-930c-67f3b4bb416b" [_thread_blocked, id=19203, stack(0x00007f720a9f4000,0x00007f720aaf4000)]
  0x00007f7230609cd0 JavaThread "Framework Event Dispatcher: Equinox Container: fa795211-a4ce-485d-930c-67f3b4bb416b" daemon [_thread_blocked, id=19204, stack(0x00007f720a8f4000,0x00007f720a9f4000)]
  0x00007f723060cc00 JavaThread "Start Level: Equinox Container: fa795211-a4ce-485d-930c-67f3b4bb416b" daemon [_thread_blocked, id=19205, stack(0x00007f720a7f4000,0x00007f720a8f4000)]
  0x00007f71b036ebc0 JavaThread "Bundle File Closer" daemon [_thread_blocked, id=19209, stack(0x00007f720a1fe000,0x00007f720a2fe000)]
  0x00007f71b048fa00 JavaThread "SCR Component Actor" daemon [_thread_blocked, id=19210, stack(0x00007f720a0fe000,0x00007f720a1fe000)]
  0x00007f71b04e8550 JavaThread "SCR Component Registry" daemon [_thread_blocked, id=19211, stack(0x00007f7209ffe000,0x00007f720a0fe000)]
  0x00007f71b03c2640 JavaThread "Worker-JM" [_thread_blocked, id=19212, stack(0x00007f7209efe000,0x00007f7209ffe000)]
  0x00007f71b01dd180 JavaThread "Worker-0" [_thread_blocked, id=19213, stack(0x00007f7209dfe000,0x00007f7209efe000)]
  0x00007f71b00ee4b0 JavaThread "Worker-1" [_thread_blocked, id=19214, stack(0x00007f7209cfe000,0x00007f7209dfe000)]
  0x00007f7190000ff0 JavaThread "Worker-2" [_thread_blocked, id=19215, stack(0x00007f7209bfe000,0x00007f7209cfe000)]
  0x00007f71b08c7630 JavaThread "Java indexing" daemon [_thread_blocked, id=19216, stack(0x00007f7209afe000,0x00007f7209bfe000)]

Other Threads:
  0x00007f72300695d0 VMThread "VM Thread" [stack: 0x00007f72340f3000,0x00007f72341f3000] [id=19182]
  0x00007f72300723b0 WatcherThread [stack: 0x00007f720b000000,0x00007f720b100000] [id=19195]
  0x00007f723003fd80 GCTaskThread "GC Thread#0" [stack: 0x00007f7236142000,0x00007f7236242000] [id=19181]
  0x00007f720c001250 GCTaskThread "GC Thread#1" [stack: 0x00007f720aefe000,0x00007f720affe000] [id=19198]
=>0x00007f720c003140 GCTaskThread "GC Thread#2" [stack: 0x00007f720adfc000,0x00007f720aefc000] [id=19199]
  0x00007f720c003af0 GCTaskThread "GC Thread#3" [stack: 0x00007f720acfa000,0x00007f720adfa000] [id=19200]
  0x00007f720c0044a0 GCTaskThread "GC Thread#4" [stack: 0x00007f720abf8000,0x00007f720acf8000] [id=19201]
  0x00007f720c004e50 GCTaskThread "GC Thread#5" [stack: 0x00007f720aaf6000,0x00007f720abf6000] [id=19202]
  0x00007f720c006250 GCTaskThread "GC Thread#6" [stack: 0x00007f720a6f4000,0x00007f720a7f4000] [id=19206]
  0x00007f720c006b90 GCTaskThread "GC Thread#7" [stack: 0x00007f720a300000,0x00007f720a400000] [id=19207]

Threads with active compile tasks:
C2 CompilerThread0     2557 3923       4       java.util.TreeMap::getEntry (77 bytes)
C2 CompilerThread1     2557 3746       4       org.lombokweb.asm.ClassReader::readMethod (1066 bytes)
C2 CompilerThread2     2557 3861       4       java.lang.invoke.MethodType::makeImpl (109 bytes)

VM state: at safepoint (normal execution)

VM Mutex/Monitor currently owned by a thread:  ([mutex/lock_event])
[0x00007f7230025260] Threads_lock - owner thread: 0x00007f72300695d0
[0x00007f7230025a10] Heap_lock - owner thread: 0x00007f723060cc00

Heap address: 0x00000000c0000000, size: 1024 MB, Compressed Oops mode: 32-bit

CDS archive(s) not mapped
Compressed class space mapped at: 0x0000000100000000-0x0000000140000000, reserved size: 1073741824
Narrow klass base: 0x0000000000000000, Narrow klass shift: 3, Narrow klass range: 0x140000000

GC Precious Log:
 CPUs: 8 total, 8 available
 Memory: 15413M
 Large Page Support: Disabled
 NUMA Support: Disabled
 Compressed Oops: Enabled (32-bit)
 Alignments: Space 512K, Generation 512K, Heap 2M
 Heap Min Capacity: 100M
 Heap Initial Capacity: 100M
 Heap Max Capacity: 1G
 Pre-touch: Disabled
 Parallel Workers: 8

Heap:
 PSYoungGen      total 24576K, used 1020K [0x00000000eab00000, 0x00000000ec900000, 0x0000000100000000)
  eden space 23552K, 0% used [0x00000000eab00000,0x00000000eab00000,0x00000000ec200000)
  from space 1024K, 99% used [0x00000000ec780000,0x00000000ec87f1d0,0x00000000ec880000)
  to   space 3584K, 0% used [0x00000000ec200000,0x00000000ec200000,0x00000000ec580000)
 ParOldGen       total 68608K, used 13825K [0x00000000c0000000, 0x00000000c4300000, 0x00000000eab00000)
  object space 68608K, 20% used [0x00000000c0000000,0x00000000c0d80488,0x00000000c4300000)
 Metaspace       used 35067K, committed 35840K, reserved 1114112K
  class space    used 3496K, committed 3840K, reserved 1048576K

Card table byte_map: [0x00007f7236242000,0x00007f7236443000] _byte_map_base: 0x00007f7235c42000

Marking Bits: (ParMarkBitMap*) 0x00007f7237b21ba0
 Begin Bits: [0x00007f721c200000, 0x00007f721d200000)
 End Bits:   [0x00007f721d200000, 0x00007f721e200000)

Polling page: 0x00007f7237e91000

Metaspace:

Usage:
  Non-class:     30.83 MB used.
      Class:      3.41 MB used.
       Both:     34.25 MB used.

Virtual space:
  Non-class space:       64.00 MB reserved,      31.25 MB ( 49%) committed,  1 nodes.
      Class space:        1.00 GB reserved,       3.75 MB ( <1%) committed,  1 nodes.
             Both:        1.06 GB reserved,      35.00 MB (  3%) committed. 

Chunk freelists:
   Non-Class:  384.00 KB
       Class:  12.13 MB
        Both:  12.51 MB

MaxMetaspaceSize: unlimited
CompressedClassSpaceSize: 1.00 GB
Initial GC threshold: 21.00 MB
Current GC threshold: 35.00 MB
CDS: off
MetaspaceReclaimPolicy: balanced
 - commit_granule_bytes: 65536.
 - commit_granule_words: 8192.
 - virtual_space_node_default_size: 8388608.
 - enlarge_chunks_in_place: 1.
 - new_chunks_are_fully_committed: 0.
 - uncommit_free_chunks: 1.
 - use_allocation_guard: 0.
 - handle_deallocations: 1.


Internal statistics:

num_allocs_failed_limit: 6.
num_arena_births: 586.
num_arena_deaths: 0.
num_vsnodes_births: 2.
num_vsnodes_deaths: 0.
num_space_committed: 560.
num_space_uncommitted: 0.
num_chunks_returned_to_freelist: 6.
num_chunks_taken_from_freelist: 1669.
num_chunk_merges: 6.
num_chunk_splits: 1086.
num_chunks_enlarged: 661.
num_inconsistent_stats: 0.

CodeHeap 'non-profiled nmethods': size=120028Kb used=1688Kb max_used=1688Kb free=118339Kb
 bounds [0x00007f7225cc9000, 0x00007f7225f39000, 0x00007f722d200000]
CodeHeap 'profiled nmethods': size=120028Kb used=8042Kb max_used=8042Kb free=111985Kb
 bounds [0x00007f721e200000, 0x00007f721e9e0000, 0x00007f7225737000]
CodeHeap 'non-nmethods': size=5704Kb used=1252Kb max_used=1271Kb free=4451Kb
 bounds [0x00007f7225737000, 0x00007f72259a7000, 0x00007f7225cc9000]
 total_blobs=4519 nmethods=3943 adapters=490
 compilation: enabled
              stopped_count=0, restarted_count=0
 full_count=0

Compilation events (20 events):
Event: 2.535 Thread 0x00007f7230217560 3949       3       java.security.MessageDigest$Delegate::engineDigest (8 bytes)
Event: 2.535 Thread 0x00007f7230217560 nmethod 3949 0x00007f721e9d9110 code [0x00007f721e9d92c0, 0x00007f721e9d9480]
Event: 2.535 Thread 0x00007f7230217560 3944       3       com.sun.org.apache.xerces.internal.util.XMLAttributesIteratorImpl::removeAllAttributes (10 bytes)
Event: 2.535 Thread 0x00007f7230217560 nmethod 3944 0x00007f721e9d9590 code [0x00007f721e9d9740, 0x00007f721e9d98b0]
Event: 2.535 Thread 0x00007f7230217560 3945       3       com.sun.org.apache.xerces.internal.util.XMLAttributesImpl::removeAllAttributes (6 bytes)
Event: 2.536 Thread 0x00007f7230217560 nmethod 3945 0x00007f721e9d9990 code [0x00007f721e9d9b20, 0x00007f721e9d9c30]
Event: 2.536 Thread 0x00007f7230217560 3942       3       com.sun.org.apache.xerces.internal.util.XMLAttributesImpl::setValue (27 bytes)
Event: 2.536 Thread 0x00007f7230217560 nmethod 3942 0x00007f721e9d9c90 code [0x00007f721e9d9e40, 0x00007f721e9d9fb0]
Event: 2.536 Thread 0x00007f7230217560 3943       3       com.sun.org.apache.xerces.internal.util.XMLAttributesImpl::setSpecified (11 bytes)
Event: 2.536 Thread 0x00007f7230217560 nmethod 3943 0x00007f721e9da090 code [0x00007f721e9da240, 0x00007f721e9da370]
Event: 2.536 Thread 0x00007f7230217560 3934       3       java.util.Hashtable::<init> (9 bytes)
Event: 2.536 Thread 0x00007f7230217560 nmethod 3934 0x00007f721e9da490 code [0x00007f721e9da660, 0x00007f721e9da7a0]
Event: 2.536 Thread 0x00007f7230217560 3947       1       com.sun.org.apache.xerces.internal.dom.NodeImpl::hasChildNodes (2 bytes)
Event: 2.536 Thread 0x00007f7230217560 nmethod 3947 0x00007f7225e6df90 code [0x00007f7225e6e120, 0x00007f7225e6e1f0]
Event: 2.536 Thread 0x00007f7230217560 3941       1       com.sun.org.apache.xerces.internal.dom.NodeImpl::getNamespaceURI (2 bytes)
Event: 2.536 Thread 0x00007f7230217560 nmethod 3941 0x00007f7225e6e290 code [0x00007f7225e6e420, 0x00007f7225e6e4f0]
Event: 2.537 Thread 0x00007f7230217560 3951       1       java.lang.ClassValue$ClassValueMap::getCache (5 bytes)
Event: 2.537 Thread 0x00007f7230217560 nmethod 3951 0x00007f7225e6e590 code [0x00007f7225e6e720, 0x00007f7225e6e7f0]
Event: 2.538 Thread 0x00007f72302160a0 nmethod 3920 0x00007f7225e6e890 code [0x00007f7225e6ea20, 0x00007f7225e6ef38]
Event: 2.538 Thread 0x00007f72302160a0 3923       4       java.util.TreeMap::getEntry (77 bytes)

GC Heap History (20 events):
Event: 0.917 GC heap after
{Heap after GC invocations=2 (full 0):
 PSYoungGen      total 29696K, used 4088K [0x00000000eab00000, 0x00000000ecc00000, 0x0000000100000000)
  eden space 25600K, 0% used [0x00000000eab00000,0x00000000eab00000,0x00000000ec400000)
  from space 4096K, 99% used [0x00000000ec800000,0x00000000ecbfe028,0x00000000ecc00000)
  to   space 4096K, 0% used [0x00000000ec400000,0x00000000ec400000,0x00000000ec800000)
 ParOldGen       total 68608K, used 1507K [0x00000000c0000000, 0x00000000c4300000, 0x00000000eab00000)
  object space 68608K, 2% used [0x00000000c0000000,0x00000000c0178f60,0x00000000c4300000)
 Metaspace       used 14998K, committed 15232K, reserved 1114112K
  class space    used 1520K, committed 1600K, reserved 1048576K
}
Event: 1.190 GC heap before
{Heap before GC invocations=3 (full 0):
 PSYoungGen      total 29696K, used 29687K [0x00000000eab00000, 0x00000000ecc00000, 0x0000000100000000)
  eden space 25600K, 99% used [0x00000000eab00000,0x00000000ec3ffcc0,0x00000000ec400000)
  from space 4096K, 99% used [0x00000000ec800000,0x00000000ecbfe028,0x00000000ecc00000)
  to   space 4096K, 0% used [0x00000000ec400000,0x00000000ec400000,0x00000000ec800000)
 ParOldGen       total 68608K, used 1507K [0x00000000c0000000, 0x00000000c4300000, 0x00000000eab00000)
  object space 68608K, 2% used [0x00000000c0000000,0x00000000c0178f60,0x00000000c4300000)
 Metaspace       used 17433K, committed 17728K, reserved 1114112K
  class space    used 1788K, committed 1920K, reserved 1048576K
}
Event: 1.196 GC heap after
{Heap after GC invocations=3 (full 0):
 PSYoungGen      total 29696K, used 4089K [0x00000000eab00000, 0x00000000ecc00000, 0x0000000100000000)
  eden space 25600K, 0% used [0x00000000eab00000,0x00000000eab00000,0x00000000ec400000)
  from space 4096K, 99% used [0x00000000ec400000,0x00000000ec7fe438,0x00000000ec800000)
  to   space 4096K, 0% used [0x00000000ec800000,0x00000000ec800000,0x00000000ecc00000)
 ParOldGen       total 68608K, used 5270K [0x00000000c0000000, 0x00000000c4300000, 0x00000000eab00000)
  object space 68608K, 7% used [0x00000000c0000000,0x00000000c05258f0,0x00000000c4300000)
 Metaspace       used 17433K, committed 17728K, reserved 1114112K
  class space    used 1788K, committed 1920K, reserved 1048576K
}
Event: 1.505 GC heap before
{Heap before GC invocations=4 (full 0):
 PSYoungGen      total 29696K, used 29689K [0x00000000eab00000, 0x00000000ecc00000, 0x0000000100000000)
  eden space 25600K, 100% used [0x00000000eab00000,0x00000000ec400000,0x00000000ec400000)
  from space 4096K, 99% used [0x00000000ec400000,0x00000000ec7fe438,0x00000000ec800000)
  to   space 4096K, 0% used [0x00000000ec800000,0x00000000ec800000,0x00000000ecc00000)
 ParOldGen       total 68608K, used 5270K [0x00000000c0000000, 0x00000000c4300000, 0x00000000eab00000)
  object space 68608K, 7% used [0x00000000c0000000,0x00000000c05258f0,0x00000000c4300000)
 Metaspace       used 20998K, committed 21440K, reserved 1114112K
  class space    used 2127K, committed 2304K, reserved 1048576K
}
Event: 1.508 GC heap after
{Heap after GC invocations=4 (full 0):
 PSYoungGen      total 29696K, used 4086K [0x00000000eab00000, 0x00000000ecc00000, 0x0000000100000000)
  eden space 25600K, 0% used [0x00000000eab00000,0x00000000eab00000,0x00000000ec400000)
  from space 4096K, 99% used [0x00000000ec800000,0x00000000ecbfdb48,0x00000000ecc00000)
  to   space 4096K, 0% used [0x00000000ec400000,0x00000000ec400000,0x00000000ec800000)
 ParOldGen       total 68608K, used 6324K [0x00000000c0000000, 0x00000000c4300000, 0x00000000eab00000)
  object space 68608K, 9% used [0x00000000c0000000,0x00000000c062d0d8,0x00000000c4300000)
 Metaspace       used 20998K, committed 21440K, reserved 1114112K
  class space    used 2127K, committed 2304K, reserved 1048576K
}
Event: 1.514 GC heap before
{Heap before GC invocations=5 (full 0):
 PSYoungGen      total 29696K, used 4794K [0x00000000eab00000, 0x00000000ecc00000, 0x0000000100000000)
  eden space 25600K, 2% used [0x00000000eab00000,0x00000000eabb0cf0,0x00000000ec400000)
  from space 4096K, 99% used [0x00000000ec800000,0x00000000ecbfdb48,0x00000000ecc00000)
  to   space 4096K, 0% used [0x00000000ec400000,0x00000000ec400000,0x00000000ec800000)
 ParOldGen       total 68608K, used 6324K [0x00000000c0000000, 0x00000000c4300000, 0x00000000eab00000)
  object space 68608K, 9% used [0x00000000c0000000,0x00000000c062d0d8,0x00000000c4300000)
 Metaspace       used 21130K, committed 21504K, reserved 1114112K
  class space    used 2136K, committed 2304K, reserved 1048576K
}
Event: 1.516 GC heap after
{Heap after GC invocations=5 (full 0):
 PSYoungGen      total 29696K, used 4079K [0x00000000eab00000, 0x00000000ece00000, 0x0000000100000000)
  eden space 25600K, 0% used [0x00000000eab00000,0x00000000eab00000,0x00000000ec400000)
  from space 4096K, 99% used [0x00000000ec400000,0x00000000ec7fbeb0,0x00000000ec800000)
  to   space 5120K, 0% used [0x00000000ec900000,0x00000000ec900000,0x00000000ece00000)
 ParOldGen       total 68608K, used 6417K [0x00000000c0000000, 0x00000000c4300000, 0x00000000eab00000)
  object space 68608K, 9% used [0x00000000c0000000,0x00000000c06445d0,0x00000000c4300000)
 Metaspace       used 21130K, committed 21504K, reserved 1114112K
  class space    used 2136K, committed 2304K, reserved 1048576K
}
Event: 1.516 GC heap before
{Heap before GC invocations=6 (full 1):
 PSYoungGen      total 29696K, used 4079K [0x00000000eab00000, 0x00000000ece00000, 0x0000000100000000)
  eden space 25600K, 0% used [0x00000000eab00000,0x00000000eab00000,0x00000000ec400000)
  from space 4096K, 99% used [0x00000000ec400000,0x00000000ec7fbeb0,0x00000000ec800000)
  to   space 5120K, 0% used [0x00000000ec900000,0x00000000ec900000,0x00000000ece00000)
 ParOldGen       total 68608K, used 6417K [0x00000000c0000000, 0x00000000c4300000, 0x00000000eab00000)
  object space 68608K, 9% used [0x00000000c0000000,0x00000000c06445d0,0x00000000c4300000)
 Metaspace       used 21130K, committed 21504K, reserved 1114112K
  class space    used 2136K, committed 2304K, reserved 1048576K
}
Event: 1.538 GC heap after
{Heap after GC invocations=6 (full 1):
 PSYoungGen      total 29696K, used 0K [0x00000000eab00000, 0x00000000ece00000, 0x0000000100000000)
  eden space 25600K, 0% used [0x00000000eab00000,0x00000000eab00000,0x00000000ec400000)
  from space 4096K, 0% used [0x00000000ec400000,0x00000000ec400000,0x00000000ec800000)
  to   space 5120K, 0% used [0x00000000ec900000,0x00000000ec900000,0x00000000ece00000)
 ParOldGen       total 68608K, used 10157K [0x00000000c0000000, 0x00000000c4300000, 0x00000000eab00000)
  object space 68608K, 14% used [0x00000000c0000000,0x00000000c09eb640,0x00000000c4300000)
 Metaspace       used 21130K, committed 21504K, reserved 1114112K
  class space    used 2136K, committed 2304K, reserved 1048576K
}
Event: 1.845 GC heap before
{Heap before GC invocations=7 (full 1):
 PSYoungGen      total 29696K, used 25600K [0x00000000eab00000, 0x00000000ece00000, 0x0000000100000000)
  eden space 25600K, 100% used [0x00000000eab00000,0x00000000ec400000,0x00000000ec400000)
  from space 4096K, 0% used [0x00000000ec400000,0x00000000ec400000,0x00000000ec800000)
  to   space 5120K, 0% used [0x00000000ec900000,0x00000000ec900000,0x00000000ece00000)
 ParOldGen       total 68608K, used 10157K [0x00000000c0000000, 0x00000000c4300000, 0x00000000eab00000)
  object space 68608K, 14% used [0x00000000c0000000,0x00000000c09eb640,0x00000000c4300000)
 Metaspace       used 24590K, committed 25152K, reserved 1114112K
  class space    used 2505K, committed 2752K, reserved 1048576K
}
Event: 1.847 GC heap after
{Heap after GC invocations=7 (full 1):
 PSYoungGen      total 26624K, used 1424K [0x00000000eab00000, 0x00000000eca80000, 0x0000000100000000)
  eden space 25088K, 0% used [0x00000000eab00000,0x00000000eab00000,0x00000000ec380000)
  from space 1536K, 92% used [0x00000000ec900000,0x00000000eca640a8,0x00000000eca80000)
  to   space 2560K, 0% used [0x00000000ec580000,0x00000000ec580000,0x00000000ec800000)
 ParOldGen       total 68608K, used 10165K [0x00000000c0000000, 0x00000000c4300000, 0x00000000eab00000)
  object space 68608K, 14% used [0x00000000c0000000,0x00000000c09ed640,0x00000000c4300000)
 Metaspace       used 24590K, committed 25152K, reserved 1114112K
  class space    used 2505K, committed 2752K, reserved 1048576K
}
Event: 2.123 GC heap before
{Heap before GC invocations=8 (full 1):
 PSYoungGen      total 26624K, used 26512K [0x00000000eab00000, 0x00000000eca80000, 0x0000000100000000)
  eden space 25088K, 100% used [0x00000000eab00000,0x00000000ec380000,0x00000000ec380000)
  from space 1536K, 92% used [0x00000000ec900000,0x00000000eca640a8,0x00000000eca80000)
  to   space 2560K, 0% used [0x00000000ec580000,0x00000000ec580000,0x00000000ec800000)
 ParOldGen       total 68608K, used 10165K [0x00000000c0000000, 0x00000000c4300000, 0x00000000eab00000)
  object space 68608K, 14% used [0x00000000c0000000,0x00000000c09ed640,0x00000000c4300000)
 Metaspace       used 27749K, committed 28416K, reserved 1114112K
  class space    used 2885K, committed 3136K, reserved 1048576K
}
Event: 2.125 GC heap after
{Heap after GC invocations=8 (full 1):
 PSYoungGen      total 27136K, used 2533K [0x00000000eab00000, 0x00000000ecb00000, 0x0000000100000000)
  eden space 24576K, 0% used [0x00000000eab00000,0x00000000eab00000,0x00000000ec300000)
  from space 2560K, 98% used [0x00000000ec580000,0x00000000ec7f96c8,0x00000000ec800000)
  to   space 3072K, 0% used [0x00000000ec800000,0x00000000ec800000,0x00000000ecb00000)
 ParOldGen       total 68608K, used 10972K [0x00000000c0000000, 0x00000000c4300000, 0x00000000eab00000)
  object space 68608K, 15% used [0x00000000c0000000,0x00000000c0ab73c8,0x00000000c4300000)
 Metaspace       used 27749K, committed 28416K, reserved 1114112K
  class space    used 2885K, committed 3136K, reserved 1048576K
}
Event: 2.262 GC heap before
{Heap before GC invocations=9 (full 1):
 PSYoungGen      total 27136K, used 27109K [0x00000000eab00000, 0x00000000ecb00000, 0x0000000100000000)
  eden space 24576K, 100% used [0x00000000eab00000,0x00000000ec300000,0x00000000ec300000)
  from space 2560K, 98% used [0x00000000ec580000,0x00000000ec7f96c8,0x00000000ec800000)
  to   space 3072K, 0% used [0x00000000ec800000,0x00000000ec800000,0x00000000ecb00000)
 ParOldGen       total 68608K, used 10972K [0x00000000c0000000, 0x00000000c4300000, 0x00000000eab00000)
  object space 68608K, 15% used [0x00000000c0000000,0x00000000c0ab73c8,0x00000000c4300000)
 Metaspace       used 30449K, committed 31168K, reserved 1114112K
  class space    used 3075K, committed 3392K, reserved 1048576K
}
Event: 2.263 GC heap after
{Heap after GC invocations=9 (full 1):
 PSYoungGen      total 27136K, used 2708K [0x00000000eab00000, 0x00000000ecb00000, 0x0000000100000000)
  eden space 24064K, 0% used [0x00000000eab00000,0x00000000eab00000,0x00000000ec280000)
  from space 3072K, 88% used [0x00000000ec800000,0x00000000ecaa5178,0x00000000ecb00000)
  to   space 3072K, 0% used [0x00000000ec500000,0x00000000ec500000,0x00000000ec800000)
 ParOldGen       total 68608K, used 10980K [0x00000000c0000000, 0x00000000c4300000, 0x00000000eab00000)
  object space 68608K, 16% used [0x00000000c0000000,0x00000000c0ab93c8,0x00000000c4300000)
 Metaspace       used 30449K, committed 31168K, reserved 1114112K
  class space    used 3075K, committed 3392K, reserved 1048576K
}
Event: 2.370 GC heap before
{Heap before GC invocations=10 (full 1):
 PSYoungGen      total 27136K, used 26772K [0x00000000eab00000, 0x00000000ecb00000, 0x0000000100000000)
  eden space 24064K, 100% used [0x00000000eab00000,0x00000000ec280000,0x00000000ec280000)
  from space 3072K, 88% used [0x00000000ec800000,0x00000000ecaa5178,0x00000000ecb00000)
  to   space 3072K, 0% used [0x00000000ec500000,0x00000000ec500000,0x00000000ec800000)
 ParOldGen       total 68608K, used 10980K [0x00000000c0000000, 0x00000000c4300000, 0x00000000eab00000)
  object space 68608K, 16% used [0x00000000c0000000,0x00000000c0ab93c8,0x00000000c4300000)
 Metaspace       used 32872K, committed 33600K, reserved 1114112K
  class space    used 3259K, committed 3584K, reserved 1048576K
}
Event: 2.372 GC heap after
{Heap after GC invocations=10 (full 1):
 PSYoungGen      total 26112K, used 2272K [0x00000000eab00000, 0x00000000ec880000, 0x0000000100000000)
  eden space 23552K, 0% used [0x00000000eab00000,0x00000000eab00000,0x00000000ec200000)
  from space 2560K, 88% used [0x00000000ec500000,0x00000000ec738378,0x00000000ec780000)
  to   space 1024K, 0% used [0x00000000ec780000,0x00000000ec780000,0x00000000ec880000)
 ParOldGen       total 68608K, used 11808K [0x00000000c0000000, 0x00000000c4300000, 0x00000000eab00000)
  object space 68608K, 17% used [0x00000000c0000000,0x00000000c0b880c0,0x00000000c4300000)
 Metaspace       used 32872K, committed 33600K, reserved 1114112K
  class space    used 3259K, committed 3584K, reserved 1048576K
}
Event: 2.538 GC heap before
{Heap before GC invocations=11 (full 1):
 PSYoungGen      total 26112K, used 15162K [0x00000000eab00000, 0x00000000ec880000, 0x0000000100000000)
  eden space 23552K, 54% used [0x00000000eab00000,0x00000000eb796580,0x00000000ec200000)
  from space 2560K, 88% used [0x00000000ec500000,0x00000000ec738378,0x00000000ec780000)
  to   space 1024K, 0% used [0x00000000ec780000,0x00000000ec780000,0x00000000ec880000)
 ParOldGen       total 68608K, used 11808K [0x00000000c0000000, 0x00000000c4300000, 0x00000000eab00000)
  object space 68608K, 17% used [0x00000000c0000000,0x00000000c0b880c0,0x00000000c4300000)
 Metaspace       used 35067K, committed 35840K, reserved 1114112K
  class space    used 3496K, committed 3840K, reserved 1048576K
}
Event: 2.540 GC heap after
{Heap after GC invocations=11 (full 1):
 PSYoungGen      total 24576K, used 1020K [0x00000000eab00000, 0x00000000ec900000, 0x0000000100000000)
  eden space 23552K, 0% used [0x00000000eab00000,0x00000000eab00000,0x00000000ec200000)
  from space 1024K, 99% used [0x00000000ec780000,0x00000000ec87f1d0,0x00000000ec880000)
  to   space 3584K, 0% used [0x00000000ec200000,0x00000000ec200000,0x00000000ec580000)
 ParOldGen       total 68608K, used 13825K [0x00000000c0000000, 0x00000000c4300000, 0x00000000eab00000)
  object space 68608K, 20% used [0x00000000c0000000,0x00000000c0d80488,0x00000000c4300000)
 Metaspace       used 35067K, committed 35840K, reserved 1114112K
  class space    used 3496K, committed 3840K, reserved 1048576K
}
Event: 2.540 GC heap before
{Heap before GC invocations=12 (full 2):
 PSYoungGen      total 24576K, used 1020K [0x00000000eab00000, 0x00000000ec900000, 0x0000000100000000)
  eden space 23552K, 0% used [0x00000000eab00000,0x00000000eab00000,0x00000000ec200000)
  from space 1024K, 99% used [0x00000000ec780000,0x00000000ec87f1d0,0x00000000ec880000)
  to   space 3584K, 0% used [0x00000000ec200000,0x00000000ec200000,0x00000000ec580000)
 ParOldGen       total 68608K, used 13825K [0x00000000c0000000, 0x00000000c4300000, 0x00000000eab00000)
  object space 68608K, 20% used [0x00000000c0000000,0x00000000c0d80488,0x00000000c4300000)
 Metaspace       used 35067K, committed 35840K, reserved 1114112K
  class space    used 3496K, committed 3840K, reserved 1048576K
}

Dll operation events (9 events):
Event: 0.002 Loaded shared library /home/emmanuel/.vscode/extensions/redhat.java-1.23.0-linux-x64/jre/17.0.8.1-linux-x86_64/lib/libjava.so
Event: 0.110 Loaded shared library /home/emmanuel/.vscode/extensions/redhat.java-1.23.0-linux-x64/jre/17.0.8.1-linux-x86_64/lib/libzip.so
Event: 0.111 Loaded shared library /home/emmanuel/.vscode/extensions/redhat.java-1.23.0-linux-x64/jre/17.0.8.1-linux-x86_64/lib/libinstrument.so
Event: 0.117 Loaded shared library /home/emmanuel/.vscode/extensions/redhat.java-1.23.0-linux-x64/jre/17.0.8.1-linux-x86_64/lib/libnio.so
Event: 0.124 Loaded shared library /home/emmanuel/.vscode/extensions/redhat.java-1.23.0-linux-x64/jre/17.0.8.1-linux-x86_64/lib/libzip.so
Event: 0.135 Loaded shared library /home/emmanuel/.vscode/extensions/redhat.java-1.23.0-linux-x64/jre/17.0.8.1-linux-x86_64/lib/libjimage.so
Event: 0.166 Loaded shared library /home/emmanuel/.vscode/extensions/redhat.java-1.23.0-linux-x64/jre/17.0.8.1-linux-x86_64/lib/libverify.so
Event: 0.581 Loaded shared library /home/emmanuel/.vscode/extensions/redhat.java-1.23.0-linux-x64/jre/17.0.8.1-linux-x86_64/lib/libnet.so
Event: 0.849 Loaded shared library /home/emmanuel/.config/Code/User/globalStorage/redhat.java/1.23.0/config_linux/org.eclipse.equinox.launcher/org.eclipse.equinox.launcher.gtk.linux.x86_64_1.2.700.v20221108-1024/eclipse_11801.so

Deoptimization events (20 events):
Event: 2.120 Thread 0x00007f71b00ee4b0 DEOPT PACKING pc=0x00007f721e4aef59 sp=0x00007f7209dfba50
Event: 2.120 Thread 0x00007f71b00ee4b0 DEOPT UNPACKING pc=0x00007f722578db2f sp=0x00007f7209dfaf88 mode 0
Event: 2.137 Thread 0x00007f71b00ee4b0 DEOPT PACKING pc=0x00007f721e4aef59 sp=0x00007f7209dfbea0
Event: 2.137 Thread 0x00007f71b00ee4b0 DEOPT UNPACKING pc=0x00007f722578db2f sp=0x00007f7209dfb3d0 mode 0
Event: 2.387 Thread 0x00007f723060cc00 Uncommon trap: trap_request=0xffffff45 fr.pc=0x00007f7225e0d714 relative=0x00000000000012d4
Event: 2.388 Thread 0x00007f723060cc00 Uncommon trap: reason=unstable_if action=reinterpret pc=0x00007f7225e0d714 method=java.util.Properties.loadConvert([CIILjava/lang/StringBuilder;)Ljava/lang/String; @ 463 c2
Event: 2.388 Thread 0x00007f723060cc00 DEOPT PACKING pc=0x00007f7225e0d714 sp=0x00007f720a8ec070
Event: 2.388 Thread 0x00007f723060cc00 DEOPT UNPACKING pc=0x00007f722578d399 sp=0x00007f720a8ec050 mode 2
Event: 2.397 Thread 0x00007f723060cc00 Uncommon trap: trap_request=0xffffff45 fr.pc=0x00007f7225db2698 relative=0x0000000000000078
Event: 2.397 Thread 0x00007f723060cc00 Uncommon trap: reason=unstable_if action=reinterpret pc=0x00007f7225db2698 method=com.sun.org.apache.xerces.internal.impl.XMLEntityScanner.checkBeforeLoad(Lcom/sun/xml/internal/stream/Entity$ScannedEntity;II)I @ 18 c2
Event: 2.397 Thread 0x00007f723060cc00 DEOPT PACKING pc=0x00007f7225db2698 sp=0x00007f720a8ece40
Event: 2.397 Thread 0x00007f723060cc00 DEOPT UNPACKING pc=0x00007f722578d399 sp=0x00007f720a8ecdf0 mode 2
Event: 2.479 Thread 0x00007f723060cc00 Uncommon trap: trap_request=0xffffff45 fr.pc=0x00007f7225dc6154 relative=0x0000000000000514
Event: 2.479 Thread 0x00007f723060cc00 Uncommon trap: reason=unstable_if action=reinterpret pc=0x00007f7225dc6154 method=java.util.Properties.getProperty(Ljava/lang/String;)Ljava/lang/String; @ 36 c2
Event: 2.479 Thread 0x00007f723060cc00 DEOPT PACKING pc=0x00007f7225dc6154 sp=0x00007f720a8f1970
Event: 2.479 Thread 0x00007f723060cc00 DEOPT UNPACKING pc=0x00007f722578d399 sp=0x00007f720a8f1948 mode 2
Event: 2.486 Thread 0x00007f723060cc00 Uncommon trap: trap_request=0xffffff45 fr.pc=0x00007f7225e65eb0 relative=0x0000000000000650
Event: 2.486 Thread 0x00007f723060cc00 Uncommon trap: reason=unstable_if action=reinterpret pc=0x00007f7225e65eb0 method=java.util.Properties.load0(Ljava/util/Properties$LineReader;)V @ 186 c2
Event: 2.486 Thread 0x00007f723060cc00 DEOPT PACKING pc=0x00007f7225e65eb0 sp=0x00007f720a8f0ff0
Event: 2.486 Thread 0x00007f723060cc00 DEOPT UNPACKING pc=0x00007f722578d399 sp=0x00007f720a8f0f88 mode 2

Classes unloaded (0 events):
No events

Classes redefined (0 events):
No events

Internal exceptions (20 events):
Event: 2.017 Thread 0x00007f723060cc00 Exception <a 'java/lang/NoSuchMethodError'{0x00000000ebbc45a0}: 'int java.lang.invoke.DirectMethodHandle$Holder.invokeStaticInit(java.lang.Object, double, double)'> (0x00000000ebbc45a0) 
thrown [src/hotspot/share/interpreter/linkResolver.cpp, line 758]
Event: 2.018 Thread 0x00007f723060cc00 Exception <a 'java/lang/NoSuchMethodError'{0x00000000ebbc9e40}: 'int java.lang.invoke.DirectMethodHandle$Holder.invokeStatic(java.lang.Object, long)'> (0x00000000ebbc9e40) 
thrown [src/hotspot/share/interpreter/linkResolver.cpp, line 758]
Event: 2.020 Thread 0x00007f723060cc00 Exception <a 'java/lang/NoSuchMethodError'{0x00000000ebbf2298}: 'int java.lang.invoke.Invokers$Holder.linkToTargetMethod(java.lang.Object, java.lang.Object)'> (0x00000000ebbf2298) 
thrown [src/hotspot/share/interpreter/linkResolver.cpp, line 758]
Event: 2.041 Thread 0x00007f723060cc00 Exception <a 'java/lang/NoSuchMethodError'{0x00000000ebcb05e8}: 'java.lang.Object java.lang.invoke.DirectMethodHandle$Holder.newInvokeSpecial(java.lang.Object, java.lang.Object, java.lang.Object, java.lang.Object, java.lang.Object)'> (0x00000000ebcb05e8) 
thrown [src/hotspot/share/interpreter/linkResolver.cpp, line 758]
Event: 2.044 Thread 0x00007f723060cc00 Exception <a 'java/lang/NoSuchMethodError'{0x00000000ebcd4af8}: 'java.lang.Object java.lang.invoke.DirectMethodHandle$Holder.invokeSpecial(java.lang.Object, java.lang.Object, java.lang.Object, java.lang.Object, java.lang.Object, java.lang.Object, java.lang.Object, java.lang.Object, java.lang.Object, java.lang.Object, java.lang.Object)'> (0x00000000ebcd4af8) 
thrown [src/hotspot/share/interpreter/linkResolver.cpp, line 758]
Event: 2.044 Thread 0x00007f723060cc00 Exception <a 'java/lang/NoSuchMethodError'{0x00000000ebcda2b8}: 'java.lang.Object java.lang.invoke.Invokers$Holder.invoke_MT(java.lang.Object, java.lang.Object, java.lang.Object, java.lang.Object, java.lang.Object, java.lang.Object, java.lang.Object, java.lang.Object, java.lang.Object, java.lang.Object, java.lang.Object)'> (0x00000000ebcda2b8) 
thrown [src/hotspot/share/interpreter/linkResolver.cpp, line 758]
Event: 2.053 Thread 0x00007f723060cc00 Exception <a 'java/lang/NoSuchMethodError'{0x00000000ebd6b338}: 'java.lang.Object java.lang.invoke.DirectMethodHandle$Holder.invokeSpecial(java.lang.Object, java.lang.Object, java.lang.Object, java.lang.Object, java.lang.Object, java.lang.Object, java.lang.Object, java.lang.Object, java.lang.Object, java.lang.Object)'> (0x00000000ebd6b338) 
thrown [src/hotspot/share/interpreter/linkResolver.cpp, line 758]
Event: 2.054 Thread 0x00007f723060cc00 Exception <a 'java/lang/NoSuchMethodError'{0x00000000ebd70588}: 'java.lang.Object java.lang.invoke.Invokers$Holder.invoke_MT(java.lang.Object, java.lang.Object, java.lang.Object, java.lang.Object, java.lang.Object, java.lang.Object, java.lang.Object, java.lang.Object, java.lang.Object, java.lang.Object)'> (0x00000000ebd70588) 
thrown [src/hotspot/share/interpreter/linkResolver.cpp, line 758]
Event: 2.064 Thread 0x00007f723060cc00 Exception <a 'java/lang/NoSuchMethodError'{0x00000000ebe11b08}: 'java.lang.Object java.lang.invoke.DirectMethodHandle$Holder.newInvokeSpecial(java.lang.Object, java.lang.Object, java.lang.Object, java.lang.Object, java.lang.Object, java.lang.Object, java.lang.Object)'> (0x00000000ebe11b08) 
thrown [src/hotspot/share/interpreter/linkResolver.cpp, line 758]
Event: 2.071 Thread 0x00007f723060cc00 Exception <a 'java/lang/NoSuchMethodError'{0x00000000ebe7ea08}: 'java.lang.Object java.lang.invoke.DirectMethodHandle$Holder.invokeSpecial(java.lang.Object, java.lang.Object, java.lang.Object, java.lang.Object, java.lang.Object, java.lang.Object, java.lang.Object, java.lang.Object, java.lang.Object, java.lang.Object, java.lang.Object, java.lang.Object, java.lang.Object)'> (0x00000000ebe7ea08) 
thrown [src/hotspot/share/interpreter/linkResolver.cpp, line 758]
Event: 2.071 Thread 0x00007f723060cc00 Exception <a 'java/lang/NoSuchMethodError'{0x00000000ebe84538}: 'java.lang.Object java.lang.invoke.Invokers$Holder.invoker(java.lang.Object, java.lang.Object, java.lang.Object, java.lang.Object, java.lang.Object, java.lang.Object, java.lang.Object, java.lang.Object, java.lang.Object, java.lang.Object, java.lang.Object, java.lang.Object, java.lang.Object)'> (0x00000000ebe84538) 
thrown [src/hotspot/share/interpreter/linkResolver.cpp, line 758]
Event: 2.072 Thread 0x00007f723060cc00 Exception <a 'java/lang/NoSuchMethodError'{0x00000000ebe8b238}: 'java.lang.Object java.lang.invoke.DirectMethodHandle$Holder.invokeSpecial(java.lang.Object, java.lang.Object, java.lang.Object, java.lang.Object, java.lang.Object, java.lang.Object, java.lang.Object, java.lang.Object, java.lang.Object, java.lang.Object, java.lang.Object, java.lang.Object, java.lang.Object, java.lang.Object)'> (0x00000000ebe8b238) 
thrown [src/hotspot/share/interpreter/linkResolver.cpp, line 758]
Event: 2.076 Thread 0x00007f723060cc00 Exception <a 'java/lang/NoSuchMethodError'{0x00000000ebef35f8}: static Lorg/eclipse/m2e/core/internal/lifecyclemapping/model/PluginExecutionMetadata;.<clinit>()V> (0x00000000ebef35f8) 
thrown [src/hotspot/share/prims/jni.cpp, line 1107]
Event: 2.080 Thread 0x00007f723060cc00 Exception <a 'java/lang/NoSuchMethodError'{0x00000000ebf52318}: static Lorg/eclipse/m2e/core/internal/lifecyclemapping/model/PluginExecutionFilter;.<clinit>()V> (0x00000000ebf52318) 
thrown [src/hotspot/share/prims/jni.cpp, line 1107]
Event: 2.084 Thread 0x00007f723060cc00 Exception <a 'java/lang/NoSuchMethodError'{0x00000000ebf87b88}: static Lorg/eclipse/m2e/core/internal/project/registry/MavenProjectFacade$MavenProjectConfiguration;.<clinit>()V> (0x00000000ebf87b88) 
thrown [src/hotspot/share/prims/jni.cpp, line 1107]
Event: 2.402 Thread 0x00007f723060cc00 Exception <a 'java/lang/ClassNotFoundException'{0x00000000eadc7890}: com/sun/org/apache/xerces/internal/impl/msg/spi/DOMMessagesProvider> (0x00000000eadc7890) 
thrown [src/hotspot/share/classfile/systemDictionary.cpp, line 256]
Event: 2.403 Thread 0x00007f723060cc00 Exception <a 'java/lang/ClassNotFoundException'{0x00000000eadd9018}: com/sun/org/apache/xerces/internal/impl/msg/spi/XMLSerializerMessagesProvider> (0x00000000eadd9018) 
thrown [src/hotspot/share/classfile/systemDictionary.cpp, line 256]
Event: 2.403 Thread 0x00007f723060cc00 Exception <a 'java/lang/ClassNotFoundException'{0x00000000eade6250}: com/sun/org/apache/xerces/internal/impl/msg/spi/XMLMessagesProvider> (0x00000000eade6250) 
thrown [src/hotspot/share/classfile/systemDictionary.cpp, line 256]
Event: 2.421 Thread 0x00007f723060cc00 Exception <a 'java/lang/NoSuchMethodError'{0x00000000eaf50a38}: 'void java.lang.invoke.DirectMethodHandle$Holder.invokeVirtual(java.lang.Object, java.lang.Object)'> (0x00000000eaf50a38) 
thrown [src/hotspot/share/interpreter/linkResolver.cpp, line 758]
Event: 2.483 Thread 0x00007f723060cc00 Exception <a 'java/lang/ClassNotFoundException'{0x00000000eb4711b8}: com/sun/org/apache/xml/internal/serializer/spi/XMLEntitiesProvider> (0x00000000eb4711b8) 
thrown [src/hotspot/share/classfile/systemDictionary.cpp, line 256]

VM Operations (20 events):
Event: 1.837 Executing VM operation: ICBufferFull done
Event: 1.845 Executing VM operation: ParallelGCFailedAllocation
Event: 1.847 Executing VM operation: ParallelGCFailedAllocation done
Event: 1.930 Executing VM operation: HandshakeAllThreads
Event: 1.930 Executing VM operation: HandshakeAllThreads done
Event: 2.002 Executing VM operation: HandshakeAllThreads
Event: 2.002 Executing VM operation: HandshakeAllThreads done
Event: 2.038 Executing VM operation: HandshakeAllThreads
Event: 2.038 Executing VM operation: HandshakeAllThreads done
Event: 2.122 Executing VM operation: ParallelGCFailedAllocation
Event: 2.125 Executing VM operation: ParallelGCFailedAllocation done
Event: 2.262 Executing VM operation: ParallelGCFailedAllocation
Event: 2.263 Executing VM operation: ParallelGCFailedAllocation done
Event: 2.370 Executing VM operation: ParallelGCFailedAllocation
Event: 2.372 Executing VM operation: ParallelGCFailedAllocation done
Event: 2.440 Executing VM operation: HandshakeAllThreads
Event: 2.440 Executing VM operation: HandshakeAllThreads done
Event: 2.482 Executing VM operation: HandshakeAllThreads
Event: 2.482 Executing VM operation: HandshakeAllThreads done
Event: 2.538 Executing VM operation: CollectForMetadataAllocation

Events (20 events):
Event: 2.523 loading class sun/nio/cs/DelegatableDecoder
Event: 2.523 loading class sun/nio/cs/DelegatableDecoder done
Event: 2.525 loading class com/sun/org/apache/xml/internal/serializer/NamespaceMappings
Event: 2.525 loading class com/sun/org/apache/xml/internal/serializer/NamespaceMappings done
Event: 2.525 loading class com/sun/org/apache/xml/internal/serializer/NamespaceMappings$MappingRecord
Event: 2.525 loading class com/sun/org/apache/xml/internal/serializer/NamespaceMappings$MappingRecord done
Event: 2.526 loading class javax/xml/transform/stream/StreamSource
Event: 2.526 loading class javax/xml/transform/stream/StreamSource done
Event: 2.526 loading class javax/xml/transform/sax/SAXSource
Event: 2.526 loading class javax/xml/transform/sax/SAXSource done
Event: 2.526 loading class javax/xml/transform/stax/StAXSource
Event: 2.526 loading class javax/xml/transform/stax/StAXSource done
Event: 2.526 loading class com/sun/org/apache/xalan/internal/xsltc/trax/DOM2TO
Event: 2.526 loading class com/sun/org/apache/xalan/internal/xsltc/trax/DOM2TO done
Event: 2.528 loading class com/sun/org/apache/xml/internal/serializer/WriterToUTF8Buffered
Event: 2.528 loading class com/sun/org/apache/xml/internal/serializer/WriterChain
Event: 2.528 loading class com/sun/org/apache/xml/internal/serializer/WriterChain done
Event: 2.529 loading class com/sun/org/apache/xml/internal/serializer/WriterToUTF8Buffered done
Event: 2.529 loading class com/sun/org/apache/xml/internal/serializer/WriterToASCI
Event: 2.529 loading class com/sun/org/apache/xml/internal/serializer/WriterToASCI done


Dynamic libraries:
c0000000-c4300000 rw-p 00000000 00:00 0 
c4300000-eab00000 ---p 00000000 00:00 0 
eab00000-ec900000 rw-p 00000000 00:00 0 
ec900000-100000000 ---p 00000000 00:00 0 
100000000-100010000 rw-p 00000000 00:00 0 
100010000-100030000 rw-p 00000000 00:00 0 
100030000-1000b0000 rw-p 00000000 00:00 0 
1000b0000-1000d0000 rw-p 00000000 00:00 0 
1000d0000-100130000 rw-p 00000000 00:00 0 
100130000-100170000 rw-p 00000000 00:00 0 
100170000-1001f0000 rw-p 00000000 00:00 0 
1001f0000-1002d0000 rw-p 00000000 00:00 0 
1002d0000-1002f0000 rw-p 00000000 00:00 0 
1002f0000-1003a0000 rw-p 00000000 00:00 0 
1003a0000-1003c0000 ---p 00000000 00:00 0 
1003c0000-1003e0000 rw-p 00000000 00:00 0 
1003e0000-140000000 ---p 00000000 00:00 0 
55871f18b000-55871f18c000 r--p 00000000 103:05 5384145                   /home/emmanuel/.vscode/extensions/redhat.java-1.23.0-linux-x64/jre/17.0.8.1-linux-x86_64/bin/java
55871f18c000-55871f18d000 r-xp 00001000 103:05 5384145                   /home/emmanuel/.vscode/extensions/redhat.java-1.23.0-linux-x64/jre/17.0.8.1-linux-x86_64/bin/java
55871f18d000-55871f18e000 r--p 00002000 103:05 5384145                   /home/emmanuel/.vscode/extensions/redhat.java-1.23.0-linux-x64/jre/17.0.8.1-linux-x86_64/bin/java
55871f18e000-55871f18f000 r--p 00002000 103:05 5384145                   /home/emmanuel/.vscode/extensions/redhat.java-1.23.0-linux-x64/jre/17.0.8.1-linux-x86_64/bin/java
55871f18f000-55871f190000 rw-p 00003000 103:05 5384145                   /home/emmanuel/.vscode/extensions/redhat.java-1.23.0-linux-x64/jre/17.0.8.1-linux-x86_64/bin/java
55871f21c000-55871f264000 rw-p 00000000 00:00 0                          [heap]
7f7188000000-7f7188021000 rw-p 00000000 00:00 0 
7f7188021000-7f718c000000 ---p 00000000 00:00 0 
7f7190000000-7f7190058000 rw-p 00000000 00:00 0 
7f7190058000-7f7194000000 ---p 00000000 00:00 0 
7f7194000000-7f7194021000 rw-p 00000000 00:00 0 
7f7194021000-7f7198000000 ---p 00000000 00:00 0 
7f7198000000-7f7198021000 rw-p 00000000 00:00 0 
7f7198021000-7f719c000000 ---p 00000000 00:00 0 
7f719c000000-7f719c021000 rw-p 00000000 00:00 0 
7f719c021000-7f71a0000000 ---p 00000000 00:00 0 
7f71a0000000-7f71a0021000 rw-p 00000000 00:00 0 
7f71a0021000-7f71a4000000 ---p 00000000 00:00 0 
7f71a4000000-7f71a4021000 rw-p 00000000 00:00 0 
7f71a4021000-7f71a8000000 ---p 00000000 00:00 0 
7f71a8000000-7f71a8021000 rw-p 00000000 00:00 0 
7f71a8021000-7f71ac000000 ---p 00000000 00:00 0 
7f71ac000000-7f71ac021000 rw-p 00000000 00:00 0 
7f71ac021000-7f71b0000000 ---p 00000000 00:00 0 
7f71b0000000-7f71b099a000 rw-p 00000000 00:00 0 
7f71b099a000-7f71b4000000 ---p 00000000 00:00 0 
7f71b4000000-7f71b4021000 rw-p 00000000 00:00 0 
7f71b4021000-7f71b8000000 ---p 00000000 00:00 0 
7f71b8000000-7f71b8021000 rw-p 00000000 00:00 0 
7f71b8021000-7f71bc000000 ---p 00000000 00:00 0 
7f71bc000000-7f71bc021000 rw-p 00000000 00:00 0 
7f71bc021000-7f71c0000000 ---p 00000000 00:00 0 
7f71c0000000-7f71c0021000 rw-p 00000000 00:00 0 
7f71c0021000-7f71c4000000 ---p 00000000 00:00 0 
7f71c4000000-7f71c4021000 rw-p 00000000 00:00 0 
7f71c4021000-7f71c8000000 ---p 00000000 00:00 0 
7f71c8000000-7f71c8021000 rw-p 00000000 00:00 0 
7f71c8021000-7f71cc000000 ---p 00000000 00:00 0 
7f71cc000000-7f71cc021000 rw-p 00000000 00:00 0 
7f71cc021000-7f71d0000000 ---p 00000000 00:00 0 
7f71d0000000-7f71d0021000 rw-p 00000000 00:00 0 
7f71d0021000-7f71d4000000 ---p 00000000 00:00 0 
7f71d4000000-7f71d4021000 rw-p 00000000 00:00 0 
7f71d4021000-7f71d8000000 ---p 00000000 00:00 0 
7f71d8000000-7f71d8021000 rw-p 00000000 00:00 0 
7f71d8021000-7f71dc000000 ---p 00000000 00:00 0 
7f71dc000000-7f71dc021000 rw-p 00000000 00:00 0 
7f71dc021000-7f71e0000000 ---p 00000000 00:00 0 
7f71e0000000-7f71e0911000 rw-p 00000000 00:00 0 
7f71e0911000-7f71e4000000 ---p 00000000 00:00 0 
7f71e4000000-7f71e48a2000 rw-p 00000000 00:00 0 
7f71e48a2000-7f71e8000000 ---p 00000000 00:00 0 
7f71e8000000-7f71e8021000 rw-p 00000000 00:00 0 
7f71e8021000-7f71ec000000 ---p 00000000 00:00 0 
7f71ec000000-7f71ec021000 rw-p 00000000 00:00 0 
7f71ec021000-7f71f0000000 ---p 00000000 00:00 0 
7f71f0000000-7f71f05b8000 rw-p 00000000 00:00 0 
7f71f05b8000-7f71f4000000 ---p 00000000 00:00 0 
7f71f4000000-7f71f4469000 rw-p 00000000 00:00 0 
7f71f4469000-7f71f8000000 ---p 00000000 00:00 0 
7f71f8000000-7f71f8021000 rw-p 00000000 00:00 0 
7f71f8021000-7f71fc000000 ---p 00000000 00:00 0 
7f71fc000000-7f71fc021000 rw-p 00000000 00:00 0 
7f71fc021000-7f7200000000 ---p 00000000 00:00 0 
7f7200000000-7f7200021000 rw-p 00000000 00:00 0 
7f7200021000-7f7204000000 ---p 00000000 00:00 0 
7f7204000000-7f7204021000 rw-p 00000000 00:00 0 
7f7204021000-7f7208000000 ---p 00000000 00:00 0 
7f7209430000-7f7209afe000 rw-p 00000000 00:00 0 
7f7209afe000-7f7209b02000 ---p 00000000 00:00 0 
7f7209b02000-7f7209bfe000 rw-p 00000000 00:00 0 
7f7209bfe000-7f7209c02000 ---p 00000000 00:00 0 
7f7209c02000-7f7209cfe000 rw-p 00000000 00:00 0 
7f7209cfe000-7f7209d02000 ---p 00000000 00:00 0 
7f7209d02000-7f7209dfe000 rw-p 00000000 00:00 0 
7f7209dfe000-7f7209e02000 ---p 00000000 00:00 0 
7f7209e02000-7f7209efe000 rw-p 00000000 00:00 0 
7f7209efe000-7f7209f02000 ---p 00000000 00:00 0 
7f7209f02000-7f7209ffe000 rw-p 00000000 00:00 0 
7f7209ffe000-7f720a002000 ---p 00000000 00:00 0 
7f720a002000-7f720a0fe000 rw-p 00000000 00:00 0 
7f720a0fe000-7f720a102000 ---p 00000000 00:00 0 
7f720a102000-7f720a1fe000 rw-p 00000000 00:00 0 
7f720a1fe000-7f720a202000 ---p 00000000 00:00 0 
7f720a202000-7f720a2fe000 rw-p 00000000 00:00 0 
7f720a2fe000-7f720a2ff000 ---p 00000000 00:00 0 
7f720a2ff000-7f720a400000 rw-p 00000000 00:00 0 
7f720a400000-7f720a410000 r-xp 00000000 103:05 5384788                   /home/emmanuel/.config/Code/User/globalStorage/redhat.java/1.23.0/config_linux/org.eclipse.equinox.launcher/org.eclipse.equinox.launcher.gtk.linux.x86_64_1.2.700.v20221108-1024/eclipse_11801.so
7f720a410000-7f720a60f000 ---p 00010000 103:05 5384788                   /home/emmanuel/.config/Code/User/globalStorage/redhat.java/1.23.0/config_linux/org.eclipse.equinox.launcher/org.eclipse.equinox.launcher.gtk.linux.x86_64_1.2.700.v20221108-1024/eclipse_11801.so
7f720a60f000-7f720a610000 r--p 0000f000 103:05 5384788                   /home/emmanuel/.config/Code/User/globalStorage/redhat.java/1.23.0/config_linux/org.eclipse.equinox.launcher/org.eclipse.equinox.launcher.gtk.linux.x86_64_1.2.700.v20221108-1024/eclipse_11801.so
7f720a610000-7f720a611000 rw-p 00010000 103:05 5384788                   /home/emmanuel/.config/Code/User/globalStorage/redhat.java/1.23.0/config_linux/org.eclipse.equinox.launcher/org.eclipse.equinox.launcher.gtk.linux.x86_64_1.2.700.v20221108-1024/eclipse_11801.so
7f720a611000-7f720a612000 rw-p 00000000 00:00 0 
7f720a6f2000-7f720a6f3000 ---p 00000000 00:00 0 
7f720a6f3000-7f720a7f4000 rw-p 00000000 00:00 0 
7f720a7f4000-7f720a7f8000 ---p 00000000 00:00 0 
7f720a7f8000-7f720a8f4000 rw-p 00000000 00:00 0 
7f720a8f4000-7f720a8f8000 ---p 00000000 00:00 0 
7f720a8f8000-7f720a9f4000 rw-p 00000000 00:00 0 
7f720a9f4000-7f720a9f8000 ---p 00000000 00:00 0 
7f720a9f8000-7f720aaf4000 rw-p 00000000 00:00 0 
7f720aaf4000-7f720aaf5000 ---p 00000000 00:00 0 
7f720aaf5000-7f720abf6000 rw-p 00000000 00:00 0 
7f720abf6000-7f720abf7000 ---p 00000000 00:00 0 
7f720abf7000-7f720acf8000 rw-p 00000000 00:00 0 
7f720acf8000-7f720acf9000 ---p 00000000 00:00 0 
7f720acf9000-7f720adfa000 rw-p 00000000 00:00 0 
7f720adfa000-7f720adfb000 ---p 00000000 00:00 0 
7f720adfb000-7f720aefc000 rw-p 00000000 00:00 0 
7f720aefc000-7f720aefd000 ---p 00000000 00:00 0 
7f720aefd000-7f720affe000 rw-p 00000000 00:00 0 
7f720affe000-7f720afff000 ---p 00000000 00:00 0 
7f720afff000-7f720b100000 rw-p 00000000 00:00 0 
7f720b100000-7f720b104000 ---p 00000000 00:00 0 
7f720b104000-7f720b200000 rw-p 00000000 00:00 0 
7f720b200000-7f720b204000 ---p 00000000 00:00 0 
7f720b204000-7f720b300000 rw-p 00000000 00:00 0 
7f720b300000-7f720b304000 ---p 00000000 00:00 0 
7f720b304000-7f720b400000 rw-p 00000000 00:00 0 
7f720b400000-7f720b404000 ---p 00000000 00:00 0 
7f720b404000-7f720b500000 rw-p 00000000 00:00 0 
7f720b500000-7f720b504000 ---p 00000000 00:00 0 
7f720b504000-7f720b600000 rw-p 00000000 00:00 0 
7f720b600000-7f720b604000 ---p 00000000 00:00 0 
7f720b604000-7f720b700000 rw-p 00000000 00:00 0 
7f720b700000-7f720b704000 ---p 00000000 00:00 0 
7f720b704000-7f720b800000 rw-p 00000000 00:00 0 
7f720b800000-7f720b804000 ---p 00000000 00:00 0 
7f720b804000-7f720b900000 rw-p 00000000 00:00 0 
7f720b900000-7f720b904000 ---p 00000000 00:00 0 
7f720b904000-7f720ba00000 rw-p 00000000 00:00 0 
7f720ba00000-7f720bf73000 r--p 00000000 103:05 4329506                   /usr/lib/locale/locale-archive
7f720c000000-7f720c021000 rw-p 00000000 00:00 0 
7f720c021000-7f7210000000 ---p 00000000 00:00 0 
7f7210000000-7f7210021000 rw-p 00000000 00:00 0 
7f7210021000-7f7214000000 ---p 00000000 00:00 0 
7f7214000000-7f72143f0000 rw-p 00000000 00:00 0 
7f72143f0000-7f7214450000 rw-p 00000000 00:00 0 
7f7214450000-7f7214470000 rw-p 00000000 00:00 0 
7f7214470000-7f72144f0000 rw-p 00000000 00:00 0 
7f72144f0000-7f72147f0000 rw-p 00000000 00:00 0 
7f72147f0000-7f72148f0000 rw-p 00000000 00:00 0 
7f72148f0000-7f7214b70000 rw-p 00000000 00:00 0 
7f7214b70000-7f7214bf0000 rw-p 00000000 00:00 0 
7f7214bf0000-7f7214cf0000 rw-p 00000000 00:00 0 
7f7214cf0000-7f7214df0000 rw-p 00000000 00:00 0 
7f7214df0000-7f7214ef0000 rw-p 00000000 00:00 0 
7f7214ef0000-7f7214ff0000 rw-p 00000000 00:00 0 
7f7214ff0000-7f72151b0000 rw-p 00000000 00:00 0 
7f72151b0000-7f72152f0000 rw-p 00000000 00:00 0 
7f72152f0000-7f72153f0000 rw-p 00000000 00:00 0 
7f72153f0000-7f7215770000 rw-p 00000000 00:00 0 
7f7215770000-7f72157f0000 rw-p 00000000 00:00 0 
7f72157f0000-7f7215db0000 rw-p 00000000 00:00 0 
7f7215db0000-7f7215ea0000 rw-p 00000000 00:00 0 
7f7215ea0000-7f7215f00000 ---p 00000000 00:00 0 
7f7215f00000-7f7215fa0000 rw-p 00000000 00:00 0 
7f7215fa0000-7f7218000000 ---p 00000000 00:00 0 
7f7218000000-7f7218021000 rw-p 00000000 00:00 0 
7f7218021000-7f721c000000 ---p 00000000 00:00 0 
7f721c000000-7f721c004000 ---p 00000000 00:00 0 
7f721c004000-7f721c100000 rw-p 00000000 00:00 0 
7f721c100000-7f721c104000 ---p 00000000 00:00 0 
7f721c104000-7f721e200000 rw-p 00000000 00:00 0 
7f721e200000-7f721e9e0000 rwxp 00000000 00:00 0 
7f721e9e0000-7f7225737000 ---p 00000000 00:00 0 
7f7225737000-7f72259a7000 rwxp 00000000 00:00 0 
7f72259a7000-7f7225cc9000 ---p 00000000 00:00 0 
7f7225cc9000-7f7225f39000 rwxp 00000000 00:00 0 
7f7225f39000-7f722d200000 ---p 00000000 00:00 0 
7f722d200000-7f722fe1b000 r--s 00000000 103:05 5384551                   /home/emmanuel/.vscode/extensions/redhat.java-1.23.0-linux-x64/jre/17.0.8.1-linux-x86_64/lib/modules
7f722ff00000-7f722ff04000 ---p 00000000 00:00 0 
7f722ff04000-7f7230000000 rw-p 00000000 00:00 0 
7f7230000000-7f7230643000 rw-p 00000000 00:00 0 
7f7230643000-7f7234000000 ---p 00000000 00:00 0 
7f7234090000-7f7234094000 ---p 00000000 00:00 0 
7f7234094000-7f72340b2000 rw-p 00000000 00:00 0 
7f72340b2000-7f72340b6000 r--p 00000000 103:05 5384549                   /home/emmanuel/.vscode/extensions/redhat.java-1.23.0-linux-x64/jre/17.0.8.1-linux-x86_64/lib/libverify.so
7f72340b6000-7f72340bd000 r-xp 00004000 103:05 5384549                   /home/emmanuel/.vscode/extensions/redhat.java-1.23.0-linux-x64/jre/17.0.8.1-linux-x86_64/lib/libverify.so
7f72340bd000-7f72340bf000 r--p 0000b000 103:05 5384549                   /home/emmanuel/.vscode/extensions/redhat.java-1.23.0-linux-x64/jre/17.0.8.1-linux-x86_64/lib/libverify.so
7f72340bf000-7f72340c1000 r--p 0000c000 103:05 5384549                   /home/emmanuel/.vscode/extensions/redhat.java-1.23.0-linux-x64/jre/17.0.8.1-linux-x86_64/lib/libverify.so
7f72340c1000-7f72340c2000 rw-p 0000e000 103:05 5384549                   /home/emmanuel/.vscode/extensions/redhat.java-1.23.0-linux-x64/jre/17.0.8.1-linux-x86_64/lib/libverify.so
7f72340c2000-7f72340c6000 r--p 00000000 103:05 5384542                   /home/emmanuel/.vscode/extensions/redhat.java-1.23.0-linux-x64/jre/17.0.8.1-linux-x86_64/lib/libnet.so
7f72340c6000-7f72340d4000 r-xp 00004000 103:05 5384542                   /home/emmanuel/.vscode/extensions/redhat.java-1.23.0-linux-x64/jre/17.0.8.1-linux-x86_64/lib/libnet.so
7f72340d4000-7f72340d8000 r--p 00012000 103:05 5384542                   /home/emmanuel/.vscode/extensions/redhat.java-1.23.0-linux-x64/jre/17.0.8.1-linux-x86_64/lib/libnet.so
7f72340d8000-7f72340d9000 r--p 00015000 103:05 5384542                   /home/emmanuel/.vscode/extensions/redhat.java-1.23.0-linux-x64/jre/17.0.8.1-linux-x86_64/lib/libnet.so
7f72340d9000-7f72340da000 rw-p 00016000 103:05 5384542                   /home/emmanuel/.vscode/extensions/redhat.java-1.23.0-linux-x64/jre/17.0.8.1-linux-x86_64/lib/libnet.so
7f72340da000-7f72340e1000 r--p 00000000 103:05 5384543                   /home/emmanuel/.vscode/extensions/redhat.java-1.23.0-linux-x64/jre/17.0.8.1-linux-x86_64/lib/libnio.so
7f72340e1000-7f72340ea000 r-xp 00007000 103:05 5384543                   /home/emmanuel/.vscode/extensions/redhat.java-1.23.0-linux-x64/jre/17.0.8.1-linux-x86_64/lib/libnio.so
7f72340ea000-7f72340ee000 r--p 00010000 103:05 5384543                   /home/emmanuel/.vscode/extensions/redhat.java-1.23.0-linux-x64/jre/17.0.8.1-linux-x86_64/lib/libnio.so
7f72340ee000-7f72340ef000 ---p 00014000 103:05 5384543                   /home/emmanuel/.vscode/extensions/redhat.java-1.23.0-linux-x64/jre/17.0.8.1-linux-x86_64/lib/libnio.so
7f72340ef000-7f72340f0000 r--p 00014000 103:05 5384543                   /home/emmanuel/.vscode/extensions/redhat.java-1.23.0-linux-x64/jre/17.0.8.1-linux-x86_64/lib/libnio.so
7f72340f0000-7f72340f1000 rw-p 00015000 103:05 5384543                   /home/emmanuel/.vscode/extensions/redhat.java-1.23.0-linux-x64/jre/17.0.8.1-linux-x86_64/lib/libnio.so
7f72340f1000-7f72340f2000 ---p 00000000 00:00 0 
7f72340f2000-7f723600c000 rw-p 00000000 00:00 0 
7f723600c000-7f7236140000 ---p 00000000 00:00 0 
7f7236140000-7f7236141000 ---p 00000000 00:00 0 
7f7236141000-7f7236264000 rw-p 00000000 00:00 0 
7f7236264000-7f7236397000 ---p 00000000 00:00 0 
7f7236397000-7f72363a7000 rw-p 00000000 00:00 0 
7f72363a7000-7f7236442000 ---p 00000000 00:00 0 
7f7236442000-7f7236448000 rw-p 00000000 00:00 0 
7f7236448000-7f723652e000 ---p 00000000 00:00 0 
7f723652e000-7f723653e000 rw-p 00000000 00:00 0 
7f723653e000-7f7236619000 ---p 00000000 00:00 0 
7f7236619000-7f723661d000 ---p 00000000 00:00 0 
7f723661d000-7f7236719000 rw-p 00000000 00:00 0 
7f7236719000-7f7236727000 r--p 00000000 103:05 4327526                   /usr/lib/x86_64-linux-gnu/libm.so.6
7f7236727000-7f72367a3000 r-xp 0000e000 103:05 4327526                   /usr/lib/x86_64-linux-gnu/libm.so.6
7f72367a3000-7f72367fe000 r--p 0008a000 103:05 4327526                   /usr/lib/x86_64-linux-gnu/libm.so.6
7f72367fe000-7f72367ff000 r--p 000e4000 103:05 4327526                   /usr/lib/x86_64-linux-gnu/libm.so.6
7f72367ff000-7f7236800000 rw-p 000e5000 103:05 4327526                   /usr/lib/x86_64-linux-gnu/libm.so.6
7f7236800000-7f7236a53000 r--p 00000000 103:05 5384561                   /home/emmanuel/.vscode/extensions/redhat.java-1.23.0-linux-x64/jre/17.0.8.1-linux-x86_64/lib/server/libjvm.so
7f7236a53000-7f7237775000 r-xp 00253000 103:05 5384561                   /home/emmanuel/.vscode/extensions/redhat.java-1.23.0-linux-x64/jre/17.0.8.1-linux-x86_64/lib/server/libjvm.so
7f7237775000-7f7237a02000 r--p 00f75000 103:05 5384561                   /home/emmanuel/.vscode/extensions/redhat.java-1.23.0-linux-x64/jre/17.0.8.1-linux-x86_64/lib/server/libjvm.so
7f7237a02000-7f7237abb000 r--p 01201000 103:05 5384561                   /home/emmanuel/.vscode/extensions/redhat.java-1.23.0-linux-x64/jre/17.0.8.1-linux-x86_64/lib/server/libjvm.so
7f7237abb000-7f7237af0000 rw-p 012ba000 103:05 5384561                   /home/emmanuel/.vscode/extensions/redhat.java-1.23.0-linux-x64/jre/17.0.8.1-linux-x86_64/lib/server/libjvm.so
7f7237af0000-7f7237b4a000 rw-p 00000000 00:00 0 
7f7237b51000-7f7237b58000 r--s 00000000 103:05 4327898                   /usr/lib/x86_64-linux-gnu/gconv/gconv-modules.cache
7f7237b58000-7f7237b5a000 r--p 00000000 103:05 5384550                   /home/emmanuel/.vscode/extensions/redhat.java-1.23.0-linux-x64/jre/17.0.8.1-linux-x86_64/lib/libzip.so
7f7237b5a000-7f7237b5e000 r-xp 00002000 103:05 5384550                   /home/emmanuel/.vscode/extensions/redhat.java-1.23.0-linux-x64/jre/17.0.8.1-linux-x86_64/lib/libzip.so
7f7237b5e000-7f7237b60000 r--p 00006000 103:05 5384550                   /home/emmanuel/.vscode/extensions/redhat.java-1.23.0-linux-x64/jre/17.0.8.1-linux-x86_64/lib/libzip.so
7f7237b60000-7f7237b61000 r--p 00007000 103:05 5384550                   /home/emmanuel/.vscode/extensions/redhat.java-1.23.0-linux-x64/jre/17.0.8.1-linux-x86_64/lib/libzip.so
7f7237b61000-7f7237b62000 rw-p 00008000 103:05 5384550                   /home/emmanuel/.vscode/extensions/redhat.java-1.23.0-linux-x64/jre/17.0.8.1-linux-x86_64/lib/libzip.so
7f7237b62000-7f7237bb7000 rw-p 00000000 00:00 0 
7f7237bb7000-7f7237bc4000 r--p 00000000 103:05 5384529                   /home/emmanuel/.vscode/extensions/redhat.java-1.23.0-linux-x64/jre/17.0.8.1-linux-x86_64/lib/libjava.so
7f7237bc4000-7f7237bd6000 r-xp 0000d000 103:05 5384529                   /home/emmanuel/.vscode/extensions/redhat.java-1.23.0-linux-x64/jre/17.0.8.1-linux-x86_64/lib/libjava.so
7f7237bd6000-7f7237bdc000 r--p 0001f000 103:05 5384529                   /home/emmanuel/.vscode/extensions/redhat.java-1.23.0-linux-x64/jre/17.0.8.1-linux-x86_64/lib/libjava.so
7f7237bdc000-7f7237bdd000 ---p 00025000 103:05 5384529                   /home/emmanuel/.vscode/extensions/redhat.java-1.23.0-linux-x64/jre/17.0.8.1-linux-x86_64/lib/libjava.so
7f7237bdd000-7f7237bde000 r--p 00025000 103:05 5384529                   /home/emmanuel/.vscode/extensions/redhat.java-1.23.0-linux-x64/jre/17.0.8.1-linux-x86_64/lib/libjava.so
7f7237bde000-7f7237bdf000 rw-p 00026000 103:05 5384529                   /home/emmanuel/.vscode/extensions/redhat.java-1.23.0-linux-x64/jre/17.0.8.1-linux-x86_64/lib/libjava.so
7f7237bdf000-7f7237be0000 rw-p 00000000 00:00 0 
7f7237be0000-7f7237be4000 r--p 00000000 103:05 5384533                   /home/emmanuel/.vscode/extensions/redhat.java-1.23.0-linux-x64/jre/17.0.8.1-linux-x86_64/lib/libjimage.so
7f7237be4000-7f7237bf7000 r-xp 00004000 103:05 5384533                   /home/emmanuel/.vscode/extensions/redhat.java-1.23.0-linux-x64/jre/17.0.8.1-linux-x86_64/lib/libjimage.so
7f7237bf7000-7f7237bfd000 r--p 00017000 103:05 5384533                   /home/emmanuel/.vscode/extensions/redhat.java-1.23.0-linux-x64/jre/17.0.8.1-linux-x86_64/lib/libjimage.so
7f7237bfd000-7f7237bff000 r--p 0001c000 103:05 5384533                   /home/emmanuel/.vscode/extensions/redhat.java-1.23.0-linux-x64/jre/17.0.8.1-linux-x86_64/lib/libjimage.so
7f7237bff000-7f7237c00000 rw-p 0001e000 103:05 5384533                   /home/emmanuel/.vscode/extensions/redhat.java-1.23.0-linux-x64/jre/17.0.8.1-linux-x86_64/lib/libjimage.so
7f7237c00000-7f7237c28000 r--p 00000000 103:05 4327521                   /usr/lib/x86_64-linux-gnu/libc.so.6
7f7237c28000-7f7237dbd000 r-xp 00028000 103:05 4327521                   /usr/lib/x86_64-linux-gnu/libc.so.6
7f7237dbd000-7f7237e15000 r--p 001bd000 103:05 4327521                   /usr/lib/x86_64-linux-gnu/libc.so.6
7f7237e15000-7f7237e19000 r--p 00214000 103:05 4327521                   /usr/lib/x86_64-linux-gnu/libc.so.6
7f7237e19000-7f7237e1b000 rw-p 00218000 103:05 4327521                   /usr/lib/x86_64-linux-gnu/libc.so.6
7f7237e1b000-7f7237e28000 rw-p 00000000 00:00 0 
7f7237e2a000-7f7237e2f000 rw-p 00000000 00:00 0 
7f7237e2f000-7f7237e36000 ---p 00000000 00:00 0 
7f7237e36000-7f7237e3e000 rw-s 00000000 103:05 395482                    /tmp/hsperfdata_emmanuel/19179
7f7237e3e000-7f7237e3f000 r--p 00000000 103:05 4327567                   /usr/lib/x86_64-linux-gnu/librt.so.1
7f7237e3f000-7f7237e40000 r-xp 00001000 103:05 4327567                   /usr/lib/x86_64-linux-gnu/librt.so.1
7f7237e40000-7f7237e41000 r--p 00002000 103:05 4327567                   /usr/lib/x86_64-linux-gnu/librt.so.1
7f7237e41000-7f7237e42000 r--p 00002000 103:05 4327567                   /usr/lib/x86_64-linux-gnu/librt.so.1
7f7237e42000-7f7237e43000 rw-p 00003000 103:05 4327567                   /usr/lib/x86_64-linux-gnu/librt.so.1
7f7237e43000-7f7237e47000 rw-p 00000000 00:00 0 
7f7237e47000-7f7237e48000 r--p 00000000 103:05 4327524                   /usr/lib/x86_64-linux-gnu/libdl.so.2
7f7237e48000-7f7237e49000 r-xp 00001000 103:05 4327524                   /usr/lib/x86_64-linux-gnu/libdl.so.2
7f7237e49000-7f7237e4a000 r--p 00002000 103:05 4327524                   /usr/lib/x86_64-linux-gnu/libdl.so.2
7f7237e4a000-7f7237e4b000 r--p 00002000 103:05 4327524                   /usr/lib/x86_64-linux-gnu/libdl.so.2
7f7237e4b000-7f7237e4c000 rw-p 00003000 103:05 4327524                   /usr/lib/x86_64-linux-gnu/libdl.so.2
7f7237e4c000-7f7237e4d000 r--p 00000000 103:05 4327560                   /usr/lib/x86_64-linux-gnu/libpthread.so.0
7f7237e4d000-7f7237e4e000 r-xp 00001000 103:05 4327560                   /usr/lib/x86_64-linux-gnu/libpthread.so.0
7f7237e4e000-7f7237e4f000 r--p 00002000 103:05 4327560                   /usr/lib/x86_64-linux-gnu/libpthread.so.0
7f7237e4f000-7f7237e50000 r--p 00002000 103:05 4327560                   /usr/lib/x86_64-linux-gnu/libpthread.so.0
7f7237e50000-7f7237e51000 rw-p 00003000 103:05 4327560                   /usr/lib/x86_64-linux-gnu/libpthread.so.0
7f7237e51000-7f7237e54000 r--p 00000000 103:05 5384534                   /home/emmanuel/.vscode/extensions/redhat.java-1.23.0-linux-x64/jre/17.0.8.1-linux-x86_64/lib/libjli.so
7f7237e54000-7f7237e5e000 r-xp 00003000 103:05 5384534                   /home/emmanuel/.vscode/extensions/redhat.java-1.23.0-linux-x64/jre/17.0.8.1-linux-x86_64/lib/libjli.so
7f7237e5e000-7f7237e61000 r--p 0000d000 103:05 5384534                   /home/emmanuel/.vscode/extensions/redhat.java-1.23.0-linux-x64/jre/17.0.8.1-linux-x86_64/lib/libjli.so
7f7237e61000-7f7237e62000 ---p 00010000 103:05 5384534                   /home/emmanuel/.vscode/extensions/redhat.java-1.23.0-linux-x64/jre/17.0.8.1-linux-x86_64/lib/libjli.so
7f7237e62000-7f7237e63000 r--p 00010000 103:05 5384534                   /home/emmanuel/.vscode/extensions/redhat.java-1.23.0-linux-x64/jre/17.0.8.1-linux-x86_64/lib/libjli.so
7f7237e63000-7f7237e64000 rw-p 00011000 103:05 5384534                   /home/emmanuel/.vscode/extensions/redhat.java-1.23.0-linux-x64/jre/17.0.8.1-linux-x86_64/lib/libjli.so
7f7237e64000-7f7237e66000 r--p 00000000 103:05 4353575                   /usr/lib/x86_64-linux-gnu/libz.so.1.2.11
7f7237e66000-7f7237e77000 r-xp 00002000 103:05 4353575                   /usr/lib/x86_64-linux-gnu/libz.so.1.2.11
7f7237e77000-7f7237e7d000 r--p 00013000 103:05 4353575                   /usr/lib/x86_64-linux-gnu/libz.so.1.2.11
7f7237e7d000-7f7237e7e000 ---p 00019000 103:05 4353575                   /usr/lib/x86_64-linux-gnu/libz.so.1.2.11
7f7237e7e000-7f7237e7f000 r--p 00019000 103:05 4353575                   /usr/lib/x86_64-linux-gnu/libz.so.1.2.11
7f7237e7f000-7f7237e80000 rw-p 0001a000 103:05 4353575                   /usr/lib/x86_64-linux-gnu/libz.so.1.2.11
7f7237e84000-7f7237e86000 r--p 00000000 103:05 5384524                   /home/emmanuel/.vscode/extensions/redhat.java-1.23.0-linux-x64/jre/17.0.8.1-linux-x86_64/lib/libinstrument.so
7f7237e86000-7f7237e8c000 r-xp 00002000 103:05 5384524                   /home/emmanuel/.vscode/extensions/redhat.java-1.23.0-linux-x64/jre/17.0.8.1-linux-x86_64/lib/libinstrument.so
7f7237e8c000-7f7237e8f000 r--p 00008000 103:05 5384524                   /home/emmanuel/.vscode/extensions/redhat.java-1.23.0-linux-x64/jre/17.0.8.1-linux-x86_64/lib/libinstrument.so
7f7237e8f000-7f7237e90000 r--p 0000a000 103:05 5384524                   /home/emmanuel/.vscode/extensions/redhat.java-1.23.0-linux-x64/jre/17.0.8.1-linux-x86_64/lib/libinstrument.so
7f7237e90000-7f7237e91000 rw-p 0000b000 103:05 5384524                   /home/emmanuel/.vscode/extensions/redhat.java-1.23.0-linux-x64/jre/17.0.8.1-linux-x86_64/lib/libinstrument.so
7f7237e91000-7f7237e92000 ---p 00000000 00:00 0 
7f7237e92000-7f7237e93000 r--p 00000000 00:00 0 
7f7237e93000-7f7237e95000 rw-p 00000000 00:00 0 
7f7237e95000-7f7237e97000 r--p 00000000 103:05 4327516                   /usr/lib/x86_64-linux-gnu/ld-linux-x86-64.so.2
7f7237e97000-7f7237ec1000 r-xp 00002000 103:05 4327516                   /usr/lib/x86_64-linux-gnu/ld-linux-x86-64.so.2
7f7237ec1000-7f7237ecc000 r--p 0002c000 103:05 4327516                   /usr/lib/x86_64-linux-gnu/ld-linux-x86-64.so.2
7f7237ecc000-7f7237ecd000 ---p 00000000 00:00 0 
7f7237ecd000-7f7237ecf000 r--p 00037000 103:05 4327516                   /usr/lib/x86_64-linux-gnu/ld-linux-x86-64.so.2
7f7237ecf000-7f7237ed1000 rw-p 00039000 103:05 4327516                   /usr/lib/x86_64-linux-gnu/ld-linux-x86-64.so.2
7ffc4ac49000-7ffc4ac6b000 rw-p 00000000 00:00 0                          [stack]
7ffc4adab000-7ffc4adaf000 r--p 00000000 00:00 0                          [vvar]
7ffc4adaf000-7ffc4adb1000 r-xp 00000000 00:00 0                          [vdso]
ffffffffff600000-ffffffffff601000 --xp 00000000 00:00 0                  [vsyscall]


VM Arguments:
jvm_args: --add-modules=ALL-SYSTEM --add-opens=java.base/java.util=ALL-UNNAMED --add-opens=java.base/java.lang=ALL-UNNAMED --add-opens=java.base/sun.nio.fs=ALL-UNNAMED -Declipse.application=org.eclipse.jdt.ls.core.id1 -Dosgi.bundles.defaultStartLevel=4 -Declipse.product=org.eclipse.jdt.ls.core.product -Djava.import.generatesMetadataFilesAtProjectRoot=false -DDetectVMInstallationsJob.disabled=true -Dfile.encoding=utf8 -XX:+UseParallelGC -XX:GCTimeRatio=4 -XX:AdaptiveSizePolicyWeight=90 -Dsun.zip.disableMemoryMapping=true -Xmx1G -Xms100m -Xlog:disable -javaagent:/home/emmanuel/.vscode/extensions/redhat.java-1.23.0-linux-x64/lombok/lombok-1.18.30.jar -XX:+HeapDumpOnOutOfMemoryError -XX:HeapDumpPath=/home/emmanuel/.config/Code/User/workspaceStorage/9cf0182d8b0822c1a4b2ba5774e2e160/redhat.java -Daether.dependencyCollector.impl=bf 
java_command: /home/emmanuel/.vscode/extensions/redhat.java-1.23.0-linux-x64/server/plugins/org.eclipse.equinox.launcher_1.6.500.v20230717-2134.jar -configuration /home/emmanuel/.config/Code/User/globalStorage/redhat.java/1.23.0/config_linux -data /home/emmanuel/.config/Code/User/workspaceStorage/9cf0182d8b0822c1a4b2ba5774e2e160/redhat.java/jdt_ws
java_class_path (initial): /home/emmanuel/.vscode/extensions/redhat.java-1.23.0-linux-x64/server/plugins/org.eclipse.equinox.launcher_1.6.500.v20230717-2134.jar
Launcher Type: SUN_STANDARD

[Global flags]
    uintx AdaptiveSizePolicyWeight                 = 90                                        {product} {command line}
     intx CICompilerCount                          = 4                                         {product} {ergonomic}
    uintx GCTimeRatio                              = 4                                         {product} {command line}
     bool HeapDumpOnOutOfMemoryError               = true                                   {manageable} {command line}
    ccstr HeapDumpPath                             = /home/emmanuel/.config/Code/User/workspaceStorage/9cf0182d8b0822c1a4b2ba5774e2e160/redhat.java         {manageable} {command line}
   size_t InitialHeapSize                          = 104857600                                 {product} {command line}
   size_t MaxHeapSize                              = 1073741824                                {product} {command line}
   size_t MaxNewSize                               = 357564416                                 {product} {ergonomic}
   size_t MinHeapDeltaBytes                        = 524288                                    {product} {ergonomic}
   size_t MinHeapSize                              = 104857600                                 {product} {command line}
   size_t NewSize                                  = 34603008                                  {product} {ergonomic}
    uintx NonNMethodCodeHeapSize                   = 5839372                                {pd product} {ergonomic}
    uintx NonProfiledCodeHeapSize                  = 122909434                              {pd product} {ergonomic}
   size_t OldSize                                  = 70254592                                  {product} {ergonomic}
    uintx ProfiledCodeHeapSize                     = 122909434                              {pd product} {ergonomic}
    uintx ReservedCodeCacheSize                    = 251658240                              {pd product} {ergonomic}
     bool SegmentedCodeCache                       = true                                      {product} {ergonomic}
   size_t SoftMaxHeapSize                          = 1073741824                             {manageable} {ergonomic}
     bool UseCompressedClassPointers               = true                           {product lp64_product} {ergonomic}
     bool UseCompressedOops                        = true                           {product lp64_product} {ergonomic}
     bool UseParallelGC                            = true                                      {product} {command line}

Logging:
Log output configuration:
 #0: stdout all=off uptime,level,tags
 #1: stderr all=off uptime,level,tags

Environment Variables:
JAVA_HOME=/usr/lib/jvm/java-17-openjdk-amd64
PATH=/usr/local/sbin:/usr/local/bin:/usr/sbin:/usr/bin:/sbin:/bin:/usr/games:/usr/local/games:/snap/bin:/snap/bin:/usr/lib/jvm/java-17-openjdk-amd64/bin
USERNAME=emmanuel
SHELL=/bin/bash
DISPLAY=:0
LANG=en_US.UTF-8
TERM=xterm-256color

Active Locale:
LC_ALL=en_US.UTF-8
LC_COLLATE=en_US.UTF-8
LC_CTYPE=en_US.UTF-8
LC_MESSAGES=en_US.UTF-8
LC_MONETARY=en_US.UTF-8
LC_NUMERIC=en_US.UTF-8
LC_TIME=en_US.UTF-8

Signal Handlers:
   SIGSEGV: crash_handler in libjvm.so, mask=11100100010111111101111111111110, flags=SA_RESTART|SA_SIGINFO, unblocked
    SIGBUS: crash_handler in libjvm.so, mask=11100100010111111101111111111110, flags=SA_RESTART|SA_SIGINFO, unblocked
    SIGFPE: crash_handler in libjvm.so, mask=11100100010111111101111111111110, flags=SA_RESTART|SA_SIGINFO, unblocked
   SIGPIPE: javaSignalHandler in libjvm.so, mask=11100100010111111101111111111110, flags=SA_RESTART|SA_SIGINFO, blocked
   SIGXFSZ: javaSignalHandler in libjvm.so, mask=11100100010111111101111111111110, flags=SA_RESTART|SA_SIGINFO, blocked
    SIGILL: crash_handler in libjvm.so, mask=11100100010111111101111111111110, flags=SA_RESTART|SA_SIGINFO, unblocked
   SIGUSR2: SR_handler in libjvm.so, mask=00000000000000000000000000000000, flags=SA_RESTART|SA_SIGINFO, blocked
    SIGHUP: UserHandler in libjvm.so, mask=11100100010111111101111111111110, flags=SA_RESTART|SA_SIGINFO, blocked
    SIGINT: UserHandler in libjvm.so, mask=11100100010111111101111111111110, flags=SA_RESTART|SA_SIGINFO, blocked
   SIGTERM: UserHandler in libjvm.so, mask=11100100010111111101111111111110, flags=SA_RESTART|SA_SIGINFO, blocked
   SIGQUIT: UserHandler in libjvm.so, mask=11100100010111111101111111111110, flags=SA_RESTART|SA_SIGINFO, blocked
   SIGTRAP: crash_handler in libjvm.so, mask=11100100010111111101111111111110, flags=SA_RESTART|SA_SIGINFO, unblocked


---------------  S Y S T E M  ---------------

OS:
DISTRIB_ID=Ubuntu
DISTRIB_RELEASE=22.04
DISTRIB_CODENAME=jammy
DISTRIB_DESCRIPTION="Ubuntu 22.04.3 LTS"
uname: Linux 6.2.0-33-generic #33~22.04.1-Ubuntu SMP PREEMPT_DYNAMIC Thu Sep  7 10:33:52 UTC 2 x86_64
OS uptime: 0 days 2:55 hours
libc: glibc 2.35 NPTL 2.35 
rlimit (soft/hard): STACK 8192k/infinity , CORE 0k/infinity , NPROC 61355/61355 , NOFILE 1048576/1048576 , AS infinity/infinity , CPU infinity/infinity , DATA infinity/infinity , FSIZE infinity/infinity , MEMLOCK 1972928k/1972928k
load average: 0.85 0.72 0.89

/proc/meminfo:
MemTotal:       15783452 kB
MemFree:         3482240 kB
MemAvailable:    8331844 kB
Buffers:          164568 kB
Cached:          8806472 kB
SwapCached:            0 kB
Active:          5914348 kB
Inactive:        5262512 kB
Active(anon):    3953084 kB
Inactive(anon):  2248500 kB
Active(file):    1961264 kB
Inactive(file):  3014012 kB
Unevictable:          96 kB
Mlocked:              96 kB
SwapTotal:       2097148 kB
SwapFree:        2097148 kB
Zswap:                 0 kB
Zswapped:              0 kB
Dirty:              1156 kB
Writeback:             0 kB
AnonPages:       2205812 kB
Mapped:          5161084 kB
Shmem:           3995764 kB
KReclaimable:     209668 kB
Slab:             409056 kB
SReclaimable:     209668 kB
SUnreclaim:       199388 kB
KernelStack:       18224 kB
PageTables:        48048 kB
SecPageTables:      7760 kB
NFS_Unstable:          0 kB
Bounce:                0 kB
WritebackTmp:          0 kB
CommitLimit:     9988872 kB
Committed_AS:   14263872 kB
VmallocTotal:   34359738367 kB
VmallocUsed:      142840 kB
VmallocChunk:          0 kB
Percpu:            16384 kB
HardwareCorrupted:     0 kB
AnonHugePages:         0 kB
ShmemHugePages:        0 kB
ShmemPmdMapped:        0 kB
FileHugePages:         0 kB
FilePmdMapped:         0 kB
HugePages_Total:       0
HugePages_Free:        0
HugePages_Rsvd:        0
HugePages_Surp:        0
Hugepagesize:       2048 kB
Hugetlb:               0 kB
DirectMap4k:      808596 kB
DirectMap2M:     9089024 kB
DirectMap1G:     7340032 kB

/sys/kernel/mm/transparent_hugepage/enabled: always [madvise] never
/sys/kernel/mm/transparent_hugepage/defrag (defrag/compaction efforts parameter): always defer defer+madvise [madvise] never

Process Memory:
Virtual Size: 4890780K (peak: 4949320K)
Resident Set Size: 175428K (peak: 175428K) (anon: 146372K, file: 29056K, shmem: 0K)
Swapped out: 0K
C-Heap outstanding allocations: 77078K, retained: 7861K
glibc malloc tunables: (default)

/proc/sys/kernel/threads-max (system-wide limit on the number of threads): 122711
/proc/sys/vm/max_map_count (maximum number of memory map areas a process may have): 65530
/proc/sys/kernel/pid_max (system-wide limit on number of process identifiers): 4194304

container (cgroup) information:
container_type: cgroupv2
cpu_cpuset_cpus: not supported
cpu_memory_nodes: not supported
active_processor_count: 8
cpu_quota: not supported
cpu_period: not supported
cpu_shares: not supported
memory_limit_in_bytes: unlimited
memory_and_swap_limit_in_bytes: unlimited
memory_soft_limit_in_bytes: unlimited
memory_usage_in_bytes: 840520 k
memory_max_usage_in_bytes: not supported
memory_swap_current_in_bytes: unlimited
memory_swap_max_limit_in_bytes: unlimited
maximum number of tasks: 18406
current number of tasks: 196

Steal ticks since vm start: 0
Steal ticks percentage since vm start:  0.000

CPU: total 8 (initial active 8) (8 cores per cpu, 2 threads per core) family 23 model 24 stepping 1 microcode 0x8108102, cx8, cmov, fxsr, ht, mmx, 3dnowpref, sse, sse2, sse3, ssse3, sse4a, sse4.1, sse4.2, popcnt, lzcnt, tsc, tscinvbit, avx, avx2, aes, clmul, bmi1, bmi2, adx, sha, fma, vzeroupper, clflush, clflushopt
CPU Model and flags from /proc/cpuinfo:
model name	: AMD Ryzen 7 3750H with Radeon Vega Mobile Gfx
flags		: fpu vme de pse tsc msr pae mce cx8 apic sep mtrr pge mca cmov pat pse36 clflush mmx fxsr sse sse2 ht syscall nx mmxext fxsr_opt pdpe1gb rdtscp lm constant_tsc rep_good nopl nonstop_tsc cpuid extd_apicid aperfmperf rapl pni pclmulqdq monitor ssse3 fma cx16 sse4_1 sse4_2 movbe popcnt aes xsave avx f16c rdrand lahf_lm cmp_legacy svm extapic cr8_legacy abm sse4a misalignsse 3dnowprefetch osvw skinit wdt tce topoext perfctr_core perfctr_nb bpext perfctr_llc mwaitx cpb hw_pstate ssbd ibpb vmmcall fsgsbase bmi1 avx2 smep bmi2 rdseed adx smap clflushopt sha_ni xsaveopt xsavec xgetbv1 clzero irperf xsaveerptr arat npt lbrv svm_lock nrip_save tsc_scale vmcb_clean flushbyasid decodeassists pausefilter pfthreshold avic v_vmsave_vmload vgif overflow_recov succor smca sev sev_es

Online cpus: 0-7
Offline cpus: 8-15
BIOS frequency limitation: 2300000
Frequency switch latency (ns): 0
Available cpu frequencies: 2300000 1700000 1400000 
Current governor: schedutil
Core performance/turbo boost: 1

Memory: 4k page, physical 15783452k(3482240k free), swap 2097148k(2097148k free)
Page Sizes: 4k

vm_info: OpenJDK 64-Bit Server VM (17.0.8.1+1) for linux-amd64 JRE (17.0.8.1+1), built on Aug 24 2023 00:00:00 by "admin" with gcc 10.3.0

END.
