#
# A fatal error has been detected by the Java Runtime Environment:
#
#  SIGSEGV (0xb) at pc=0x00007f9e1d751d41, pid=15089, tid=15090
#
# JRE version: OpenJDK Runtime Environment Temurin-17.0.8.1+1 (17.0.8.1+1) (build 17.0.8.1+1)
# Java VM: OpenJDK 64-Bit Server VM Temurin-17.0.8.1+1 (17.0.8.1+1, mixed mode, tiered, compressed oops, compressed class ptrs, parallel gc, linux-amd64)
# Problematic frame:
# j  jdk.internal.loader.URLClassPath.getLoader(I)Ljdk/internal/loader/URLClassPath$Loader;+13 java.base@17.0.8.1
#
# Core dump will be written. Default location: Core dumps may be processed with "/usr/share/apport/apport -p%p -s%s -c%c -d%d -P%P -u%u -g%g -- %E" (or dumping to /home/emmanuel/Desktop/spring_batch/spring_batch_hello_world/core.15089)
#
# If you would like to submit a bug report, please visit:
#   https://github.com/adoptium/adoptium-support/issues
#

---------------  S U M M A R Y ------------

Command Line: --add-modules=ALL-SYSTEM --add-opens=java.base/java.util=ALL-UNNAMED --add-opens=java.base/java.lang=ALL-UNNAMED --add-opens=java.base/sun.nio.fs=ALL-UNNAMED -Declipse.application=org.eclipse.jdt.ls.core.id1 -Dosgi.bundles.defaultStartLevel=4 -Declipse.product=org.eclipse.jdt.ls.core.product -Djava.import.generatesMetadataFilesAtProjectRoot=false -DDetectVMInstallationsJob.disabled=true -Dfile.encoding=utf8 -XX:+UseParallelGC -XX:GCTimeRatio=4 -XX:AdaptiveSizePolicyWeight=90 -Dsun.zip.disableMemoryMapping=true -Xmx1G -Xms100m -Xlog:disable -javaagent:/home/emmanuel/.vscode/extensions/redhat.java-1.23.0-linux-x64/lombok/lombok-1.18.30.jar -XX:+HeapDumpOnOutOfMemoryError -XX:HeapDumpPath=/home/emmanuel/.config/Code/User/workspaceStorage/9cf0182d8b0822c1a4b2ba5774e2e160/redhat.java -Daether.dependencyCollector.impl=bf /home/emmanuel/.vscode/extensions/redhat.java-1.23.0-linux-x64/server/plugins/org.eclipse.equinox.launcher_1.6.500.v20230717-2134.jar -configuration /home/emmanuel/.config/Code/User/globalStorage/redhat.java/1.23.0/config_linux -data /home/emmanuel/.config/Code/User/workspaceStorage/9cf0182d8b0822c1a4b2ba5774e2e160/redhat.java/jdt_ws

Host: AMD Ryzen 7 3750H with Radeon Vega Mobile Gfx, 8 cores, 15G, Ubuntu 22.04.3 LTS
Time: Sun Oct  8 18:09:16 2023 CDT elapsed time: 0.245313 seconds (0d 0h 0m 0s)

---------------  T H R E A D  ---------------

Current thread (0x00007f9e28028470):  JavaThread "main" [_thread_in_Java, id=15090, stack(0x00007f9e2d500000,0x00007f9e2d600000)]

Stack: [0x00007f9e2d500000,0x00007f9e2d600000],  sp=0x00007f9e2d5fc378,  free space=1008k
Native frames: (J=compiled Java code, j=interpreted, Vv=VM code, C=native code)
j  jdk.internal.loader.URLClassPath.getLoader(I)Ljdk/internal/loader/URLClassPath$Loader;+13 java.base@17.0.8.1
j  jdk.internal.loader.URLClassPath.findResource(Ljava/lang/String;Z)Ljava/net/URL;+6 java.base@17.0.8.1
j  jdk.internal.loader.BuiltinClassLoader.findResourceOnClassPath(Ljava/lang/String;)Ljava/net/URL;+19 java.base@17.0.8.1
j  jdk.internal.loader.BuiltinClassLoader.findResource(Ljava/lang/String;)Ljava/net/URL;+143 java.base@17.0.8.1
j  java.lang.ClassLoader.getResource(Ljava/lang/String;)Ljava/net/URL;+35 java.base@17.0.8.1
j  java.lang.ClassLoader.getResource(Ljava/lang/String;)Ljava/net/URL;+17 java.base@17.0.8.1
j  lombok.launch.ShadowClassLoader.getResource_(Ljava/lang/String;Z)Ljava/net/URL;+165
j  lombok.launch.ShadowClassLoader.loadClass(Ljava/lang/String;Z)Ljava/lang/Class;+75
j  java.lang.ClassLoader.loadClass(Ljava/lang/String;)Ljava/lang/Class;+3 java.base@17.0.8.1
v  ~StubRoutines::call_stub
V  [libjvm.so+0x827355]  JavaCalls::call_helper(JavaValue*, methodHandle const&, JavaCallArguments*, JavaThread*)+0x315
V  [libjvm.so+0x828d63]  JavaCalls::call_virtual(JavaValue*, Handle, Klass*, Symbol*, Symbol*, Handle, JavaThread*)+0x1e3
V  [libjvm.so+0xe1d0f2]  SystemDictionary::load_instance_class_impl(Symbol*, Handle, JavaThread*)+0x192
V  [libjvm.so+0xe1b7f8]  SystemDictionary::load_instance_class(unsigned int, Symbol*, Handle, JavaThread*)+0x28
V  [libjvm.so+0xe1c388]  SystemDictionary::resolve_instance_class_or_null(Symbol*, Handle, Handle, JavaThread*)+0xa68
V  [libjvm.so+0xe1c829]  SystemDictionary::resolve_super_or_fail(Symbol*, Symbol*, Handle, Handle, bool, JavaThread*)+0x369
V  [libjvm.so+0x581c76]  ClassFileParser::post_process_parsed_stream(ClassFileStream const*, ConstantPool*, JavaThread*)+0x1d6
V  [libjvm.so+0xa58a70]  KlassFactory::create_from_stream(ClassFileStream*, Symbol*, ClassLoaderData*, ClassLoadInfo const&, JavaThread*)+0x290
V  [libjvm.so+0xe1b700]  SystemDictionary::resolve_class_from_stream(ClassFileStream*, Symbol*, Handle, ClassLoadInfo const&, JavaThread*)+0x150
V  [libjvm.so+0x901b3e]  jvm_define_class_common(char const*, _jobject*, signed char const*, int, _jobject*, char const*, JavaThread*)+0x22e
V  [libjvm.so+0x901e44]  JVM_DefineClassWithSource+0xa4
C  [libjava.so+0xe7c5]  Java_java_lang_ClassLoader_defineClass1+0x205
j  java.lang.ClassLoader.defineClass1(Ljava/lang/ClassLoader;Ljava/lang/String;[BIILjava/security/ProtectionDomain;Ljava/lang/String;)Ljava/lang/Class;+0 java.base@17.0.8.1
j  java.lang.ClassLoader.defineClass(Ljava/lang/String;[BIILjava/security/ProtectionDomain;)Ljava/lang/Class;+27 java.base@17.0.8.1
j  java.lang.ClassLoader.defineClass(Ljava/lang/String;[BII)Ljava/lang/Class;+7 java.base@17.0.8.1
j  lombok.launch.ShadowClassLoader.urlToDefineClass(Ljava/lang/String;Ljava/net/URL;Z)Ljava/lang/Class;+155
j  lombok.launch.ShadowClassLoader.loadClass(Ljava/lang/String;Z)Ljava/lang/Class;+238
j  java.lang.ClassLoader.loadClass(Ljava/lang/String;)Ljava/lang/Class;+3 java.base@17.0.8.1
j  lombok.launch.Agent.runLauncher(Ljava/lang/String;Ljava/lang/instrument/Instrumentation;Z)V+7
j  lombok.launch.Agent.premain(Ljava/lang/String;Ljava/lang/instrument/Instrumentation;)V+3
v  ~StubRoutines::call_stub
V  [libjvm.so+0x827355]  JavaCalls::call_helper(JavaValue*, methodHandle const&, JavaCallArguments*, JavaThread*)+0x315
V  [libjvm.so+0xca8a41]  invoke(InstanceKlass*, methodHandle const&, Handle, bool, objArrayHandle, BasicType, objArrayHandle, bool, JavaThread*) [clone .constprop.0]+0x511
V  [libjvm.so+0xca99b7]  Reflection::invoke_method(oopDesc*, Handle, objArrayHandle, JavaThread*)+0x157
V  [libjvm.so+0x8ff0f7]  JVM_InvokeMethod+0x147
j  jdk.internal.reflect.NativeMethodAccessorImpl.invoke0(Ljava/lang/reflect/Method;Ljava/lang/Object;[Ljava/lang/Object;)Ljava/lang/Object;+0 java.base@17.0.8.1
j  jdk.internal.reflect.NativeMethodAccessorImpl.invoke(Ljava/lang/Object;[Ljava/lang/Object;)Ljava/lang/Object;+133 java.base@17.0.8.1
j  jdk.internal.reflect.DelegatingMethodAccessorImpl.invoke(Ljava/lang/Object;[Ljava/lang/Object;)Ljava/lang/Object;+6 java.base@17.0.8.1
j  java.lang.reflect.Method.invoke(Ljava/lang/Object;[Ljava/lang/Object;)Ljava/lang/Object;+59 java.base@17.0.8.1
j  sun.instrument.InstrumentationImpl.loadClassAndStartAgent(Ljava/lang/String;Ljava/lang/String;Ljava/lang/String;)V+166 java.instrument@17.0.8.1
j  sun.instrument.InstrumentationImpl.loadClassAndCallPremain(Ljava/lang/String;Ljava/lang/String;)V+6 java.instrument@17.0.8.1
v  ~StubRoutines::call_stub
V  [libjvm.so+0x827355]  JavaCalls::call_helper(JavaValue*, methodHandle const&, JavaCallArguments*, JavaThread*)+0x315
V  [libjvm.so+0x8bc817]  jni_invoke_nonstatic(JNIEnv_*, JavaValue*, _jobject*, JNICallType, _jmethodID*, JNI_ArgumentPusher*, JavaThread*) [clone .constprop.1]+0x1f7
V  [libjvm.so+0x8bdc8d]  jni_CallVoidMethod+0x17d
C  [libinstrument.so+0x4997]  invokeJavaAgentMainMethod+0x67
C  [libinstrument.so+0x4a97]  startJavaAgent+0x97
C  [libinstrument.so+0x4c94]  processJavaStart+0xe4
C  [libinstrument.so+0x409e]  eventHandlerVMInit+0x5e
V  [libjvm.so+0xa28e62]  JvmtiExport::post_vm_initialized()+0x132
V  [libjvm.so+0xe6afb0]  Threads::create_vm(JavaVMInitArgs*, bool*)+0x960
V  [libjvm.so+0x8bbe82]  JNI_CreateJavaVM+0x52
C  [libjli.so+0x4a0f]  JavaMain+0x8f
C  [libjli.so+0x8d09]  ThreadJavaMain+0x9


siginfo: si_signo: 11 (SIGSEGV), si_code: 1 (SEGV_MAPERR), si_addr: 0x0000000020008379

Register to memory mapping:

RAX=536904569 is a compressed pointer to class: 0x0000000100041bc8
java.lang.String {0x0000000100041bc8}
 - instance size:     3
 - klass size:        84
 - access:            public final synchronized 
 - state:             fully_initialized
 - name:              'java/lang/String'
 - super:             'java/lang/Object'
 - sub:               
 - arrays:            'java/lang/String'[]
 - methods:           Array<T>(0x00007f9e0c004d10)
 - method ordering:   Array<T>(0x00007f9e0c000018)
 - default_methods:   Array<T>(0x0000000000000000)
 - local interfaces:  Array<T>(0x00007f9e0c003980)
 - trans. interfaces: Array<T>(0x00007f9e0c003980)
 - constants:         constant pool [1202]/operands[28] {0x00007f9e0c001120} for 'java/lang/String' cache=0x00007f9e0c1064a8
 - class loader data:  loader data: 0x00007f9e2802a800 of 'bootstrap'
 - class annotations:       Array<T>(0x0000000000000000)
 - class type annotations:  Array<T>(0x0000000000000000)
 - field annotations:       Array<T>(0x00007f9e0c004c18)
 - field type annotations:  Array<T>(0x0000000000000000)
 - generic signature: 'Ljava/lang/Object;Ljava/io/Serializable;Ljava/lang/Comparable<Ljava/lang/String;>;Ljava/lang/CharSequence;Ljava/lang/constant/Constable;Ljava/lang/constant/ConstantDesc;'
 - inner classes:     Array<T>(0x00007f9e0c00d0c8)
 - nest members:     Array<T>(0x00007f9e0c00d108)
 - permitted subclasses:     Array<T>(0x00007f9e0c000028)
 - java mirror:       a 'java/lang/Class'{0x00000000eab00a70} = 'java/lang/String'
 - vtable length      5  (start addr: 0x0000000100041d98)
 - itable length      20 (start addr: 0x0000000100041dc0)
 - ---- static fields (3 words):
 - private static final 'serialVersionUID' 'J' @120 
 - static final 'COMPACT_STRINGS' 'Z' @130 
 - private static final 'serialPersistentFields' '[Ljava/io/ObjectStreamField;' @112 
 - private static final 'REPL' 'C' @128 
 - public static final 'CASE_INSENSITIVE_ORDER' 'Ljava/util/Comparator;' @116 
 - static final 'LATIN1' 'B' @131 
 - static final 'UTF16' 'B' @132 
 - ---- non-static fields (3 words):
 - private 'hash' 'I' @12 
 - private final 'coder' 'B' @16 
 - private 'hashIsZero' 'Z' @17 
 - private final synchronized 'value' '[B' @20 
 - non-static oop maps: 20-20 
RBX=0x00000000000000c2 is an unknown value
RCX=0x00007f9e0c2732c0 is pointing into metadata
RDX=0x000000000001002c is an unknown value
RSP=0x00007f9e2d5fc378 is pointing into the stack for thread: 0x00007f9e28028470
RBP=0x00007f9e2d5fc3d0 is pointing into the stack for thread: 0x00007f9e28028470
RSI=0x00007f9e2d5fc318 is pointing into the stack for thread: 0x00007f9e28028470
RDI=0x000000000000034d is an unknown value
R8 =0x0000000000000002 is an unknown value
R9 =0x00000000eae06318 is an oop: java.lang.String 
{0x00000000eae06318} - klass: 'java/lang/String'
 - string: "SCL.lombok/java/lang/Object.SCL.lombok"
R10=0x00007f9e2e93acc0: <offset 0x000000000133acc0> in /home/emmanuel/.vscode/extensions/redhat.java-1.23.0-linux-x64/jre/17.0.8.1-linux-x86_64/lib/server/libjvm.so at 0x00007f9e2d600000
R11=0x0000000000000026 is an unknown value
R12=0x0 is NULL
R13=0x00007f9e0c272bdc is pointing into metadata
R14=0x00007f9e2d5fc408 is pointing into the stack for thread: 0x00007f9e28028470
R15=0x00007f9e28028470 is a thread


Registers:
RAX=0x0000000020008379, RBX=0x00000000000000c2, RCX=0x00007f9e0c2732c0, RDX=0x000000000001002c
RSP=0x00007f9e2d5fc378, RBP=0x00007f9e2d5fc3d0, RSI=0x00007f9e2d5fc318, RDI=0x000000000000034d
R8 =0x0000000000000002, R9 =0x00000000eae06318, R10=0x00007f9e2e93acc0, R11=0x0000000000000026
R12=0x0000000000000000, R13=0x00007f9e0c272bdc, R14=0x00007f9e2d5fc408, R15=0x00007f9e28028470
RIP=0x00007f9e1d751d41, EFLAGS=0x0000000000010202, CSGSFS=0x002b000000000033, ERR=0x0000000000000004
  TRAPNO=0x000000000000000e

Top of Stack: (sp=0x00007f9e2d5fc378)
0x00007f9e2d5fc378:   0000000000000001 00000000eab5edf0
0x00007f9e2d5fc388:   00007f9e2d5fc378 00007f9e0c272bcd
0x00007f9e2d5fc398:   00007f9e2d5fc408 00007f9e0c2732c0
0x00007f9e2d5fc3a8:   0000000000000000 00000000eab5e458 

Instructions: (pc=0x00007f9e1d751d41)
0x00007f9e1d751c41:   00 48 89 51 28 bf 01 00 00 00 48 89 79 30 e9 26
0x00007f9e1d751c51:   00 00 00 48 3b 51 28 0f 85 0f 00 00 00 48 83 41
0x00007f9e1d751c61:   30 01 48 83 59 30 00 e9 0d 00 00 00 48 89 51 18
0x00007f9e1d751c71:   bf 01 00 00 00 48 89 79 20 48 83 c1 38 48 89 4d
0x00007f9e1d751c81:   d8 48 3b d0 0f 84 54 00 00 00 8b 48 14 48 3b 04
0x00007f9e1d751c91:   0a 0f 84 47 00 00 00 83 f9 20 0f 85 1d 00 00 00
0x00007f9e1d751ca1:   57 48 8b 7a 28 8b 0f 48 83 c7 08 48 85 c0 f2 48
0x00007f9e1d751cb1:   af 5f 75 09 48 89 42 20 e9 21 00 00 00 48 8b 4d
0x00007f9e1d751cc1:   d8 48 85 c9 0f 84 10 00 00 00 48 83 41 d0 ff 0f
0x00007f9e1d751cd1:   88 05 00 00 00 48 83 41 d0 01 33 c0 eb 23 b8 01
0x00007f9e1d751ce1:   00 00 00 e9 19 00 00 00 48 8b 4d d8 48 85 c9 0f
0x00007f9e1d751cf1:   84 0c 00 00 00 80 49 01 01 48 83 c1 38 48 89 4d
0x00007f9e1d751d01:   d8 41 0f b6 5d 03 49 83 c5 03 49 ba c0 84 93 2e
0x00007f9e1d751d11:   9e 7f 00 00 41 ff 24 da 0f 1f 80 00 00 00 00 d0
0x00007f9e1d751d21:   c5 62 2e 9e 7f 00 00 60 01 00 00 c2 00 00 00 00
0x00007f9e1d751d31:   00 00 00 00 00 00 00 00 00 00 00 00 00 00 00 58
0x00007f9e1d751d41:   48 3b 00 33 f6 48 8b 4d b8 48 8d 55 b8 eb 16 48
0x00007f9e1d751d51:   81 79 08 00 00 00 00 48 0f 44 f1 48 3b 41 08 74
0x00007f9e1d751d61:   09 48 83 c1 10 48 3b ca 75 e5 48 85 f6 0f 85 28
0x00007f9e1d751d71:   00 00 00 48 8b 75 b8 48 83 ec 10 48 83 ee 10 48
0x00007f9e1d751d81:   8b cc 48 89 75 b8 e9 0b 00 00 00 48 8b 51 10 48
0x00007f9e1d751d91:   89 11 48 83 c1 08 48 3b ce 75 f0 49 ff c5 48 89
0x00007f9e1d751da1:   46 08 48 8b 4e 08 b8 01 00 00 00 48 0b 01 48 89
0x00007f9e1d751db1:   06 f0 48 0f b1 31 0f 84 9d 00 00 00 48 2b c4 48
0x00007f9e1d751dc1:   81 e0 07 f0 ff ff 48 89 06 0f 84 8a 00 00 00 e8
0x00007f9e1d751dd1:   05 00 00 00 e9 80 00 00 00 48 8d 44 24 08 4c 89
0x00007f9e1d751de1:   6d c0 49 8b ff c5 f8 77 49 89 af a0 02 00 00 49
0x00007f9e1d751df1:   89 87 90 02 00 00 f7 c4 0f 00 00 00 0f 84 12 00
0x00007f9e1d751e01:   00 00 48 83 ec 08 e8 e4 ad 6c 10 48 83 c4 08 e9
0x00007f9e1d751e11:   05 00 00 00 e8 d6 ad 6c 10 49 c7 87 90 02 00 00
0x00007f9e1d751e21:   00 00 00 00 49 c7 87 a0 02 00 00 00 00 00 00 49
0x00007f9e1d751e31:   c7 87 98 02 00 00 00 00 00 00 c5 f8 77 49 81 7f 


Stack slot to memory mapping:
stack at sp + 0 slots: 0x0000000000000001 is an unknown value
stack at sp + 1 slots: 0x00000000eab5edf0 is an oop: jdk.internal.loader.URLClassPath 
{0x00000000eab5edf0} - klass: 'jdk/internal/loader/URLClassPath'
 - ---- fields (total size 5 words):
 - private 'closed' 'Z' @12  false
 - private final 'path' 'Ljava/util/ArrayList;' @16  a 'java/util/ArrayList'{0x00000000eab5ee60} (eab5ee60)
 - private final 'unopenedUrls' 'Ljava/util/ArrayDeque;' @20  a 'java/util/ArrayDeque'{0x00000000eab5fc10} (eab5fc10)
 - private final 'loaders' 'Ljava/util/ArrayList;' @24  a 'java/util/ArrayList'{0x00000000eab5ee18} (eab5ee18)
 - private final 'lmap' 'Ljava/util/HashMap;' @28  a 'java/util/HashMap'{0x00000000eab5ee30} (eab5ee30)
 - private final 'jarHandler' 'Ljava/net/URLStreamHandler;' @32  NULL (0)
 - private final 'acc' 'Ljava/security/AccessControlContext;' @36  NULL (0)
stack at sp + 2 slots: 0x00007f9e2d5fc378 is pointing into the stack for thread: 0x00007f9e28028470
stack at sp + 3 slots: 0x00007f9e0c272bcd is pointing into metadata
stack at sp + 4 slots: 0x00007f9e2d5fc408 is pointing into the stack for thread: 0x00007f9e28028470
stack at sp + 5 slots: 0x00007f9e0c2732c0 is pointing into metadata
stack at sp + 6 slots: 0x0 is NULL
stack at sp + 7 slots: 0x00000000eab5e458 is an oop: java.lang.Class 
{0x00000000eab5e458} - klass: 'java/lang/Class'
 - ---- fields (total size 17 words):
 - private volatile transient 'classRedefinedCount' 'I' @12  0
 - private volatile transient 'cachedConstructor' 'Ljava/lang/reflect/Constructor;' @40  NULL (0)
 - private transient 'name' 'Ljava/lang/String;' @44  NULL (0)
 - private transient 'module' 'Ljava/lang/Module;' @48  a 'java/lang/Module'{0x00000000eab63ee8} (eab63ee8)
 - private final 'classLoader' 'Ljava/lang/ClassLoader;' @52  NULL (0)
 - private transient 'classData' 'Ljava/lang/Object;' @56  NULL (0)
 - private transient 'packageName' 'Ljava/lang/String;' @60  NULL (0)
 - private final 'componentType' 'Ljava/lang/Class;' @64  NULL (0)
 - private volatile transient 'reflectionData' 'Ljava/lang/ref/SoftReference;' @68  NULL (0)
 - private volatile transient 'genericInfo' 'Lsun/reflect/generics/repository/ClassRepository;' @72  NULL (0)
 - private volatile transient 'enumConstants' '[Ljava/lang/Object;' @76  NULL (0)
 - private volatile transient 'enumConstantDirectory' 'Ljava/util/Map;' @80  NULL (0)
 - private volatile transient 'annotationData' 'Ljava/lang/Class$AnnotationData;' @84  NULL (0)
 - private volatile transient 'annotationType' 'Lsun/reflect/annotation/AnnotationType;' @88  NULL (0)
 - transient 'classValueMap' 'Ljava/lang/ClassValue$ClassValueMap;' @92  NULL (0)
 - signature: Ljdk/internal/loader/URLClassPath;
 - fake entry for mirror: 'jdk/internal/loader/URLClassPath'
 - fake entry for array: NULL
 - fake entry for oop_size: 17
 - fake entry for static_oop_field_count: 3
 - private static final 'USER_AGENT_JAVA_VERSION' 'Ljava/lang/String;' @112  "UA-Java-Version"{0x00000000eab5e4f0} (eab5e4f0)
 - private static final 'JAVA_VERSION' 'Ljava/lang/String;' @116  "17.0.8.1"{0x00000000eab0f180} (eab0f180)
 - private static final 'DEBUG' 'Z' @124  false
 - private static final 'DISABLE_JAR_CHECKING' 'Z' @125  false
 - private static final 'DISABLE_ACC_CHECKING' 'Z' @126  false
 - private static final 'DISABLE_CP_URL_CHECK' 'Z' @127  false
 - private static final 'DEBUG_CP_URL_CHECK' 'Z' @128  false
 - private static final 'JNUA' 'Ljdk/internal/access/JavaNetURLAccess;' @120  a 'java/net/URL$3'{0x00000000eab5ede0} (eab5ede0)

monitorenter  194 monitorenter  [0x00007f9e1d751d40, 0x00007f9e1d751e80]  320 bytes
[MachCode]
  0x00007f9e1d751d40: 5848 3b00 | 33f6 488b | 4db8 488d | 55b8 eb16 | 4881 7908 | 0000 0000 | 480f 44f1 | 483b 4108 
  0x00007f9e1d751d60: 7409 4883 | c110 483b | ca75 e548 | 85f6 0f85 | 2800 0000 | 488b 75b8 | 4883 ec10 | 4883 ee10 
  0x00007f9e1d751d80: 488b cc48 | 8975 b8e9 | 0b00 0000 | 488b 5110 | 4889 1148 | 83c1 0848 | 3bce 75f0 | 49ff c548 
  0x00007f9e1d751da0: 8946 0848 | 8b4e 08b8 | 0100 0000 | 480b 0148 | 8906 f048 | 0fb1 310f | 849d 0000 | 0048 2bc4 
  0x00007f9e1d751dc0: 4881 e007 | f0ff ff48 | 8906 0f84 | 8a00 0000 | e805 0000 | 00e9 8000 | 0000 488d | 4424 084c 
  0x00007f9e1d751de0: 896d c049 | 8bff c5f8 | 7749 89af | a002 0000 | 4989 8790 | 0200 00f7 | c40f 0000 | 000f 8412 
  0x00007f9e1d751e00: 0000 0048 | 83ec 08e8 | e4ad 6c10 | 4883 c408 | e905 0000 | 00e8 d6ad | 6c10 49c7 | 8790 0200 
  0x00007f9e1d751e20: 0000 0000 | 0049 c787 | a002 0000 | 0000 0000 | 49c7 8798 | 0200 0000 | 0000 00c5 | f877 4981 
  0x00007f9e1d751e40: 7f08 0000 | 0000 0f84 | 0500 0000 | e9af 5dfe | ff4c 8b6d | c04c 8b75 | c8c3 4c89 | 6dc0 8984 
  0x00007f9e1d751e60: 2400 c0fe | ff41 0fb6 | 5d00 49ba | c0ac 932e | 9e7f 0000 | 41ff 24da | 0000 0000 | 0000 0000 
[/MachCode]

---------------  P R O C E S S  ---------------

Threads class SMR info:
_java_thread_list=0x00007f9df009f3b0, length=11, elements={
0x00007f9e28028470, 0x00007f9e281e7780, 0x00007f9e281e8d00, 0x00007f9e282101b0,
0x00007f9e28213aa0, 0x00007f9e28214a40, 0x00007f9e282160a0, 0x00007f9e28217560,
0x00007f9e282209a0, 0x00007f9e282ae390, 0x00007f9df00763f0
}

Java Threads: ( => current thread )
=>0x00007f9e28028470 JavaThread "main" [_thread_in_Java, id=15090, stack(0x00007f9e2d500000,0x00007f9e2d600000)]
  0x00007f9e281e7780 JavaThread "Reference Handler" daemon [_thread_blocked, id=15094, stack(0x00007f9e0b0f1000,0x00007f9e0b1f1000)]
  0x00007f9e281e8d00 JavaThread "Finalizer" daemon [_thread_blocked, id=15095, stack(0x00007f9e0aff1000,0x00007f9e0b0f1000)]
  0x00007f9e282101b0 JavaThread "Signal Dispatcher" daemon [_thread_blocked, id=15097, stack(0x00007f9e0a900000,0x00007f9e0aa00000)]
  0x00007f9e28213aa0 JavaThread "Service Thread" daemon [_thread_blocked, id=15098, stack(0x00007f9e0a800000,0x00007f9e0a900000)]
  0x00007f9e28214a40 JavaThread "Monitor Deflation Thread" daemon [_thread_blocked, id=15099, stack(0x00007f9e0a700000,0x00007f9e0a800000)]
  0x00007f9e282160a0 JavaThread "C2 CompilerThread0" daemon [_thread_blocked, id=15100, stack(0x00007f9e0a600000,0x00007f9e0a700000)]
  0x00007f9e28217560 JavaThread "C1 CompilerThread0" daemon [_thread_blocked, id=15101, stack(0x00007f9e0a500000,0x00007f9e0a600000)]
  0x00007f9e282209a0 JavaThread "Sweeper thread" daemon [_thread_blocked, id=15102, stack(0x00007f9e0a400000,0x00007f9e0a500000)]
  0x00007f9e282ae390 JavaThread "Common-Cleaner" daemon [_thread_blocked, id=15106, stack(0x00007f9e0a300000,0x00007f9e0a400000)]
  0x00007f9df00763f0 JavaThread "C2 CompilerThread1" daemon [_thread_blocked, id=15107, stack(0x00007f9e0a200000,0x00007f9e0a300000)]

Other Threads:
  0x00007f9e280695d0 VMThread "VM Thread" [stack: 0x00007f9e0b1f3000,0x00007f9e0b2f3000] [id=15093]
  0x00007f9e2803fd80 GCTaskThread "GC Thread#0" [stack: 0x00007f9e2d029000,0x00007f9e2d129000] [id=15091]

Threads with active compile tasks:

VM state: not at safepoint (normal execution)

VM Mutex/Monitor currently owned by a thread: None

Heap address: 0x00000000c0000000, size: 1024 MB, Compressed Oops mode: 32-bit

CDS archive(s) not mapped
Compressed class space mapped at: 0x0000000100000000-0x0000000140000000, reserved size: 1073741824
Narrow klass base: 0x0000000000000000, Narrow klass shift: 3, Narrow klass range: 0x140000000

GC Precious Log:
 CPUs: 8 total, 8 available
 Memory: 15413M
 Large Page Support: Disabled
 NUMA Support: Disabled
 Compressed Oops: Enabled (32-bit)
 Alignments: Space 512K, Generation 512K, Heap 2M
 Heap Min Capacity: 100M
 Heap Initial Capacity: 100M
 Heap Max Capacity: 1G
 Pre-touch: Disabled
 Parallel Workers: 8

Heap:
 PSYoungGen      total 29696K, used 3594K [0x00000000eab00000, 0x00000000ecc00000, 0x0000000100000000)
  eden space 25600K, 14% used [0x00000000eab00000,0x00000000eae82828,0x00000000ec400000)
  from space 4096K, 0% used [0x00000000ec800000,0x00000000ec800000,0x00000000ecc00000)
  to   space 4096K, 0% used [0x00000000ec400000,0x00000000ec400000,0x00000000ec800000)
 ParOldGen       total 68608K, used 0K [0x00000000c0000000, 0x00000000c4300000, 0x00000000eab00000)
  object space 68608K, 0% used [0x00000000c0000000,0x00000000c0000000,0x00000000c4300000)
 Metaspace       used 5864K, committed 6080K, reserved 1114112K
  class space    used 564K, committed 640K, reserved 1048576K

Card table byte_map: [0x00007f9e2d129000,0x00007f9e2d32a000] _byte_map_base: 0x00007f9e2cb29000

Marking Bits: (ParMarkBitMap*) 0x00007f9e2e921ba0
 Begin Bits: [0x00007f9e14200000, 0x00007f9e15200000)
 End Bits:   [0x00007f9e15200000, 0x00007f9e16200000)

Polling page: 0x00007f9e2edc6000

Metaspace:

Usage:
  Non-class:      5.18 MB used.
      Class:    564.12 KB used.
       Both:      5.73 MB used.

Virtual space:
  Non-class space:       64.00 MB reserved,       5.31 MB (  8%) committed,  1 nodes.
      Class space:        1.00 GB reserved,     640.00 KB ( <1%) committed,  1 nodes.
             Both:        1.06 GB reserved,       5.94 MB ( <1%) committed. 

Chunk freelists:
   Non-Class:  10.43 MB
       Class:  15.25 MB
        Both:  25.68 MB

MaxMetaspaceSize: unlimited
CompressedClassSpaceSize: 1.00 GB
Initial GC threshold: 21.00 MB
Current GC threshold: 21.00 MB
CDS: off
MetaspaceReclaimPolicy: balanced
 - commit_granule_bytes: 65536.
 - commit_granule_words: 8192.
 - virtual_space_node_default_size: 8388608.
 - enlarge_chunks_in_place: 1.
 - new_chunks_are_fully_committed: 0.
 - uncommit_free_chunks: 1.
 - use_allocation_guard: 0.
 - handle_deallocations: 1.


Internal statistics:

num_allocs_failed_limit: 0.
num_arena_births: 10.
num_arena_deaths: 0.
num_vsnodes_births: 2.
num_vsnodes_deaths: 0.
num_space_committed: 95.
num_space_uncommitted: 0.
num_chunks_returned_to_freelist: 0.
num_chunks_taken_from_freelist: 23.
num_chunk_merges: 0.
num_chunk_splits: 11.
num_chunks_enlarged: 8.
num_inconsistent_stats: 0.

CodeHeap 'non-profiled nmethods': size=120028Kb used=71Kb max_used=71Kb free=119956Kb
 bounds [0x00007f9e1dcc9000, 0x00007f9e1df39000, 0x00007f9e25200000]
CodeHeap 'profiled nmethods': size=120028Kb used=304Kb max_used=304Kb free=119723Kb
 bounds [0x00007f9e16200000, 0x00007f9e16470000, 0x00007f9e1d737000]
CodeHeap 'non-nmethods': size=5704Kb used=1088Kb max_used=1103Kb free=4615Kb
 bounds [0x00007f9e1d737000, 0x00007f9e1d9a7000, 0x00007f9e1dcc9000]
 total_blobs=618 nmethods=252 adapters=282
 compilation: enabled
              stopped_count=0, restarted_count=0
 full_count=0

Compilation events (20 events):
Event: 0.234 Thread 0x00007f9e28217560  242   !   3       java.util.zip.ZipFile$ZipEntryIterator::next (71 bytes)
Event: 0.234 Thread 0x00007f9e28217560 nmethod 242 0x00007f9e16248790 code [0x00007f9e162489a0, 0x00007f9e16248e40]
Event: 0.234 Thread 0x00007f9e282160a0  243 %     4       java.lang.StringCoding::hasNegatives @ 2 (25 bytes)
Event: 0.235 Thread 0x00007f9df00763f0  241       4       java.lang.String::length (11 bytes)
Event: 0.236 Thread 0x00007f9e28217560  244       3       java.lang.StringLatin1::indexOf (36 bytes)
Event: 0.236 Thread 0x00007f9df00763f0 nmethod 241 0x00007f9e1dcd9c10 code [0x00007f9e1dcd9da0, 0x00007f9e1dcd9e38]
Event: 0.236 Thread 0x00007f9e28217560 nmethod 244 0x00007f9e16249210 code [0x00007f9e162493e0, 0x00007f9e16249810]
Event: 0.236 Thread 0x00007f9e28217560  245       3       java.net.URI::match (56 bytes)
Event: 0.236 Thread 0x00007f9e28217560 nmethod 245 0x00007f9e16249990 code [0x00007f9e16249b40, 0x00007f9e16249e50]
Event: 0.237 Thread 0x00007f9e282160a0 nmethod 243% 0x00007f9e1dcd9f10 code [0x00007f9e1dcda0a0, 0x00007f9e1dcda278]
Event: 0.242 Thread 0x00007f9e28217560  246       3       java.util.Optional::orElse (16 bytes)
Event: 0.242 Thread 0x00007f9e28217560 nmethod 246 0x00007f9e16249f10 code [0x00007f9e1624a0c0, 0x00007f9e1624a230]
Event: 0.242 Thread 0x00007f9e282160a0  247       4       java.util.Objects::requireNonNull (14 bytes)
Event: 0.242 Thread 0x00007f9e282160a0 nmethod 247 0x00007f9e1dcda390 code [0x00007f9e1dcda500, 0x00007f9e1dcda578]
Event: 0.242 Thread 0x00007f9e28217560  248       3       jdk.internal.jimage.ImageLocation::readValue (61 bytes)
Event: 0.242 Thread 0x00007f9df00763f0  249       4       java.nio.DirectByteBuffer::ix (10 bytes)
Event: 0.243 Thread 0x00007f9e28217560 nmethod 248 0x00007f9e1624a290 code [0x00007f9e1624a460, 0x00007f9e1624a810]
Event: 0.243 Thread 0x00007f9df00763f0 nmethod 249 0x00007f9e1dcda690 code [0x00007f9e1dcda800, 0x00007f9e1dcda878]
Event: 0.243 Thread 0x00007f9e28217560  250       3       java.lang.String::substring (58 bytes)
Event: 0.244 Thread 0x00007f9e28217560 nmethod 250 0x00007f9e1624a990 code [0x00007f9e1624ab80, 0x00007f9e1624b020]

GC Heap History (0 events):
No events

Dll operation events (6 events):
Event: 0.002 Loaded shared library /home/emmanuel/.vscode/extensions/redhat.java-1.23.0-linux-x64/jre/17.0.8.1-linux-x86_64/lib/libjava.so
Event: 0.144 Loaded shared library /home/emmanuel/.vscode/extensions/redhat.java-1.23.0-linux-x64/jre/17.0.8.1-linux-x86_64/lib/libzip.so
Event: 0.146 Loaded shared library /home/emmanuel/.vscode/extensions/redhat.java-1.23.0-linux-x64/jre/17.0.8.1-linux-x86_64/lib/libinstrument.so
Event: 0.155 Loaded shared library /home/emmanuel/.vscode/extensions/redhat.java-1.23.0-linux-x64/jre/17.0.8.1-linux-x86_64/lib/libnio.so
Event: 0.169 Loaded shared library /home/emmanuel/.vscode/extensions/redhat.java-1.23.0-linux-x64/jre/17.0.8.1-linux-x86_64/lib/libzip.so
Event: 0.188 Loaded shared library /home/emmanuel/.vscode/extensions/redhat.java-1.23.0-linux-x64/jre/17.0.8.1-linux-x86_64/lib/libjimage.so

Deoptimization events (0 events):
No events

Classes unloaded (0 events):
No events

Classes redefined (0 events):
No events

Internal exceptions (1 events):
Event: 0.114 Thread 0x00007f9e28028470 Exception <a 'java/lang/NoSuchMethodError'{0x00000000eacb2b28}: 'void java.lang.invoke.DirectMethodHandle$Holder.invokeStatic(java.lang.Object, java.lang.Object, java.lang.Object)'> (0x00000000eacb2b28) 
thrown [src/hotspot/share/interpreter/linkResolver.cpp, line 758]

VM Operations (4 events):
Event: 0.120 Executing VM operation: HandshakeAllThreads
Event: 0.120 Executing VM operation: HandshakeAllThreads done
Event: 0.238 Executing VM operation: HandshakeAllThreads
Event: 0.238 Executing VM operation: HandshakeAllThreads done

Events (20 events):
Event: 0.235 loading class java/net/JarURLConnection done
Event: 0.235 loading class sun/net/www/protocol/jar/JarURLConnection done
Event: 0.236 loading class sun/net/www/protocol/jar/JarFileFactory
Event: 0.236 loading class sun/net/www/protocol/jar/URLJarFile$URLJarFileCloseController
Event: 0.237 loading class sun/net/www/protocol/jar/URLJarFile$URLJarFileCloseController done
Event: 0.237 loading class sun/net/www/protocol/jar/JarFileFactory done
Event: 0.237 loading class sun/net/www/protocol/file/FileURLConnection
Event: 0.237 loading class sun/net/www/URLConnection
Event: 0.237 loading class sun/net/www/URLConnection done
Event: 0.237 loading class sun/net/www/protocol/file/FileURLConnection done
Event: 0.237 loading class sun/net/www/MessageHeader
Event: 0.237 loading class sun/net/www/MessageHeader done
Event: 0.237 loading class sun/net/www/protocol/jar/URLJarFile
Event: 0.238 loading class sun/net/www/protocol/jar/URLJarFile done
Event: 0.239 loading class sun/net/www/protocol/jar/URLJarFile$URLJarFileEntry
Event: 0.239 loading class sun/net/www/protocol/jar/URLJarFile$URLJarFileEntry done
Event: 0.239 loading class sun/net/www/protocol/jar/JarURLConnection$JarURLInputStream
Event: 0.239 loading class sun/net/www/protocol/jar/JarURLConnection$JarURLInputStream done
Event: 0.240 loading class java/lang/AssertionError
Event: 0.240 loading class java/lang/AssertionError done


Dynamic libraries:
c0000000-c4300000 rw-p 00000000 00:00 0 
c4300000-eab00000 ---p 00000000 00:00 0 
eab00000-ecc00000 rw-p 00000000 00:00 0 
ecc00000-100000000 ---p 00000000 00:00 0 
100000000-100010000 rw-p 00000000 00:00 0 
100010000-100030000 rw-p 00000000 00:00 0 
100030000-100090000 rw-p 00000000 00:00 0 
100090000-1000c0000 ---p 00000000 00:00 0 
1000c0000-1000d0000 rw-p 00000000 00:00 0 
1000d0000-140000000 ---p 00000000 00:00 0 
558197b02000-558197b03000 r--p 00000000 103:05 5384145                   /home/emmanuel/.vscode/extensions/redhat.java-1.23.0-linux-x64/jre/17.0.8.1-linux-x86_64/bin/java
558197b03000-558197b04000 r-xp 00001000 103:05 5384145                   /home/emmanuel/.vscode/extensions/redhat.java-1.23.0-linux-x64/jre/17.0.8.1-linux-x86_64/bin/java
558197b04000-558197b05000 r--p 00002000 103:05 5384145                   /home/emmanuel/.vscode/extensions/redhat.java-1.23.0-linux-x64/jre/17.0.8.1-linux-x86_64/bin/java
558197b05000-558197b06000 r--p 00002000 103:05 5384145                   /home/emmanuel/.vscode/extensions/redhat.java-1.23.0-linux-x64/jre/17.0.8.1-linux-x86_64/bin/java
558197b06000-558197b07000 rw-p 00003000 103:05 5384145                   /home/emmanuel/.vscode/extensions/redhat.java-1.23.0-linux-x64/jre/17.0.8.1-linux-x86_64/bin/java
55819829e000-5581982e6000 rw-p 00000000 00:00 0                          [heap]
7f9ddc000000-7f9ddc021000 rw-p 00000000 00:00 0 
7f9ddc021000-7f9de0000000 ---p 00000000 00:00 0 
7f9de0000000-7f9de003e000 rw-p 00000000 00:00 0 
7f9de003e000-7f9de4000000 ---p 00000000 00:00 0 
7f9de4000000-7f9de409c000 rw-p 00000000 00:00 0 
7f9de409c000-7f9de8000000 ---p 00000000 00:00 0 
7f9de8000000-7f9de8021000 rw-p 00000000 00:00 0 
7f9de8021000-7f9dec000000 ---p 00000000 00:00 0 
7f9dec000000-7f9dec021000 rw-p 00000000 00:00 0 
7f9dec021000-7f9df0000000 ---p 00000000 00:00 0 
7f9df0000000-7f9df00b3000 rw-p 00000000 00:00 0 
7f9df00b3000-7f9df4000000 ---p 00000000 00:00 0 
7f9df4000000-7f9df4021000 rw-p 00000000 00:00 0 
7f9df4021000-7f9df8000000 ---p 00000000 00:00 0 
7f9df8000000-7f9df8021000 rw-p 00000000 00:00 0 
7f9df8021000-7f9dfc000000 ---p 00000000 00:00 0 
7f9dfc000000-7f9dfc021000 rw-p 00000000 00:00 0 
7f9dfc021000-7f9e00000000 ---p 00000000 00:00 0 
7f9e00000000-7f9e00021000 rw-p 00000000 00:00 0 
7f9e00021000-7f9e04000000 ---p 00000000 00:00 0 
7f9e04000000-7f9e04021000 rw-p 00000000 00:00 0 
7f9e04021000-7f9e08000000 ---p 00000000 00:00 0 
7f9e09e12000-7f9e0a200000 rw-p 00000000 00:00 0 
7f9e0a200000-7f9e0a204000 ---p 00000000 00:00 0 
7f9e0a204000-7f9e0a300000 rw-p 00000000 00:00 0 
7f9e0a300000-7f9e0a304000 ---p 00000000 00:00 0 
7f9e0a304000-7f9e0a400000 rw-p 00000000 00:00 0 
7f9e0a400000-7f9e0a404000 ---p 00000000 00:00 0 
7f9e0a404000-7f9e0a500000 rw-p 00000000 00:00 0 
7f9e0a500000-7f9e0a504000 ---p 00000000 00:00 0 
7f9e0a504000-7f9e0a600000 rw-p 00000000 00:00 0 
7f9e0a600000-7f9e0a604000 ---p 00000000 00:00 0 
7f9e0a604000-7f9e0a700000 rw-p 00000000 00:00 0 
7f9e0a700000-7f9e0a704000 ---p 00000000 00:00 0 
7f9e0a704000-7f9e0a800000 rw-p 00000000 00:00 0 
7f9e0a800000-7f9e0a804000 ---p 00000000 00:00 0 
7f9e0a804000-7f9e0a900000 rw-p 00000000 00:00 0 
7f9e0a900000-7f9e0a904000 ---p 00000000 00:00 0 
7f9e0a904000-7f9e0aa00000 rw-p 00000000 00:00 0 
7f9e0aa00000-7f9e0af73000 r--p 00000000 103:05 4329506                   /usr/lib/locale/locale-archive
7f9e0aff1000-7f9e0aff5000 ---p 00000000 00:00 0 
7f9e0aff5000-7f9e0b0f1000 rw-p 00000000 00:00 0 
7f9e0b0f1000-7f9e0b0f5000 ---p 00000000 00:00 0 
7f9e0b0f5000-7f9e0b1f1000 rw-p 00000000 00:00 0 
7f9e0b1f1000-7f9e0b1f2000 ---p 00000000 00:00 0 
7f9e0b1f2000-7f9e0c3f0000 rw-p 00000000 00:00 0 
7f9e0c3f0000-7f9e0c420000 rw-p 00000000 00:00 0 
7f9e0c420000-7f9e0c480000 ---p 00000000 00:00 0 
7f9e0c480000-7f9e0c4b0000 rw-p 00000000 00:00 0 
7f9e0c4b0000-7f9e0c500000 ---p 00000000 00:00 0 
7f9e0c500000-7f9e0c600000 rw-p 00000000 00:00 0 
7f9e0c600000-7f9e10000000 ---p 00000000 00:00 0 
7f9e10000000-7f9e10021000 rw-p 00000000 00:00 0 
7f9e10021000-7f9e14000000 ---p 00000000 00:00 0 
7f9e140ff000-7f9e16200000 rw-p 00000000 00:00 0 
7f9e16200000-7f9e16470000 rwxp 00000000 00:00 0 
7f9e16470000-7f9e1d737000 ---p 00000000 00:00 0 
7f9e1d737000-7f9e1d9a7000 rwxp 00000000 00:00 0 
7f9e1d9a7000-7f9e1dcc9000 ---p 00000000 00:00 0 
7f9e1dcc9000-7f9e1df39000 rwxp 00000000 00:00 0 
7f9e1df39000-7f9e25200000 ---p 00000000 00:00 0 
7f9e25200000-7f9e27e1b000 r--s 00000000 103:05 5384551                   /home/emmanuel/.vscode/extensions/redhat.java-1.23.0-linux-x64/jre/17.0.8.1-linux-x86_64/lib/modules
7f9e27eff000-7f9e28000000 rw-p 00000000 00:00 0 
7f9e28000000-7f9e283a3000 rw-p 00000000 00:00 0 
7f9e283a3000-7f9e2c000000 ---p 00000000 00:00 0 
7f9e2c00b000-7f9e2c00f000 r--p 00000000 103:05 5384542                   /home/emmanuel/.vscode/extensions/redhat.java-1.23.0-linux-x64/jre/17.0.8.1-linux-x86_64/lib/libnet.so
7f9e2c00f000-7f9e2c01d000 r-xp 00004000 103:05 5384542                   /home/emmanuel/.vscode/extensions/redhat.java-1.23.0-linux-x64/jre/17.0.8.1-linux-x86_64/lib/libnet.so
7f9e2c01d000-7f9e2c021000 r--p 00012000 103:05 5384542                   /home/emmanuel/.vscode/extensions/redhat.java-1.23.0-linux-x64/jre/17.0.8.1-linux-x86_64/lib/libnet.so
7f9e2c021000-7f9e2c022000 r--p 00015000 103:05 5384542                   /home/emmanuel/.vscode/extensions/redhat.java-1.23.0-linux-x64/jre/17.0.8.1-linux-x86_64/lib/libnet.so
7f9e2c022000-7f9e2c023000 rw-p 00016000 103:05 5384542                   /home/emmanuel/.vscode/extensions/redhat.java-1.23.0-linux-x64/jre/17.0.8.1-linux-x86_64/lib/libnet.so
7f9e2c023000-7f9e2c02a000 r--p 00000000 103:05 5384543                   /home/emmanuel/.vscode/extensions/redhat.java-1.23.0-linux-x64/jre/17.0.8.1-linux-x86_64/lib/libnio.so
7f9e2c02a000-7f9e2c033000 r-xp 00007000 103:05 5384543                   /home/emmanuel/.vscode/extensions/redhat.java-1.23.0-linux-x64/jre/17.0.8.1-linux-x86_64/lib/libnio.so
7f9e2c033000-7f9e2c037000 r--p 00010000 103:05 5384543                   /home/emmanuel/.vscode/extensions/redhat.java-1.23.0-linux-x64/jre/17.0.8.1-linux-x86_64/lib/libnio.so
7f9e2c037000-7f9e2c038000 ---p 00014000 103:05 5384543                   /home/emmanuel/.vscode/extensions/redhat.java-1.23.0-linux-x64/jre/17.0.8.1-linux-x86_64/lib/libnio.so
7f9e2c038000-7f9e2c039000 r--p 00014000 103:05 5384543                   /home/emmanuel/.vscode/extensions/redhat.java-1.23.0-linux-x64/jre/17.0.8.1-linux-x86_64/lib/libnio.so
7f9e2c039000-7f9e2c03a000 rw-p 00015000 103:05 5384543                   /home/emmanuel/.vscode/extensions/redhat.java-1.23.0-linux-x64/jre/17.0.8.1-linux-x86_64/lib/libnio.so
7f9e2c03a000-7f9e2cc46000 rw-p 00000000 00:00 0 
7f9e2cc46000-7f9e2cc48000 r--p 00000000 103:05 5384550                   /home/emmanuel/.vscode/extensions/redhat.java-1.23.0-linux-x64/jre/17.0.8.1-linux-x86_64/lib/libzip.so
7f9e2cc48000-7f9e2cc4c000 r-xp 00002000 103:05 5384550                   /home/emmanuel/.vscode/extensions/redhat.java-1.23.0-linux-x64/jre/17.0.8.1-linux-x86_64/lib/libzip.so
7f9e2cc4c000-7f9e2cc4e000 r--p 00006000 103:05 5384550                   /home/emmanuel/.vscode/extensions/redhat.java-1.23.0-linux-x64/jre/17.0.8.1-linux-x86_64/lib/libzip.so
7f9e2cc4e000-7f9e2cc4f000 r--p 00007000 103:05 5384550                   /home/emmanuel/.vscode/extensions/redhat.java-1.23.0-linux-x64/jre/17.0.8.1-linux-x86_64/lib/libzip.so
7f9e2cc4f000-7f9e2cc50000 rw-p 00008000 103:05 5384550                   /home/emmanuel/.vscode/extensions/redhat.java-1.23.0-linux-x64/jre/17.0.8.1-linux-x86_64/lib/libzip.so
7f9e2cc50000-7f9e2cef3000 rw-p 00000000 00:00 0 
7f9e2cef3000-7f9e2d027000 ---p 00000000 00:00 0 
7f9e2d027000-7f9e2d028000 ---p 00000000 00:00 0 
7f9e2d028000-7f9e2d14b000 rw-p 00000000 00:00 0 
7f9e2d14b000-7f9e2d27e000 ---p 00000000 00:00 0 
7f9e2d27e000-7f9e2d28f000 rw-p 00000000 00:00 0 
7f9e2d28f000-7f9e2d329000 ---p 00000000 00:00 0 
7f9e2d329000-7f9e2d32f000 rw-p 00000000 00:00 0 
7f9e2d32f000-7f9e2d415000 ---p 00000000 00:00 0 
7f9e2d415000-7f9e2d41a000 rw-p 00000000 00:00 0 
7f9e2d41a000-7f9e2d500000 ---p 00000000 00:00 0 
7f9e2d500000-7f9e2d504000 ---p 00000000 00:00 0 
7f9e2d504000-7f9e2d600000 rw-p 00000000 00:00 0 
7f9e2d600000-7f9e2d853000 r--p 00000000 103:05 5384561                   /home/emmanuel/.vscode/extensions/redhat.java-1.23.0-linux-x64/jre/17.0.8.1-linux-x86_64/lib/server/libjvm.so
7f9e2d853000-7f9e2e575000 r-xp 00253000 103:05 5384561                   /home/emmanuel/.vscode/extensions/redhat.java-1.23.0-linux-x64/jre/17.0.8.1-linux-x86_64/lib/server/libjvm.so
7f9e2e575000-7f9e2e802000 r--p 00f75000 103:05 5384561                   /home/emmanuel/.vscode/extensions/redhat.java-1.23.0-linux-x64/jre/17.0.8.1-linux-x86_64/lib/server/libjvm.so
7f9e2e802000-7f9e2e8bb000 r--p 01201000 103:05 5384561                   /home/emmanuel/.vscode/extensions/redhat.java-1.23.0-linux-x64/jre/17.0.8.1-linux-x86_64/lib/server/libjvm.so
7f9e2e8bb000-7f9e2e8f0000 rw-p 012ba000 103:05 5384561                   /home/emmanuel/.vscode/extensions/redhat.java-1.23.0-linux-x64/jre/17.0.8.1-linux-x86_64/lib/server/libjvm.so
7f9e2e8f0000-7f9e2e94a000 rw-p 00000000 00:00 0 
7f9e2e950000-7f9e2ea00000 rw-p 00000000 00:00 0 
7f9e2ea00000-7f9e2ea28000 r--p 00000000 103:05 4327521                   /usr/lib/x86_64-linux-gnu/libc.so.6
7f9e2ea28000-7f9e2ebbd000 r-xp 00028000 103:05 4327521                   /usr/lib/x86_64-linux-gnu/libc.so.6
7f9e2ebbd000-7f9e2ec15000 r--p 001bd000 103:05 4327521                   /usr/lib/x86_64-linux-gnu/libc.so.6
7f9e2ec15000-7f9e2ec19000 r--p 00214000 103:05 4327521                   /usr/lib/x86_64-linux-gnu/libc.so.6
7f9e2ec19000-7f9e2ec1b000 rw-p 00218000 103:05 4327521                   /usr/lib/x86_64-linux-gnu/libc.so.6
7f9e2ec1b000-7f9e2ec28000 rw-p 00000000 00:00 0 
7f9e2ec28000-7f9e2ec2f000 r--s 00000000 103:05 4327898                   /usr/lib/x86_64-linux-gnu/gconv/gconv-modules.cache
7f9e2ec2f000-7f9e2ec34000 rw-p 00000000 00:00 0 
7f9e2ec34000-7f9e2ec3b000 ---p 00000000 00:00 0 
7f9e2ec3b000-7f9e2ec43000 rw-s 00000000 103:05 393261                    /tmp/hsperfdata_emmanuel/15089
7f9e2ec43000-7f9e2ec50000 r--p 00000000 103:05 5384529                   /home/emmanuel/.vscode/extensions/redhat.java-1.23.0-linux-x64/jre/17.0.8.1-linux-x86_64/lib/libjava.so
7f9e2ec50000-7f9e2ec62000 r-xp 0000d000 103:05 5384529                   /home/emmanuel/.vscode/extensions/redhat.java-1.23.0-linux-x64/jre/17.0.8.1-linux-x86_64/lib/libjava.so
7f9e2ec62000-7f9e2ec68000 r--p 0001f000 103:05 5384529                   /home/emmanuel/.vscode/extensions/redhat.java-1.23.0-linux-x64/jre/17.0.8.1-linux-x86_64/lib/libjava.so
7f9e2ec68000-7f9e2ec69000 ---p 00025000 103:05 5384529                   /home/emmanuel/.vscode/extensions/redhat.java-1.23.0-linux-x64/jre/17.0.8.1-linux-x86_64/lib/libjava.so
7f9e2ec69000-7f9e2ec6a000 r--p 00025000 103:05 5384529                   /home/emmanuel/.vscode/extensions/redhat.java-1.23.0-linux-x64/jre/17.0.8.1-linux-x86_64/lib/libjava.so
7f9e2ec6a000-7f9e2ec6b000 rw-p 00026000 103:05 5384529                   /home/emmanuel/.vscode/extensions/redhat.java-1.23.0-linux-x64/jre/17.0.8.1-linux-x86_64/lib/libjava.so
7f9e2ec6b000-7f9e2ec6c000 rw-p 00000000 00:00 0 
7f9e2ec6c000-7f9e2ec70000 r--p 00000000 103:05 5384533                   /home/emmanuel/.vscode/extensions/redhat.java-1.23.0-linux-x64/jre/17.0.8.1-linux-x86_64/lib/libjimage.so
7f9e2ec70000-7f9e2ec83000 r-xp 00004000 103:05 5384533                   /home/emmanuel/.vscode/extensions/redhat.java-1.23.0-linux-x64/jre/17.0.8.1-linux-x86_64/lib/libjimage.so
7f9e2ec83000-7f9e2ec89000 r--p 00017000 103:05 5384533                   /home/emmanuel/.vscode/extensions/redhat.java-1.23.0-linux-x64/jre/17.0.8.1-linux-x86_64/lib/libjimage.so
7f9e2ec89000-7f9e2ec8b000 r--p 0001c000 103:05 5384533                   /home/emmanuel/.vscode/extensions/redhat.java-1.23.0-linux-x64/jre/17.0.8.1-linux-x86_64/lib/libjimage.so
7f9e2ec8b000-7f9e2ec8c000 rw-p 0001e000 103:05 5384533                   /home/emmanuel/.vscode/extensions/redhat.java-1.23.0-linux-x64/jre/17.0.8.1-linux-x86_64/lib/libjimage.so
7f9e2ec8c000-7f9e2ec9a000 r--p 00000000 103:05 4327526                   /usr/lib/x86_64-linux-gnu/libm.so.6
7f9e2ec9a000-7f9e2ed16000 r-xp 0000e000 103:05 4327526                   /usr/lib/x86_64-linux-gnu/libm.so.6
7f9e2ed16000-7f9e2ed71000 r--p 0008a000 103:05 4327526                   /usr/lib/x86_64-linux-gnu/libm.so.6
7f9e2ed71000-7f9e2ed72000 r--p 000e4000 103:05 4327526                   /usr/lib/x86_64-linux-gnu/libm.so.6
7f9e2ed72000-7f9e2ed73000 rw-p 000e5000 103:05 4327526                   /usr/lib/x86_64-linux-gnu/libm.so.6
7f9e2ed73000-7f9e2ed74000 r--p 00000000 103:05 4327567                   /usr/lib/x86_64-linux-gnu/librt.so.1
7f9e2ed74000-7f9e2ed75000 r-xp 00001000 103:05 4327567                   /usr/lib/x86_64-linux-gnu/librt.so.1
7f9e2ed75000-7f9e2ed76000 r--p 00002000 103:05 4327567                   /usr/lib/x86_64-linux-gnu/librt.so.1
7f9e2ed76000-7f9e2ed77000 r--p 00002000 103:05 4327567                   /usr/lib/x86_64-linux-gnu/librt.so.1
7f9e2ed77000-7f9e2ed78000 rw-p 00003000 103:05 4327567                   /usr/lib/x86_64-linux-gnu/librt.so.1
7f9e2ed78000-7f9e2ed7c000 rw-p 00000000 00:00 0 
7f9e2ed7c000-7f9e2ed7d000 r--p 00000000 103:05 4327524                   /usr/lib/x86_64-linux-gnu/libdl.so.2
7f9e2ed7d000-7f9e2ed7e000 r-xp 00001000 103:05 4327524                   /usr/lib/x86_64-linux-gnu/libdl.so.2
7f9e2ed7e000-7f9e2ed7f000 r--p 00002000 103:05 4327524                   /usr/lib/x86_64-linux-gnu/libdl.so.2
7f9e2ed7f000-7f9e2ed80000 r--p 00002000 103:05 4327524                   /usr/lib/x86_64-linux-gnu/libdl.so.2
7f9e2ed80000-7f9e2ed81000 rw-p 00003000 103:05 4327524                   /usr/lib/x86_64-linux-gnu/libdl.so.2
7f9e2ed81000-7f9e2ed82000 r--p 00000000 103:05 4327560                   /usr/lib/x86_64-linux-gnu/libpthread.so.0
7f9e2ed82000-7f9e2ed83000 r-xp 00001000 103:05 4327560                   /usr/lib/x86_64-linux-gnu/libpthread.so.0
7f9e2ed83000-7f9e2ed84000 r--p 00002000 103:05 4327560                   /usr/lib/x86_64-linux-gnu/libpthread.so.0
7f9e2ed84000-7f9e2ed85000 r--p 00002000 103:05 4327560                   /usr/lib/x86_64-linux-gnu/libpthread.so.0
7f9e2ed85000-7f9e2ed86000 rw-p 00003000 103:05 4327560                   /usr/lib/x86_64-linux-gnu/libpthread.so.0
7f9e2ed86000-7f9e2ed89000 r--p 00000000 103:05 5384534                   /home/emmanuel/.vscode/extensions/redhat.java-1.23.0-linux-x64/jre/17.0.8.1-linux-x86_64/lib/libjli.so
7f9e2ed89000-7f9e2ed93000 r-xp 00003000 103:05 5384534                   /home/emmanuel/.vscode/extensions/redhat.java-1.23.0-linux-x64/jre/17.0.8.1-linux-x86_64/lib/libjli.so
7f9e2ed93000-7f9e2ed96000 r--p 0000d000 103:05 5384534                   /home/emmanuel/.vscode/extensions/redhat.java-1.23.0-linux-x64/jre/17.0.8.1-linux-x86_64/lib/libjli.so
7f9e2ed96000-7f9e2ed97000 ---p 00010000 103:05 5384534                   /home/emmanuel/.vscode/extensions/redhat.java-1.23.0-linux-x64/jre/17.0.8.1-linux-x86_64/lib/libjli.so
7f9e2ed97000-7f9e2ed98000 r--p 00010000 103:05 5384534                   /home/emmanuel/.vscode/extensions/redhat.java-1.23.0-linux-x64/jre/17.0.8.1-linux-x86_64/lib/libjli.so
7f9e2ed98000-7f9e2ed99000 rw-p 00011000 103:05 5384534                   /home/emmanuel/.vscode/extensions/redhat.java-1.23.0-linux-x64/jre/17.0.8.1-linux-x86_64/lib/libjli.so
7f9e2ed99000-7f9e2ed9b000 r--p 00000000 103:05 4353575                   /usr/lib/x86_64-linux-gnu/libz.so.1.2.11
7f9e2ed9b000-7f9e2edac000 r-xp 00002000 103:05 4353575                   /usr/lib/x86_64-linux-gnu/libz.so.1.2.11
7f9e2edac000-7f9e2edb2000 r--p 00013000 103:05 4353575                   /usr/lib/x86_64-linux-gnu/libz.so.1.2.11
7f9e2edb2000-7f9e2edb3000 ---p 00019000 103:05 4353575                   /usr/lib/x86_64-linux-gnu/libz.so.1.2.11
7f9e2edb3000-7f9e2edb4000 r--p 00019000 103:05 4353575                   /usr/lib/x86_64-linux-gnu/libz.so.1.2.11
7f9e2edb4000-7f9e2edb5000 rw-p 0001a000 103:05 4353575                   /usr/lib/x86_64-linux-gnu/libz.so.1.2.11
7f9e2edb9000-7f9e2edbb000 r--p 00000000 103:05 5384524                   /home/emmanuel/.vscode/extensions/redhat.java-1.23.0-linux-x64/jre/17.0.8.1-linux-x86_64/lib/libinstrument.so
7f9e2edbb000-7f9e2edc1000 r-xp 00002000 103:05 5384524                   /home/emmanuel/.vscode/extensions/redhat.java-1.23.0-linux-x64/jre/17.0.8.1-linux-x86_64/lib/libinstrument.so
7f9e2edc1000-7f9e2edc4000 r--p 00008000 103:05 5384524                   /home/emmanuel/.vscode/extensions/redhat.java-1.23.0-linux-x64/jre/17.0.8.1-linux-x86_64/lib/libinstrument.so
7f9e2edc4000-7f9e2edc5000 r--p 0000a000 103:05 5384524                   /home/emmanuel/.vscode/extensions/redhat.java-1.23.0-linux-x64/jre/17.0.8.1-linux-x86_64/lib/libinstrument.so
7f9e2edc5000-7f9e2edc6000 rw-p 0000b000 103:05 5384524                   /home/emmanuel/.vscode/extensions/redhat.java-1.23.0-linux-x64/jre/17.0.8.1-linux-x86_64/lib/libinstrument.so
7f9e2edc6000-7f9e2edc7000 ---p 00000000 00:00 0 
7f9e2edc7000-7f9e2edc8000 r--p 00000000 00:00 0 
7f9e2edc8000-7f9e2edca000 rw-p 00000000 00:00 0 
7f9e2edca000-7f9e2edcc000 r--p 00000000 103:05 4327516                   /usr/lib/x86_64-linux-gnu/ld-linux-x86-64.so.2
7f9e2edcc000-7f9e2edf6000 r-xp 00002000 103:05 4327516                   /usr/lib/x86_64-linux-gnu/ld-linux-x86-64.so.2
7f9e2edf6000-7f9e2ee01000 r--p 0002c000 103:05 4327516                   /usr/lib/x86_64-linux-gnu/ld-linux-x86-64.so.2
7f9e2ee01000-7f9e2ee02000 ---p 00000000 00:00 0 
7f9e2ee02000-7f9e2ee04000 r--p 00037000 103:05 4327516                   /usr/lib/x86_64-linux-gnu/ld-linux-x86-64.so.2
7f9e2ee04000-7f9e2ee06000 rw-p 00039000 103:05 4327516                   /usr/lib/x86_64-linux-gnu/ld-linux-x86-64.so.2
7ffc8839b000-7ffc883bd000 rw-p 00000000 00:00 0                          [stack]
7ffc883d4000-7ffc883d8000 r--p 00000000 00:00 0                          [vvar]
7ffc883d8000-7ffc883da000 r-xp 00000000 00:00 0                          [vdso]
ffffffffff600000-ffffffffff601000 --xp 00000000 00:00 0                  [vsyscall]


VM Arguments:
jvm_args: --add-modules=ALL-SYSTEM --add-opens=java.base/java.util=ALL-UNNAMED --add-opens=java.base/java.lang=ALL-UNNAMED --add-opens=java.base/sun.nio.fs=ALL-UNNAMED -Declipse.application=org.eclipse.jdt.ls.core.id1 -Dosgi.bundles.defaultStartLevel=4 -Declipse.product=org.eclipse.jdt.ls.core.product -Djava.import.generatesMetadataFilesAtProjectRoot=false -DDetectVMInstallationsJob.disabled=true -Dfile.encoding=utf8 -XX:+UseParallelGC -XX:GCTimeRatio=4 -XX:AdaptiveSizePolicyWeight=90 -Dsun.zip.disableMemoryMapping=true -Xmx1G -Xms100m -Xlog:disable -javaagent:/home/emmanuel/.vscode/extensions/redhat.java-1.23.0-linux-x64/lombok/lombok-1.18.30.jar -XX:+HeapDumpOnOutOfMemoryError -XX:HeapDumpPath=/home/emmanuel/.config/Code/User/workspaceStorage/9cf0182d8b0822c1a4b2ba5774e2e160/redhat.java -Daether.dependencyCollector.impl=bf 
java_command: /home/emmanuel/.vscode/extensions/redhat.java-1.23.0-linux-x64/server/plugins/org.eclipse.equinox.launcher_1.6.500.v20230717-2134.jar -configuration /home/emmanuel/.config/Code/User/globalStorage/redhat.java/1.23.0/config_linux -data /home/emmanuel/.config/Code/User/workspaceStorage/9cf0182d8b0822c1a4b2ba5774e2e160/redhat.java/jdt_ws
java_class_path (initial): /home/emmanuel/.vscode/extensions/redhat.java-1.23.0-linux-x64/server/plugins/org.eclipse.equinox.launcher_1.6.500.v20230717-2134.jar
Launcher Type: SUN_STANDARD

[Global flags]
    uintx AdaptiveSizePolicyWeight                 = 90                                        {product} {command line}
     intx CICompilerCount                          = 4                                         {product} {ergonomic}
    uintx GCTimeRatio                              = 4                                         {product} {command line}
     bool HeapDumpOnOutOfMemoryError               = true                                   {manageable} {command line}
    ccstr HeapDumpPath                             = /home/emmanuel/.config/Code/User/workspaceStorage/9cf0182d8b0822c1a4b2ba5774e2e160/redhat.java         {manageable} {command line}
   size_t InitialHeapSize                          = 104857600                                 {product} {command line}
   size_t MaxHeapSize                              = 1073741824                                {product} {command line}
   size_t MaxNewSize                               = 357564416                                 {product} {ergonomic}
   size_t MinHeapDeltaBytes                        = 524288                                    {product} {ergonomic}
   size_t MinHeapSize                              = 104857600                                 {product} {command line}
   size_t NewSize                                  = 34603008                                  {product} {ergonomic}
    uintx NonNMethodCodeHeapSize                   = 5839372                                {pd product} {ergonomic}
    uintx NonProfiledCodeHeapSize                  = 122909434                              {pd product} {ergonomic}
   size_t OldSize                                  = 70254592                                  {product} {ergonomic}
    uintx ProfiledCodeHeapSize                     = 122909434                              {pd product} {ergonomic}
    uintx ReservedCodeCacheSize                    = 251658240                              {pd product} {ergonomic}
     bool SegmentedCodeCache                       = true                                      {product} {ergonomic}
   size_t SoftMaxHeapSize                          = 1073741824                             {manageable} {ergonomic}
     bool UseCompressedClassPointers               = true                           {product lp64_product} {ergonomic}
     bool UseCompressedOops                        = true                           {product lp64_product} {ergonomic}
     bool UseParallelGC                            = true                                      {product} {command line}

Logging:
Log output configuration:
 #0: stdout all=off uptime,level,tags
 #1: stderr all=off uptime,level,tags

Environment Variables:
JAVA_HOME=/usr/lib/jvm/java-17-openjdk-amd64
PATH=/usr/local/sbin:/usr/local/bin:/usr/sbin:/usr/bin:/sbin:/bin:/usr/games:/usr/local/games:/snap/bin:/snap/bin:/usr/lib/jvm/java-17-openjdk-amd64/bin
USERNAME=emmanuel
SHELL=/bin/bash
DISPLAY=:0
LANG=en_US.UTF-8
TERM=xterm-256color

Active Locale:
LC_ALL=en_US.UTF-8
LC_COLLATE=en_US.UTF-8
LC_CTYPE=en_US.UTF-8
LC_MESSAGES=en_US.UTF-8
LC_MONETARY=en_US.UTF-8
LC_NUMERIC=en_US.UTF-8
LC_TIME=en_US.UTF-8

Signal Handlers:
   SIGSEGV: crash_handler in libjvm.so, mask=11100100010111111101111111111110, flags=SA_RESTART|SA_SIGINFO, unblocked
    SIGBUS: crash_handler in libjvm.so, mask=11100100010111111101111111111110, flags=SA_RESTART|SA_SIGINFO, unblocked
    SIGFPE: crash_handler in libjvm.so, mask=11100100010111111101111111111110, flags=SA_RESTART|SA_SIGINFO, unblocked
   SIGPIPE: javaSignalHandler in libjvm.so, mask=11100100010111111101111111111110, flags=SA_RESTART|SA_SIGINFO, blocked
   SIGXFSZ: javaSignalHandler in libjvm.so, mask=11100100010111111101111111111110, flags=SA_RESTART|SA_SIGINFO, blocked
    SIGILL: crash_handler in libjvm.so, mask=11100100010111111101111111111110, flags=SA_RESTART|SA_SIGINFO, unblocked
   SIGUSR2: SR_handler in libjvm.so, mask=00000000000000000000000000000000, flags=SA_RESTART|SA_SIGINFO, blocked
    SIGHUP: UserHandler in libjvm.so, mask=11100100010111111101111111111110, flags=SA_RESTART|SA_SIGINFO, blocked
    SIGINT: UserHandler in libjvm.so, mask=11100100010111111101111111111110, flags=SA_RESTART|SA_SIGINFO, blocked
   SIGTERM: UserHandler in libjvm.so, mask=11100100010111111101111111111110, flags=SA_RESTART|SA_SIGINFO, blocked
   SIGQUIT: UserHandler in libjvm.so, mask=11100100010111111101111111111110, flags=SA_RESTART|SA_SIGINFO, blocked
   SIGTRAP: crash_handler in libjvm.so, mask=11100100010111111101111111111110, flags=SA_RESTART|SA_SIGINFO, unblocked


---------------  S Y S T E M  ---------------

OS:
DISTRIB_ID=Ubuntu
DISTRIB_RELEASE=22.04
DISTRIB_CODENAME=jammy
DISTRIB_DESCRIPTION="Ubuntu 22.04.3 LTS"
uname: Linux 6.2.0-33-generic #33~22.04.1-Ubuntu SMP PREEMPT_DYNAMIC Thu Sep  7 10:33:52 UTC 2 x86_64
OS uptime: 0 days 2:41 hours
libc: glibc 2.35 NPTL 2.35 
rlimit (soft/hard): STACK 8192k/infinity , CORE 0k/infinity , NPROC 61355/61355 , NOFILE 1048576/1048576 , AS infinity/infinity , CPU infinity/infinity , DATA infinity/infinity , FSIZE infinity/infinity , MEMLOCK 1972928k/1972928k
load average: 0.26 1.03 1.06

/proc/meminfo:
MemTotal:       15783452 kB
MemFree:         8938252 kB
MemAvailable:   12682244 kB
Buffers:          158100 kB
Cached:          3769260 kB
SwapCached:            0 kB
Active:          1873412 kB
Inactive:        3891012 kB
Active(anon):       3224 kB
Inactive(anon):  1872024 kB
Active(file):    1870188 kB
Inactive(file):  2018988 kB
Unevictable:          96 kB
Mlocked:              96 kB
SwapTotal:       2097148 kB
SwapFree:        2097148 kB
Zswap:                 0 kB
Zswapped:              0 kB
Dirty:               512 kB
Writeback:             0 kB
AnonPages:       1837316 kB
Mapped:           849624 kB
Shmem:             37924 kB
KReclaimable:     190156 kB
Slab:             381200 kB
SReclaimable:     190156 kB
SUnreclaim:       191044 kB
KernelStack:       15500 kB
PageTables:        32752 kB
SecPageTables:         0 kB
NFS_Unstable:          0 kB
Bounce:                0 kB
WritebackTmp:          0 kB
CommitLimit:     9988872 kB
Committed_AS:    8529804 kB
VmallocTotal:   34359738367 kB
VmallocUsed:      135984 kB
VmallocChunk:          0 kB
Percpu:            16384 kB
HardwareCorrupted:     0 kB
AnonHugePages:         0 kB
ShmemHugePages:        0 kB
ShmemPmdMapped:        0 kB
FileHugePages:         0 kB
FilePmdMapped:         0 kB
HugePages_Total:       0
HugePages_Free:        0
HugePages_Rsvd:        0
HugePages_Surp:        0
Hugepagesize:       2048 kB
Hugetlb:               0 kB
DirectMap4k:      806548 kB
DirectMap2M:     9091072 kB
DirectMap1G:     7340032 kB

/sys/kernel/mm/transparent_hugepage/enabled: always [madvise] never
/sys/kernel/mm/transparent_hugepage/defrag (defrag/compaction efforts parameter): always defer defer+madvise [madvise] never

Process Memory:
Virtual Size: 3422156K (peak: 3422232K)
Resident Set Size: 44160K (peak: 44160K) (anon: 20352K, file: 23808K, shmem: 0K)
Swapped out: 0K
C-Heap outstanding allocations: 38193K, retained: 1534K
glibc malloc tunables: (default)

/proc/sys/kernel/threads-max (system-wide limit on the number of threads): 122711
/proc/sys/vm/max_map_count (maximum number of memory map areas a process may have): 65530
/proc/sys/kernel/pid_max (system-wide limit on number of process identifiers): 4194304

container (cgroup) information:
container_type: cgroupv2
cpu_cpuset_cpus: not supported
cpu_memory_nodes: not supported
active_processor_count: 8
cpu_quota: not supported
cpu_period: not supported
cpu_shares: not supported
memory_limit_in_bytes: unlimited
memory_and_swap_limit_in_bytes: unlimited
memory_soft_limit_in_bytes: unlimited
memory_usage_in_bytes: 658040 k
memory_max_usage_in_bytes: not supported
memory_swap_current_in_bytes: unlimited
memory_swap_max_limit_in_bytes: unlimited
maximum number of tasks: 18406
current number of tasks: 182

Steal ticks since vm start: 0
Steal ticks percentage since vm start:  0.000

CPU: total 8 (initial active 8) (8 cores per cpu, 2 threads per core) family 23 model 24 stepping 1 microcode 0x8108102, cx8, cmov, fxsr, ht, mmx, 3dnowpref, sse, sse2, sse3, ssse3, sse4a, sse4.1, sse4.2, popcnt, lzcnt, tsc, tscinvbit, avx, avx2, aes, clmul, bmi1, bmi2, adx, sha, fma, vzeroupper, clflush, clflushopt
CPU Model and flags from /proc/cpuinfo:
model name	: AMD Ryzen 7 3750H with Radeon Vega Mobile Gfx
flags		: fpu vme de pse tsc msr pae mce cx8 apic sep mtrr pge mca cmov pat pse36 clflush mmx fxsr sse sse2 ht syscall nx mmxext fxsr_opt pdpe1gb rdtscp lm constant_tsc rep_good nopl nonstop_tsc cpuid extd_apicid aperfmperf rapl pni pclmulqdq monitor ssse3 fma cx16 sse4_1 sse4_2 movbe popcnt aes xsave avx f16c rdrand lahf_lm cmp_legacy svm extapic cr8_legacy abm sse4a misalignsse 3dnowprefetch osvw skinit wdt tce topoext perfctr_core perfctr_nb bpext perfctr_llc mwaitx cpb hw_pstate ssbd ibpb vmmcall fsgsbase bmi1 avx2 smep bmi2 rdseed adx smap clflushopt sha_ni xsaveopt xsavec xgetbv1 clzero irperf xsaveerptr arat npt lbrv svm_lock nrip_save tsc_scale vmcb_clean flushbyasid decodeassists pausefilter pfthreshold avic v_vmsave_vmload vgif overflow_recov succor smca sev sev_es

Online cpus: 0-7
Offline cpus: 8-15
BIOS frequency limitation: 2300000
Frequency switch latency (ns): 0
Available cpu frequencies: 2300000 1700000 1400000 
Current governor: schedutil
Core performance/turbo boost: 1

Memory: 4k page, physical 15783452k(8938252k free), swap 2097148k(2097148k free)
Page Sizes: 4k

vm_info: OpenJDK 64-Bit Server VM (17.0.8.1+1) for linux-amd64 JRE (17.0.8.1+1), built on Aug 24 2023 00:00:00 by "admin" with gcc 10.3.0

END.
