#
# A fatal error has been detected by the Java Runtime Environment:
#
#  SIGSEGV (0xb) at pc=0x00007fdce959e094, pid=15882, tid=15969
#
# JRE version: OpenJDK Runtime Environment Temurin-17.0.8.1+1 (17.0.8.1+1) (build 17.0.8.1+1)
# Java VM: OpenJDK 64-Bit Server VM Temurin-17.0.8.1+1 (17.0.8.1+1, mixed mode, tiered, compressed oops, compressed class ptrs, parallel gc, linux-amd64)
# Problematic frame:
# V  [libjvm.so+0x59e094]  PhaseConservativeCoalesce::union_helper(Node*, Node*, unsigned int, unsigned int, Node*, Node*, Node*, Block*, unsigned int)+0x184
#
# Core dump will be written. Default location: Core dumps may be processed with "/usr/share/apport/apport -p%p -s%s -c%c -d%d -P%P -u%u -g%g -- %E" (or dumping to /home/emmanuel/Desktop/spring_batch/spring_batch_hello_world/core.15882)
#
# If you would like to submit a bug report, please visit:
#   https://github.com/adoptium/adoptium-support/issues
#

---------------  S U M M A R Y ------------

Command Line: --add-modules=ALL-SYSTEM --add-opens=java.base/java.util=ALL-UNNAMED --add-opens=java.base/java.lang=ALL-UNNAMED --add-opens=java.base/sun.nio.fs=ALL-UNNAMED -Declipse.application=org.eclipse.jdt.ls.core.id1 -Dosgi.bundles.defaultStartLevel=4 -Declipse.product=org.eclipse.jdt.ls.core.product -Djava.import.generatesMetadataFilesAtProjectRoot=false -DDetectVMInstallationsJob.disabled=true -Dfile.encoding=utf8 -XX:+UseParallelGC -XX:GCTimeRatio=4 -XX:AdaptiveSizePolicyWeight=90 -Dsun.zip.disableMemoryMapping=true -Xmx1G -Xms100m -Xlog:disable -javaagent:/home/emmanuel/.vscode/extensions/redhat.java-1.23.0-linux-x64/lombok/lombok-1.18.30.jar -XX:+HeapDumpOnOutOfMemoryError -XX:HeapDumpPath=/home/emmanuel/.config/Code/User/workspaceStorage/9cf0182d8b0822c1a4b2ba5774e2e160/redhat.java -Daether.dependencyCollector.impl=bf /home/emmanuel/.vscode/extensions/redhat.java-1.23.0-linux-x64/server/plugins/org.eclipse.equinox.launcher_1.6.500.v20230717-2134.jar -configuration /home/emmanuel/.config/Code/User/globalStorage/redhat.java/1.23.0/config_linux -data /home/emmanuel/.config/Code/User/workspaceStorage/9cf0182d8b0822c1a4b2ba5774e2e160/redhat.java/jdt_ws

Host: AMD Ryzen 7 3750H with Radeon Vega Mobile Gfx, 8 cores, 15G, Ubuntu 22.04.3 LTS
Time: Sun Oct  8 18:13:42 2023 CDT elapsed time: 3.372466 seconds (0d 0h 0m 3s)

---------------  T H R E A D  ---------------

Current thread (0x00007fdca02b1200):  JavaThread "C2 CompilerThread2" daemon [_thread_in_native, id=15969, stack(0x00007fdcc43fc000,0x00007fdcc44fc000)]


Current CompileTask:
C2:   3372 3609       4       org.lombokweb.asm.ClassReader::readMethod (1066 bytes)

Stack: [0x00007fdcc43fc000,0x00007fdcc44fc000],  sp=0x00007fdcc44f7340,  free space=1004k
Native frames: (J=compiled Java code, j=interpreted, Vv=VM code, C=native code)
V  [libjvm.so+0x59e094]  PhaseConservativeCoalesce::union_helper(Node*, Node*, unsigned int, unsigned int, Node*, Node*, Node*, Block*, unsigned int)+0x184
V  [libjvm.so+0x59f3b8]  PhaseConservativeCoalesce::copy_copy(Node*, Node*, Block*, unsigned int) [clone .part.0]+0x778
V  [libjvm.so+0x59f5fd]  PhaseConservativeCoalesce::coalesce(Block*)+0xad
V  [libjvm.so+0x59dab2]  PhaseCoalesce::coalesce_driver()+0x42
V  [libjvm.so+0x5429ed]  PhaseChaitin::Register_Allocate()+0x67d
V  [libjvm.so+0x5d0e89]  Compile::Code_Gen()+0x349
V  [libjvm.so+0x5d6b0b]  Compile::Compile(ciEnv*, ciMethod*, int, bool, bool, bool, bool, bool, DirectiveSet*)+0x148b
V  [libjvm.so+0x5162c9]  C2Compiler::compile_method(ciEnv*, ciMethod*, int, bool, DirectiveSet*)+0xe9
V  [libjvm.so+0x5df632]  CompileBroker::invoke_compiler_on_method(CompileTask*)+0xef2
V  [libjvm.so+0x5e0448]  CompileBroker::compiler_thread_loop()+0x678
V  [libjvm.so+0xe65584]  JavaThread::thread_main_inner()+0x184
V  [libjvm.so+0xe68d40]  Thread::call_run()+0xc0
V  [libjvm.so+0xc1e681]  thread_native_entry(Thread*)+0xe1


siginfo: si_signo: 11 (SIGSEGV), si_code: 1 (SEGV_MAPERR), si_addr: 0x0000000400000001

Register to memory mapping:

RAX=0x0000000400000001 is an unknown value
RBX=0x0000000000000008 is an unknown value
RCX=0x000000007fffffff is an unknown value
RDX=0x0000000000000001 is an unknown value
RSP=0x00007fdcc44f7340 is pointing into the stack for thread: 0x00007fdca02b1200
RBP=0x00007fdcc44f7390 is pointing into the stack for thread: 0x00007fdca02b1200
RSI=0x00007fdc900f6970 points into unknown readable memory: 0x00007fdce4224818 | 18 48 22 e4 dc 7f 00 00
RDI=0x0000000000000011 is an unknown value
R8 =0x00007fdce4224818 points into unknown readable memory: 0x00007fdcea21a678 | 78 a6 21 ea dc 7f 00 00
R9 =0x00007fdce4224818 points into unknown readable memory: 0x00007fdcea21a678 | 78 a6 21 ea dc 7f 00 00
R10=0x0000000000002adf is an unknown value
R11=0x0000000000002adf is an unknown value
R12=0x00007fdc4c07b428 points into unknown readable memory: 0x00007fdcea2046f0 | f0 46 20 ea dc 7f 00 00
R13=0x0 is NULL
R14=0x00007fdcc44f76e0 is pointing into the stack for thread: 0x00007fdca02b1200
R15=0x00007fdc900f6b00 points into unknown readable memory: 0x00007fdcea21db38 | 38 db 21 ea dc 7f 00 00


Registers:
RAX=0x0000000400000001, RBX=0x0000000000000008, RCX=0x000000007fffffff, RDX=0x0000000000000001
RSP=0x00007fdcc44f7340, RBP=0x00007fdcc44f7390, RSI=0x00007fdc900f6970, RDI=0x0000000000000011
R8 =0x00007fdce4224818, R9 =0x00007fdce4224818, R10=0x0000000000002adf, R11=0x0000000000002adf
R12=0x00007fdc4c07b428, R13=0x0000000000000000, R14=0x00007fdcc44f76e0, R15=0x00007fdc900f6b00
RIP=0x00007fdce959e094, EFLAGS=0x0000000000010202, CSGSFS=0x002b000000000033, ERR=0x0000000000000004
  TRAPNO=0x000000000000000e

Top of Stack: (sp=0x00007fdcc44f7340)
0x00007fdcc44f7340:   0000000000000000 00007fdc900f6b00
0x00007fdcc44f7350:   00007fdcc44f73b0 00007fdce4224818
0x00007fdcc44f7360:   0000000000000000 00007fdcc44f76e0
0x00007fdcc44f7370:   0000000000000000 0000000000002adf 

Instructions: (pc=0x00007fdce959e094)
0x00007fdce959df94:   20 48 c7 44 10 18 00 00 00 00 49 8b 46 18 48 8b
0x00007fdce959dfa4:   40 70 4c 8b 40 20 48 8b 05 8f 3f 9e 00 49 01 d0
0x00007fdce959dfb4:   49 8d 78 40 49 89 80 90 00 00 00 44 89 c0 48 83
0x00007fdce959dfc4:   e7 f8 49 c7 40 38 00 00 00 00 49 c7 80 88 00 00
0x00007fdce959dfd4:   00 00 00 00 00 29 f8 8d 88 90 00 00 00 31 c0 c1
0x00007fdce959dfe4:   e9 03 f3 48 ab 41 c7 80 98 00 00 00 00 00 00 00
0x00007fdce959dff4:   49 8b 46 18 48 8b 40 70 48 8b 48 20 48 8d 3c 31
0x00007fdce959e004:   0f b6 9c 11 a6 00 00 00 0f b6 87 a6 00 00 00 09
0x00007fdce959e014:   c3 83 e0 fe 89 d9 83 e1 01 09 c8 88 87 a6 00 00
0x00007fdce959e024:   00 49 8b 46 18 48 8b 40 70 48 8b 40 20 80 a4 10
0x00007fdce959e034:   a6 00 00 00 fe 49 8b 46 18 48 8b 40 70 48 8b 40
0x00007fdce959e044:   20 48 01 c6 f2 0f 10 44 10 10 66 0f 2f 46 10 76
0x00007fdce959e054:   05 f2 0f 11 46 10 41 8b 57 30 49 8b 77 08 83 e2
0x00007fdce959e064:   01 48 8d 1c d5 00 00 00 00 48 01 de 4c 8b 06 4d
0x00007fdce959e074:   85 c0 74 2f 49 8b 78 10 48 85 ff 74 26 41 8b 40
0x00007fdce959e084:   20 48 89 c1 48 8d 04 c7 0f 1f 40 00 48 83 e8 08
0x00007fdce959e094:   4c 3b 38 75 f7 83 e9 01 41 89 48 20 48 8b 0c cf
0x00007fdce959e0a4:   48 89 08 4c 89 0e 4d 85 c9 74 22 49 8b 41 10 48
0x00007fdce959e0b4:   85 c0 74 19 41 8b 71 20 41 3b 71 24 0f 84 a1 01
0x00007fdce959e0c4:   00 00 8d 4e 01 41 89 49 20 4c 89 3c f0 49 8b 47
0x00007fdce959e0d4:   08 4c 89 ff 48 8b 34 d0 e8 9f 85 6c 00 49 03 5f
0x00007fdce959e0e4:   08 48 8b 0b 48 85 c9 74 29 48 8b 71 10 48 85 f6
0x00007fdce959e0f4:   74 20 8b 41 20 48 89 c2 48 8d 04 c6 48 83 e8 08
0x00007fdce959e104:   4c 3b 38 75 f7 83 ea 01 89 51 20 48 8b 14 d6 48
0x00007fdce959e114:   89 10 48 c7 03 00 00 00 00 8b 75 28 49 8d 7c 24
0x00007fdce959e124:   10 e8 36 d5 64 00 41 83 6c 24 28 01 41 8b 44 24
0x00007fdce959e134:   70 3b 45 28 76 08 83 e8 01 41 89 44 24 70 41 8b
0x00007fdce959e144:   44 24 78 3b 45 28 76 08 83 e8 01 41 89 44 24 78
0x00007fdce959e154:   49 8b 46 18 48 8b 50 48 48 8b 7a 78 48 8b 55 18
0x00007fdce959e164:   8b 52 28 4c 8b 04 d7 4d 39 c4 0f 84 e4 00 00 00
0x00007fdce959e174:   44 89 e9 ba 01 00 00 00 45 89 ef 48 d3 e2 44 89
0x00007fdce959e184:   e9 41 c1 ef 08 c1 e9 06 49 c1 e7 03 83 e1 03 48 


Stack slot to memory mapping:
stack at sp + 0 slots: 0x0 is NULL
stack at sp + 1 slots: 0x00007fdc900f6b00 points into unknown readable memory: 0x00007fdcea21db38 | 38 db 21 ea dc 7f 00 00
stack at sp + 2 slots: 0x00007fdcc44f73b0 is pointing into the stack for thread: 0x00007fdca02b1200
stack at sp + 3 slots: 0x00007fdce4224818 points into unknown readable memory: 0x00007fdcea21a678 | 78 a6 21 ea dc 7f 00 00
stack at sp + 4 slots: 0x0 is NULL
stack at sp + 5 slots: 0x00007fdcc44f76e0 is pointing into the stack for thread: 0x00007fdca02b1200
stack at sp + 6 slots: 0x0 is NULL
stack at sp + 7 slots: 0x0000000000002adf is an unknown value


---------------  P R O C E S S  ---------------

Threads class SMR info:
_java_thread_list=0x00007fdc6c9418b0, length=24, elements={
0x00007fdce4028470, 0x00007fdce41e7780, 0x00007fdce41e8d00, 0x00007fdce42101b0,
0x00007fdce4213aa0, 0x00007fdce4214a40, 0x00007fdce42160a0, 0x00007fdce4217560,
0x00007fdce42209a0, 0x00007fdce42a6620, 0x00007fdca00b5b10, 0x00007fdce439faf0,
0x00007fdce44cfde0, 0x00007fdce45e8310, 0x00007fdce4631880, 0x00007fdce46345a0,
0x00007fdc6c227b50, 0x00007fdc6c39c6e0, 0x00007fdc6c4de970, 0x00007fdc6c408f80,
0x00007fdc6c331730, 0x00007fdc6c340610, 0x00007fdca02b1200, 0x00007fdc6c943b90
}

Java Threads: ( => current thread )
  0x00007fdce4028470 JavaThread "main" [_thread_in_vm, id=15883, stack(0x00007fdce8e19000,0x00007fdce8f19000)]
  0x00007fdce41e7780 JavaThread "Reference Handler" daemon [_thread_blocked, id=15886, stack(0x00007fdcc68e9000,0x00007fdcc69e9000)]
  0x00007fdce41e8d00 JavaThread "Finalizer" daemon [_thread_blocked, id=15887, stack(0x00007fdcc67e9000,0x00007fdcc68e9000)]
  0x00007fdce42101b0 JavaThread "Signal Dispatcher" daemon [_thread_blocked, id=15888, stack(0x00007fdcc6100000,0x00007fdcc6200000)]
  0x00007fdce4213aa0 JavaThread "Service Thread" daemon [_thread_blocked, id=15889, stack(0x00007fdcc6000000,0x00007fdcc6100000)]
  0x00007fdce4214a40 JavaThread "Monitor Deflation Thread" daemon [_thread_blocked, id=15890, stack(0x00007fdcc5f00000,0x00007fdcc6000000)]
  0x00007fdce42160a0 JavaThread "C2 CompilerThread0" daemon [_thread_in_native, id=15891, stack(0x00007fdcc5e00000,0x00007fdcc5f00000)]
  0x00007fdce4217560 JavaThread "C1 CompilerThread0" daemon [_thread_blocked, id=15892, stack(0x00007fdcc5d00000,0x00007fdcc5e00000)]
  0x00007fdce42209a0 JavaThread "Sweeper thread" daemon [_thread_blocked, id=15893, stack(0x00007fdcc5c00000,0x00007fdcc5d00000)]
  0x00007fdce42a6620 JavaThread "Common-Cleaner" daemon [_thread_blocked, id=15894, stack(0x00007fdcc5b00000,0x00007fdcc5c00000)]
  0x00007fdca00b5b10 JavaThread "C2 CompilerThread1" daemon [_thread_in_native, id=15896, stack(0x00007fdcc5a00000,0x00007fdcc5b00000)]
  0x00007fdce439faf0 JavaThread "Notification Thread" daemon [_thread_blocked, id=15899, stack(0x00007fdcc5800000,0x00007fdcc5900000)]
  0x00007fdce44cfde0 JavaThread "process reaper" daemon [_thread_blocked, id=15904, stack(0x00007fdce8097000,0x00007fdce80b9000)]
  0x00007fdce45e8310 JavaThread "Active Thread: Equinox Container: 2f18c8a5-8124-483f-af86-cc02a8334f9a" [_thread_blocked, id=15913, stack(0x00007fdcc50f4000,0x00007fdcc51f4000)]
  0x00007fdce4631880 JavaThread "Framework Event Dispatcher: Equinox Container: 2f18c8a5-8124-483f-af86-cc02a8334f9a" daemon [_thread_blocked, id=15914, stack(0x00007fdcc4ff4000,0x00007fdcc50f4000)]
  0x00007fdce46345a0 JavaThread "Start Level: Equinox Container: 2f18c8a5-8124-483f-af86-cc02a8334f9a" daemon [_thread_blocked, id=15915, stack(0x00007fdcc4ef4000,0x00007fdcc4ff4000)]
  0x00007fdc6c227b50 JavaThread "Bundle File Closer" daemon [_thread_blocked, id=15918, stack(0x00007fdcc48fc000,0x00007fdcc49fc000)]
  0x00007fdc6c39c6e0 JavaThread "SCR Component Actor" daemon [_thread_blocked, id=15920, stack(0x00007fdcc47fc000,0x00007fdcc48fc000)]
  0x00007fdc6c4de970 JavaThread "SCR Component Registry" daemon [_thread_blocked, id=15922, stack(0x00007fdcc46fc000,0x00007fdcc47fc000)]
  0x00007fdc6c408f80 JavaThread "Worker-JM" [_thread_blocked, id=15925, stack(0x00007fdcc5900000,0x00007fdcc5a00000)]
  0x00007fdc6c331730 JavaThread "Worker-0" [_thread_blocked, id=15928, stack(0x00007fdcc45fc000,0x00007fdcc46fc000)]
  0x00007fdc6c340610 JavaThread "Worker-1" [_thread_blocked, id=15929, stack(0x00007fdcc44fc000,0x00007fdcc45fc000)]
=>0x00007fdca02b1200 JavaThread "C2 CompilerThread2" daemon [_thread_in_native, id=15969, stack(0x00007fdcc43fc000,0x00007fdcc44fc000)]
  0x00007fdc6c943b90 JavaThread "Java indexing" daemon [_thread_blocked, id=15977, stack(0x00007fdcc42fc000,0x00007fdcc43fc000)]

Other Threads:
  0x00007fdce40695d0 VMThread "VM Thread" [stack: 0x00007fdcc69eb000,0x00007fdcc6aeb000] [id=15885]
  0x00007fdce40723b0 WatcherThread [stack: 0x00007fdcc5700000,0x00007fdcc5800000] [id=15900]
  0x00007fdce403fd80 GCTaskThread "GC Thread#0" [stack: 0x00007fdce8942000,0x00007fdce8a42000] [id=15884]
  0x00007fdcc0001270 GCTaskThread "GC Thread#1" [stack: 0x00007fdcc55fe000,0x00007fdcc56fe000] [id=15908]
  0x00007fdcc0003160 GCTaskThread "GC Thread#2" [stack: 0x00007fdcc54fc000,0x00007fdcc55fc000] [id=15909]
  0x00007fdcc0003b10 GCTaskThread "GC Thread#3" [stack: 0x00007fdcc53fa000,0x00007fdcc54fa000] [id=15910]
  0x00007fdcc00044c0 GCTaskThread "GC Thread#4" [stack: 0x00007fdcc52f8000,0x00007fdcc53f8000] [id=15911]
  0x00007fdcc0004e70 GCTaskThread "GC Thread#5" [stack: 0x00007fdcc51f6000,0x00007fdcc52f6000] [id=15912]
  0x00007fdcc0006270 GCTaskThread "GC Thread#6" [stack: 0x00007fdcc4b00000,0x00007fdcc4c00000] [id=15916]
  0x00007fdcc0006bb0 GCTaskThread "GC Thread#7" [stack: 0x00007fdcc49fe000,0x00007fdcc4afe000] [id=15917]

Threads with active compile tasks:
C2 CompilerThread0     3380 3932       4       java.util.Properties::load0 (249 bytes)
C2 CompilerThread1     3380 3914   !   4       org.eclipse.osgi.internal.serviceregistry.ServiceRegistry::lookupServiceRegistrations (214 bytes)
C2 CompilerThread2     3380 3609       4       org.lombokweb.asm.ClassReader::readMethod (1066 bytes)

VM state: not at safepoint (normal execution)

VM Mutex/Monitor currently owned by a thread: None

Heap address: 0x00000000c0000000, size: 1024 MB, Compressed Oops mode: 32-bit

CDS archive(s) not mapped
Compressed class space mapped at: 0x0000000100000000-0x0000000140000000, reserved size: 1073741824
Narrow klass base: 0x0000000000000000, Narrow klass shift: 3, Narrow klass range: 0x140000000

GC Precious Log:
 CPUs: 8 total, 8 available
 Memory: 15413M
 Large Page Support: Disabled
 NUMA Support: Disabled
 Compressed Oops: Enabled (32-bit)
 Alignments: Space 512K, Generation 512K, Heap 2M
 Heap Min Capacity: 100M
 Heap Initial Capacity: 100M
 Heap Max Capacity: 1G
 Pre-touch: Disabled
 Parallel Workers: 8

Heap:
 PSYoungGen      total 25088K, used 3888K [0x00000000eab00000, 0x00000000ec880000, 0x0000000100000000)
  eden space 23552K, 16% used [0x00000000eab00000,0x00000000eaecc230,0x00000000ec200000)
  from space 1536K, 0% used [0x00000000ec700000,0x00000000ec700000,0x00000000ec880000)
  to   space 2048K, 0% used [0x00000000ec480000,0x00000000ec480000,0x00000000ec680000)
 ParOldGen       total 68608K, used 13582K [0x00000000c0000000, 0x00000000c4300000, 0x00000000eab00000)
  object space 68608K, 19% used [0x00000000c0000000,0x00000000c0d43ae8,0x00000000c4300000)
 Metaspace       used 35497K, committed 36416K, reserved 1114112K
  class space    used 3544K, committed 3968K, reserved 1048576K

Card table byte_map: [0x00007fdce8a42000,0x00007fdce8c43000] _byte_map_base: 0x00007fdce8442000

Marking Bits: (ParMarkBitMap*) 0x00007fdcea321ba0
 Begin Bits: [0x00007fdcd0200000, 0x00007fdcd1200000)
 End Bits:   [0x00007fdcd1200000, 0x00007fdcd2200000)

Polling page: 0x00007fdcea677000

Metaspace:

Usage:
  Non-class:     31.20 MB used.
      Class:      3.46 MB used.
       Both:     34.67 MB used.

Virtual space:
  Non-class space:       64.00 MB reserved,      31.69 MB ( 50%) committed,  1 nodes.
      Class space:        1.00 GB reserved,       3.88 MB ( <1%) committed,  1 nodes.
             Both:        1.06 GB reserved,      35.56 MB (  3%) committed. 

Chunk freelists:
   Non-Class:  304.00 KB
       Class:  12.03 MB
        Both:  12.33 MB

MaxMetaspaceSize: unlimited
CompressedClassSpaceSize: 1.00 GB
Initial GC threshold: 21.00 MB
Current GC threshold: 58.38 MB
CDS: off
MetaspaceReclaimPolicy: balanced
 - commit_granule_bytes: 65536.
 - commit_granule_words: 8192.
 - virtual_space_node_default_size: 8388608.
 - enlarge_chunks_in_place: 1.
 - new_chunks_are_fully_committed: 0.
 - uncommit_free_chunks: 1.
 - use_allocation_guard: 0.
 - handle_deallocations: 1.


Internal statistics:

num_allocs_failed_limit: 6.
num_arena_births: 596.
num_arena_deaths: 14.
num_vsnodes_births: 2.
num_vsnodes_deaths: 0.
num_space_committed: 569.
num_space_uncommitted: 0.
num_chunks_returned_to_freelist: 20.
num_chunks_taken_from_freelist: 1717.
num_chunk_merges: 10.
num_chunk_splits: 1119.
num_chunks_enlarged: 699.
num_inconsistent_stats: 0.

CodeHeap 'non-profiled nmethods': size=120028Kb used=1684Kb max_used=1684Kb free=118344Kb
 bounds [0x00007fdcd9cc9000, 0x00007fdcd9f39000, 0x00007fdce1200000]
CodeHeap 'profiled nmethods': size=120028Kb used=7977Kb max_used=7977Kb free=112050Kb
 bounds [0x00007fdcd2200000, 0x00007fdcd29d0000, 0x00007fdcd9737000]
CodeHeap 'non-nmethods': size=5704Kb used=1258Kb max_used=1284Kb free=4445Kb
 bounds [0x00007fdcd9737000, 0x00007fdcd99a7000, 0x00007fdcd9cc9000]
 total_blobs=4508 nmethods=3928 adapters=494
 compilation: enabled
              stopped_count=0, restarted_count=0
 full_count=0

Compilation events (20 events):
Event: 3.356 Thread 0x00007fdce4217560 3921   !   3       java.util.zip.ZipFile$Source::get (180 bytes)
Event: 3.357 Thread 0x00007fdce42160a0 nmethod 3913 0x00007fdcd9e6b810 code [0x00007fdcd9e6ba60, 0x00007fdcd9e6c590]
Event: 3.357 Thread 0x00007fdce42160a0 3916       4       java.lang.StringConcatHelper::newString (67 bytes)
Event: 3.358 Thread 0x00007fdce4217560 nmethod 3921 0x00007fdcd29c5290 code [0x00007fdcd29c5580, 0x00007fdcd29c67d0]
Event: 3.358 Thread 0x00007fdce4217560 3922       3       sun.nio.fs.UnixFileAttributeViews::createBasicView (10 bytes)
Event: 3.358 Thread 0x00007fdce4217560 nmethod 3922 0x00007fdcd29c7110 code [0x00007fdcd29c72c0, 0x00007fdcd29c7530]
Event: 3.358 Thread 0x00007fdce42160a0 nmethod 3916 0x00007fdcd9e6d190 code [0x00007fdcd9e6d320, 0x00007fdcd9e6d418]
Event: 3.358 Thread 0x00007fdce42160a0 3923       4       java.util.LinkedList$ListItr::hasNext (20 bytes)
Event: 3.358 Thread 0x00007fdce4217560 3924       3       java.lang.ThreadLocal$ThreadLocalMap::getEntryAfterMiss (59 bytes)
Event: 3.359 Thread 0x00007fdce42160a0 nmethod 3923 0x00007fdcd9e6d510 code [0x00007fdcd9e6d6a0, 0x00007fdcd9e6d738]
Event: 3.359 Thread 0x00007fdce4217560 nmethod 3924 0x00007fdcd29c7690 code [0x00007fdcd29c78a0, 0x00007fdcd29c7ea0]
Event: 3.363 Thread 0x00007fdce4217560 3925       3       org.eclipse.osgi.storage.bundlefile.ZipBundleFile::doClose (8 bytes)
Event: 3.363 Thread 0x00007fdce4217560 nmethod 3925 0x00007fdcd29c8110 code [0x00007fdcd29c82c0, 0x00007fdcd29c8480]
Event: 3.363 Thread 0x00007fdce4217560 3926       3       org.eclipse.osgi.storage.bundlefile.CloseableBundleFile::mruListRemove (17 bytes)
Event: 3.363 Thread 0x00007fdce4217560 nmethod 3926 0x00007fdcd29c8590 code [0x00007fdcd29c8740, 0x00007fdcd29c88e0]
Event: 3.363 Thread 0x00007fdce4217560 3927       3       java.lang.NamedPackage::<init> (59 bytes)
Event: 3.365 Thread 0x00007fdce4217560 nmethod 3927 0x00007fdcd29c8990 code [0x00007fdcd29c8c20, 0x00007fdcd29c9630]
Event: 3.366 Thread 0x00007fdce4217560 3928       3       java.util.Spliterators$EmptySpliterator$OfRef::tryAdvance (6 bytes)
Event: 3.366 Thread 0x00007fdce4217560 nmethod 3928 0x00007fdcd29c9a10 code [0x00007fdcd29c9be0, 0x00007fdcd29c9ea0]
Event: 3.366 Thread 0x00007fdce4217560 3929       3       java.util.Spliterators$EmptySpliterator::tryAdvance (7 bytes)

GC Heap History (20 events):
Event: 1.425 GC heap before
{Heap before GC invocations=3 (full 0):
 PSYoungGen      total 29696K, used 29681K [0x00000000eab00000, 0x00000000ecc00000, 0x0000000100000000)
  eden space 25600K, 100% used [0x00000000eab00000,0x00000000ec400000,0x00000000ec400000)
  from space 4096K, 99% used [0x00000000ec800000,0x00000000ecbfc7e0,0x00000000ecc00000)
  to   space 4096K, 0% used [0x00000000ec400000,0x00000000ec400000,0x00000000ec800000)
 ParOldGen       total 68608K, used 1484K [0x00000000c0000000, 0x00000000c4300000, 0x00000000eab00000)
  object space 68608K, 2% used [0x00000000c0000000,0x00000000c0173030,0x00000000c4300000)
 Metaspace       used 17459K, committed 17792K, reserved 1114112K
  class space    used 1785K, committed 1920K, reserved 1048576K
}
Event: 1.430 GC heap after
{Heap after GC invocations=3 (full 0):
 PSYoungGen      total 29696K, used 4079K [0x00000000eab00000, 0x00000000ecc00000, 0x0000000100000000)
  eden space 25600K, 0% used [0x00000000eab00000,0x00000000eab00000,0x00000000ec400000)
  from space 4096K, 99% used [0x00000000ec400000,0x00000000ec7fbce8,0x00000000ec800000)
  to   space 4096K, 0% used [0x00000000ec800000,0x00000000ec800000,0x00000000ecc00000)
 ParOldGen       total 68608K, used 5259K [0x00000000c0000000, 0x00000000c4300000, 0x00000000eab00000)
  object space 68608K, 7% used [0x00000000c0000000,0x00000000c0522df0,0x00000000c4300000)
 Metaspace       used 17459K, committed 17792K, reserved 1114112K
  class space    used 1785K, committed 1920K, reserved 1048576K
}
Event: 1.875 GC heap before
{Heap before GC invocations=4 (full 0):
 PSYoungGen      total 29696K, used 29679K [0x00000000eab00000, 0x00000000ecc00000, 0x0000000100000000)
  eden space 25600K, 100% used [0x00000000eab00000,0x00000000ec400000,0x00000000ec400000)
  from space 4096K, 99% used [0x00000000ec400000,0x00000000ec7fbce8,0x00000000ec800000)
  to   space 4096K, 0% used [0x00000000ec800000,0x00000000ec800000,0x00000000ecc00000)
 ParOldGen       total 68608K, used 5259K [0x00000000c0000000, 0x00000000c4300000, 0x00000000eab00000)
  object space 68608K, 7% used [0x00000000c0000000,0x00000000c0522df0,0x00000000c4300000)
 Metaspace       used 21011K, committed 21504K, reserved 1114112K
  class space    used 2128K, committed 2304K, reserved 1048576K
}
Event: 1.879 GC heap after
{Heap after GC invocations=4 (full 0):
 PSYoungGen      total 29696K, used 4077K [0x00000000eab00000, 0x00000000ecc00000, 0x0000000100000000)
  eden space 25600K, 0% used [0x00000000eab00000,0x00000000eab00000,0x00000000ec400000)
  from space 4096K, 99% used [0x00000000ec800000,0x00000000ecbfb480,0x00000000ecc00000)
  to   space 4096K, 0% used [0x00000000ec400000,0x00000000ec400000,0x00000000ec800000)
 ParOldGen       total 68608K, used 6354K [0x00000000c0000000, 0x00000000c4300000, 0x00000000eab00000)
  object space 68608K, 9% used [0x00000000c0000000,0x00000000c0634a10,0x00000000c4300000)
 Metaspace       used 21011K, committed 21504K, reserved 1114112K
  class space    used 2128K, committed 2304K, reserved 1048576K
}
Event: 1.883 GC heap before
{Heap before GC invocations=5 (full 0):
 PSYoungGen      total 29696K, used 4613K [0x00000000eab00000, 0x00000000ecc00000, 0x0000000100000000)
  eden space 25600K, 2% used [0x00000000eab00000,0x00000000eab862a0,0x00000000ec400000)
  from space 4096K, 99% used [0x00000000ec800000,0x00000000ecbfb480,0x00000000ecc00000)
  to   space 4096K, 0% used [0x00000000ec400000,0x00000000ec400000,0x00000000ec800000)
 ParOldGen       total 68608K, used 6354K [0x00000000c0000000, 0x00000000c4300000, 0x00000000eab00000)
  object space 68608K, 9% used [0x00000000c0000000,0x00000000c0634a10,0x00000000c4300000)
 Metaspace       used 21058K, committed 21504K, reserved 1114112K
  class space    used 2129K, committed 2304K, reserved 1048576K
}
Event: 1.888 GC heap after
{Heap after GC invocations=5 (full 0):
 PSYoungGen      total 29696K, used 4072K [0x00000000eab00000, 0x00000000ece00000, 0x0000000100000000)
  eden space 25600K, 0% used [0x00000000eab00000,0x00000000eab00000,0x00000000ec400000)
  from space 4096K, 99% used [0x00000000ec400000,0x00000000ec7fa1a8,0x00000000ec800000)
  to   space 5120K, 0% used [0x00000000ec900000,0x00000000ec900000,0x00000000ece00000)
 ParOldGen       total 68608K, used 6436K [0x00000000c0000000, 0x00000000c4300000, 0x00000000eab00000)
  object space 68608K, 9% used [0x00000000c0000000,0x00000000c06491b8,0x00000000c4300000)
 Metaspace       used 21058K, committed 21504K, reserved 1114112K
  class space    used 2129K, committed 2304K, reserved 1048576K
}
Event: 1.888 GC heap before
{Heap before GC invocations=6 (full 1):
 PSYoungGen      total 29696K, used 4072K [0x00000000eab00000, 0x00000000ece00000, 0x0000000100000000)
  eden space 25600K, 0% used [0x00000000eab00000,0x00000000eab00000,0x00000000ec400000)
  from space 4096K, 99% used [0x00000000ec400000,0x00000000ec7fa1a8,0x00000000ec800000)
  to   space 5120K, 0% used [0x00000000ec900000,0x00000000ec900000,0x00000000ece00000)
 ParOldGen       total 68608K, used 6436K [0x00000000c0000000, 0x00000000c4300000, 0x00000000eab00000)
  object space 68608K, 9% used [0x00000000c0000000,0x00000000c06491b8,0x00000000c4300000)
 Metaspace       used 21058K, committed 21504K, reserved 1114112K
  class space    used 2129K, committed 2304K, reserved 1048576K
}
Event: 1.912 GC heap after
{Heap after GC invocations=6 (full 1):
 PSYoungGen      total 29696K, used 0K [0x00000000eab00000, 0x00000000ece00000, 0x0000000100000000)
  eden space 25600K, 0% used [0x00000000eab00000,0x00000000eab00000,0x00000000ec400000)
  from space 4096K, 0% used [0x00000000ec400000,0x00000000ec400000,0x00000000ec800000)
  to   space 5120K, 0% used [0x00000000ec900000,0x00000000ec900000,0x00000000ece00000)
 ParOldGen       total 68608K, used 10177K [0x00000000c0000000, 0x00000000c4300000, 0x00000000eab00000)
  object space 68608K, 14% used [0x00000000c0000000,0x00000000c09f04c0,0x00000000c4300000)
 Metaspace       used 21058K, committed 21504K, reserved 1114112K
  class space    used 2129K, committed 2304K, reserved 1048576K
}
Event: 2.324 GC heap before
{Heap before GC invocations=7 (full 1):
 PSYoungGen      total 29696K, used 25600K [0x00000000eab00000, 0x00000000ece00000, 0x0000000100000000)
  eden space 25600K, 100% used [0x00000000eab00000,0x00000000ec400000,0x00000000ec400000)
  from space 4096K, 0% used [0x00000000ec400000,0x00000000ec400000,0x00000000ec800000)
  to   space 5120K, 0% used [0x00000000ec900000,0x00000000ec900000,0x00000000ece00000)
 ParOldGen       total 68608K, used 10177K [0x00000000c0000000, 0x00000000c4300000, 0x00000000eab00000)
  object space 68608K, 14% used [0x00000000c0000000,0x00000000c09f04c0,0x00000000c4300000)
 Metaspace       used 24440K, committed 25024K, reserved 1114112K
  class space    used 2499K, committed 2752K, reserved 1048576K
}
Event: 2.326 GC heap after
{Heap after GC invocations=7 (full 1):
 PSYoungGen      total 26624K, used 1075K [0x00000000eab00000, 0x00000000eca80000, 0x0000000100000000)
  eden space 25088K, 0% used [0x00000000eab00000,0x00000000eab00000,0x00000000ec380000)
  from space 1536K, 70% used [0x00000000ec900000,0x00000000eca0ce78,0x00000000eca80000)
  to   space 2560K, 0% used [0x00000000ec580000,0x00000000ec580000,0x00000000ec800000)
 ParOldGen       total 68608K, used 10185K [0x00000000c0000000, 0x00000000c4300000, 0x00000000eab00000)
  object space 68608K, 14% used [0x00000000c0000000,0x00000000c09f24c0,0x00000000c4300000)
 Metaspace       used 24440K, committed 25024K, reserved 1114112K
  class space    used 2499K, committed 2752K, reserved 1048576K
}
Event: 2.700 GC heap before
{Heap before GC invocations=8 (full 1):
 PSYoungGen      total 26624K, used 26163K [0x00000000eab00000, 0x00000000eca80000, 0x0000000100000000)
  eden space 25088K, 100% used [0x00000000eab00000,0x00000000ec380000,0x00000000ec380000)
  from space 1536K, 70% used [0x00000000ec900000,0x00000000eca0ce78,0x00000000eca80000)
  to   space 2560K, 0% used [0x00000000ec580000,0x00000000ec580000,0x00000000ec800000)
 ParOldGen       total 68608K, used 10185K [0x00000000c0000000, 0x00000000c4300000, 0x00000000eab00000)
  object space 68608K, 14% used [0x00000000c0000000,0x00000000c09f24c0,0x00000000c4300000)
 Metaspace       used 27683K, committed 28416K, reserved 1114112K
  class space    used 2877K, committed 3200K, reserved 1048576K
}
Event: 2.706 GC heap after
{Heap after GC invocations=8 (full 1):
 PSYoungGen      total 27136K, used 2557K [0x00000000eab00000, 0x00000000ecc00000, 0x0000000100000000)
  eden space 24576K, 0% used [0x00000000eab00000,0x00000000eab00000,0x00000000ec300000)
  from space 2560K, 99% used [0x00000000ec580000,0x00000000ec7ff6c0,0x00000000ec800000)
  to   space 4096K, 0% used [0x00000000ec800000,0x00000000ec800000,0x00000000ecc00000)
 ParOldGen       total 68608K, used 11493K [0x00000000c0000000, 0x00000000c4300000, 0x00000000eab00000)
  object space 68608K, 16% used [0x00000000c0000000,0x00000000c0b39580,0x00000000c4300000)
 Metaspace       used 27683K, committed 28416K, reserved 1114112K
  class space    used 2877K, committed 3200K, reserved 1048576K
}
Event: 2.898 GC heap before
{Heap before GC invocations=9 (full 1):
 PSYoungGen      total 27136K, used 27133K [0x00000000eab00000, 0x00000000ecc00000, 0x0000000100000000)
  eden space 24576K, 100% used [0x00000000eab00000,0x00000000ec300000,0x00000000ec300000)
  from space 2560K, 99% used [0x00000000ec580000,0x00000000ec7ff6c0,0x00000000ec800000)
  to   space 4096K, 0% used [0x00000000ec800000,0x00000000ec800000,0x00000000ecc00000)
 ParOldGen       total 68608K, used 11493K [0x00000000c0000000, 0x00000000c4300000, 0x00000000eab00000)
  object space 68608K, 16% used [0x00000000c0000000,0x00000000c0b39580,0x00000000c4300000)
 Metaspace       used 30584K, committed 31168K, reserved 1114112K
  class space    used 3071K, committed 3328K, reserved 1048576K
}
Event: 2.899 GC heap after
{Heap after GC invocations=9 (full 1):
 PSYoungGen      total 27136K, used 2933K [0x00000000eab00000, 0x00000000ecb00000, 0x0000000100000000)
  eden space 24064K, 0% used [0x00000000eab00000,0x00000000eab00000,0x00000000ec280000)
  from space 3072K, 95% used [0x00000000ec800000,0x00000000ecadd7e8,0x00000000ecb00000)
  to   space 3584K, 0% used [0x00000000ec400000,0x00000000ec400000,0x00000000ec780000)
 ParOldGen       total 68608K, used 11501K [0x00000000c0000000, 0x00000000c4300000, 0x00000000eab00000)
  object space 68608K, 16% used [0x00000000c0000000,0x00000000c0b3b580,0x00000000c4300000)
 Metaspace       used 30584K, committed 31168K, reserved 1114112K
  class space    used 3071K, committed 3328K, reserved 1048576K
}
Event: 3.016 GC heap before
{Heap before GC invocations=10 (full 1):
 PSYoungGen      total 27136K, used 26997K [0x00000000eab00000, 0x00000000ecb00000, 0x0000000100000000)
  eden space 24064K, 100% used [0x00000000eab00000,0x00000000ec280000,0x00000000ec280000)
  from space 3072K, 95% used [0x00000000ec800000,0x00000000ecadd7e8,0x00000000ecb00000)
  to   space 3584K, 0% used [0x00000000ec400000,0x00000000ec400000,0x00000000ec780000)
 ParOldGen       total 68608K, used 11501K [0x00000000c0000000, 0x00000000c4300000, 0x00000000eab00000)
  object space 68608K, 16% used [0x00000000c0000000,0x00000000c0b3b580,0x00000000c4300000)
 Metaspace       used 32840K, committed 33664K, reserved 1114112K
  class space    used 3249K, committed 3648K, reserved 1048576K
}
Event: 3.019 GC heap after
{Heap after GC invocations=10 (full 1):
 PSYoungGen      total 26624K, used 2656K [0x00000000eab00000, 0x00000000ec880000, 0x0000000100000000)
  eden space 23552K, 0% used [0x00000000eab00000,0x00000000eab00000,0x00000000ec200000)
  from space 3072K, 86% used [0x00000000ec400000,0x00000000ec698008,0x00000000ec700000)
  to   space 1536K, 0% used [0x00000000ec700000,0x00000000ec700000,0x00000000ec880000)
 ParOldGen       total 68608K, used 12212K [0x00000000c0000000, 0x00000000c4300000, 0x00000000eab00000)
  object space 68608K, 17% used [0x00000000c0000000,0x00000000c0bed248,0x00000000c4300000)
 Metaspace       used 32840K, committed 33664K, reserved 1114112K
  class space    used 3249K, committed 3648K, reserved 1048576K
}
Event: 3.283 GC heap before
{Heap before GC invocations=11 (full 1):
 PSYoungGen      total 26624K, used 15458K [0x00000000eab00000, 0x00000000ec880000, 0x0000000100000000)
  eden space 23552K, 54% used [0x00000000eab00000,0x00000000eb780a88,0x00000000ec200000)
  from space 3072K, 86% used [0x00000000ec400000,0x00000000ec698008,0x00000000ec700000)
  to   space 1536K, 0% used [0x00000000ec700000,0x00000000ec700000,0x00000000ec880000)
 ParOldGen       total 68608K, used 12212K [0x00000000c0000000, 0x00000000c4300000, 0x00000000eab00000)
  object space 68608K, 17% used [0x00000000c0000000,0x00000000c0bed248,0x00000000c4300000)
 Metaspace       used 35084K, committed 35840K, reserved 1114112K
  class space    used 3492K, committed 3840K, reserved 1048576K
}
Event: 3.286 GC heap after
{Heap after GC invocations=11 (full 1):
 PSYoungGen      total 25088K, used 1423K [0x00000000eab00000, 0x00000000ec880000, 0x0000000100000000)
  eden space 23552K, 0% used [0x00000000eab00000,0x00000000eab00000,0x00000000ec200000)
  from space 1536K, 92% used [0x00000000ec700000,0x00000000ec863f40,0x00000000ec880000)
  to   space 2048K, 0% used [0x00000000ec480000,0x00000000ec480000,0x00000000ec680000)
 ParOldGen       total 68608K, used 14337K [0x00000000c0000000, 0x00000000c4300000, 0x00000000eab00000)
  object space 68608K, 20% used [0x00000000c0000000,0x00000000c0e00478,0x00000000c4300000)
 Metaspace       used 35084K, committed 35840K, reserved 1114112K
  class space    used 3492K, committed 3840K, reserved 1048576K
}
Event: 3.286 GC heap before
{Heap before GC invocations=12 (full 2):
 PSYoungGen      total 25088K, used 1423K [0x00000000eab00000, 0x00000000ec880000, 0x0000000100000000)
  eden space 23552K, 0% used [0x00000000eab00000,0x00000000eab00000,0x00000000ec200000)
  from space 1536K, 92% used [0x00000000ec700000,0x00000000ec863f40,0x00000000ec880000)
  to   space 2048K, 0% used [0x00000000ec480000,0x00000000ec480000,0x00000000ec680000)
 ParOldGen       total 68608K, used 14337K [0x00000000c0000000, 0x00000000c4300000, 0x00000000eab00000)
  object space 68608K, 20% used [0x00000000c0000000,0x00000000c0e00478,0x00000000c4300000)
 Metaspace       used 35084K, committed 35840K, reserved 1114112K
  class space    used 3492K, committed 3840K, reserved 1048576K
}
Event: 3.316 GC heap after
{Heap after GC invocations=12 (full 2):
 PSYoungGen      total 25088K, used 0K [0x00000000eab00000, 0x00000000ec880000, 0x0000000100000000)
  eden space 23552K, 0% used [0x00000000eab00000,0x00000000eab00000,0x00000000ec200000)
  from space 1536K, 0% used [0x00000000ec700000,0x00000000ec700000,0x00000000ec880000)
  to   space 2048K, 0% used [0x00000000ec480000,0x00000000ec480000,0x00000000ec680000)
 ParOldGen       total 68608K, used 13582K [0x00000000c0000000, 0x00000000c4300000, 0x00000000eab00000)
  object space 68608K, 19% used [0x00000000c0000000,0x00000000c0d43ae8,0x00000000c4300000)
 Metaspace       used 35070K, committed 35840K, reserved 1114112K
  class space    used 3488K, committed 3840K, reserved 1048576K
}

Dll operation events (9 events):
Event: 0.002 Loaded shared library /home/emmanuel/.vscode/extensions/redhat.java-1.23.0-linux-x64/jre/17.0.8.1-linux-x86_64/lib/libjava.so
Event: 0.127 Loaded shared library /home/emmanuel/.vscode/extensions/redhat.java-1.23.0-linux-x64/jre/17.0.8.1-linux-x86_64/lib/libzip.so
Event: 0.129 Loaded shared library /home/emmanuel/.vscode/extensions/redhat.java-1.23.0-linux-x64/jre/17.0.8.1-linux-x86_64/lib/libinstrument.so
Event: 0.137 Loaded shared library /home/emmanuel/.vscode/extensions/redhat.java-1.23.0-linux-x64/jre/17.0.8.1-linux-x86_64/lib/libnio.so
Event: 0.147 Loaded shared library /home/emmanuel/.vscode/extensions/redhat.java-1.23.0-linux-x64/jre/17.0.8.1-linux-x86_64/lib/libzip.so
Event: 0.162 Loaded shared library /home/emmanuel/.vscode/extensions/redhat.java-1.23.0-linux-x64/jre/17.0.8.1-linux-x86_64/lib/libjimage.so
Event: 0.205 Loaded shared library /home/emmanuel/.vscode/extensions/redhat.java-1.23.0-linux-x64/jre/17.0.8.1-linux-x86_64/lib/libverify.so
Event: 0.679 Loaded shared library /home/emmanuel/.vscode/extensions/redhat.java-1.23.0-linux-x64/jre/17.0.8.1-linux-x86_64/lib/libnet.so
Event: 0.978 Loaded shared library /home/emmanuel/.config/Code/User/globalStorage/redhat.java/1.23.0/config_linux/org.eclipse.equinox.launcher/org.eclipse.equinox.launcher.gtk.linux.x86_64_1.2.700.v20221108-1024/eclipse_11801.so

Deoptimization events (20 events):
Event: 2.510 Thread 0x00007fdce46345a0 DEOPT PACKING pc=0x00007fdcd9d900c8 sp=0x00007fdcc4fe11f0
Event: 2.510 Thread 0x00007fdce46345a0 DEOPT UNPACKING pc=0x00007fdcd978d399 sp=0x00007fdcc4fe11c0 mode 2
Event: 2.510 Thread 0x00007fdce46345a0 Uncommon trap: trap_request=0xffffffde fr.pc=0x00007fdcd9d900c8 relative=0x0000000000000508
Event: 2.510 Thread 0x00007fdce46345a0 Uncommon trap: reason=class_check action=maybe_recompile pc=0x00007fdcd9d900c8 method=java.util.ImmutableCollections$MapN.probe(Ljava/lang/Object;)I @ 1 c2
Event: 2.510 Thread 0x00007fdce46345a0 DEOPT PACKING pc=0x00007fdcd9d900c8 sp=0x00007fdcc4fe11f0
Event: 2.510 Thread 0x00007fdce46345a0 DEOPT UNPACKING pc=0x00007fdcd978d399 sp=0x00007fdcc4fe11c0 mode 2
Event: 3.026 Thread 0x00007fdce46345a0 Uncommon trap: trap_request=0xffffff45 fr.pc=0x00007fdcd9e01794 relative=0x00000000000012d4
Event: 3.026 Thread 0x00007fdce46345a0 Uncommon trap: reason=unstable_if action=reinterpret pc=0x00007fdcd9e01794 method=java.util.Properties.loadConvert([CIILjava/lang/StringBuilder;)Ljava/lang/String; @ 463 c2
Event: 3.026 Thread 0x00007fdce46345a0 DEOPT PACKING pc=0x00007fdcd9e01794 sp=0x00007fdcc4fec070
Event: 3.026 Thread 0x00007fdce46345a0 DEOPT UNPACKING pc=0x00007fdcd978d399 sp=0x00007fdcc4fec050 mode 2
Event: 3.040 Thread 0x00007fdce46345a0 Uncommon trap: trap_request=0xffffff45 fr.pc=0x00007fdcd9db2b18 relative=0x0000000000000078
Event: 3.040 Thread 0x00007fdce46345a0 Uncommon trap: reason=unstable_if action=reinterpret pc=0x00007fdcd9db2b18 method=com.sun.org.apache.xerces.internal.impl.XMLEntityScanner.checkBeforeLoad(Lcom/sun/xml/internal/stream/Entity$ScannedEntity;II)I @ 18 c2
Event: 3.040 Thread 0x00007fdce46345a0 DEOPT PACKING pc=0x00007fdcd9db2b18 sp=0x00007fdcc4fece40
Event: 3.040 Thread 0x00007fdce46345a0 DEOPT UNPACKING pc=0x00007fdcd978d399 sp=0x00007fdcc4fecdf0 mode 2
Event: 3.126 Thread 0x00007fdce46345a0 DEOPT PACKING pc=0x00007fdcd24bdb59 sp=0x00007fdcc4feca10
Event: 3.126 Thread 0x00007fdce46345a0 DEOPT UNPACKING pc=0x00007fdcd978db2f sp=0x00007fdcc4febf40 mode 0
Event: 3.185 Thread 0x00007fdce46345a0 Uncommon trap: trap_request=0xffffff45 fr.pc=0x00007fdcd9dc77d4 relative=0x0000000000000514
Event: 3.185 Thread 0x00007fdce46345a0 Uncommon trap: reason=unstable_if action=reinterpret pc=0x00007fdcd9dc77d4 method=java.util.Properties.getProperty(Ljava/lang/String;)Ljava/lang/String; @ 36 c2
Event: 3.185 Thread 0x00007fdce46345a0 DEOPT PACKING pc=0x00007fdcd9dc77d4 sp=0x00007fdcc4ff1970
Event: 3.185 Thread 0x00007fdce46345a0 DEOPT UNPACKING pc=0x00007fdcd978d399 sp=0x00007fdcc4ff1948 mode 2

Classes unloaded (7 events):
Event: 3.294 Thread 0x00007fdce40695d0 Unloading class 0x000000010025a000 'java/lang/invoke/LambdaForm$MH+0x000000010025a000'
Event: 3.294 Thread 0x00007fdce40695d0 Unloading class 0x0000000100259c00 'java/lang/invoke/LambdaForm$MH+0x0000000100259c00'
Event: 3.294 Thread 0x00007fdce40695d0 Unloading class 0x0000000100259800 'java/lang/invoke/LambdaForm$MH+0x0000000100259800'
Event: 3.294 Thread 0x00007fdce40695d0 Unloading class 0x0000000100259400 'java/lang/invoke/LambdaForm$MH+0x0000000100259400'
Event: 3.294 Thread 0x00007fdce40695d0 Unloading class 0x0000000100259000 'java/lang/invoke/LambdaForm$BMH+0x0000000100259000'
Event: 3.294 Thread 0x00007fdce40695d0 Unloading class 0x0000000100258c00 'java/lang/invoke/LambdaForm$DMH+0x0000000100258c00'
Event: 3.294 Thread 0x00007fdce40695d0 Unloading class 0x0000000100256000 'java/lang/invoke/LambdaForm$DMH+0x0000000100256000'

Classes redefined (0 events):
No events

Internal exceptions (20 events):
Event: 2.542 Thread 0x00007fdce46345a0 Exception <a 'java/lang/NoSuchMethodError'{0x00000000ebbfde10}: 'int java.lang.invoke.Invokers$Holder.linkToTargetMethod(java.lang.Object, java.lang.Object)'> (0x00000000ebbfde10) 
thrown [src/hotspot/share/interpreter/linkResolver.cpp, line 758]
Event: 2.574 Thread 0x00007fdce46345a0 Exception <a 'java/lang/NoSuchMethodError'{0x00000000ebcda928}: 'java.lang.Object java.lang.invoke.DirectMethodHandle$Holder.invokeSpecial(java.lang.Object, java.lang.Object, java.lang.Object, java.lang.Object, java.lang.Object, java.lang.Object, java.lang.Object, java.lang.Object, java.lang.Object, java.lang.Object, java.lang.Object)'> (0x00000000ebcda928) 
thrown [src/hotspot/share/interpreter/linkResolver.cpp, line 758]
Event: 2.574 Thread 0x00007fdce46345a0 Exception <a 'java/lang/NoSuchMethodError'{0x00000000ebce00e8}: 'java.lang.Object java.lang.invoke.Invokers$Holder.invoke_MT(java.lang.Object, java.lang.Object, java.lang.Object, java.lang.Object, java.lang.Object, java.lang.Object, java.lang.Object, java.lang.Object, java.lang.Object, java.lang.Object, java.lang.Object)'> (0x00000000ebce00e8) 
thrown [src/hotspot/share/interpreter/linkResolver.cpp, line 758]
Event: 2.587 Thread 0x00007fdce46345a0 Exception <a 'java/lang/NoSuchMethodError'{0x00000000ebd6dd30}: 'java.lang.Object java.lang.invoke.DirectMethodHandle$Holder.invokeSpecial(java.lang.Object, java.lang.Object, java.lang.Object, java.lang.Object, java.lang.Object, java.lang.Object, java.lang.Object, java.lang.Object, java.lang.Object, java.lang.Object)'> (0x00000000ebd6dd30) 
thrown [src/hotspot/share/interpreter/linkResolver.cpp, line 758]
Event: 2.588 Thread 0x00007fdce46345a0 Exception <a 'java/lang/NoSuchMethodError'{0x00000000ebd72f80}: 'java.lang.Object java.lang.invoke.Invokers$Holder.invoke_MT(java.lang.Object, java.lang.Object, java.lang.Object, java.lang.Object, java.lang.Object, java.lang.Object, java.lang.Object, java.lang.Object, java.lang.Object, java.lang.Object)'> (0x00000000ebd72f80) 
thrown [src/hotspot/share/interpreter/linkResolver.cpp, line 758]
Event: 2.604 Thread 0x00007fdce46345a0 Exception <a 'java/lang/NoSuchMethodError'{0x00000000ebe14338}: 'java.lang.Object java.lang.invoke.DirectMethodHandle$Holder.newInvokeSpecial(java.lang.Object, java.lang.Object, java.lang.Object, java.lang.Object, java.lang.Object, java.lang.Object, java.lang.Object)'> (0x00000000ebe14338) 
thrown [src/hotspot/share/interpreter/linkResolver.cpp, line 758]
Event: 2.614 Thread 0x00007fdce46345a0 Exception <a 'java/lang/NoSuchMethodError'{0x00000000ebe81660}: 'java.lang.Object java.lang.invoke.DirectMethodHandle$Holder.invokeSpecial(java.lang.Object, java.lang.Object, java.lang.Object, java.lang.Object, java.lang.Object, java.lang.Object, java.lang.Object, java.lang.Object, java.lang.Object, java.lang.Object, java.lang.Object, java.lang.Object, java.lang.Object)'> (0x00000000ebe81660) 
thrown [src/hotspot/share/interpreter/linkResolver.cpp, line 758]
Event: 2.614 Thread 0x00007fdce46345a0 Exception <a 'java/lang/NoSuchMethodError'{0x00000000ebe87190}: 'java.lang.Object java.lang.invoke.Invokers$Holder.invoker(java.lang.Object, java.lang.Object, java.lang.Object, java.lang.Object, java.lang.Object, java.lang.Object, java.lang.Object, java.lang.Object, java.lang.Object, java.lang.Object, java.lang.Object, java.lang.Object, java.lang.Object)'> (0x00000000ebe87190) 
thrown [src/hotspot/share/interpreter/linkResolver.cpp, line 758]
Event: 2.615 Thread 0x00007fdce46345a0 Exception <a 'java/lang/NoSuchMethodError'{0x00000000ebe8de90}: 'java.lang.Object java.lang.invoke.DirectMethodHandle$Holder.invokeSpecial(java.lang.Object, java.lang.Object, java.lang.Object, java.lang.Object, java.lang.Object, java.lang.Object, java.lang.Object, java.lang.Object, java.lang.Object, java.lang.Object, java.lang.Object, java.lang.Object, java.lang.Object, java.lang.Object)'> (0x00000000ebe8de90) 
thrown [src/hotspot/share/interpreter/linkResolver.cpp, line 758]
Event: 2.622 Thread 0x00007fdce46345a0 Exception <a 'java/lang/NoSuchMethodError'{0x00000000ebef6e28}: static Lorg/eclipse/m2e/core/internal/lifecyclemapping/model/PluginExecutionMetadata;.<clinit>()V> (0x00000000ebef6e28) 
thrown [src/hotspot/share/prims/jni.cpp, line 1107]
Event: 2.630 Thread 0x00007fdce46345a0 Exception <a 'java/lang/NoSuchMethodError'{0x00000000ebf563d0}: static Lorg/eclipse/m2e/core/internal/lifecyclemapping/model/PluginExecutionFilter;.<clinit>()V> (0x00000000ebf563d0) 
thrown [src/hotspot/share/prims/jni.cpp, line 1107]
Event: 2.634 Thread 0x00007fdce46345a0 Exception <a 'java/lang/NoSuchMethodError'{0x00000000ebf8c450}: static Lorg/eclipse/m2e/core/internal/project/registry/MavenProjectFacade$MavenProjectConfiguration;.<clinit>()V> (0x00000000ebf8c450) 
thrown [src/hotspot/share/prims/jni.cpp, line 1107]
Event: 3.050 Thread 0x00007fdce46345a0 Exception <a 'java/lang/ClassNotFoundException'{0x00000000eac9d428}: com/sun/org/apache/xerces/internal/impl/msg/spi/DOMMessagesProvider> (0x00000000eac9d428) 
thrown [src/hotspot/share/classfile/systemDictionary.cpp, line 256]
Event: 3.053 Thread 0x00007fdce46345a0 Exception <a 'java/lang/ClassNotFoundException'{0x00000000eacaebb0}: com/sun/org/apache/xerces/internal/impl/msg/spi/XMLSerializerMessagesProvider> (0x00000000eacaebb0) 
thrown [src/hotspot/share/classfile/systemDictionary.cpp, line 256]
Event: 3.054 Thread 0x00007fdce46345a0 Exception <a 'java/lang/ClassNotFoundException'{0x00000000eacbbde8}: com/sun/org/apache/xerces/internal/impl/msg/spi/XMLMessagesProvider> (0x00000000eacbbde8) 
thrown [src/hotspot/share/classfile/systemDictionary.cpp, line 256]
Event: 3.087 Thread 0x00007fdce46345a0 Exception <a 'java/lang/NoSuchMethodError'{0x00000000eae1e068}: 'void java.lang.invoke.DirectMethodHandle$Holder.invokeVirtual(java.lang.Object, java.lang.Object)'> (0x00000000eae1e068) 
thrown [src/hotspot/share/interpreter/linkResolver.cpp, line 758]
Event: 3.191 Thread 0x00007fdce46345a0 Exception <a 'java/lang/ClassNotFoundException'{0x00000000eb35bf58}: com/sun/org/apache/xml/internal/serializer/spi/XMLEntitiesProvider> (0x00000000eb35bf58) 
thrown [src/hotspot/share/classfile/systemDictionary.cpp, line 256]
Event: 3.272 Thread 0x00007fdce46345a0 Exception <a 'java/io/FileNotFoundException'{0x00000000eb686658}> (0x00000000eb686658) 
thrown [src/hotspot/share/prims/jni.cpp, line 516]
Event: 3.282 Thread 0x00007fdce46345a0 Exception <a 'java/io/FileNotFoundException'{0x00000000eb724260}> (0x00000000eb724260) 
thrown [src/hotspot/share/prims/jni.cpp, line 516]
Event: 3.324 Thread 0x00007fdce46345a0 Exception <a 'java/io/FileNotFoundException'{0x00000000eab8eaf0}> (0x00000000eab8eaf0) 
thrown [src/hotspot/share/prims/jni.cpp, line 516]

VM Operations (20 events):
Event: 2.324 Executing VM operation: ParallelGCFailedAllocation
Event: 2.326 Executing VM operation: ParallelGCFailedAllocation done
Event: 2.429 Executing VM operation: HandshakeAllThreads
Event: 2.429 Executing VM operation: HandshakeAllThreads done
Event: 2.507 Executing VM operation: HandshakeAllThreads
Event: 2.508 Executing VM operation: HandshakeAllThreads done
Event: 2.700 Executing VM operation: ParallelGCFailedAllocation
Event: 2.706 Executing VM operation: ParallelGCFailedAllocation done
Event: 2.898 Executing VM operation: ParallelGCFailedAllocation
Event: 2.899 Executing VM operation: ParallelGCFailedAllocation done
Event: 3.016 Executing VM operation: ParallelGCFailedAllocation
Event: 3.019 Executing VM operation: ParallelGCFailedAllocation done
Event: 3.125 Executing VM operation: HandshakeAllThreads
Event: 3.125 Executing VM operation: HandshakeAllThreads done
Event: 3.125 Executing VM operation: HandshakeAllThreads
Event: 3.125 Executing VM operation: HandshakeAllThreads done
Event: 3.189 Executing VM operation: HandshakeAllThreads
Event: 3.190 Executing VM operation: HandshakeAllThreads done
Event: 3.283 Executing VM operation: CollectForMetadataAllocation
Event: 3.316 Executing VM operation: CollectForMetadataAllocation done

Events (20 events):
Event: 3.252 loading class com/sun/org/apache/xml/internal/serializer/WriterChain done
Event: 3.252 loading class com/sun/org/apache/xml/internal/serializer/WriterToUTF8Buffered done
Event: 3.252 loading class com/sun/org/apache/xml/internal/serializer/WriterToASCI
Event: 3.252 loading class com/sun/org/apache/xml/internal/serializer/WriterToASCI done
Event: 3.318 loading class java/io/FileReader
Event: 3.318 loading class java/io/FileReader done
Event: 3.321 loading class javax/crypto/IllegalBlockSizeException
Event: 3.321 loading class javax/crypto/IllegalBlockSizeException done
Event: 3.323 loading class java/security/spec/InvalidParameterSpecException
Event: 3.323 loading class java/security/spec/InvalidParameterSpecException done
Event: 3.323 loading class java/security/InvalidAlgorithmParameterException
Event: 3.323 loading class java/security/InvalidAlgorithmParameterException done
Event: 3.323 loading class java/security/spec/InvalidKeySpecException
Event: 3.323 loading class java/security/spec/InvalidKeySpecException done
Event: 3.323 loading class javax/crypto/NoSuchPaddingException
Event: 3.323 loading class javax/crypto/NoSuchPaddingException done
Event: 3.324 loading class javax/crypto/spec/PBEKeySpec
Event: 3.324 loading class javax/crypto/spec/PBEKeySpec done
Event: 3.356 loading class java/util/concurrent/Executors$DefaultThreadFactory
Event: 3.356 loading class java/util/concurrent/Executors$DefaultThreadFactory done


Dynamic libraries:
c0000000-c4300000 rw-p 00000000 00:00 0 
c4300000-eab00000 ---p 00000000 00:00 0 
eab00000-ec880000 rw-p 00000000 00:00 0 
ec880000-100000000 ---p 00000000 00:00 0 
100000000-100010000 rw-p 00000000 00:00 0 
100010000-100030000 rw-p 00000000 00:00 0 
100030000-1000b0000 rw-p 00000000 00:00 0 
1000b0000-1000d0000 rw-p 00000000 00:00 0 
1000d0000-100130000 rw-p 00000000 00:00 0 
100130000-100170000 rw-p 00000000 00:00 0 
100170000-1001f0000 rw-p 00000000 00:00 0 
1001f0000-1002d0000 rw-p 00000000 00:00 0 
1002d0000-1002f0000 rw-p 00000000 00:00 0 
1002f0000-1003b0000 rw-p 00000000 00:00 0 
1003b0000-1003e0000 rw-p 00000000 00:00 0 
1003e0000-140000000 ---p 00000000 00:00 0 
562025b7b000-562025b7c000 r--p 00000000 103:05 5384145                   /home/emmanuel/.vscode/extensions/redhat.java-1.23.0-linux-x64/jre/17.0.8.1-linux-x86_64/bin/java
562025b7c000-562025b7d000 r-xp 00001000 103:05 5384145                   /home/emmanuel/.vscode/extensions/redhat.java-1.23.0-linux-x64/jre/17.0.8.1-linux-x86_64/bin/java
562025b7d000-562025b7e000 r--p 00002000 103:05 5384145                   /home/emmanuel/.vscode/extensions/redhat.java-1.23.0-linux-x64/jre/17.0.8.1-linux-x86_64/bin/java
562025b7e000-562025b7f000 r--p 00002000 103:05 5384145                   /home/emmanuel/.vscode/extensions/redhat.java-1.23.0-linux-x64/jre/17.0.8.1-linux-x86_64/bin/java
562025b7f000-562025b80000 rw-p 00003000 103:05 5384145                   /home/emmanuel/.vscode/extensions/redhat.java-1.23.0-linux-x64/jre/17.0.8.1-linux-x86_64/bin/java
56202637d000-5620263c5000 rw-p 00000000 00:00 0                          [heap]
7fdc40000000-7fdc40021000 rw-p 00000000 00:00 0 
7fdc40021000-7fdc44000000 ---p 00000000 00:00 0 
7fdc47d69000-7fdc48000000 rw-p 00000000 00:00 0 
7fdc48000000-7fdc48021000 rw-p 00000000 00:00 0 
7fdc48021000-7fdc4c000000 ---p 00000000 00:00 0 
7fdc4c000000-7fdc4c8f9000 rw-p 00000000 00:00 0 
7fdc4c8f9000-7fdc50000000 ---p 00000000 00:00 0 
7fdc50000000-7fdc50021000 rw-p 00000000 00:00 0 
7fdc50021000-7fdc54000000 ---p 00000000 00:00 0 
7fdc54000000-7fdc5405b000 rw-p 00000000 00:00 0 
7fdc5405b000-7fdc58000000 ---p 00000000 00:00 0 
7fdc58000000-7fdc58021000 rw-p 00000000 00:00 0 
7fdc58021000-7fdc5c000000 ---p 00000000 00:00 0 
7fdc5c000000-7fdc5c021000 rw-p 00000000 00:00 0 
7fdc5c021000-7fdc60000000 ---p 00000000 00:00 0 
7fdc60000000-7fdc60021000 rw-p 00000000 00:00 0 
7fdc60021000-7fdc64000000 ---p 00000000 00:00 0 
7fdc64000000-7fdc64021000 rw-p 00000000 00:00 0 
7fdc64021000-7fdc68000000 ---p 00000000 00:00 0 
7fdc68000000-7fdc68021000 rw-p 00000000 00:00 0 
7fdc68021000-7fdc6c000000 ---p 00000000 00:00 0 
7fdc6c000000-7fdc6ca18000 rw-p 00000000 00:00 0 
7fdc6ca18000-7fdc70000000 ---p 00000000 00:00 0 
7fdc70000000-7fdc70021000 rw-p 00000000 00:00 0 
7fdc70021000-7fdc74000000 ---p 00000000 00:00 0 
7fdc74000000-7fdc74021000 rw-p 00000000 00:00 0 
7fdc74021000-7fdc78000000 ---p 00000000 00:00 0 
7fdc78000000-7fdc78021000 rw-p 00000000 00:00 0 
7fdc78021000-7fdc7c000000 ---p 00000000 00:00 0 
7fdc7c000000-7fdc7c021000 rw-p 00000000 00:00 0 
7fdc7c021000-7fdc80000000 ---p 00000000 00:00 0 
7fdc80000000-7fdc80021000 rw-p 00000000 00:00 0 
7fdc80021000-7fdc84000000 ---p 00000000 00:00 0 
7fdc84000000-7fdc84021000 rw-p 00000000 00:00 0 
7fdc84021000-7fdc88000000 ---p 00000000 00:00 0 
7fdc88000000-7fdc88021000 rw-p 00000000 00:00 0 
7fdc88021000-7fdc8c000000 ---p 00000000 00:00 0 
7fdc8c000000-7fdc8c021000 rw-p 00000000 00:00 0 
7fdc8c021000-7fdc90000000 ---p 00000000 00:00 0 
7fdc90000000-7fdc90401000 rw-p 00000000 00:00 0 
7fdc90401000-7fdc94000000 ---p 00000000 00:00 0 
7fdc94000000-7fdc94021000 rw-p 00000000 00:00 0 
7fdc94021000-7fdc98000000 ---p 00000000 00:00 0 
7fdc98000000-7fdc98021000 rw-p 00000000 00:00 0 
7fdc98021000-7fdc9c000000 ---p 00000000 00:00 0 
7fdc9c000000-7fdc9cafb000 rw-p 00000000 00:00 0 
7fdc9cafb000-7fdca0000000 ---p 00000000 00:00 0 
7fdca0000000-7fdca05bd000 rw-p 00000000 00:00 0 
7fdca05bd000-7fdca4000000 ---p 00000000 00:00 0 
7fdca4000000-7fdca4021000 rw-p 00000000 00:00 0 
7fdca4021000-7fdca8000000 ---p 00000000 00:00 0 
7fdca8000000-7fdca8021000 rw-p 00000000 00:00 0 
7fdca8021000-7fdcac000000 ---p 00000000 00:00 0 
7fdcac000000-7fdcac8b7000 rw-p 00000000 00:00 0 
7fdcac8b7000-7fdcb0000000 ---p 00000000 00:00 0 
7fdcb0000000-7fdcb0021000 rw-p 00000000 00:00 0 
7fdcb0021000-7fdcb4000000 ---p 00000000 00:00 0 
7fdcb4000000-7fdcb4021000 rw-p 00000000 00:00 0 
7fdcb4021000-7fdcb8000000 ---p 00000000 00:00 0 
7fdcb8000000-7fdcb8021000 rw-p 00000000 00:00 0 
7fdcb8021000-7fdcbc000000 ---p 00000000 00:00 0 
7fdcbc000000-7fdcbc021000 rw-p 00000000 00:00 0 
7fdcbc021000-7fdcc0000000 ---p 00000000 00:00 0 
7fdcc0000000-7fdcc0021000 rw-p 00000000 00:00 0 
7fdcc0021000-7fdcc4000000 ---p 00000000 00:00 0 
7fdcc4123000-7fdcc42fc000 rw-p 00000000 00:00 0 
7fdcc42fc000-7fdcc4300000 ---p 00000000 00:00 0 
7fdcc4300000-7fdcc43fc000 rw-p 00000000 00:00 0 
7fdcc43fc000-7fdcc4400000 ---p 00000000 00:00 0 
7fdcc4400000-7fdcc44fc000 rw-p 00000000 00:00 0 
7fdcc44fc000-7fdcc4500000 ---p 00000000 00:00 0 
7fdcc4500000-7fdcc45fc000 rw-p 00000000 00:00 0 
7fdcc45fc000-7fdcc4600000 ---p 00000000 00:00 0 
7fdcc4600000-7fdcc46fc000 rw-p 00000000 00:00 0 
7fdcc46fc000-7fdcc4700000 ---p 00000000 00:00 0 
7fdcc4700000-7fdcc47fc000 rw-p 00000000 00:00 0 
7fdcc47fc000-7fdcc4800000 ---p 00000000 00:00 0 
7fdcc4800000-7fdcc48fc000 rw-p 00000000 00:00 0 
7fdcc48fc000-7fdcc4900000 ---p 00000000 00:00 0 
7fdcc4900000-7fdcc49fc000 rw-p 00000000 00:00 0 
7fdcc49fc000-7fdcc49fd000 ---p 00000000 00:00 0 
7fdcc49fd000-7fdcc4afe000 rw-p 00000000 00:00 0 
7fdcc4afe000-7fdcc4aff000 ---p 00000000 00:00 0 
7fdcc4aff000-7fdcc4c00000 rw-p 00000000 00:00 0 
7fdcc4c00000-7fdcc4c10000 r-xp 00000000 103:05 5384788                   /home/emmanuel/.config/Code/User/globalStorage/redhat.java/1.23.0/config_linux/org.eclipse.equinox.launcher/org.eclipse.equinox.launcher.gtk.linux.x86_64_1.2.700.v20221108-1024/eclipse_11801.so
7fdcc4c10000-7fdcc4e0f000 ---p 00010000 103:05 5384788                   /home/emmanuel/.config/Code/User/globalStorage/redhat.java/1.23.0/config_linux/org.eclipse.equinox.launcher/org.eclipse.equinox.launcher.gtk.linux.x86_64_1.2.700.v20221108-1024/eclipse_11801.so
7fdcc4e0f000-7fdcc4e10000 r--p 0000f000 103:05 5384788                   /home/emmanuel/.config/Code/User/globalStorage/redhat.java/1.23.0/config_linux/org.eclipse.equinox.launcher/org.eclipse.equinox.launcher.gtk.linux.x86_64_1.2.700.v20221108-1024/eclipse_11801.so
7fdcc4e10000-7fdcc4e11000 rw-p 00010000 103:05 5384788                   /home/emmanuel/.config/Code/User/globalStorage/redhat.java/1.23.0/config_linux/org.eclipse.equinox.launcher/org.eclipse.equinox.launcher.gtk.linux.x86_64_1.2.700.v20221108-1024/eclipse_11801.so
7fdcc4e11000-7fdcc4e12000 rw-p 00000000 00:00 0 
7fdcc4ef4000-7fdcc4ef8000 ---p 00000000 00:00 0 
7fdcc4ef8000-7fdcc4ff4000 rw-p 00000000 00:00 0 
7fdcc4ff4000-7fdcc4ff8000 ---p 00000000 00:00 0 
7fdcc4ff8000-7fdcc50f4000 rw-p 00000000 00:00 0 
7fdcc50f4000-7fdcc50f8000 ---p 00000000 00:00 0 
7fdcc50f8000-7fdcc51f4000 rw-p 00000000 00:00 0 
7fdcc51f4000-7fdcc51f5000 ---p 00000000 00:00 0 
7fdcc51f5000-7fdcc52f6000 rw-p 00000000 00:00 0 
7fdcc52f6000-7fdcc52f7000 ---p 00000000 00:00 0 
7fdcc52f7000-7fdcc53f8000 rw-p 00000000 00:00 0 
7fdcc53f8000-7fdcc53f9000 ---p 00000000 00:00 0 
7fdcc53f9000-7fdcc54fa000 rw-p 00000000 00:00 0 
7fdcc54fa000-7fdcc54fb000 ---p 00000000 00:00 0 
7fdcc54fb000-7fdcc55fc000 rw-p 00000000 00:00 0 
7fdcc55fc000-7fdcc55fd000 ---p 00000000 00:00 0 
7fdcc55fd000-7fdcc56fe000 rw-p 00000000 00:00 0 
7fdcc56fe000-7fdcc56ff000 ---p 00000000 00:00 0 
7fdcc56ff000-7fdcc5800000 rw-p 00000000 00:00 0 
7fdcc5800000-7fdcc5804000 ---p 00000000 00:00 0 
7fdcc5804000-7fdcc5900000 rw-p 00000000 00:00 0 
7fdcc5900000-7fdcc5904000 ---p 00000000 00:00 0 
7fdcc5904000-7fdcc5a00000 rw-p 00000000 00:00 0 
7fdcc5a00000-7fdcc5a04000 ---p 00000000 00:00 0 
7fdcc5a04000-7fdcc5b00000 rw-p 00000000 00:00 0 
7fdcc5b00000-7fdcc5b04000 ---p 00000000 00:00 0 
7fdcc5b04000-7fdcc5c00000 rw-p 00000000 00:00 0 
7fdcc5c00000-7fdcc5c04000 ---p 00000000 00:00 0 
7fdcc5c04000-7fdcc5d00000 rw-p 00000000 00:00 0 
7fdcc5d00000-7fdcc5d04000 ---p 00000000 00:00 0 
7fdcc5d04000-7fdcc5e00000 rw-p 00000000 00:00 0 
7fdcc5e00000-7fdcc5e04000 ---p 00000000 00:00 0 
7fdcc5e04000-7fdcc5f00000 rw-p 00000000 00:00 0 
7fdcc5f00000-7fdcc5f04000 ---p 00000000 00:00 0 
7fdcc5f04000-7fdcc6000000 rw-p 00000000 00:00 0 
7fdcc6000000-7fdcc6004000 ---p 00000000 00:00 0 
7fdcc6004000-7fdcc6100000 rw-p 00000000 00:00 0 
7fdcc6100000-7fdcc6104000 ---p 00000000 00:00 0 
7fdcc6104000-7fdcc6200000 rw-p 00000000 00:00 0 
7fdcc6200000-7fdcc6773000 r--p 00000000 103:05 4329506                   /usr/lib/locale/locale-archive
7fdcc67e9000-7fdcc67ed000 ---p 00000000 00:00 0 
7fdcc67ed000-7fdcc68e9000 rw-p 00000000 00:00 0 
7fdcc68e9000-7fdcc68ed000 ---p 00000000 00:00 0 
7fdcc68ed000-7fdcc69e9000 rw-p 00000000 00:00 0 
7fdcc69e9000-7fdcc69ea000 ---p 00000000 00:00 0 
7fdcc69ea000-7fdcc83f0000 rw-p 00000000 00:00 0 
7fdcc83f0000-7fdcc8450000 rw-p 00000000 00:00 0 
7fdcc8450000-7fdcc8470000 rw-p 00000000 00:00 0 
7fdcc8470000-7fdcc84f0000 rw-p 00000000 00:00 0 
7fdcc84f0000-7fdcc87f0000 rw-p 00000000 00:00 0 
7fdcc87f0000-7fdcc88f0000 rw-p 00000000 00:00 0 
7fdcc88f0000-7fdcc8b70000 rw-p 00000000 00:00 0 
7fdcc8b70000-7fdcc8bf0000 rw-p 00000000 00:00 0 
7fdcc8bf0000-7fdcc8cf0000 rw-p 00000000 00:00 0 
7fdcc8cf0000-7fdcc8df0000 rw-p 00000000 00:00 0 
7fdcc8df0000-7fdcc8ef0000 rw-p 00000000 00:00 0 
7fdcc8ef0000-7fdcc8ff0000 rw-p 00000000 00:00 0 
7fdcc8ff0000-7fdcc9170000 rw-p 00000000 00:00 0 
7fdcc9170000-7fdcc91f0000 rw-p 00000000 00:00 0 
7fdcc91f0000-7fdcc94f0000 rw-p 00000000 00:00 0 
7fdcc94f0000-7fdcc95f0000 rw-p 00000000 00:00 0 
7fdcc95f0000-7fdcc97f0000 rw-p 00000000 00:00 0 
7fdcc97f0000-7fdcc98f0000 rw-p 00000000 00:00 0 
7fdcc98f0000-7fdcc99f0000 rw-p 00000000 00:00 0 
7fdcc99f0000-7fdcc9a00000 ---p 00000000 00:00 0 
7fdcc9a00000-7fdcc9fc0000 rw-p 00000000 00:00 0 
7fdcc9fc0000-7fdccc000000 ---p 00000000 00:00 0 
7fdccc000000-7fdccc021000 rw-p 00000000 00:00 0 
7fdccc021000-7fdcd0000000 ---p 00000000 00:00 0 
7fdcd00ff000-7fdcd2200000 rw-p 00000000 00:00 0 
7fdcd2200000-7fdcd29d0000 rwxp 00000000 00:00 0 
7fdcd29d0000-7fdcd9737000 ---p 00000000 00:00 0 
7fdcd9737000-7fdcd99a7000 rwxp 00000000 00:00 0 
7fdcd99a7000-7fdcd9cc9000 ---p 00000000 00:00 0 
7fdcd9cc9000-7fdcd9f39000 rwxp 00000000 00:00 0 
7fdcd9f39000-7fdce1200000 ---p 00000000 00:00 0 
7fdce1200000-7fdce3e1b000 r--s 00000000 103:05 5384551                   /home/emmanuel/.vscode/extensions/redhat.java-1.23.0-linux-x64/jre/17.0.8.1-linux-x86_64/lib/modules
7fdce3eff000-7fdce4000000 rw-p 00000000 00:00 0 
7fdce4000000-7fdce4689000 rw-p 00000000 00:00 0 
7fdce4689000-7fdce8000000 ---p 00000000 00:00 0 
7fdce8097000-7fdce809b000 ---p 00000000 00:00 0 
7fdce809b000-7fdce80b9000 rw-p 00000000 00:00 0 
7fdce80b9000-7fdce80bd000 r--p 00000000 103:05 5384549                   /home/emmanuel/.vscode/extensions/redhat.java-1.23.0-linux-x64/jre/17.0.8.1-linux-x86_64/lib/libverify.so
7fdce80bd000-7fdce80c4000 r-xp 00004000 103:05 5384549                   /home/emmanuel/.vscode/extensions/redhat.java-1.23.0-linux-x64/jre/17.0.8.1-linux-x86_64/lib/libverify.so
7fdce80c4000-7fdce80c6000 r--p 0000b000 103:05 5384549                   /home/emmanuel/.vscode/extensions/redhat.java-1.23.0-linux-x64/jre/17.0.8.1-linux-x86_64/lib/libverify.so
7fdce80c6000-7fdce80c8000 r--p 0000c000 103:05 5384549                   /home/emmanuel/.vscode/extensions/redhat.java-1.23.0-linux-x64/jre/17.0.8.1-linux-x86_64/lib/libverify.so
7fdce80c8000-7fdce80c9000 rw-p 0000e000 103:05 5384549                   /home/emmanuel/.vscode/extensions/redhat.java-1.23.0-linux-x64/jre/17.0.8.1-linux-x86_64/lib/libverify.so
7fdce80c9000-7fdce880c000 rw-p 00000000 00:00 0 
7fdce880c000-7fdce8940000 ---p 00000000 00:00 0 
7fdce8940000-7fdce8941000 ---p 00000000 00:00 0 
7fdce8941000-7fdce8a64000 rw-p 00000000 00:00 0 
7fdce8a64000-7fdce8b97000 ---p 00000000 00:00 0 
7fdce8b97000-7fdce8ba7000 rw-p 00000000 00:00 0 
7fdce8ba7000-7fdce8c42000 ---p 00000000 00:00 0 
7fdce8c42000-7fdce8c48000 rw-p 00000000 00:00 0 
7fdce8c48000-7fdce8d2e000 ---p 00000000 00:00 0 
7fdce8d2e000-7fdce8d3e000 rw-p 00000000 00:00 0 
7fdce8d3e000-7fdce8e19000 ---p 00000000 00:00 0 
7fdce8e19000-7fdce8e1d000 ---p 00000000 00:00 0 
7fdce8e1d000-7fdce8f19000 rw-p 00000000 00:00 0 
7fdce8f19000-7fdce8f27000 r--p 00000000 103:05 4327526                   /usr/lib/x86_64-linux-gnu/libm.so.6
7fdce8f27000-7fdce8fa3000 r-xp 0000e000 103:05 4327526                   /usr/lib/x86_64-linux-gnu/libm.so.6
7fdce8fa3000-7fdce8ffe000 r--p 0008a000 103:05 4327526                   /usr/lib/x86_64-linux-gnu/libm.so.6
7fdce8ffe000-7fdce8fff000 r--p 000e4000 103:05 4327526                   /usr/lib/x86_64-linux-gnu/libm.so.6
7fdce8fff000-7fdce9000000 rw-p 000e5000 103:05 4327526                   /usr/lib/x86_64-linux-gnu/libm.so.6
7fdce9000000-7fdce9253000 r--p 00000000 103:05 5384561                   /home/emmanuel/.vscode/extensions/redhat.java-1.23.0-linux-x64/jre/17.0.8.1-linux-x86_64/lib/server/libjvm.so
7fdce9253000-7fdce9f75000 r-xp 00253000 103:05 5384561                   /home/emmanuel/.vscode/extensions/redhat.java-1.23.0-linux-x64/jre/17.0.8.1-linux-x86_64/lib/server/libjvm.so
7fdce9f75000-7fdcea202000 r--p 00f75000 103:05 5384561                   /home/emmanuel/.vscode/extensions/redhat.java-1.23.0-linux-x64/jre/17.0.8.1-linux-x86_64/lib/server/libjvm.so
7fdcea202000-7fdcea2bb000 r--p 01201000 103:05 5384561                   /home/emmanuel/.vscode/extensions/redhat.java-1.23.0-linux-x64/jre/17.0.8.1-linux-x86_64/lib/server/libjvm.so
7fdcea2bb000-7fdcea2f0000 rw-p 012ba000 103:05 5384561                   /home/emmanuel/.vscode/extensions/redhat.java-1.23.0-linux-x64/jre/17.0.8.1-linux-x86_64/lib/server/libjvm.so
7fdcea2f0000-7fdcea34a000 rw-p 00000000 00:00 0 
7fdcea34a000-7fdcea351000 r--s 00000000 103:05 4327898                   /usr/lib/x86_64-linux-gnu/gconv/gconv-modules.cache
7fdcea351000-7fdcea355000 r--p 00000000 103:05 5384542                   /home/emmanuel/.vscode/extensions/redhat.java-1.23.0-linux-x64/jre/17.0.8.1-linux-x86_64/lib/libnet.so
7fdcea355000-7fdcea363000 r-xp 00004000 103:05 5384542                   /home/emmanuel/.vscode/extensions/redhat.java-1.23.0-linux-x64/jre/17.0.8.1-linux-x86_64/lib/libnet.so
7fdcea363000-7fdcea367000 r--p 00012000 103:05 5384542                   /home/emmanuel/.vscode/extensions/redhat.java-1.23.0-linux-x64/jre/17.0.8.1-linux-x86_64/lib/libnet.so
7fdcea367000-7fdcea368000 r--p 00015000 103:05 5384542                   /home/emmanuel/.vscode/extensions/redhat.java-1.23.0-linux-x64/jre/17.0.8.1-linux-x86_64/lib/libnet.so
7fdcea368000-7fdcea369000 rw-p 00016000 103:05 5384542                   /home/emmanuel/.vscode/extensions/redhat.java-1.23.0-linux-x64/jre/17.0.8.1-linux-x86_64/lib/libnet.so
7fdcea369000-7fdcea370000 r--p 00000000 103:05 5384543                   /home/emmanuel/.vscode/extensions/redhat.java-1.23.0-linux-x64/jre/17.0.8.1-linux-x86_64/lib/libnio.so
7fdcea370000-7fdcea379000 r-xp 00007000 103:05 5384543                   /home/emmanuel/.vscode/extensions/redhat.java-1.23.0-linux-x64/jre/17.0.8.1-linux-x86_64/lib/libnio.so
7fdcea379000-7fdcea37d000 r--p 00010000 103:05 5384543                   /home/emmanuel/.vscode/extensions/redhat.java-1.23.0-linux-x64/jre/17.0.8.1-linux-x86_64/lib/libnio.so
7fdcea37d000-7fdcea37e000 ---p 00014000 103:05 5384543                   /home/emmanuel/.vscode/extensions/redhat.java-1.23.0-linux-x64/jre/17.0.8.1-linux-x86_64/lib/libnio.so
7fdcea37e000-7fdcea37f000 r--p 00014000 103:05 5384543                   /home/emmanuel/.vscode/extensions/redhat.java-1.23.0-linux-x64/jre/17.0.8.1-linux-x86_64/lib/libnio.so
7fdcea37f000-7fdcea380000 rw-p 00015000 103:05 5384543                   /home/emmanuel/.vscode/extensions/redhat.java-1.23.0-linux-x64/jre/17.0.8.1-linux-x86_64/lib/libnio.so
7fdcea380000-7fdcea382000 r--p 00000000 103:05 5384550                   /home/emmanuel/.vscode/extensions/redhat.java-1.23.0-linux-x64/jre/17.0.8.1-linux-x86_64/lib/libzip.so
7fdcea382000-7fdcea386000 r-xp 00002000 103:05 5384550                   /home/emmanuel/.vscode/extensions/redhat.java-1.23.0-linux-x64/jre/17.0.8.1-linux-x86_64/lib/libzip.so
7fdcea386000-7fdcea388000 r--p 00006000 103:05 5384550                   /home/emmanuel/.vscode/extensions/redhat.java-1.23.0-linux-x64/jre/17.0.8.1-linux-x86_64/lib/libzip.so
7fdcea388000-7fdcea389000 r--p 00007000 103:05 5384550                   /home/emmanuel/.vscode/extensions/redhat.java-1.23.0-linux-x64/jre/17.0.8.1-linux-x86_64/lib/libzip.so
7fdcea389000-7fdcea38a000 rw-p 00008000 103:05 5384550                   /home/emmanuel/.vscode/extensions/redhat.java-1.23.0-linux-x64/jre/17.0.8.1-linux-x86_64/lib/libzip.so
7fdcea38a000-7fdcea3a3000 rw-p 00000000 00:00 0 
7fdcea3a3000-7fdcea3aa000 ---p 00000000 00:00 0 
7fdcea3aa000-7fdcea3b2000 rw-s 00000000 103:05 395482                    /tmp/hsperfdata_emmanuel/15882
7fdcea3b2000-7fdcea3bf000 r--p 00000000 103:05 5384529                   /home/emmanuel/.vscode/extensions/redhat.java-1.23.0-linux-x64/jre/17.0.8.1-linux-x86_64/lib/libjava.so
7fdcea3bf000-7fdcea3d1000 r-xp 0000d000 103:05 5384529                   /home/emmanuel/.vscode/extensions/redhat.java-1.23.0-linux-x64/jre/17.0.8.1-linux-x86_64/lib/libjava.so
7fdcea3d1000-7fdcea3d7000 r--p 0001f000 103:05 5384529                   /home/emmanuel/.vscode/extensions/redhat.java-1.23.0-linux-x64/jre/17.0.8.1-linux-x86_64/lib/libjava.so
7fdcea3d7000-7fdcea3d8000 ---p 00025000 103:05 5384529                   /home/emmanuel/.vscode/extensions/redhat.java-1.23.0-linux-x64/jre/17.0.8.1-linux-x86_64/lib/libjava.so
7fdcea3d8000-7fdcea3d9000 r--p 00025000 103:05 5384529                   /home/emmanuel/.vscode/extensions/redhat.java-1.23.0-linux-x64/jre/17.0.8.1-linux-x86_64/lib/libjava.so
7fdcea3d9000-7fdcea3da000 rw-p 00026000 103:05 5384529                   /home/emmanuel/.vscode/extensions/redhat.java-1.23.0-linux-x64/jre/17.0.8.1-linux-x86_64/lib/libjava.so
7fdcea3da000-7fdcea3db000 rw-p 00000000 00:00 0 
7fdcea3db000-7fdcea3df000 r--p 00000000 103:05 5384533                   /home/emmanuel/.vscode/extensions/redhat.java-1.23.0-linux-x64/jre/17.0.8.1-linux-x86_64/lib/libjimage.so
7fdcea3df000-7fdcea3f2000 r-xp 00004000 103:05 5384533                   /home/emmanuel/.vscode/extensions/redhat.java-1.23.0-linux-x64/jre/17.0.8.1-linux-x86_64/lib/libjimage.so
7fdcea3f2000-7fdcea3f8000 r--p 00017000 103:05 5384533                   /home/emmanuel/.vscode/extensions/redhat.java-1.23.0-linux-x64/jre/17.0.8.1-linux-x86_64/lib/libjimage.so
7fdcea3f8000-7fdcea3fa000 r--p 0001c000 103:05 5384533                   /home/emmanuel/.vscode/extensions/redhat.java-1.23.0-linux-x64/jre/17.0.8.1-linux-x86_64/lib/libjimage.so
7fdcea3fa000-7fdcea3fb000 rw-p 0001e000 103:05 5384533                   /home/emmanuel/.vscode/extensions/redhat.java-1.23.0-linux-x64/jre/17.0.8.1-linux-x86_64/lib/libjimage.so
7fdcea3fb000-7fdcea3fc000 r--p 00000000 103:05 4327567                   /usr/lib/x86_64-linux-gnu/librt.so.1
7fdcea3fc000-7fdcea3fd000 r-xp 00001000 103:05 4327567                   /usr/lib/x86_64-linux-gnu/librt.so.1
7fdcea3fd000-7fdcea3fe000 r--p 00002000 103:05 4327567                   /usr/lib/x86_64-linux-gnu/librt.so.1
7fdcea3fe000-7fdcea3ff000 r--p 00002000 103:05 4327567                   /usr/lib/x86_64-linux-gnu/librt.so.1
7fdcea3ff000-7fdcea400000 rw-p 00003000 103:05 4327567                   /usr/lib/x86_64-linux-gnu/librt.so.1
7fdcea400000-7fdcea428000 r--p 00000000 103:05 4327521                   /usr/lib/x86_64-linux-gnu/libc.so.6
7fdcea428000-7fdcea5bd000 r-xp 00028000 103:05 4327521                   /usr/lib/x86_64-linux-gnu/libc.so.6
7fdcea5bd000-7fdcea615000 r--p 001bd000 103:05 4327521                   /usr/lib/x86_64-linux-gnu/libc.so.6
7fdcea615000-7fdcea619000 r--p 00214000 103:05 4327521                   /usr/lib/x86_64-linux-gnu/libc.so.6
7fdcea619000-7fdcea61b000 rw-p 00218000 103:05 4327521                   /usr/lib/x86_64-linux-gnu/libc.so.6
7fdcea61b000-7fdcea628000 rw-p 00000000 00:00 0 
7fdcea629000-7fdcea62d000 rw-p 00000000 00:00 0 
7fdcea62d000-7fdcea62e000 r--p 00000000 103:05 4327524                   /usr/lib/x86_64-linux-gnu/libdl.so.2
7fdcea62e000-7fdcea62f000 r-xp 00001000 103:05 4327524                   /usr/lib/x86_64-linux-gnu/libdl.so.2
7fdcea62f000-7fdcea630000 r--p 00002000 103:05 4327524                   /usr/lib/x86_64-linux-gnu/libdl.so.2
7fdcea630000-7fdcea631000 r--p 00002000 103:05 4327524                   /usr/lib/x86_64-linux-gnu/libdl.so.2
7fdcea631000-7fdcea632000 rw-p 00003000 103:05 4327524                   /usr/lib/x86_64-linux-gnu/libdl.so.2
7fdcea632000-7fdcea633000 r--p 00000000 103:05 4327560                   /usr/lib/x86_64-linux-gnu/libpthread.so.0
7fdcea633000-7fdcea634000 r-xp 00001000 103:05 4327560                   /usr/lib/x86_64-linux-gnu/libpthread.so.0
7fdcea634000-7fdcea635000 r--p 00002000 103:05 4327560                   /usr/lib/x86_64-linux-gnu/libpthread.so.0
7fdcea635000-7fdcea636000 r--p 00002000 103:05 4327560                   /usr/lib/x86_64-linux-gnu/libpthread.so.0
7fdcea636000-7fdcea637000 rw-p 00003000 103:05 4327560                   /usr/lib/x86_64-linux-gnu/libpthread.so.0
7fdcea637000-7fdcea63a000 r--p 00000000 103:05 5384534                   /home/emmanuel/.vscode/extensions/redhat.java-1.23.0-linux-x64/jre/17.0.8.1-linux-x86_64/lib/libjli.so
7fdcea63a000-7fdcea644000 r-xp 00003000 103:05 5384534                   /home/emmanuel/.vscode/extensions/redhat.java-1.23.0-linux-x64/jre/17.0.8.1-linux-x86_64/lib/libjli.so
7fdcea644000-7fdcea647000 r--p 0000d000 103:05 5384534                   /home/emmanuel/.vscode/extensions/redhat.java-1.23.0-linux-x64/jre/17.0.8.1-linux-x86_64/lib/libjli.so
7fdcea647000-7fdcea648000 ---p 00010000 103:05 5384534                   /home/emmanuel/.vscode/extensions/redhat.java-1.23.0-linux-x64/jre/17.0.8.1-linux-x86_64/lib/libjli.so
7fdcea648000-7fdcea649000 r--p 00010000 103:05 5384534                   /home/emmanuel/.vscode/extensions/redhat.java-1.23.0-linux-x64/jre/17.0.8.1-linux-x86_64/lib/libjli.so
7fdcea649000-7fdcea64a000 rw-p 00011000 103:05 5384534                   /home/emmanuel/.vscode/extensions/redhat.java-1.23.0-linux-x64/jre/17.0.8.1-linux-x86_64/lib/libjli.so
7fdcea64a000-7fdcea64c000 r--p 00000000 103:05 4353575                   /usr/lib/x86_64-linux-gnu/libz.so.1.2.11
7fdcea64c000-7fdcea65d000 r-xp 00002000 103:05 4353575                   /usr/lib/x86_64-linux-gnu/libz.so.1.2.11
7fdcea65d000-7fdcea663000 r--p 00013000 103:05 4353575                   /usr/lib/x86_64-linux-gnu/libz.so.1.2.11
7fdcea663000-7fdcea664000 ---p 00019000 103:05 4353575                   /usr/lib/x86_64-linux-gnu/libz.so.1.2.11
7fdcea664000-7fdcea665000 r--p 00019000 103:05 4353575                   /usr/lib/x86_64-linux-gnu/libz.so.1.2.11
7fdcea665000-7fdcea666000 rw-p 0001a000 103:05 4353575                   /usr/lib/x86_64-linux-gnu/libz.so.1.2.11
7fdcea66a000-7fdcea66c000 r--p 00000000 103:05 5384524                   /home/emmanuel/.vscode/extensions/redhat.java-1.23.0-linux-x64/jre/17.0.8.1-linux-x86_64/lib/libinstrument.so
7fdcea66c000-7fdcea672000 r-xp 00002000 103:05 5384524                   /home/emmanuel/.vscode/extensions/redhat.java-1.23.0-linux-x64/jre/17.0.8.1-linux-x86_64/lib/libinstrument.so
7fdcea672000-7fdcea675000 r--p 00008000 103:05 5384524                   /home/emmanuel/.vscode/extensions/redhat.java-1.23.0-linux-x64/jre/17.0.8.1-linux-x86_64/lib/libinstrument.so
7fdcea675000-7fdcea676000 r--p 0000a000 103:05 5384524                   /home/emmanuel/.vscode/extensions/redhat.java-1.23.0-linux-x64/jre/17.0.8.1-linux-x86_64/lib/libinstrument.so
7fdcea676000-7fdcea677000 rw-p 0000b000 103:05 5384524                   /home/emmanuel/.vscode/extensions/redhat.java-1.23.0-linux-x64/jre/17.0.8.1-linux-x86_64/lib/libinstrument.so
7fdcea677000-7fdcea678000 ---p 00000000 00:00 0 
7fdcea678000-7fdcea679000 r--p 00000000 00:00 0 
7fdcea679000-7fdcea67b000 rw-p 00000000 00:00 0 
7fdcea67b000-7fdcea67d000 r--p 00000000 103:05 4327516                   /usr/lib/x86_64-linux-gnu/ld-linux-x86-64.so.2
7fdcea67d000-7fdcea6a7000 r-xp 00002000 103:05 4327516                   /usr/lib/x86_64-linux-gnu/ld-linux-x86-64.so.2
7fdcea6a7000-7fdcea6b2000 r--p 0002c000 103:05 4327516                   /usr/lib/x86_64-linux-gnu/ld-linux-x86-64.so.2
7fdcea6b2000-7fdcea6b3000 ---p 00000000 00:00 0 
7fdcea6b3000-7fdcea6b5000 r--p 00037000 103:05 4327516                   /usr/lib/x86_64-linux-gnu/ld-linux-x86-64.so.2
7fdcea6b5000-7fdcea6b7000 rw-p 00039000 103:05 4327516                   /usr/lib/x86_64-linux-gnu/ld-linux-x86-64.so.2
7ffcbdf6c000-7ffcbdf8e000 rw-p 00000000 00:00 0                          [stack]
7ffcbdfee000-7ffcbdff2000 r--p 00000000 00:00 0                          [vvar]
7ffcbdff2000-7ffcbdff4000 r-xp 00000000 00:00 0                          [vdso]
ffffffffff600000-ffffffffff601000 --xp 00000000 00:00 0                  [vsyscall]


VM Arguments:
jvm_args: --add-modules=ALL-SYSTEM --add-opens=java.base/java.util=ALL-UNNAMED --add-opens=java.base/java.lang=ALL-UNNAMED --add-opens=java.base/sun.nio.fs=ALL-UNNAMED -Declipse.application=org.eclipse.jdt.ls.core.id1 -Dosgi.bundles.defaultStartLevel=4 -Declipse.product=org.eclipse.jdt.ls.core.product -Djava.import.generatesMetadataFilesAtProjectRoot=false -DDetectVMInstallationsJob.disabled=true -Dfile.encoding=utf8 -XX:+UseParallelGC -XX:GCTimeRatio=4 -XX:AdaptiveSizePolicyWeight=90 -Dsun.zip.disableMemoryMapping=true -Xmx1G -Xms100m -Xlog:disable -javaagent:/home/emmanuel/.vscode/extensions/redhat.java-1.23.0-linux-x64/lombok/lombok-1.18.30.jar -XX:+HeapDumpOnOutOfMemoryError -XX:HeapDumpPath=/home/emmanuel/.config/Code/User/workspaceStorage/9cf0182d8b0822c1a4b2ba5774e2e160/redhat.java -Daether.dependencyCollector.impl=bf 
java_command: /home/emmanuel/.vscode/extensions/redhat.java-1.23.0-linux-x64/server/plugins/org.eclipse.equinox.launcher_1.6.500.v20230717-2134.jar -configuration /home/emmanuel/.config/Code/User/globalStorage/redhat.java/1.23.0/config_linux -data /home/emmanuel/.config/Code/User/workspaceStorage/9cf0182d8b0822c1a4b2ba5774e2e160/redhat.java/jdt_ws
java_class_path (initial): /home/emmanuel/.vscode/extensions/redhat.java-1.23.0-linux-x64/server/plugins/org.eclipse.equinox.launcher_1.6.500.v20230717-2134.jar
Launcher Type: SUN_STANDARD

[Global flags]
    uintx AdaptiveSizePolicyWeight                 = 90                                        {product} {command line}
     intx CICompilerCount                          = 4                                         {product} {ergonomic}
    uintx GCTimeRatio                              = 4                                         {product} {command line}
     bool HeapDumpOnOutOfMemoryError               = true                                   {manageable} {command line}
    ccstr HeapDumpPath                             = /home/emmanuel/.config/Code/User/workspaceStorage/9cf0182d8b0822c1a4b2ba5774e2e160/redhat.java         {manageable} {command line}
   size_t InitialHeapSize                          = 104857600                                 {product} {command line}
   size_t MaxHeapSize                              = 1073741824                                {product} {command line}
   size_t MaxNewSize                               = 357564416                                 {product} {ergonomic}
   size_t MinHeapDeltaBytes                        = 524288                                    {product} {ergonomic}
   size_t MinHeapSize                              = 104857600                                 {product} {command line}
   size_t NewSize                                  = 34603008                                  {product} {ergonomic}
    uintx NonNMethodCodeHeapSize                   = 5839372                                {pd product} {ergonomic}
    uintx NonProfiledCodeHeapSize                  = 122909434                              {pd product} {ergonomic}
   size_t OldSize                                  = 70254592                                  {product} {ergonomic}
    uintx ProfiledCodeHeapSize                     = 122909434                              {pd product} {ergonomic}
    uintx ReservedCodeCacheSize                    = 251658240                              {pd product} {ergonomic}
     bool SegmentedCodeCache                       = true                                      {product} {ergonomic}
   size_t SoftMaxHeapSize                          = 1073741824                             {manageable} {ergonomic}
     bool UseCompressedClassPointers               = true                           {product lp64_product} {ergonomic}
     bool UseCompressedOops                        = true                           {product lp64_product} {ergonomic}
     bool UseParallelGC                            = true                                      {product} {command line}

Logging:
Log output configuration:
 #0: stdout all=off uptime,level,tags
 #1: stderr all=off uptime,level,tags

Environment Variables:
JAVA_HOME=/usr/lib/jvm/java-17-openjdk-amd64
PATH=/usr/local/sbin:/usr/local/bin:/usr/sbin:/usr/bin:/sbin:/bin:/usr/games:/usr/local/games:/snap/bin:/snap/bin:/usr/lib/jvm/java-17-openjdk-amd64/bin
USERNAME=emmanuel
SHELL=/bin/bash
DISPLAY=:0
LANG=en_US.UTF-8
TERM=xterm-256color

Active Locale:
LC_ALL=en_US.UTF-8
LC_COLLATE=en_US.UTF-8
LC_CTYPE=en_US.UTF-8
LC_MESSAGES=en_US.UTF-8
LC_MONETARY=en_US.UTF-8
LC_NUMERIC=en_US.UTF-8
LC_TIME=en_US.UTF-8

Signal Handlers:
   SIGSEGV: crash_handler in libjvm.so, mask=11100100010111111101111111111110, flags=SA_RESTART|SA_SIGINFO, unblocked
    SIGBUS: crash_handler in libjvm.so, mask=11100100010111111101111111111110, flags=SA_RESTART|SA_SIGINFO, unblocked
    SIGFPE: crash_handler in libjvm.so, mask=11100100010111111101111111111110, flags=SA_RESTART|SA_SIGINFO, unblocked
   SIGPIPE: javaSignalHandler in libjvm.so, mask=11100100010111111101111111111110, flags=SA_RESTART|SA_SIGINFO, blocked
   SIGXFSZ: javaSignalHandler in libjvm.so, mask=11100100010111111101111111111110, flags=SA_RESTART|SA_SIGINFO, blocked
    SIGILL: crash_handler in libjvm.so, mask=11100100010111111101111111111110, flags=SA_RESTART|SA_SIGINFO, unblocked
   SIGUSR2: SR_handler in libjvm.so, mask=00000000000000000000000000000000, flags=SA_RESTART|SA_SIGINFO, blocked
    SIGHUP: UserHandler in libjvm.so, mask=11100100010111111101111111111110, flags=SA_RESTART|SA_SIGINFO, blocked
    SIGINT: UserHandler in libjvm.so, mask=11100100010111111101111111111110, flags=SA_RESTART|SA_SIGINFO, blocked
   SIGTERM: UserHandler in libjvm.so, mask=11100100010111111101111111111110, flags=SA_RESTART|SA_SIGINFO, blocked
   SIGQUIT: UserHandler in libjvm.so, mask=11100100010111111101111111111110, flags=SA_RESTART|SA_SIGINFO, blocked
   SIGTRAP: crash_handler in libjvm.so, mask=11100100010111111101111111111110, flags=SA_RESTART|SA_SIGINFO, unblocked


---------------  S Y S T E M  ---------------

OS:
DISTRIB_ID=Ubuntu
DISTRIB_RELEASE=22.04
DISTRIB_CODENAME=jammy
DISTRIB_DESCRIPTION="Ubuntu 22.04.3 LTS"
uname: Linux 6.2.0-33-generic #33~22.04.1-Ubuntu SMP PREEMPT_DYNAMIC Thu Sep  7 10:33:52 UTC 2 x86_64
OS uptime: 0 days 2:46 hours
libc: glibc 2.35 NPTL 2.35 
rlimit (soft/hard): STACK 8192k/infinity , CORE 0k/infinity , NPROC 61355/61355 , NOFILE 1048576/1048576 , AS infinity/infinity , CPU infinity/infinity , DATA infinity/infinity , FSIZE infinity/infinity , MEMLOCK 1972928k/1972928k
load average: 1.88 1.08 1.06

/proc/meminfo:
MemTotal:       15783452 kB
MemFree:         8456752 kB
MemAvailable:   12324864 kB
Buffers:          160564 kB
Cached:          3895608 kB
SwapCached:            0 kB
Active:          1898184 kB
Inactive:        4350760 kB
Active(anon):       2680 kB
Inactive(anon):  2237188 kB
Active(file):    1895504 kB
Inactive(file):  2113572 kB
Unevictable:          96 kB
Mlocked:              96 kB
SwapTotal:       2097148 kB
SwapFree:        2097148 kB
Zswap:                 0 kB
Zswapped:              0 kB
Dirty:               912 kB
Writeback:             0 kB
AnonPages:       2193092 kB
Mapped:           862860 kB
Shmem:             47096 kB
KReclaimable:     194376 kB
Slab:             387324 kB
SReclaimable:     194376 kB
SUnreclaim:       192948 kB
KernelStack:       16676 kB
PageTables:        36608 kB
SecPageTables:         0 kB
NFS_Unstable:          0 kB
Bounce:                0 kB
WritebackTmp:          0 kB
CommitLimit:     9988872 kB
Committed_AS:    9370628 kB
VmallocTotal:   34359738367 kB
VmallocUsed:      137264 kB
VmallocChunk:          0 kB
Percpu:            16384 kB
HardwareCorrupted:     0 kB
AnonHugePages:         0 kB
ShmemHugePages:        0 kB
ShmemPmdMapped:        0 kB
FileHugePages:         0 kB
FilePmdMapped:         0 kB
HugePages_Total:       0
HugePages_Free:        0
HugePages_Rsvd:        0
HugePages_Surp:        0
Hugepagesize:       2048 kB
Hugetlb:               0 kB
DirectMap4k:      808596 kB
DirectMap2M:     9089024 kB
DirectMap1G:     7340032 kB

/sys/kernel/mm/transparent_hugepage/enabled: always [madvise] never
/sys/kernel/mm/transparent_hugepage/defrag (defrag/compaction efforts parameter): always defer defer+madvise [madvise] never

Process Memory:
Virtual Size: 4821796K (peak: 4882760K)
Resident Set Size: 181396K (peak: 181396K) (anon: 152340K, file: 29056K, shmem: 0K)
Swapped out: 0K
C-Heap outstanding allocations: 79941K, retained: 10398K
glibc malloc tunables: (default)

/proc/sys/kernel/threads-max (system-wide limit on the number of threads): 122711
/proc/sys/vm/max_map_count (maximum number of memory map areas a process may have): 65530
/proc/sys/kernel/pid_max (system-wide limit on number of process identifiers): 4194304

container (cgroup) information:
container_type: cgroupv2
cpu_cpuset_cpus: not supported
cpu_memory_nodes: not supported
active_processor_count: 8
cpu_quota: not supported
cpu_period: not supported
cpu_shares: not supported
memory_limit_in_bytes: unlimited
memory_and_swap_limit_in_bytes: unlimited
memory_soft_limit_in_bytes: unlimited
memory_usage_in_bytes: 1043008 k
memory_max_usage_in_bytes: not supported
memory_swap_current_in_bytes: unlimited
memory_swap_max_limit_in_bytes: unlimited
maximum number of tasks: 18406
current number of tasks: 223

Steal ticks since vm start: 0
Steal ticks percentage since vm start:  0.000

CPU: total 8 (initial active 8) (8 cores per cpu, 2 threads per core) family 23 model 24 stepping 1 microcode 0x8108102, cx8, cmov, fxsr, ht, mmx, 3dnowpref, sse, sse2, sse3, ssse3, sse4a, sse4.1, sse4.2, popcnt, lzcnt, tsc, tscinvbit, avx, avx2, aes, clmul, bmi1, bmi2, adx, sha, fma, vzeroupper, clflush, clflushopt
CPU Model and flags from /proc/cpuinfo:
model name	: AMD Ryzen 7 3750H with Radeon Vega Mobile Gfx
flags		: fpu vme de pse tsc msr pae mce cx8 apic sep mtrr pge mca cmov pat pse36 clflush mmx fxsr sse sse2 ht syscall nx mmxext fxsr_opt pdpe1gb rdtscp lm constant_tsc rep_good nopl nonstop_tsc cpuid extd_apicid aperfmperf rapl pni pclmulqdq monitor ssse3 fma cx16 sse4_1 sse4_2 movbe popcnt aes xsave avx f16c rdrand lahf_lm cmp_legacy svm extapic cr8_legacy abm sse4a misalignsse 3dnowprefetch osvw skinit wdt tce topoext perfctr_core perfctr_nb bpext perfctr_llc mwaitx cpb hw_pstate ssbd ibpb vmmcall fsgsbase bmi1 avx2 smep bmi2 rdseed adx smap clflushopt sha_ni xsaveopt xsavec xgetbv1 clzero irperf xsaveerptr arat npt lbrv svm_lock nrip_save tsc_scale vmcb_clean flushbyasid decodeassists pausefilter pfthreshold avic v_vmsave_vmload vgif overflow_recov succor smca sev sev_es

Online cpus: 0-7
Offline cpus: 8-15
BIOS frequency limitation: 2300000
Frequency switch latency (ns): 0
Available cpu frequencies: 2300000 1700000 1400000 
Current governor: schedutil
Core performance/turbo boost: 1

Memory: 4k page, physical 15783452k(8456752k free), swap 2097148k(2097148k free)
Page Sizes: 4k

vm_info: OpenJDK 64-Bit Server VM (17.0.8.1+1) for linux-amd64 JRE (17.0.8.1+1), built on Aug 24 2023 00:00:00 by "admin" with gcc 10.3.0

END.
