#
# A fatal error has been detected by the Java Runtime Environment:
#
#  SIGSEGV (0xb) at pc=0x00007f3bef87f23d, pid=15806, tid=15831
#
# JRE version: OpenJDK Runtime Environment Temurin-17.0.8.1+1 (17.0.8.1+1) (build 17.0.8.1+1)
# Java VM: OpenJDK 64-Bit Server VM Temurin-17.0.8.1+1 (17.0.8.1+1, mixed mode, tiered, compressed oops, compressed class ptrs, parallel gc, linux-amd64)
# Problematic frame:
# V  [libjvm.so+0xc7f23d]  void OopOopIterateDispatch<PCIterateMarkAndPushClosure>::Table::oop_oop_iterate<InstanceKlass, narrowOop>(PCIterateMarkAndPushClosure*, oopDesc*, Klass*)+0xdd
#
# Core dump will be written. Default location: Core dumps may be processed with "/usr/share/apport/apport -p%p -s%s -c%c -d%d -P%P -u%u -g%g -- %E" (or dumping to /home/emmanuel/Desktop/spring_batch/spring_batch_hello_world/core.15806)
#
# If you would like to submit a bug report, please visit:
#   https://github.com/adoptium/adoptium-support/issues
#

---------------  S U M M A R Y ------------

Command Line: --add-modules=ALL-SYSTEM --add-opens=java.base/java.util=ALL-UNNAMED --add-opens=java.base/java.lang=ALL-UNNAMED --add-opens=java.base/sun.nio.fs=ALL-UNNAMED -Declipse.application=org.eclipse.jdt.ls.core.id1 -Dosgi.bundles.defaultStartLevel=4 -Declipse.product=org.eclipse.jdt.ls.core.product -Djava.import.generatesMetadataFilesAtProjectRoot=false -DDetectVMInstallationsJob.disabled=true -Dfile.encoding=utf8 -XX:+UseParallelGC -XX:GCTimeRatio=4 -XX:AdaptiveSizePolicyWeight=90 -Dsun.zip.disableMemoryMapping=true -Xmx1G -Xms100m -Xlog:disable -javaagent:/home/emmanuel/.vscode/extensions/redhat.java-1.23.0-linux-x64/lombok/lombok-1.18.30.jar /home/emmanuel/.vscode/extensions/redhat.java-1.23.0-linux-x64/server/plugins/org.eclipse.equinox.launcher_1.6.500.v20230717-2134.jar -configuration /home/emmanuel/.config/Code/User/globalStorage/redhat.java/1.23.0/config_ss_linux -data /home/emmanuel/.config/Code/User/workspaceStorage/9cf0182d8b0822c1a4b2ba5774e2e160/redhat.java/ss_ws

Host: AMD Ryzen 7 3750H with Radeon Vega Mobile Gfx, 8 cores, 15G, Ubuntu 22.04.3 LTS
Time: Sun Oct  8 18:13:37 2023 CDT elapsed time: 1.679081 seconds (0d 0h 0m 1s)

---------------  T H R E A D  ---------------

Current thread (0x00007f3bc40044c0):  GCTaskThread "GC Thread#4" [stack: 0x00007f3bc2ff8000,0x00007f3bc30f8000] [id=15831]

Stack: [0x00007f3bc2ff8000,0x00007f3bc30f8000],  sp=0x00007f3bc30f6a60,  free space=1018k
Native frames: (J=compiled Java code, j=interpreted, Vv=VM code, C=native code)
V  [libjvm.so+0xc7f23d]  void OopOopIterateDispatch<PCIterateMarkAndPushClosure>::Table::oop_oop_iterate<InstanceKlass, narrowOop>(PCIterateMarkAndPushClosure*, oopDesc*, Klass*)+0xdd
V  [libjvm.so+0xc7cc85]  ParCompactionManager::follow_marking_stacks()+0x405
V  [libjvm.so+0xc8eed1]  PCAddThreadRootsMarkingTaskClosure::do_thread(Thread*)+0xb1
V  [libjvm.so+0xe66a28]  Threads::possibly_parallel_threads_do(bool, ThreadClosure*)+0x168
V  [libjvm.so+0xc912e2]  MarkFromRootsTask::work(unsigned int)+0x112
V  [libjvm.so+0xf17f2f]  GangWorker::loop()+0x5f
V  [libjvm.so+0xf17f8f]
V  [libjvm.so+0xe68d40]  Thread::call_run()+0xc0
V  [libjvm.so+0xc1e681]  thread_native_entry(Thread*)+0xe1


siginfo: si_signo: 11 (SIGSEGV), si_code: 128 (SI_KERNEL), si_addr: 0x0000000000000000

Register to memory mapping:

RAX=0x00007f3bec3ea000 points into unknown readable memory: 0x2200000000000009 | 09 00 00 00 00 00 00 22
RBX=0x0000000000000200 is an unknown value
RCX=0x0 is NULL
RDX=0x0000000000000001 is an unknown value
RSP=0x00007f3bc30f6a60 points into unknown readable memory: 0x00000000ec95faf8 | f8 fa 95 ec 00 00 00 00
RBP=0x00007f3bc30f6ab0 points into unknown readable memory: 0x00007f3bc30f6ba0 | a0 6b 0f c3 3b 7f 00 00
RSI=0x007fffffffa00001 is an unknown value
RDI=0x00007f3be802a5c0 points into unknown readable memory: 0x0000000000000000 | 00 00 00 00 00 00 00 00
R8 =0x000000000000000c is an unknown value
R9 =0x00007f3bc30f6b50 points into unknown readable memory: 0x00007f3befe16dc8 | c8 6d e1 ef 3b 7f 00 00
R10=0x0 is NULL
R11=0x00007f3befebfd28: <offset 0x00000000012bfd28> in /home/emmanuel/.vscode/extensions/redhat.java-1.23.0-linux-x64/jre/17.0.8.1-linux-x86_64/lib/server/libjvm.so at 0x00007f3beec00000
R12=0x0000000000002000 is an unknown value
R13=0x00000000ec95fb0c points into unknown readable memory: 03 00 00 00
R14=0x00000000ec95fb08 points into unknown readable memory: 0x0000000300000200 | 00 02 00 00 03 00 00 00
R15=0x000000010005fda0 is pointing into metadata


Registers:
RAX=0x00007f3bec3ea000, RBX=0x0000000000000200, RCX=0x0000000000000000, RDX=0x0000000000000001
RSP=0x00007f3bc30f6a60, RBP=0x00007f3bc30f6ab0, RSI=0x007fffffffa00001, RDI=0x00007f3be802a5c0
R8 =0x000000000000000c, R9 =0x00007f3bc30f6b50, R10=0x0000000000000000, R11=0x00007f3befebfd28
R12=0x0000000000002000, R13=0x00000000ec95fb0c, R14=0x00000000ec95fb08, R15=0x000000010005fda0
RIP=0x00007f3bef87f23d, EFLAGS=0x0000000000010212, CSGSFS=0x002b000000000033, ERR=0x0000000000000000
  TRAPNO=0x000000000000000d

Top of Stack: (sp=0x00007f3bc30f6a60)
0x00007f3bc30f6a60:   00000000ec95faf8 000000010005fdb0
0x00007f3bc30f6a70:   00007f3bc30f6b50 0000000000000006
0x00007f3bc30f6a80:   00000000c02e43e0 00007f3be80cca30
0x00007f3bc30f6a90:   0000000000002000 00000000ec968668 

Instructions: (pc=0x00007f3bef87f23d)
0x00007f3bef87f13d:   89 b5 c8 02 00 00 eb aa 48 83 c4 28 5b 41 5c 41
0x00007f3bef87f14d:   5d 41 5e 41 5f 5d c3 66 2e 0f 1f 84 00 00 00 00
0x00007f3bef87f15d:   00 66 90 55 31 c9 48 89 e5 41 57 41 56 41 55 41
0x00007f3bef87f16d:   54 53 48 89 d3 48 83 ec 28 48 89 7d c0 8b 57 10
0x00007f3bef87f17d:   48 89 75 b0 48 89 fe 48 8b bb 98 00 00 00 e8 20
0x00007f3bef87f18d:   d8 90 ff 48 63 83 a0 00 00 00 48 63 93 2c 01 00
0x00007f3bef87f19d:   00 48 01 d0 4c 8d bc c3 d0 01 00 00 8b 83 28 01
0x00007f3bef87f1ad:   00 00 49 8d 04 c7 48 89 45 b8 4c 39 f8 0f 86 86
0x00007f3bef87f1bd:   01 00 00 48 8b 45 b0 4d 63 07 4e 8d 34 00 41 8b
0x00007f3bef87f1cd:   47 04 4d 8d 2c 86 4d 39 f5 77 15 e9 5b 01 00 00
0x00007f3bef87f1dd:   0f 1f 00 49 83 c6 04 4d 39 f5 0f 86 4b 01 00 00
0x00007f3bef87f1ed:   41 8b 1e 85 db 74 ec 48 8d 05 35 01 64 00 48 8b
0x00007f3bef87f1fd:   15 7e 28 6a 00 8b 48 08 48 d3 e3 48 03 18 48 89
0x00007f3bef87f20d:   d9 48 2b 0a 48 89 c8 48 8d 0d 0d 0b 64 00 48 c1
0x00007f3bef87f21d:   e8 03 8b 09 48 d3 e8 48 89 c1 48 89 c6 48 8b 42
0x00007f3bef87f22d:   10 ba 01 00 00 00 83 e1 3f 48 c1 ee 06 48 d3 e2
0x00007f3bef87f23d:   48 23 14 f0 75 9d 48 8d 05 fb 6f 68 00 0f b6 00
0x00007f3bef87f24d:   84 c0 0f 84 4b 01 00 00 48 8d 35 c4 00 64 00 8b
0x00007f3bef87f25d:   7b 08 8b 4e 08 48 d3 e7 48 03 3e 48 8b 75 c0 8b
0x00007f3bef87f26d:   4f 08 4c 8b 66 18 85 c9 0f 8e dd 00 00 00 f6 c1
0x00007f3bef87f27d:   01 74 1a 48 8b 07 48 8d 35 b6 fb 60 ff 48 8b 80
0x00007f3bef87f28d:   00 01 00 00 48 39 f0 0f 85 30 01 00 00 c1 f9 03
0x00007f3bef87f29d:   48 63 d1 48 8d 3d f9 28 6a 00 48 89 de 48 89 55
0x00007f3bef87f2ad:   c8 e8 ad a7 fb ff 48 8b 55 c8 84 c0 0f 84 21 ff
0x00007f3bef87f2bd:   ff ff 48 8d 3d 9a 28 6a 00 48 89 de e8 a2 93 00
0x00007f3bef87f2cd:   00 41 8b 84 24 88 00 00 00 41 8b 8c 24 08 01 00
0x00007f3bef87f2dd:   00 89 c2 29 ca 81 e2 ff ff 01 00 81 fa fd ff 01
0x00007f3bef87f2ed:   00 0f 86 ec 00 00 00 49 8b 84 24 a8 02 00 00 49
0x00007f3bef87f2fd:   3b 84 24 90 02 00 00 0f 84 f9 00 00 00 49 8b 94
0x00007f3bef87f30d:   24 c0 02 00 00 48 8d 14 c2 48 83 c0 01 49 83 c6
0x00007f3bef87f31d:   04 48 89 1a 49 89 84 24 a8 02 00 00 4d 39 f5 0f
0x00007f3bef87f32d:   87 bb fe ff ff 66 0f 1f 44 00 00 49 83 c7 08 4c 


Stack slot to memory mapping:
stack at sp + 0 slots: 0x00000000ec95faf8 is an oop: java.util.HashMap 
{0x00000000ec95faf8} - klass: 'java/util/HashMap'
 - ---- fields (total size 6 words):
 - transient 'keySet' 'Ljava/util/Set;' @12  NULL (0)
 - transient 'values' 'Ljava/util/Collection;' @16  
[error occurred during error reporting (inspecting top of stack), id 0xb, SIGSEGV (0xb) at pc=0x00007f3bef42994a]


---------------  P R O C E S S  ---------------

Threads class SMR info:
_java_thread_list=0x00007f3b68235690, length=20, elements={
0x00007f3be8028230, 0x00007f3be81e7540, 0x00007f3be81e8ac0, 0x00007f3be820ff70,
0x00007f3be8213860, 0x00007f3be8214800, 0x00007f3be8215e60, 0x00007f3be8217320,
0x00007f3be8220760, 0x00007f3be82a6160, 0x00007f3bac0785a0, 0x00007f3be8391090,
0x00007f3ba8160200, 0x00007f3be84b7430, 0x00007f3be85ae790, 0x00007f3be86013a0,
0x00007f3be8604050, 0x00007f3b680336e0, 0x00007f3b680bd0a0, 0x00007f3b68234d50
}

Java Threads: ( => current thread )
  0x00007f3be8028230 JavaThread "main" [_thread_blocked, id=15807, stack(0x00007f3beea19000,0x00007f3beeb19000)]
  0x00007f3be81e7540 JavaThread "Reference Handler" daemon [_thread_blocked, id=15812, stack(0x00007f3bd46e5000,0x00007f3bd47e5000)]
  0x00007f3be81e8ac0 JavaThread "Finalizer" daemon [_thread_blocked, id=15813, stack(0x00007f3bd45e5000,0x00007f3bd46e5000)]
  0x00007f3be820ff70 JavaThread "Signal Dispatcher" daemon [_thread_blocked, id=15814, stack(0x00007f3bd44e5000,0x00007f3bd45e5000)]
  0x00007f3be8213860 JavaThread "Service Thread" daemon [_thread_blocked, id=15815, stack(0x00007f3bd43e5000,0x00007f3bd44e5000)]
  0x00007f3be8214800 JavaThread "Monitor Deflation Thread" daemon [_thread_blocked, id=15816, stack(0x00007f3bd42e5000,0x00007f3bd43e5000)]
  0x00007f3be8215e60 JavaThread "C2 CompilerThread0" daemon [_thread_blocked, id=15817, stack(0x00007f3bd41e5000,0x00007f3bd42e5000)]
  0x00007f3be8217320 JavaThread "C1 CompilerThread0" daemon [_thread_blocked, id=15818, stack(0x00007f3bd40e5000,0x00007f3bd41e5000)]
  0x00007f3be8220760 JavaThread "Sweeper thread" daemon [_thread_blocked, id=15819, stack(0x00007f3bc3900000,0x00007f3bc3a00000)]
  0x00007f3be82a6160 JavaThread "Common-Cleaner" daemon [_thread_blocked, id=15820, stack(0x00007f3bc3800000,0x00007f3bc3900000)]
  0x00007f3bac0785a0 JavaThread "C2 CompilerThread1" daemon [_thread_blocked, id=15821, stack(0x00007f3bc3700000,0x00007f3bc3800000)]
  0x00007f3be8391090 JavaThread "Notification Thread" daemon [_thread_blocked, id=15823, stack(0x00007f3bc3600000,0x00007f3bc3700000)]
  0x00007f3ba8160200 JavaThread "C2 CompilerThread2" daemon [_thread_blocked, id=15825, stack(0x00007f3bc33fe000,0x00007f3bc34fe000)]
  0x00007f3be84b7430 JavaThread "process reaper" daemon [_thread_blocked, id=15827, stack(0x00007f3beff5b000,0x00007f3beff7d000)]
  0x00007f3be85ae790 JavaThread "Active Thread: Equinox Container: 22bb7cd3-0216-4615-a64a-9d361f7e4b96" [_thread_blocked, id=15833, stack(0x00007f3bc2df4000,0x00007f3bc2ef4000)]
  0x00007f3be86013a0 JavaThread "Framework Event Dispatcher: Equinox Container: 22bb7cd3-0216-4615-a64a-9d361f7e4b96" daemon [_thread_blocked, id=15836, stack(0x00007f3bc2cf4000,0x00007f3bc2df4000)]
  0x00007f3be8604050 JavaThread "Start Level: Equinox Container: 22bb7cd3-0216-4615-a64a-9d361f7e4b96" daemon [_thread_blocked, id=15837, stack(0x00007f3bc2bf4000,0x00007f3bc2cf4000)]
  0x00007f3b680336e0 JavaThread "SCR Component Actor" daemon [_thread_blocked, id=15838, stack(0x00007f3bc2af4000,0x00007f3bc2bf4000)]
  0x00007f3b680bd0a0 JavaThread "SCR Component Registry" daemon [_thread_blocked, id=15841, stack(0x00007f3bc24fc000,0x00007f3bc25fc000)]
  0x00007f3b68234d50 JavaThread "Worker-JM" [_thread_blocked, id=15845, stack(0x00007f3bc23fc000,0x00007f3bc24fc000)]

Other Threads:
  0x00007f3be8069390 VMThread "VM Thread" [stack: 0x00007f3bd47e7000,0x00007f3bd48e7000] [id=15810]
  0x00007f3be8072170 WatcherThread [stack: 0x00007f3bc3500000,0x00007f3bc3600000] [id=15824]
  0x00007f3be803fb40 GCTaskThread "GC Thread#0" [stack: 0x00007f3bee542000,0x00007f3bee642000] [id=15808]
  0x00007f3bc4001270 GCTaskThread "GC Thread#1" [stack: 0x00007f3bc32fe000,0x00007f3bc33fe000] [id=15828]
  0x00007f3bc4003160 GCTaskThread "GC Thread#2" [stack: 0x00007f3bc31fc000,0x00007f3bc32fc000] [id=15829]
  0x00007f3bc4003b10 GCTaskThread "GC Thread#3" [stack: 0x00007f3bc30fa000,0x00007f3bc31fa000] [id=15830]
=>0x00007f3bc40044c0 GCTaskThread "GC Thread#4" [stack: 0x00007f3bc2ff8000,0x00007f3bc30f8000] [id=15831]
  0x00007f3bc4004e70 GCTaskThread "GC Thread#5" [stack: 0x00007f3bc2ef6000,0x00007f3bc2ff6000] [id=15832]
  0x00007f3bc4006290 GCTaskThread "GC Thread#6" [stack: 0x00007f3bc2700000,0x00007f3bc2800000] [id=15839]
  0x00007f3bc4006bd0 GCTaskThread "GC Thread#7" [stack: 0x00007f3bc25fe000,0x00007f3bc26fe000] [id=15840]

Threads with active compile tasks:
C1 CompilerThread0     1686 2089       3       java.util.stream.StreamSupport::stream (19 bytes)

VM state: at safepoint (normal execution)

VM Mutex/Monitor currently owned by a thread:  ([mutex/lock_event])
[0x00007f3be8025020] Threads_lock - owner thread: 0x00007f3be8069390
[0x00007f3be80257d0] Heap_lock - owner thread: 0x00007f3be8217320
[0x00007f3be8026020] MethodData_lock - owner thread: 0x00007f3be8217320

Heap address: 0x00000000c0000000, size: 1024 MB, Compressed Oops mode: 32-bit

CDS archive(s) not mapped
Compressed class space mapped at: 0x0000000100000000-0x0000000140000000, reserved size: 1073741824
Narrow klass base: 0x0000000000000000, Narrow klass shift: 3, Narrow klass range: 0x140000000

GC Precious Log:
 CPUs: 8 total, 8 available
 Memory: 15413M
 Large Page Support: Disabled
 NUMA Support: Disabled
 Compressed Oops: Enabled (32-bit)
 Alignments: Space 512K, Generation 512K, Heap 2M
 Heap Min Capacity: 100M
 Heap Initial Capacity: 100M
 Heap Max Capacity: 1G
 Pre-touch: Disabled
 Parallel Workers: 8

Heap:
 PSYoungGen      total 29696K, used 4081K [0x00000000eab00000, 0x00000000ecc00000, 0x0000000100000000)
  eden space 25600K, 0% used [0x00000000eab00000,0x00000000eab00000,0x00000000ec400000)
  from space 4096K, 99% used [0x00000000ec800000,0x00000000ecbfc5d8,0x00000000ecc00000)
  to   space 4096K, 0% used [0x00000000ec400000,0x00000000ec400000,0x00000000ec800000)
 ParOldGen       total 68608K, used 2968K [0x00000000c0000000, 0x00000000c4300000, 0x00000000eab00000)
  object space 68608K, 4% used [0x00000000c0000000,0x00000000c02e63c0,0x00000000c4300000)
 Metaspace       used 21123K, committed 21504K, reserved 1114112K
  class space    used 2176K, committed 2368K, reserved 1048576K

Card table byte_map: [0x00007f3bee642000,0x00007f3bee843000] _byte_map_base: 0x00007f3bee042000

Marking Bits: (ParMarkBitMap*) 0x00007f3beff21ba0
 Begin Bits: [0x00007f3bec3ea000, 0x00007f3bed3ea000)
 End Bits:   [0x00007f3bed3ea000, 0x00007f3bee3ea000)

Polling page: 0x00007f3bf0350000

Metaspace:

Usage:
  Non-class:     18.50 MB used.
      Class:      2.13 MB used.
       Both:     20.63 MB used.

Virtual space:
  Non-class space:       64.00 MB reserved,      18.69 MB ( 29%) committed,  1 nodes.
      Class space:        1.00 GB reserved,       2.31 MB ( <1%) committed,  1 nodes.
             Both:        1.06 GB reserved,      21.00 MB (  2%) committed. 

Chunk freelists:
   Non-Class:  13.12 MB
       Class:  13.59 MB
        Both:  26.72 MB

MaxMetaspaceSize: unlimited
CompressedClassSpaceSize: 1.00 GB
Initial GC threshold: 21.00 MB
Current GC threshold: 21.00 MB
CDS: off
MetaspaceReclaimPolicy: balanced
 - commit_granule_bytes: 65536.
 - commit_granule_words: 8192.
 - virtual_space_node_default_size: 8388608.
 - enlarge_chunks_in_place: 1.
 - new_chunks_are_fully_committed: 0.
 - uncommit_free_chunks: 1.
 - use_allocation_guard: 0.
 - handle_deallocations: 1.


Internal statistics:

num_allocs_failed_limit: 3.
num_arena_births: 246.
num_arena_deaths: 0.
num_vsnodes_births: 2.
num_vsnodes_deaths: 0.
num_space_committed: 336.
num_space_uncommitted: 0.
num_chunks_returned_to_freelist: 3.
num_chunks_taken_from_freelist: 719.
num_chunk_merges: 0.
num_chunk_splits: 481.
num_chunks_enlarged: 347.
num_inconsistent_stats: 0.

CodeHeap 'non-profiled nmethods': size=120028Kb used=841Kb max_used=841Kb free=119186Kb
 bounds [0x00007f3bddcc9000, 0x00007f3bddf39000, 0x00007f3be5200000]
CodeHeap 'profiled nmethods': size=120028Kb used=3919Kb max_used=3919Kb free=116108Kb
 bounds [0x00007f3bd6200000, 0x00007f3bd65e0000, 0x00007f3bdd737000]
CodeHeap 'non-nmethods': size=5704Kb used=1180Kb max_used=1198Kb free=4523Kb
 bounds [0x00007f3bdd737000, 0x00007f3bdd9a7000, 0x00007f3bddcc9000]
 total_blobs=2572 nmethods=2087 adapters=400
 compilation: enabled
              stopped_count=0, restarted_count=0
 full_count=0

Compilation events (20 events):
Event: 1.655 Thread 0x00007f3be8217320 nmethod 2079 0x00007f3bd65c6390 code [0x00007f3bd65c6560, 0x00007f3bd65c67b0]
Event: 1.655 Thread 0x00007f3be8217320 2080       3       jdk.xml.internal.SecuritySupport$$Lambda$82/0x0000000100166ed8::run (8 bytes)
Event: 1.655 Thread 0x00007f3be8217320 nmethod 2080 0x00007f3bd65c6890 code [0x00007f3bd65c6a80, 0x00007f3bd65c6f20]
Event: 1.655 Thread 0x00007f3be8217320 2081       3       jdk.xml.internal.SecuritySupport::lambda$getSystemProperty$0 (5 bytes)
Event: 1.655 Thread 0x00007f3be8217320 nmethod 2081 0x00007f3bd65c7110 code [0x00007f3bd65c7300, 0x00007f3bd65c7720]
Event: 1.655 Thread 0x00007f3be8217320 2082       3       com.sun.org.apache.xerces.internal.utils.XMLSecurityManager$NameMap::values (10 bytes)
Event: 1.656 Thread 0x00007f3be8217320 nmethod 2082 0x00007f3bd65c7910 code [0x00007f3bd65c7ac0, 0x00007f3bd65c7d40]
Event: 1.656 Thread 0x00007f3be8217320 2083   !   3       jdk.xml.internal.SecuritySupport::readJAXPProperty (147 bytes)
Event: 1.659 Thread 0x00007f3be8217320 nmethod 2083 0x00007f3bd65c7e10 code [0x00007f3bd65c86c0, 0x00007f3bd65cec00]
Event: 1.659 Thread 0x00007f3be8217320 2084       1       com.sun.org.apache.xerces.internal.impl.XMLDocumentFragmentScannerImpl::setScannerState (6 bytes)
Event: 1.659 Thread 0x00007f3be8217320 nmethod 2084 0x00007f3bddd9b290 code [0x00007f3bddd9b420, 0x00007f3bddd9b4f0]
Event: 1.661 Thread 0x00007f3be8217320 2085       3       org.eclipse.osgi.storage.bundlefile.CloseableBundleFile::getEntryPaths (104 bytes)
Event: 1.662 Thread 0x00007f3be8217320 nmethod 2085 0x00007f3bd65d0a10 code [0x00007f3bd65d0da0, 0x00007f3bd65d2300]
Event: 1.662 Thread 0x00007f3be8217320 2086       3       org.eclipse.osgi.internal.framework.FilterImpl$Item::matches0 (15 bytes)
Event: 1.662 Thread 0x00007f3be8217320 nmethod 2086 0x00007f3bd65d2b10 code [0x00007f3bd65d2cc0, 0x00007f3bd65d2ed0]
Event: 1.663 Thread 0x00007f3be8217320 2087       3       java.util.ArrayDeque::toArray (7 bytes)
Event: 1.663 Thread 0x00007f3be8217320 nmethod 2087 0x00007f3bd65d3010 code [0x00007f3bd65d31c0, 0x00007f3bd65d3300]
Event: 1.663 Thread 0x00007f3be8217320 2088       3       java.util.ArrayDeque::toArray (99 bytes)
Event: 1.664 Thread 0x00007f3be8217320 nmethod 2088 0x00007f3bd65d3390 code [0x00007f3bd65d3580, 0x00007f3bd65d3b10]
Event: 1.671 Thread 0x00007f3be8217320 2089       3       java.util.stream.StreamSupport::stream (19 bytes)

GC Heap History (9 events):
Event: 0.695 GC heap before
{Heap before GC invocations=1 (full 0):
 PSYoungGen      total 29696K, used 25600K [0x00000000eab00000, 0x00000000ecc00000, 0x0000000100000000)
  eden space 25600K, 100% used [0x00000000eab00000,0x00000000ec400000,0x00000000ec400000)
  from space 4096K, 0% used [0x00000000ec800000,0x00000000ec800000,0x00000000ecc00000)
  to   space 4096K, 0% used [0x00000000ec400000,0x00000000ec400000,0x00000000ec800000)
 ParOldGen       total 68608K, used 0K [0x00000000c0000000, 0x00000000c4300000, 0x00000000eab00000)
  object space 68608K, 0% used [0x00000000c0000000,0x00000000c0000000,0x00000000c4300000)
 Metaspace       used 11170K, committed 11328K, reserved 1114112K
  class space    used 1121K, committed 1152K, reserved 1048576K
}
Event: 0.700 GC heap after
{Heap after GC invocations=1 (full 0):
 PSYoungGen      total 29696K, used 3123K [0x00000000eab00000, 0x00000000ecc00000, 0x0000000100000000)
  eden space 25600K, 0% used [0x00000000eab00000,0x00000000eab00000,0x00000000ec400000)
  from space 4096K, 76% used [0x00000000ec400000,0x00000000ec70cc18,0x00000000ec800000)
  to   space 4096K, 0% used [0x00000000ec800000,0x00000000ec800000,0x00000000ecc00000)
 ParOldGen       total 68608K, used 16K [0x00000000c0000000, 0x00000000c4300000, 0x00000000eab00000)
  object space 68608K, 0% used [0x00000000c0000000,0x00000000c0004000,0x00000000c4300000)
 Metaspace       used 11170K, committed 11328K, reserved 1114112K
  class space    used 1121K, committed 1152K, reserved 1048576K
}
Event: 1.174 GC heap before
{Heap before GC invocations=2 (full 0):
 PSYoungGen      total 29696K, used 28723K [0x00000000eab00000, 0x00000000ecc00000, 0x0000000100000000)
  eden space 25600K, 100% used [0x00000000eab00000,0x00000000ec400000,0x00000000ec400000)
  from space 4096K, 76% used [0x00000000ec400000,0x00000000ec70cc18,0x00000000ec800000)
  to   space 4096K, 0% used [0x00000000ec800000,0x00000000ec800000,0x00000000ecc00000)
 ParOldGen       total 68608K, used 16K [0x00000000c0000000, 0x00000000c4300000, 0x00000000eab00000)
  object space 68608K, 0% used [0x00000000c0000000,0x00000000c0004000,0x00000000c4300000)
 Metaspace       used 15442K, committed 15744K, reserved 1114112K
  class space    used 1581K, committed 1728K, reserved 1048576K
}
Event: 1.178 GC heap after
{Heap after GC invocations=2 (full 0):
 PSYoungGen      total 29696K, used 4088K [0x00000000eab00000, 0x00000000ecc00000, 0x0000000100000000)
  eden space 25600K, 0% used [0x00000000eab00000,0x00000000eab00000,0x00000000ec400000)
  from space 4096K, 99% used [0x00000000ec800000,0x00000000ecbfe118,0x00000000ecc00000)
  to   space 4096K, 0% used [0x00000000ec400000,0x00000000ec400000,0x00000000ec800000)
 ParOldGen       total 68608K, used 726K [0x00000000c0000000, 0x00000000c4300000, 0x00000000eab00000)
  object space 68608K, 1% used [0x00000000c0000000,0x00000000c00b5b50,0x00000000c4300000)
 Metaspace       used 15442K, committed 15744K, reserved 1114112K
  class space    used 1581K, committed 1728K, reserved 1048576K
}
Event: 1.613 GC heap before
{Heap before GC invocations=3 (full 0):
 PSYoungGen      total 29696K, used 29688K [0x00000000eab00000, 0x00000000ecc00000, 0x0000000100000000)
  eden space 25600K, 100% used [0x00000000eab00000,0x00000000ec400000,0x00000000ec400000)
  from space 4096K, 99% used [0x00000000ec800000,0x00000000ecbfe118,0x00000000ecc00000)
  to   space 4096K, 0% used [0x00000000ec400000,0x00000000ec400000,0x00000000ec800000)
 ParOldGen       total 68608K, used 726K [0x00000000c0000000, 0x00000000c4300000, 0x00000000eab00000)
  object space 68608K, 1% used [0x00000000c0000000,0x00000000c00b5b50,0x00000000c4300000)
 Metaspace       used 20482K, committed 20928K, reserved 1114112K
  class space    used 2101K, committed 2304K, reserved 1048576K
}
Event: 1.618 GC heap after
{Heap after GC invocations=3 (full 0):
 PSYoungGen      total 29696K, used 4080K [0x00000000eab00000, 0x00000000ecc00000, 0x0000000100000000)
  eden space 25600K, 0% used [0x00000000eab00000,0x00000000eab00000,0x00000000ec400000)
  from space 4096K, 99% used [0x00000000ec400000,0x00000000ec7fc0c0,0x00000000ec800000)
  to   space 4096K, 0% used [0x00000000ec800000,0x00000000ec800000,0x00000000ecc00000)
 ParOldGen       total 68608K, used 2816K [0x00000000c0000000, 0x00000000c4300000, 0x00000000eab00000)
  object space 68608K, 4% used [0x00000000c0000000,0x00000000c02c03c0,0x00000000c4300000)
 Metaspace       used 20482K, committed 20928K, reserved 1114112K
  class space    used 2101K, committed 2304K, reserved 1048576K
}
Event: 1.671 GC heap before
{Heap before GC invocations=4 (full 0):
 PSYoungGen      total 29696K, used 7957K [0x00000000eab00000, 0x00000000ecc00000, 0x0000000100000000)
  eden space 25600K, 15% used [0x00000000eab00000,0x00000000eaec9420,0x00000000ec400000)
  from space 4096K, 99% used [0x00000000ec400000,0x00000000ec7fc0c0,0x00000000ec800000)
  to   space 4096K, 0% used [0x00000000ec800000,0x00000000ec800000,0x00000000ecc00000)
 ParOldGen       total 68608K, used 2816K [0x00000000c0000000, 0x00000000c4300000, 0x00000000eab00000)
  object space 68608K, 4% used [0x00000000c0000000,0x00000000c02c03c0,0x00000000c4300000)
 Metaspace       used 21123K, committed 21504K, reserved 1114112K
  class space    used 2176K, committed 2368K, reserved 1048576K
}
Event: 1.674 GC heap after
{Heap after GC invocations=4 (full 0):
 PSYoungGen      total 29696K, used 4081K [0x00000000eab00000, 0x00000000ecc00000, 0x0000000100000000)
  eden space 25600K, 0% used [0x00000000eab00000,0x00000000eab00000,0x00000000ec400000)
  from space 4096K, 99% used [0x00000000ec800000,0x00000000ecbfc5d8,0x00000000ecc00000)
  to   space 4096K, 0% used [0x00000000ec400000,0x00000000ec400000,0x00000000ec800000)
 ParOldGen       total 68608K, used 2968K [0x00000000c0000000, 0x00000000c4300000, 0x00000000eab00000)
  object space 68608K, 4% used [0x00000000c0000000,0x00000000c02e63c0,0x00000000c4300000)
 Metaspace       used 21123K, committed 21504K, reserved 1114112K
  class space    used 2176K, committed 2368K, reserved 1048576K
}
Event: 1.674 GC heap before
{Heap before GC invocations=5 (full 1):
 PSYoungGen      total 29696K, used 4081K [0x00000000eab00000, 0x00000000ecc00000, 0x0000000100000000)
  eden space 25600K, 0% used [0x00000000eab00000,0x00000000eab00000,0x00000000ec400000)
  from space 4096K, 99% used [0x00000000ec800000,0x00000000ecbfc5d8,0x00000000ecc00000)
  to   space 4096K, 0% used [0x00000000ec400000,0x00000000ec400000,0x00000000ec800000)
 ParOldGen       total 68608K, used 2968K [0x00000000c0000000, 0x00000000c4300000, 0x00000000eab00000)
  object space 68608K, 4% used [0x00000000c0000000,0x00000000c02e63c0,0x00000000c4300000)
 Metaspace       used 21123K, committed 21504K, reserved 1114112K
  class space    used 2176K, committed 2368K, reserved 1048576K
}

Dll operation events (9 events):
Event: 0.003 Loaded shared library /home/emmanuel/.vscode/extensions/redhat.java-1.23.0-linux-x64/jre/17.0.8.1-linux-x86_64/lib/libjava.so
Event: 0.137 Loaded shared library /home/emmanuel/.vscode/extensions/redhat.java-1.23.0-linux-x64/jre/17.0.8.1-linux-x86_64/lib/libzip.so
Event: 0.139 Loaded shared library /home/emmanuel/.vscode/extensions/redhat.java-1.23.0-linux-x64/jre/17.0.8.1-linux-x86_64/lib/libinstrument.so
Event: 0.145 Loaded shared library /home/emmanuel/.vscode/extensions/redhat.java-1.23.0-linux-x64/jre/17.0.8.1-linux-x86_64/lib/libnio.so
Event: 0.153 Loaded shared library /home/emmanuel/.vscode/extensions/redhat.java-1.23.0-linux-x64/jre/17.0.8.1-linux-x86_64/lib/libzip.so
Event: 0.168 Loaded shared library /home/emmanuel/.vscode/extensions/redhat.java-1.23.0-linux-x64/jre/17.0.8.1-linux-x86_64/lib/libjimage.so
Event: 0.214 Loaded shared library /home/emmanuel/.vscode/extensions/redhat.java-1.23.0-linux-x64/jre/17.0.8.1-linux-x86_64/lib/libverify.so
Event: 0.730 Loaded shared library /home/emmanuel/.vscode/extensions/redhat.java-1.23.0-linux-x64/jre/17.0.8.1-linux-x86_64/lib/libnet.so
Event: 1.059 Loaded shared library /home/emmanuel/.config/Code/User/globalStorage/redhat.java/1.23.0/config_ss_linux/org.eclipse.equinox.launcher/org.eclipse.equinox.launcher.gtk.linux.x86_64_1.2.700.v20221108-1024/eclipse_11801.so

Deoptimization events (20 events):
Event: 1.494 Thread 0x00007f3be8604050 Uncommon trap: trap_request=0xffffff45 fr.pc=0x00007f3bddd0f8e8 relative=0x0000000000000ca8
Event: 1.494 Thread 0x00007f3be8604050 Uncommon trap: reason=unstable_if action=reinterpret pc=0x00007f3bddd0f8e8 method=lombok.patcher.PatchScript.classMatches(Ljava/lang/String;Ljava/util/Collection;)Z @ 25 c2
Event: 1.494 Thread 0x00007f3be8604050 DEOPT PACKING pc=0x00007f3bddd0f8e8 sp=0x00007f3bc2ce5f30
Event: 1.494 Thread 0x00007f3be8604050 DEOPT UNPACKING pc=0x00007f3bdd78d399 sp=0x00007f3bc2ce5f10 mode 2
Event: 1.618 Thread 0x00007f3be8604050 Uncommon trap: trap_request=0xffffffc6 fr.pc=0x00007f3bddd7c998 relative=0x0000000000001c58
Event: 1.618 Thread 0x00007f3be8604050 Uncommon trap: reason=bimorphic_or_optimized_type_check action=maybe_recompile pc=0x00007f3bddd7c998 method=java.io.DataInputStream.readUnsignedShort()I @ 4 c2
Event: 1.619 Thread 0x00007f3be8604050 DEOPT PACKING pc=0x00007f3bddd7c998 sp=0x00007f3bc2ce8570
Event: 1.619 Thread 0x00007f3be8604050 DEOPT UNPACKING pc=0x00007f3bdd78d399 sp=0x00007f3bc2ce84f8 mode 2
Event: 1.626 Thread 0x00007f3be8604050 Uncommon trap: trap_request=0xffffffc6 fr.pc=0x00007f3bddd7c998 relative=0x0000000000001c58
Event: 1.626 Thread 0x00007f3be8604050 Uncommon trap: reason=bimorphic_or_optimized_type_check action=maybe_recompile pc=0x00007f3bddd7c998 method=java.io.DataInputStream.readUnsignedShort()I @ 4 c2
Event: 1.626 Thread 0x00007f3be8604050 DEOPT PACKING pc=0x00007f3bddd7c998 sp=0x00007f3bc2ce8230
Event: 1.626 Thread 0x00007f3be8604050 DEOPT UNPACKING pc=0x00007f3bdd78d399 sp=0x00007f3bc2ce81b8 mode 2
Event: 1.626 Thread 0x00007f3be8604050 Uncommon trap: trap_request=0xffffffc6 fr.pc=0x00007f3bddd7c998 relative=0x0000000000001c58
Event: 1.626 Thread 0x00007f3be8604050 Uncommon trap: reason=bimorphic_or_optimized_type_check action=maybe_recompile pc=0x00007f3bddd7c998 method=java.io.DataInputStream.readUnsignedShort()I @ 4 c2
Event: 1.626 Thread 0x00007f3be8604050 DEOPT PACKING pc=0x00007f3bddd7c998 sp=0x00007f3bc2ce8170
Event: 1.626 Thread 0x00007f3be8604050 DEOPT UNPACKING pc=0x00007f3bdd78d399 sp=0x00007f3bc2ce80f8 mode 2
Event: 1.626 Thread 0x00007f3be8604050 Uncommon trap: trap_request=0xffffffc6 fr.pc=0x00007f3bddd7c998 relative=0x0000000000001c58
Event: 1.626 Thread 0x00007f3be8604050 Uncommon trap: reason=bimorphic_or_optimized_type_check action=maybe_recompile pc=0x00007f3bddd7c998 method=java.io.DataInputStream.readUnsignedShort()I @ 4 c2
Event: 1.626 Thread 0x00007f3be8604050 DEOPT PACKING pc=0x00007f3bddd7c998 sp=0x00007f3bc2ce80c0
Event: 1.626 Thread 0x00007f3be8604050 DEOPT UNPACKING pc=0x00007f3bdd78d399 sp=0x00007f3bc2ce8048 mode 2

Classes unloaded (0 events):
No events

Classes redefined (0 events):
No events

Internal exceptions (20 events):
Event: 0.721 Thread 0x00007f3be8028230 Exception <a 'java/lang/NoSuchMethodError'{0x00000000eac10d80}: 'int java.lang.invoke.DirectMethodHandle$Holder.invokeStaticInit(java.lang.Object, java.lang.Object)'> (0x00000000eac10d80) 
thrown [src/hotspot/share/interpreter/linkResolver.cpp, line 758]
Event: 0.742 Thread 0x00007f3be8028230 Exception <a 'java/lang/NoSuchMethodError'{0x00000000ead2e2e0}: 'void java.lang.invoke.DirectMethodHandle$Holder.invokeSpecial(java.lang.Object, java.lang.Object, java.lang.Object)'> (0x00000000ead2e2e0) 
thrown [src/hotspot/share/interpreter/linkResolver.cpp, line 758]
Event: 0.948 Thread 0x00007f3be8028230 Exception <a 'java/lang/NoSuchMethodError'{0x00000000eb8d8d38}: 'java.lang.Object java.lang.invoke.DirectMethodHandle$Holder.newInvokeSpecial(java.lang.Object, int, java.lang.Object)'> (0x00000000eb8d8d38) 
thrown [src/hotspot/share/interpreter/linkResolver.cpp, line 758]
Event: 1.059 Thread 0x00007f3be8028230 Exception <a 'java/lang/UnsatisfiedLinkError'{0x00000000ebdbd770}: 'void org.eclipse.equinox.launcher.JNIBridge._update_splash()'> (0x00000000ebdbd770) 
thrown [src/hotspot/share/prims/nativeLookup.cpp, line 543]
Event: 1.306 Thread 0x00007f3be8604050 Exception <a 'java/io/FileNotFoundException'{0x00000000eb385000}> (0x00000000eb385000) 
thrown [src/hotspot/share/prims/jni.cpp, line 516]
Event: 1.322 Thread 0x00007f3be8604050 Exception <a 'java/lang/NullPointerException'{0x00000000eb402b00}> (0x00000000eb402b00) 
thrown [src/hotspot/share/interpreter/linkResolver.cpp, line 1350]
Event: 1.322 Thread 0x00007f3be8604050 Exception <a 'java/lang/NullPointerException'{0x00000000eb403328}> (0x00000000eb403328) 
thrown [src/hotspot/share/interpreter/linkResolver.cpp, line 1350]
Event: 1.350 Thread 0x00007f3be8604050 Exception <a 'java/lang/NoSuchMethodError'{0x00000000eb534a28}: 'java.lang.Object java.lang.invoke.Invokers$Holder.invokeExact_MT(java.lang.Object, java.lang.Object, java.lang.Object, java.lang.Object, java.lang.Object, java.lang.Object)'> (0x00000000eb534a28) 
thrown [src/hotspot/share/interpreter/linkResolver.cpp, line 758]
Event: 1.442 Thread 0x00007f3be8604050 Exception <a 'java/lang/NoSuchMethodError'{0x00000000ebb3f9c8}: 'void java.lang.invoke.DirectMethodHandle$Holder.invokeInterface(java.lang.Object, java.lang.Object, java.lang.Object)'> (0x00000000ebb3f9c8) 
thrown [src/hotspot/share/interpreter/linkResolver.cpp, line 758]
Event: 1.511 Thread 0x00007f3be8604050 Exception <a 'java/lang/NoSuchMethodError'{0x00000000ebf173d0}: 'java.lang.Object java.lang.invoke.DirectMethodHandle$Holder.invokeStatic(java.lang.Object, java.lang.Object, int)'> (0x00000000ebf173d0) 
thrown [src/hotspot/share/interpreter/linkResolver.cpp, line 758]
Event: 1.511 Thread 0x00007f3be8604050 Exception <a 'java/lang/NoSuchMethodError'{0x00000000ebf1bba0}: 'void java.lang.invoke.DirectMethodHandle$Holder.invokeStatic(java.lang.Object, java.lang.Object, int, java.lang.Object)'> (0x00000000ebf1bba0) 
thrown [src/hotspot/share/interpreter/linkResolver.cpp, line 758]
Event: 1.513 Thread 0x00007f3be8604050 Exception <a 'java/lang/NoSuchMethodError'{0x00000000ebf23578}: 'void java.lang.invoke.DelegatingMethodHandle$Holder.delegate(java.lang.Object, java.lang.Object, int, java.lang.Object)'> (0x00000000ebf23578) 
thrown [src/hotspot/share/interpreter/linkResolver.cpp, line 758]
Event: 1.514 Thread 0x00007f3be8604050 Exception <a 'java/lang/NoSuchMethodError'{0x00000000ebf27c08}: 'int java.lang.invoke.DirectMethodHandle$Holder.invokeSpecial(java.lang.Object, java.lang.Object, java.lang.Object)'> (0x00000000ebf27c08) 
thrown [src/hotspot/share/interpreter/linkResolver.cpp, line 758]
Event: 1.516 Thread 0x00007f3be8604050 Exception <a 'java/lang/NoSuchMethodError'{0x00000000ebf39408}: 'int java.lang.invoke.DirectMethodHandle$Holder.invokeStatic(java.lang.Object, java.lang.Object, int)'> (0x00000000ebf39408) 
thrown [src/hotspot/share/interpreter/linkResolver.cpp, line 758]
Event: 1.517 Thread 0x00007f3be8604050 Exception <a 'java/lang/NoSuchMethodError'{0x00000000ebf3d6d8}: 'int java.lang.invoke.DirectMethodHandle$Holder.invokeSpecial(java.lang.Object, java.lang.Object, java.lang.Object, int)'> (0x00000000ebf3d6d8) 
thrown [src/hotspot/share/interpreter/linkResolver.cpp, line 758]
Event: 1.521 Thread 0x00007f3be8604050 Exception <a 'java/lang/NoSuchMethodError'{0x00000000ebf59238}: 'java.lang.Object java.lang.invoke.DirectMethodHandle$Holder.invokeStatic(java.lang.Object, java.lang.Object, java.lang.Object, java.lang.Object, int)'> (0x00000000ebf59238) 
thrown [src/hotspot/share/interpreter/linkResolver.cpp, line 758]
Event: 1.522 Thread 0x00007f3be8604050 Exception <a 'java/lang/NoSuchMethodError'{0x00000000ebf64d70}: 'java.lang.Object java.lang.invoke.DelegatingMethodHandle$Holder.reinvoke_L(java.lang.Object, java.lang.Object, java.lang.Object, java.lang.Object, int, int)'> (0x00000000ebf64d70) 
thrown [src/hotspot/share/interpreter/linkResolver.cpp, line 758]
Event: 1.524 Thread 0x00007f3be8604050 Exception <a 'java/lang/NoSuchMethodError'{0x00000000ebf79828}: 'java.lang.Object java.lang.invoke.Invokers$Holder.invokeExact_MT(java.lang.Object, java.lang.Object, java.lang.Object, java.lang.Object)'> (0x00000000ebf79828) 
thrown [src/hotspot/share/interpreter/linkResolver.cpp, line 758]
Event: 1.568 Thread 0x00007f3be8604050 Exception <a 'java/io/FileNotFoundException'{0x00000000ec1e8118}> (0x00000000ec1e8118) 
thrown [src/hotspot/share/prims/jni.cpp, line 516]
Event: 1.627 Thread 0x00007f3be8604050 Exception <a 'java/lang/NoSuchMethodError'{0x00000000eab6a790}: 'java.lang.Object java.lang.invoke.DirectMethodHandle$Holder.newInvokeSpecial(java.lang.Object, java.lang.Object, java.lang.Object, java.lang.Object, java.lang.Object)'> (0x00000000eab6a790) 
thrown [src/hotspot/share/interpreter/linkResolver.cpp, line 758]

VM Operations (20 events):
Event: 0.916 Executing VM operation: HandshakeAllThreads done
Event: 0.917 Executing VM operation: HandshakeAllThreads
Event: 0.917 Executing VM operation: HandshakeAllThreads done
Event: 0.923 Executing VM operation: HandshakeAllThreads
Event: 0.923 Executing VM operation: HandshakeAllThreads done
Event: 0.942 Executing VM operation: HandshakeAllThreads
Event: 0.942 Executing VM operation: HandshakeAllThreads done
Event: 1.014 Executing VM operation: ICBufferFull
Event: 1.014 Executing VM operation: ICBufferFull done
Event: 1.128 Executing VM operation: HandshakeAllThreads
Event: 1.128 Executing VM operation: HandshakeAllThreads done
Event: 1.174 Executing VM operation: ParallelGCFailedAllocation
Event: 1.178 Executing VM operation: ParallelGCFailedAllocation done
Event: 1.416 Executing VM operation: HandshakeAllThreads
Event: 1.416 Executing VM operation: HandshakeAllThreads done
Event: 1.510 Executing VM operation: HandshakeAllThreads
Event: 1.510 Executing VM operation: HandshakeAllThreads done
Event: 1.613 Executing VM operation: ParallelGCFailedAllocation
Event: 1.618 Executing VM operation: ParallelGCFailedAllocation done
Event: 1.671 Executing VM operation: CollectForMetadataAllocation

Events (20 events):
Event: 1.648 loading class com/sun/org/apache/xerces/internal/jaxp/DocumentBuilderFactoryImpl
Event: 1.648 loading class com/sun/org/apache/xerces/internal/jaxp/DocumentBuilderFactoryImpl done
Event: 1.649 loading class com/sun/org/apache/xerces/internal/jaxp/DocumentBuilderImpl
Event: 1.649 loading class javax/xml/parsers/DocumentBuilder
Event: 1.649 loading class javax/xml/parsers/DocumentBuilder done
Event: 1.649 loading class com/sun/org/apache/xerces/internal/jaxp/DocumentBuilderImpl done
Event: 1.649 loading class com/sun/org/apache/xerces/internal/parsers/DOMParser
Event: 1.649 loading class com/sun/org/apache/xerces/internal/parsers/AbstractDOMParser
Event: 1.650 loading class com/sun/org/apache/xerces/internal/parsers/AbstractDOMParser done
Event: 1.650 loading class com/sun/org/apache/xerces/internal/parsers/DOMParser done
Event: 1.662 loading class sun/nio/fs/LinuxFileSystem$SupportedFileFileAttributeViewsHolder
Event: 1.662 loading class sun/nio/fs/LinuxFileSystem$SupportedFileFileAttributeViewsHolder done
Event: 1.662 loading class java/nio/file/attribute/PosixFileAttributeView
Event: 1.662 loading class java/nio/file/attribute/FileOwnerAttributeView
Event: 1.662 loading class java/nio/file/attribute/FileOwnerAttributeView done
Event: 1.663 loading class java/nio/file/attribute/PosixFileAttributeView done
Event: 1.663 loading class sun/nio/fs/UnixFileAttributeViews$Posix
Event: 1.663 loading class sun/nio/fs/UnixFileAttributeViews$Posix done
Event: 1.663 loading class java/nio/file/attribute/PosixFilePermission
Event: 1.663 loading class java/nio/file/attribute/PosixFilePermission done


Dynamic libraries:
c0000000-c4300000 rw-p 00000000 00:00 0 
c4300000-eab00000 ---p 00000000 00:00 0 
eab00000-ecc00000 rw-p 00000000 00:00 0 
ecc00000-100000000 ---p 00000000 00:00 0 
100000000-100010000 rw-p 00000000 00:00 0 
100010000-100030000 rw-p 00000000 00:00 0 
100030000-1000b0000 rw-p 00000000 00:00 0 
1000b0000-1000d0000 rw-p 00000000 00:00 0 
1000d0000-100130000 rw-p 00000000 00:00 0 
100130000-100170000 rw-p 00000000 00:00 0 
100170000-1001b0000 rw-p 00000000 00:00 0 
1001b0000-1001e0000 rw-p 00000000 00:00 0 
1001e0000-100200000 ---p 00000000 00:00 0 
100200000-100270000 rw-p 00000000 00:00 0 
100270000-140000000 ---p 00000000 00:00 0 
561ce410c000-561ce410d000 r--p 00000000 103:05 5384145                   /home/emmanuel/.vscode/extensions/redhat.java-1.23.0-linux-x64/jre/17.0.8.1-linux-x86_64/bin/java
561ce410d000-561ce410e000 r-xp 00001000 103:05 5384145                   /home/emmanuel/.vscode/extensions/redhat.java-1.23.0-linux-x64/jre/17.0.8.1-linux-x86_64/bin/java
561ce410e000-561ce410f000 r--p 00002000 103:05 5384145                   /home/emmanuel/.vscode/extensions/redhat.java-1.23.0-linux-x64/jre/17.0.8.1-linux-x86_64/bin/java
561ce410f000-561ce4110000 r--p 00002000 103:05 5384145                   /home/emmanuel/.vscode/extensions/redhat.java-1.23.0-linux-x64/jre/17.0.8.1-linux-x86_64/bin/java
561ce4110000-561ce4111000 rw-p 00003000 103:05 5384145                   /home/emmanuel/.vscode/extensions/redhat.java-1.23.0-linux-x64/jre/17.0.8.1-linux-x86_64/bin/java
561ce609f000-561ce60e7000 rw-p 00000000 00:00 0                          [heap]
7f3b58000000-7f3b58021000 rw-p 00000000 00:00 0 
7f3b58021000-7f3b5c000000 ---p 00000000 00:00 0 
7f3b5c000000-7f3b5c021000 rw-p 00000000 00:00 0 
7f3b5c021000-7f3b60000000 ---p 00000000 00:00 0 
7f3b60000000-7f3b60021000 rw-p 00000000 00:00 0 
7f3b60021000-7f3b64000000 ---p 00000000 00:00 0 
7f3b64000000-7f3b64021000 rw-p 00000000 00:00 0 
7f3b64021000-7f3b68000000 ---p 00000000 00:00 0 
7f3b68000000-7f3b682ef000 rw-p 00000000 00:00 0 
7f3b682ef000-7f3b6c000000 ---p 00000000 00:00 0 
7f3b6c000000-7f3b6c021000 rw-p 00000000 00:00 0 
7f3b6c021000-7f3b70000000 ---p 00000000 00:00 0 
7f3b70000000-7f3b70021000 rw-p 00000000 00:00 0 
7f3b70021000-7f3b74000000 ---p 00000000 00:00 0 
7f3b74000000-7f3b74021000 rw-p 00000000 00:00 0 
7f3b74021000-7f3b78000000 ---p 00000000 00:00 0 
7f3b78000000-7f3b78021000 rw-p 00000000 00:00 0 
7f3b78021000-7f3b7c000000 ---p 00000000 00:00 0 
7f3b7c000000-7f3b7c021000 rw-p 00000000 00:00 0 
7f3b7c021000-7f3b80000000 ---p 00000000 00:00 0 
7f3b80000000-7f3b80021000 rw-p 00000000 00:00 0 
7f3b80021000-7f3b84000000 ---p 00000000 00:00 0 
7f3b84000000-7f3b84021000 rw-p 00000000 00:00 0 
7f3b84021000-7f3b88000000 ---p 00000000 00:00 0 
7f3b88000000-7f3b88021000 rw-p 00000000 00:00 0 
7f3b88021000-7f3b8c000000 ---p 00000000 00:00 0 
7f3b8c000000-7f3b8c021000 rw-p 00000000 00:00 0 
7f3b8c021000-7f3b90000000 ---p 00000000 00:00 0 
7f3b90000000-7f3b90021000 rw-p 00000000 00:00 0 
7f3b90021000-7f3b94000000 ---p 00000000 00:00 0 
7f3b94000000-7f3b94348000 rw-p 00000000 00:00 0 
7f3b94348000-7f3b98000000 ---p 00000000 00:00 0 
7f3b98000000-7f3b98468000 rw-p 00000000 00:00 0 
7f3b98468000-7f3b9c000000 ---p 00000000 00:00 0 
7f3b9c000000-7f3b9c021000 rw-p 00000000 00:00 0 
7f3b9c021000-7f3ba0000000 ---p 00000000 00:00 0 
7f3ba0000000-7f3ba0021000 rw-p 00000000 00:00 0 
7f3ba0021000-7f3ba4000000 ---p 00000000 00:00 0 
7f3ba4000000-7f3ba4021000 rw-p 00000000 00:00 0 
7f3ba4021000-7f3ba8000000 ---p 00000000 00:00 0 
7f3ba8000000-7f3ba857a000 rw-p 00000000 00:00 0 
7f3ba857a000-7f3bac000000 ---p 00000000 00:00 0 
7f3bac000000-7f3bac27b000 rw-p 00000000 00:00 0 
7f3bac27b000-7f3bb0000000 ---p 00000000 00:00 0 
7f3bb0000000-7f3bb0021000 rw-p 00000000 00:00 0 
7f3bb0021000-7f3bb4000000 ---p 00000000 00:00 0 
7f3bb4000000-7f3bb4021000 rw-p 00000000 00:00 0 
7f3bb4021000-7f3bb8000000 ---p 00000000 00:00 0 
7f3bb8000000-7f3bb8021000 rw-p 00000000 00:00 0 
7f3bb8021000-7f3bbc000000 ---p 00000000 00:00 0 
7f3bbc000000-7f3bbc021000 rw-p 00000000 00:00 0 
7f3bbc021000-7f3bc0000000 ---p 00000000 00:00 0 
7f3bc200e000-7f3bc23fc000 rw-p 00000000 00:00 0 
7f3bc23fc000-7f3bc2400000 ---p 00000000 00:00 0 
7f3bc2400000-7f3bc24fc000 rw-p 00000000 00:00 0 
7f3bc24fc000-7f3bc2500000 ---p 00000000 00:00 0 
7f3bc2500000-7f3bc25fc000 rw-p 00000000 00:00 0 
7f3bc25fc000-7f3bc25fd000 ---p 00000000 00:00 0 
7f3bc25fd000-7f3bc26fe000 rw-p 00000000 00:00 0 
7f3bc26fe000-7f3bc26ff000 ---p 00000000 00:00 0 
7f3bc26ff000-7f3bc2800000 rw-p 00000000 00:00 0 
7f3bc2800000-7f3bc2810000 r-xp 00000000 103:05 5384771                   /home/emmanuel/.config/Code/User/globalStorage/redhat.java/1.23.0/config_ss_linux/org.eclipse.equinox.launcher/org.eclipse.equinox.launcher.gtk.linux.x86_64_1.2.700.v20221108-1024/eclipse_11801.so
7f3bc2810000-7f3bc2a0f000 ---p 00010000 103:05 5384771                   /home/emmanuel/.config/Code/User/globalStorage/redhat.java/1.23.0/config_ss_linux/org.eclipse.equinox.launcher/org.eclipse.equinox.launcher.gtk.linux.x86_64_1.2.700.v20221108-1024/eclipse_11801.so
7f3bc2a0f000-7f3bc2a10000 r--p 0000f000 103:05 5384771                   /home/emmanuel/.config/Code/User/globalStorage/redhat.java/1.23.0/config_ss_linux/org.eclipse.equinox.launcher/org.eclipse.equinox.launcher.gtk.linux.x86_64_1.2.700.v20221108-1024/eclipse_11801.so
7f3bc2a10000-7f3bc2a11000 rw-p 00010000 103:05 5384771                   /home/emmanuel/.config/Code/User/globalStorage/redhat.java/1.23.0/config_ss_linux/org.eclipse.equinox.launcher/org.eclipse.equinox.launcher.gtk.linux.x86_64_1.2.700.v20221108-1024/eclipse_11801.so
7f3bc2a11000-7f3bc2a12000 rw-p 00000000 00:00 0 
7f3bc2af4000-7f3bc2af8000 ---p 00000000 00:00 0 
7f3bc2af8000-7f3bc2bf4000 rw-p 00000000 00:00 0 
7f3bc2bf4000-7f3bc2bf8000 ---p 00000000 00:00 0 
7f3bc2bf8000-7f3bc2cf4000 rw-p 00000000 00:00 0 
7f3bc2cf4000-7f3bc2cf8000 ---p 00000000 00:00 0 
7f3bc2cf8000-7f3bc2df4000 rw-p 00000000 00:00 0 
7f3bc2df4000-7f3bc2df8000 ---p 00000000 00:00 0 
7f3bc2df8000-7f3bc2ef4000 rw-p 00000000 00:00 0 
7f3bc2ef4000-7f3bc2ef5000 ---p 00000000 00:00 0 
7f3bc2ef5000-7f3bc2ff6000 rw-p 00000000 00:00 0 
7f3bc2ff6000-7f3bc2ff7000 ---p 00000000 00:00 0 
7f3bc2ff7000-7f3bc30f8000 rw-p 00000000 00:00 0 
7f3bc30f8000-7f3bc30f9000 ---p 00000000 00:00 0 
7f3bc30f9000-7f3bc31fa000 rw-p 00000000 00:00 0 
7f3bc31fa000-7f3bc31fb000 ---p 00000000 00:00 0 
7f3bc31fb000-7f3bc32fc000 rw-p 00000000 00:00 0 
7f3bc32fc000-7f3bc32fd000 ---p 00000000 00:00 0 
7f3bc32fd000-7f3bc33fe000 rw-p 00000000 00:00 0 
7f3bc33fe000-7f3bc3402000 ---p 00000000 00:00 0 
7f3bc3402000-7f3bc34fe000 rw-p 00000000 00:00 0 
7f3bc34fe000-7f3bc34ff000 ---p 00000000 00:00 0 
7f3bc34ff000-7f3bc3600000 rw-p 00000000 00:00 0 
7f3bc3600000-7f3bc3604000 ---p 00000000 00:00 0 
7f3bc3604000-7f3bc3700000 rw-p 00000000 00:00 0 
7f3bc3700000-7f3bc3704000 ---p 00000000 00:00 0 
7f3bc3704000-7f3bc3800000 rw-p 00000000 00:00 0 
7f3bc3800000-7f3bc3804000 ---p 00000000 00:00 0 
7f3bc3804000-7f3bc3900000 rw-p 00000000 00:00 0 
7f3bc3900000-7f3bc3904000 ---p 00000000 00:00 0 
7f3bc3904000-7f3bc3a00000 rw-p 00000000 00:00 0 
7f3bc3a00000-7f3bc3f73000 r--p 00000000 103:05 4329506                   /usr/lib/locale/locale-archive
7f3bc4000000-7f3bc4021000 rw-p 00000000 00:00 0 
7f3bc4021000-7f3bc8000000 ---p 00000000 00:00 0 
7f3bc8000000-7f3bc8021000 rw-p 00000000 00:00 0 
7f3bc8021000-7f3bcc000000 ---p 00000000 00:00 0 
7f3bcc000000-7f3bcc3f0000 rw-p 00000000 00:00 0 
7f3bcc3f0000-7f3bcc450000 rw-p 00000000 00:00 0 
7f3bcc450000-7f3bcc470000 rw-p 00000000 00:00 0 
7f3bcc470000-7f3bcc4f0000 rw-p 00000000 00:00 0 
7f3bcc4f0000-7f3bcc7f0000 rw-p 00000000 00:00 0 
7f3bcc7f0000-7f3bcc8f0000 rw-p 00000000 00:00 0 
7f3bcc8f0000-7f3bccb70000 rw-p 00000000 00:00 0 
7f3bccb70000-7f3bccbf0000 rw-p 00000000 00:00 0 
7f3bccbf0000-7f3bccd70000 rw-p 00000000 00:00 0 
7f3bccd70000-7f3bccf70000 rw-p 00000000 00:00 0 
7f3bccf70000-7f3bccff0000 rw-p 00000000 00:00 0 
7f3bccff0000-7f3bcd170000 rw-p 00000000 00:00 0 
7f3bcd170000-7f3bcd1d0000 rw-p 00000000 00:00 0 
7f3bcd1d0000-7f3bcd200000 ---p 00000000 00:00 0 
7f3bcd200000-7f3bcd2e0000 rw-p 00000000 00:00 0 
7f3bcd2e0000-7f3bd0000000 ---p 00000000 00:00 0 
7f3bd0000000-7f3bd0021000 rw-p 00000000 00:00 0 
7f3bd0021000-7f3bd4000000 ---p 00000000 00:00 0 
7f3bd40e5000-7f3bd40e9000 ---p 00000000 00:00 0 
7f3bd40e9000-7f3bd41e5000 rw-p 00000000 00:00 0 
7f3bd41e5000-7f3bd41e9000 ---p 00000000 00:00 0 
7f3bd41e9000-7f3bd42e5000 rw-p 00000000 00:00 0 
7f3bd42e5000-7f3bd42e9000 ---p 00000000 00:00 0 
7f3bd42e9000-7f3bd43e5000 rw-p 00000000 00:00 0 
7f3bd43e5000-7f3bd43e9000 ---p 00000000 00:00 0 
7f3bd43e9000-7f3bd44e5000 rw-p 00000000 00:00 0 
7f3bd44e5000-7f3bd44e9000 ---p 00000000 00:00 0 
7f3bd44e9000-7f3bd45e5000 rw-p 00000000 00:00 0 
7f3bd45e5000-7f3bd45e9000 ---p 00000000 00:00 0 
7f3bd45e9000-7f3bd46e5000 rw-p 00000000 00:00 0 
7f3bd46e5000-7f3bd46e9000 ---p 00000000 00:00 0 
7f3bd46e9000-7f3bd47e5000 rw-p 00000000 00:00 0 
7f3bd47e5000-7f3bd47e6000 ---p 00000000 00:00 0 
7f3bd47e6000-7f3bd6200000 rw-p 00000000 00:00 0 
7f3bd6200000-7f3bd65e0000 rwxp 00000000 00:00 0 
7f3bd65e0000-7f3bdd737000 ---p 00000000 00:00 0 
7f3bdd737000-7f3bdd9a7000 rwxp 00000000 00:00 0 
7f3bdd9a7000-7f3bddcc9000 ---p 00000000 00:00 0 
7f3bddcc9000-7f3bddf39000 rwxp 00000000 00:00 0 
7f3bddf39000-7f3be5200000 ---p 00000000 00:00 0 
7f3be5200000-7f3be7e1b000 r--s 00000000 103:05 5384551                   /home/emmanuel/.vscode/extensions/redhat.java-1.23.0-linux-x64/jre/17.0.8.1-linux-x86_64/lib/modules
7f3be7eff000-7f3be8000000 rw-p 00000000 00:00 0 
7f3be8000000-7f3be863a000 rw-p 00000000 00:00 0 
7f3be863a000-7f3bec000000 ---p 00000000 00:00 0 
7f3bec068000-7f3bee40c000 rw-p 00000000 00:00 0 
7f3bee40c000-7f3bee540000 ---p 00000000 00:00 0 
7f3bee540000-7f3bee541000 ---p 00000000 00:00 0 
7f3bee541000-7f3bee664000 rw-p 00000000 00:00 0 
7f3bee664000-7f3bee797000 ---p 00000000 00:00 0 
7f3bee797000-7f3bee7a8000 rw-p 00000000 00:00 0 
7f3bee7a8000-7f3bee842000 ---p 00000000 00:00 0 
7f3bee842000-7f3bee848000 rw-p 00000000 00:00 0 
7f3bee848000-7f3bee92e000 ---p 00000000 00:00 0 
7f3bee92e000-7f3bee936000 rw-p 00000000 00:00 0 
7f3bee936000-7f3beea19000 ---p 00000000 00:00 0 
7f3beea19000-7f3beea1d000 ---p 00000000 00:00 0 
7f3beea1d000-7f3beeb19000 rw-p 00000000 00:00 0 
7f3beeb19000-7f3beeb27000 r--p 00000000 103:05 4327526                   /usr/lib/x86_64-linux-gnu/libm.so.6
7f3beeb27000-7f3beeba3000 r-xp 0000e000 103:05 4327526                   /usr/lib/x86_64-linux-gnu/libm.so.6
7f3beeba3000-7f3beebfe000 r--p 0008a000 103:05 4327526                   /usr/lib/x86_64-linux-gnu/libm.so.6
7f3beebfe000-7f3beebff000 r--p 000e4000 103:05 4327526                   /usr/lib/x86_64-linux-gnu/libm.so.6
7f3beebff000-7f3beec00000 rw-p 000e5000 103:05 4327526                   /usr/lib/x86_64-linux-gnu/libm.so.6
7f3beec00000-7f3beee53000 r--p 00000000 103:05 5384561                   /home/emmanuel/.vscode/extensions/redhat.java-1.23.0-linux-x64/jre/17.0.8.1-linux-x86_64/lib/server/libjvm.so
7f3beee53000-7f3befb75000 r-xp 00253000 103:05 5384561                   /home/emmanuel/.vscode/extensions/redhat.java-1.23.0-linux-x64/jre/17.0.8.1-linux-x86_64/lib/server/libjvm.so
7f3befb75000-7f3befe02000 r--p 00f75000 103:05 5384561                   /home/emmanuel/.vscode/extensions/redhat.java-1.23.0-linux-x64/jre/17.0.8.1-linux-x86_64/lib/server/libjvm.so
7f3befe02000-7f3befebb000 r--p 01201000 103:05 5384561                   /home/emmanuel/.vscode/extensions/redhat.java-1.23.0-linux-x64/jre/17.0.8.1-linux-x86_64/lib/server/libjvm.so
7f3befebb000-7f3befef0000 rw-p 012ba000 103:05 5384561                   /home/emmanuel/.vscode/extensions/redhat.java-1.23.0-linux-x64/jre/17.0.8.1-linux-x86_64/lib/server/libjvm.so
7f3befef0000-7f3beff4a000 rw-p 00000000 00:00 0 
7f3beff54000-7f3beff5b000 r--s 00000000 103:05 4327898                   /usr/lib/x86_64-linux-gnu/gconv/gconv-modules.cache
7f3beff5b000-7f3beff5f000 ---p 00000000 00:00 0 
7f3beff5f000-7f3beff7d000 rw-p 00000000 00:00 0 
7f3beff7d000-7f3beff81000 r--p 00000000 103:05 5384549                   /home/emmanuel/.vscode/extensions/redhat.java-1.23.0-linux-x64/jre/17.0.8.1-linux-x86_64/lib/libverify.so
7f3beff81000-7f3beff88000 r-xp 00004000 103:05 5384549                   /home/emmanuel/.vscode/extensions/redhat.java-1.23.0-linux-x64/jre/17.0.8.1-linux-x86_64/lib/libverify.so
7f3beff88000-7f3beff8a000 r--p 0000b000 103:05 5384549                   /home/emmanuel/.vscode/extensions/redhat.java-1.23.0-linux-x64/jre/17.0.8.1-linux-x86_64/lib/libverify.so
7f3beff8a000-7f3beff8c000 r--p 0000c000 103:05 5384549                   /home/emmanuel/.vscode/extensions/redhat.java-1.23.0-linux-x64/jre/17.0.8.1-linux-x86_64/lib/libverify.so
7f3beff8c000-7f3beff8d000 rw-p 0000e000 103:05 5384549                   /home/emmanuel/.vscode/extensions/redhat.java-1.23.0-linux-x64/jre/17.0.8.1-linux-x86_64/lib/libverify.so
7f3beff8d000-7f3beff91000 r--p 00000000 103:05 5384542                   /home/emmanuel/.vscode/extensions/redhat.java-1.23.0-linux-x64/jre/17.0.8.1-linux-x86_64/lib/libnet.so
7f3beff91000-7f3beff9f000 r-xp 00004000 103:05 5384542                   /home/emmanuel/.vscode/extensions/redhat.java-1.23.0-linux-x64/jre/17.0.8.1-linux-x86_64/lib/libnet.so
7f3beff9f000-7f3beffa3000 r--p 00012000 103:05 5384542                   /home/emmanuel/.vscode/extensions/redhat.java-1.23.0-linux-x64/jre/17.0.8.1-linux-x86_64/lib/libnet.so
7f3beffa3000-7f3beffa4000 r--p 00015000 103:05 5384542                   /home/emmanuel/.vscode/extensions/redhat.java-1.23.0-linux-x64/jre/17.0.8.1-linux-x86_64/lib/libnet.so
7f3beffa4000-7f3beffa5000 rw-p 00016000 103:05 5384542                   /home/emmanuel/.vscode/extensions/redhat.java-1.23.0-linux-x64/jre/17.0.8.1-linux-x86_64/lib/libnet.so
7f3beffa5000-7f3bf0000000 rw-p 00000000 00:00 0 
7f3bf0000000-7f3bf0028000 r--p 00000000 103:05 4327521                   /usr/lib/x86_64-linux-gnu/libc.so.6
7f3bf0028000-7f3bf01bd000 r-xp 00028000 103:05 4327521                   /usr/lib/x86_64-linux-gnu/libc.so.6
7f3bf01bd000-7f3bf0215000 r--p 001bd000 103:05 4327521                   /usr/lib/x86_64-linux-gnu/libc.so.6
7f3bf0215000-7f3bf0219000 r--p 00214000 103:05 4327521                   /usr/lib/x86_64-linux-gnu/libc.so.6
7f3bf0219000-7f3bf021b000 rw-p 00218000 103:05 4327521                   /usr/lib/x86_64-linux-gnu/libc.so.6
7f3bf021b000-7f3bf0228000 rw-p 00000000 00:00 0 
7f3bf022a000-7f3bf0231000 r--p 00000000 103:05 5384543                   /home/emmanuel/.vscode/extensions/redhat.java-1.23.0-linux-x64/jre/17.0.8.1-linux-x86_64/lib/libnio.so
7f3bf0231000-7f3bf023a000 r-xp 00007000 103:05 5384543                   /home/emmanuel/.vscode/extensions/redhat.java-1.23.0-linux-x64/jre/17.0.8.1-linux-x86_64/lib/libnio.so
7f3bf023a000-7f3bf023e000 r--p 00010000 103:05 5384543                   /home/emmanuel/.vscode/extensions/redhat.java-1.23.0-linux-x64/jre/17.0.8.1-linux-x86_64/lib/libnio.so
7f3bf023e000-7f3bf023f000 ---p 00014000 103:05 5384543                   /home/emmanuel/.vscode/extensions/redhat.java-1.23.0-linux-x64/jre/17.0.8.1-linux-x86_64/lib/libnio.so
7f3bf023f000-7f3bf0240000 r--p 00014000 103:05 5384543                   /home/emmanuel/.vscode/extensions/redhat.java-1.23.0-linux-x64/jre/17.0.8.1-linux-x86_64/lib/libnio.so
7f3bf0240000-7f3bf0241000 rw-p 00015000 103:05 5384543                   /home/emmanuel/.vscode/extensions/redhat.java-1.23.0-linux-x64/jre/17.0.8.1-linux-x86_64/lib/libnio.so
7f3bf0241000-7f3bf0243000 r--p 00000000 103:05 5384550                   /home/emmanuel/.vscode/extensions/redhat.java-1.23.0-linux-x64/jre/17.0.8.1-linux-x86_64/lib/libzip.so
7f3bf0243000-7f3bf0247000 r-xp 00002000 103:05 5384550                   /home/emmanuel/.vscode/extensions/redhat.java-1.23.0-linux-x64/jre/17.0.8.1-linux-x86_64/lib/libzip.so
7f3bf0247000-7f3bf0249000 r--p 00006000 103:05 5384550                   /home/emmanuel/.vscode/extensions/redhat.java-1.23.0-linux-x64/jre/17.0.8.1-linux-x86_64/lib/libzip.so
7f3bf0249000-7f3bf024a000 r--p 00007000 103:05 5384550                   /home/emmanuel/.vscode/extensions/redhat.java-1.23.0-linux-x64/jre/17.0.8.1-linux-x86_64/lib/libzip.so
7f3bf024a000-7f3bf024b000 rw-p 00008000 103:05 5384550                   /home/emmanuel/.vscode/extensions/redhat.java-1.23.0-linux-x64/jre/17.0.8.1-linux-x86_64/lib/libzip.so
7f3bf024b000-7f3bf02a5000 rw-p 00000000 00:00 0 
7f3bf02a5000-7f3bf02ac000 ---p 00000000 00:00 0 
7f3bf02ac000-7f3bf02b4000 rw-s 00000000 103:05 393261                    /tmp/hsperfdata_emmanuel/15806
7f3bf02b4000-7f3bf02c1000 r--p 00000000 103:05 5384529                   /home/emmanuel/.vscode/extensions/redhat.java-1.23.0-linux-x64/jre/17.0.8.1-linux-x86_64/lib/libjava.so
7f3bf02c1000-7f3bf02d3000 r-xp 0000d000 103:05 5384529                   /home/emmanuel/.vscode/extensions/redhat.java-1.23.0-linux-x64/jre/17.0.8.1-linux-x86_64/lib/libjava.so
7f3bf02d3000-7f3bf02d9000 r--p 0001f000 103:05 5384529                   /home/emmanuel/.vscode/extensions/redhat.java-1.23.0-linux-x64/jre/17.0.8.1-linux-x86_64/lib/libjava.so
7f3bf02d9000-7f3bf02da000 ---p 00025000 103:05 5384529                   /home/emmanuel/.vscode/extensions/redhat.java-1.23.0-linux-x64/jre/17.0.8.1-linux-x86_64/lib/libjava.so
7f3bf02da000-7f3bf02db000 r--p 00025000 103:05 5384529                   /home/emmanuel/.vscode/extensions/redhat.java-1.23.0-linux-x64/jre/17.0.8.1-linux-x86_64/lib/libjava.so
7f3bf02db000-7f3bf02dc000 rw-p 00026000 103:05 5384529                   /home/emmanuel/.vscode/extensions/redhat.java-1.23.0-linux-x64/jre/17.0.8.1-linux-x86_64/lib/libjava.so
7f3bf02dc000-7f3bf02dd000 rw-p 00000000 00:00 0 
7f3bf02dd000-7f3bf02e1000 r--p 00000000 103:05 5384533                   /home/emmanuel/.vscode/extensions/redhat.java-1.23.0-linux-x64/jre/17.0.8.1-linux-x86_64/lib/libjimage.so
7f3bf02e1000-7f3bf02f4000 r-xp 00004000 103:05 5384533                   /home/emmanuel/.vscode/extensions/redhat.java-1.23.0-linux-x64/jre/17.0.8.1-linux-x86_64/lib/libjimage.so
7f3bf02f4000-7f3bf02fa000 r--p 00017000 103:05 5384533                   /home/emmanuel/.vscode/extensions/redhat.java-1.23.0-linux-x64/jre/17.0.8.1-linux-x86_64/lib/libjimage.so
7f3bf02fa000-7f3bf02fc000 r--p 0001c000 103:05 5384533                   /home/emmanuel/.vscode/extensions/redhat.java-1.23.0-linux-x64/jre/17.0.8.1-linux-x86_64/lib/libjimage.so
7f3bf02fc000-7f3bf02fd000 rw-p 0001e000 103:05 5384533                   /home/emmanuel/.vscode/extensions/redhat.java-1.23.0-linux-x64/jre/17.0.8.1-linux-x86_64/lib/libjimage.so
7f3bf02fd000-7f3bf02fe000 r--p 00000000 103:05 4327567                   /usr/lib/x86_64-linux-gnu/librt.so.1
7f3bf02fe000-7f3bf02ff000 r-xp 00001000 103:05 4327567                   /usr/lib/x86_64-linux-gnu/librt.so.1
7f3bf02ff000-7f3bf0300000 r--p 00002000 103:05 4327567                   /usr/lib/x86_64-linux-gnu/librt.so.1
7f3bf0300000-7f3bf0301000 r--p 00002000 103:05 4327567                   /usr/lib/x86_64-linux-gnu/librt.so.1
7f3bf0301000-7f3bf0302000 rw-p 00003000 103:05 4327567                   /usr/lib/x86_64-linux-gnu/librt.so.1
7f3bf0302000-7f3bf0306000 rw-p 00000000 00:00 0 
7f3bf0306000-7f3bf0307000 r--p 00000000 103:05 4327524                   /usr/lib/x86_64-linux-gnu/libdl.so.2
7f3bf0307000-7f3bf0308000 r-xp 00001000 103:05 4327524                   /usr/lib/x86_64-linux-gnu/libdl.so.2
7f3bf0308000-7f3bf0309000 r--p 00002000 103:05 4327524                   /usr/lib/x86_64-linux-gnu/libdl.so.2
7f3bf0309000-7f3bf030a000 r--p 00002000 103:05 4327524                   /usr/lib/x86_64-linux-gnu/libdl.so.2
7f3bf030a000-7f3bf030b000 rw-p 00003000 103:05 4327524                   /usr/lib/x86_64-linux-gnu/libdl.so.2
7f3bf030b000-7f3bf030c000 r--p 00000000 103:05 4327560                   /usr/lib/x86_64-linux-gnu/libpthread.so.0
7f3bf030c000-7f3bf030d000 r-xp 00001000 103:05 4327560                   /usr/lib/x86_64-linux-gnu/libpthread.so.0
7f3bf030d000-7f3bf030e000 r--p 00002000 103:05 4327560                   /usr/lib/x86_64-linux-gnu/libpthread.so.0
7f3bf030e000-7f3bf030f000 r--p 00002000 103:05 4327560                   /usr/lib/x86_64-linux-gnu/libpthread.so.0
7f3bf030f000-7f3bf0310000 rw-p 00003000 103:05 4327560                   /usr/lib/x86_64-linux-gnu/libpthread.so.0
7f3bf0310000-7f3bf0313000 r--p 00000000 103:05 5384534                   /home/emmanuel/.vscode/extensions/redhat.java-1.23.0-linux-x64/jre/17.0.8.1-linux-x86_64/lib/libjli.so
7f3bf0313000-7f3bf031d000 r-xp 00003000 103:05 5384534                   /home/emmanuel/.vscode/extensions/redhat.java-1.23.0-linux-x64/jre/17.0.8.1-linux-x86_64/lib/libjli.so
7f3bf031d000-7f3bf0320000 r--p 0000d000 103:05 5384534                   /home/emmanuel/.vscode/extensions/redhat.java-1.23.0-linux-x64/jre/17.0.8.1-linux-x86_64/lib/libjli.so
7f3bf0320000-7f3bf0321000 ---p 00010000 103:05 5384534                   /home/emmanuel/.vscode/extensions/redhat.java-1.23.0-linux-x64/jre/17.0.8.1-linux-x86_64/lib/libjli.so
7f3bf0321000-7f3bf0322000 r--p 00010000 103:05 5384534                   /home/emmanuel/.vscode/extensions/redhat.java-1.23.0-linux-x64/jre/17.0.8.1-linux-x86_64/lib/libjli.so
7f3bf0322000-7f3bf0323000 rw-p 00011000 103:05 5384534                   /home/emmanuel/.vscode/extensions/redhat.java-1.23.0-linux-x64/jre/17.0.8.1-linux-x86_64/lib/libjli.so
7f3bf0323000-7f3bf0325000 r--p 00000000 103:05 4353575                   /usr/lib/x86_64-linux-gnu/libz.so.1.2.11
7f3bf0325000-7f3bf0336000 r-xp 00002000 103:05 4353575                   /usr/lib/x86_64-linux-gnu/libz.so.1.2.11
7f3bf0336000-7f3bf033c000 r--p 00013000 103:05 4353575                   /usr/lib/x86_64-linux-gnu/libz.so.1.2.11
7f3bf033c000-7f3bf033d000 ---p 00019000 103:05 4353575                   /usr/lib/x86_64-linux-gnu/libz.so.1.2.11
7f3bf033d000-7f3bf033e000 r--p 00019000 103:05 4353575                   /usr/lib/x86_64-linux-gnu/libz.so.1.2.11
7f3bf033e000-7f3bf033f000 rw-p 0001a000 103:05 4353575                   /usr/lib/x86_64-linux-gnu/libz.so.1.2.11
7f3bf0343000-7f3bf0345000 r--p 00000000 103:05 5384524                   /home/emmanuel/.vscode/extensions/redhat.java-1.23.0-linux-x64/jre/17.0.8.1-linux-x86_64/lib/libinstrument.so
7f3bf0345000-7f3bf034b000 r-xp 00002000 103:05 5384524                   /home/emmanuel/.vscode/extensions/redhat.java-1.23.0-linux-x64/jre/17.0.8.1-linux-x86_64/lib/libinstrument.so
7f3bf034b000-7f3bf034e000 r--p 00008000 103:05 5384524                   /home/emmanuel/.vscode/extensions/redhat.java-1.23.0-linux-x64/jre/17.0.8.1-linux-x86_64/lib/libinstrument.so
7f3bf034e000-7f3bf034f000 r--p 0000a000 103:05 5384524                   /home/emmanuel/.vscode/extensions/redhat.java-1.23.0-linux-x64/jre/17.0.8.1-linux-x86_64/lib/libinstrument.so
7f3bf034f000-7f3bf0350000 rw-p 0000b000 103:05 5384524                   /home/emmanuel/.vscode/extensions/redhat.java-1.23.0-linux-x64/jre/17.0.8.1-linux-x86_64/lib/libinstrument.so
7f3bf0350000-7f3bf0351000 ---p 00000000 00:00 0 
7f3bf0351000-7f3bf0352000 r--p 00000000 00:00 0 
7f3bf0352000-7f3bf0354000 rw-p 00000000 00:00 0 
7f3bf0354000-7f3bf0356000 r--p 00000000 103:05 4327516                   /usr/lib/x86_64-linux-gnu/ld-linux-x86-64.so.2
7f3bf0356000-7f3bf0380000 r-xp 00002000 103:05 4327516                   /usr/lib/x86_64-linux-gnu/ld-linux-x86-64.so.2
7f3bf0380000-7f3bf038b000 r--p 0002c000 103:05 4327516                   /usr/lib/x86_64-linux-gnu/ld-linux-x86-64.so.2
7f3bf038b000-7f3bf038c000 ---p 00000000 00:00 0 
7f3bf038c000-7f3bf038e000 r--p 00037000 103:05 4327516                   /usr/lib/x86_64-linux-gnu/ld-linux-x86-64.so.2
7f3bf038e000-7f3bf0390000 rw-p 00039000 103:05 4327516                   /usr/lib/x86_64-linux-gnu/ld-linux-x86-64.so.2
7ffc17e80000-7ffc17ea2000 rw-p 00000000 00:00 0                          [stack]
7ffc17ed2000-7ffc17ed6000 r--p 00000000 00:00 0                          [vvar]
7ffc17ed6000-7ffc17ed8000 r-xp 00000000 00:00 0                          [vdso]
ffffffffff600000-ffffffffff601000 --xp 00000000 00:00 0                  [vsyscall]


VM Arguments:
jvm_args: --add-modules=ALL-SYSTEM --add-opens=java.base/java.util=ALL-UNNAMED --add-opens=java.base/java.lang=ALL-UNNAMED --add-opens=java.base/sun.nio.fs=ALL-UNNAMED -Declipse.application=org.eclipse.jdt.ls.core.id1 -Dosgi.bundles.defaultStartLevel=4 -Declipse.product=org.eclipse.jdt.ls.core.product -Djava.import.generatesMetadataFilesAtProjectRoot=false -DDetectVMInstallationsJob.disabled=true -Dfile.encoding=utf8 -XX:+UseParallelGC -XX:GCTimeRatio=4 -XX:AdaptiveSizePolicyWeight=90 -Dsun.zip.disableMemoryMapping=true -Xmx1G -Xms100m -Xlog:disable -javaagent:/home/emmanuel/.vscode/extensions/redhat.java-1.23.0-linux-x64/lombok/lombok-1.18.30.jar 
java_command: /home/emmanuel/.vscode/extensions/redhat.java-1.23.0-linux-x64/server/plugins/org.eclipse.equinox.launcher_1.6.500.v20230717-2134.jar -configuration /home/emmanuel/.config/Code/User/globalStorage/redhat.java/1.23.0/config_ss_linux -data /home/emmanuel/.config/Code/User/workspaceStorage/9cf0182d8b0822c1a4b2ba5774e2e160/redhat.java/ss_ws
java_class_path (initial): /home/emmanuel/.vscode/extensions/redhat.java-1.23.0-linux-x64/server/plugins/org.eclipse.equinox.launcher_1.6.500.v20230717-2134.jar
Launcher Type: SUN_STANDARD

[Global flags]
    uintx AdaptiveSizePolicyWeight                 = 90                                        {product} {command line}
     intx CICompilerCount                          = 4                                         {product} {ergonomic}
    uintx GCTimeRatio                              = 4                                         {product} {command line}
   size_t InitialHeapSize                          = 104857600                                 {product} {command line}
   size_t MaxHeapSize                              = 1073741824                                {product} {command line}
   size_t MaxNewSize                               = 357564416                                 {product} {ergonomic}
   size_t MinHeapDeltaBytes                        = 524288                                    {product} {ergonomic}
   size_t MinHeapSize                              = 104857600                                 {product} {command line}
   size_t NewSize                                  = 34603008                                  {product} {ergonomic}
    uintx NonNMethodCodeHeapSize                   = 5839372                                {pd product} {ergonomic}
    uintx NonProfiledCodeHeapSize                  = 122909434                              {pd product} {ergonomic}
   size_t OldSize                                  = 70254592                                  {product} {ergonomic}
    uintx ProfiledCodeHeapSize                     = 122909434                              {pd product} {ergonomic}
    uintx ReservedCodeCacheSize                    = 251658240                              {pd product} {ergonomic}
     bool SegmentedCodeCache                       = true                                      {product} {ergonomic}
   size_t SoftMaxHeapSize                          = 1073741824                             {manageable} {ergonomic}
     bool UseCompressedClassPointers               = true                           {product lp64_product} {ergonomic}
     bool UseCompressedOops                        = true                           {product lp64_product} {ergonomic}
     bool UseParallelGC                            = true                                      {product} {command line}

Logging:
Log output configuration:
 #0: stdout all=off uptime,level,tags
 #1: stderr all=off uptime,level,tags

Environment Variables:
JAVA_HOME=/usr/lib/jvm/java-17-openjdk-amd64
PATH=/usr/local/sbin:/usr/local/bin:/usr/sbin:/usr/bin:/sbin:/bin:/usr/games:/usr/local/games:/snap/bin:/snap/bin:/usr/lib/jvm/java-17-openjdk-amd64/bin
USERNAME=emmanuel
SHELL=/bin/bash
DISPLAY=:0
LANG=en_US.UTF-8
TERM=xterm-256color

Active Locale:
LC_ALL=en_US.UTF-8
LC_COLLATE=en_US.UTF-8
LC_CTYPE=en_US.UTF-8
LC_MESSAGES=en_US.UTF-8
LC_MONETARY=en_US.UTF-8
LC_NUMERIC=en_US.UTF-8
LC_TIME=en_US.UTF-8

Signal Handlers:
   SIGSEGV: crash_handler in libjvm.so, mask=11100100010111111101111111111110, flags=SA_RESTART|SA_SIGINFO, unblocked
    SIGBUS: crash_handler in libjvm.so, mask=11100100010111111101111111111110, flags=SA_RESTART|SA_SIGINFO, unblocked
    SIGFPE: crash_handler in libjvm.so, mask=11100100010111111101111111111110, flags=SA_RESTART|SA_SIGINFO, unblocked
   SIGPIPE: javaSignalHandler in libjvm.so, mask=11100100010111111101111111111110, flags=SA_RESTART|SA_SIGINFO, blocked
   SIGXFSZ: javaSignalHandler in libjvm.so, mask=11100100010111111101111111111110, flags=SA_RESTART|SA_SIGINFO, blocked
    SIGILL: crash_handler in libjvm.so, mask=11100100010111111101111111111110, flags=SA_RESTART|SA_SIGINFO, unblocked
   SIGUSR2: SR_handler in libjvm.so, mask=00000000000000000000000000000000, flags=SA_RESTART|SA_SIGINFO, blocked
    SIGHUP: UserHandler in libjvm.so, mask=11100100010111111101111111111110, flags=SA_RESTART|SA_SIGINFO, blocked
    SIGINT: UserHandler in libjvm.so, mask=11100100010111111101111111111110, flags=SA_RESTART|SA_SIGINFO, blocked
   SIGTERM: UserHandler in libjvm.so, mask=11100100010111111101111111111110, flags=SA_RESTART|SA_SIGINFO, blocked
   SIGQUIT: UserHandler in libjvm.so, mask=11100100010111111101111111111110, flags=SA_RESTART|SA_SIGINFO, blocked
   SIGTRAP: crash_handler in libjvm.so, mask=11100100010111111101111111111110, flags=SA_RESTART|SA_SIGINFO, unblocked


---------------  S Y S T E M  ---------------

OS:
DISTRIB_ID=Ubuntu
DISTRIB_RELEASE=22.04
DISTRIB_CODENAME=jammy
DISTRIB_DESCRIPTION="Ubuntu 22.04.3 LTS"
uname: Linux 6.2.0-33-generic #33~22.04.1-Ubuntu SMP PREEMPT_DYNAMIC Thu Sep  7 10:33:52 UTC 2 x86_64
OS uptime: 0 days 2:46 hours
libc: glibc 2.35 NPTL 2.35 
rlimit (soft/hard): STACK 8192k/infinity , CORE 0k/infinity , NPROC 61355/61355 , NOFILE 1048576/1048576 , AS infinity/infinity , CPU infinity/infinity , DATA infinity/infinity , FSIZE infinity/infinity , MEMLOCK 1972928k/1972928k
load average: 1.26 0.95 1.02

/proc/meminfo:
MemTotal:       15783452 kB
MemFree:         8394372 kB
MemAvailable:   12261712 kB
Buffers:          160496 kB
Cached:          3892944 kB
SwapCached:            0 kB
Active:          1896044 kB
Inactive:        4423216 kB
Active(anon):       2688 kB
Inactive(anon):  2308216 kB
Active(file):    1893356 kB
Inactive(file):  2115000 kB
Unevictable:          96 kB
Mlocked:              96 kB
SwapTotal:       2097148 kB
SwapFree:        2097148 kB
Zswap:                 0 kB
Zswapped:              0 kB
Dirty:               856 kB
Writeback:             0 kB
AnonPages:       2265980 kB
Mapped:           863552 kB
Shmem:             45084 kB
KReclaimable:     194324 kB
Slab:             387748 kB
SReclaimable:     194324 kB
SUnreclaim:       193424 kB
KernelStack:       16864 kB
PageTables:        37040 kB
SecPageTables:         0 kB
NFS_Unstable:          0 kB
Bounce:                0 kB
WritebackTmp:          0 kB
CommitLimit:     9988872 kB
Committed_AS:    9382428 kB
VmallocTotal:   34359738367 kB
VmallocUsed:      137392 kB
VmallocChunk:          0 kB
Percpu:            16384 kB
HardwareCorrupted:     0 kB
AnonHugePages:         0 kB
ShmemHugePages:        0 kB
ShmemPmdMapped:        0 kB
FileHugePages:         0 kB
FilePmdMapped:         0 kB
HugePages_Total:       0
HugePages_Free:        0
HugePages_Rsvd:        0
HugePages_Surp:        0
Hugepagesize:       2048 kB
Hugetlb:               0 kB
DirectMap4k:      808596 kB
DirectMap2M:     9089024 kB
DirectMap1G:     7340032 kB

/sys/kernel/mm/transparent_hugepage/enabled: always [madvise] never
/sys/kernel/mm/transparent_hugepage/defrag (defrag/compaction efforts parameter): always defer defer+madvise [madvise] never

Process Memory:
Virtual Size: 4555036K (peak: 4555036K)
Resident Set Size: 121176K (peak: 121176K) (anon: 93784K, file: 27392K, shmem: 0K)
Swapped out: 0K
C-Heap outstanding allocations: 52319K, retained: 6596K
glibc malloc tunables: (default)

/proc/sys/kernel/threads-max (system-wide limit on the number of threads): 122711
/proc/sys/vm/max_map_count (maximum number of memory map areas a process may have): 65530
/proc/sys/kernel/pid_max (system-wide limit on number of process identifiers): 4194304

container (cgroup) information:
container_type: cgroupv2
cpu_cpuset_cpus: not supported
cpu_memory_nodes: not supported
active_processor_count: 8
cpu_quota: not supported
cpu_period: not supported
cpu_shares: not supported
memory_limit_in_bytes: unlimited
memory_and_swap_limit_in_bytes: unlimited
memory_soft_limit_in_bytes: unlimited
memory_usage_in_bytes: 1113724 k
memory_max_usage_in_bytes: not supported
memory_swap_current_in_bytes: unlimited
memory_swap_max_limit_in_bytes: unlimited
maximum number of tasks: 18406
current number of tasks: 230

Steal ticks since vm start: 0
Steal ticks percentage since vm start:  0.000

CPU: total 8 (initial active 8) (8 cores per cpu, 2 threads per core) family 23 model 24 stepping 1 microcode 0x8108102, cx8, cmov, fxsr, ht, mmx, 3dnowpref, sse, sse2, sse3, ssse3, sse4a, sse4.1, sse4.2, popcnt, lzcnt, tsc, tscinvbit, avx, avx2, aes, clmul, bmi1, bmi2, adx, sha, fma, vzeroupper, clflush, clflushopt
CPU Model and flags from /proc/cpuinfo:
model name	: AMD Ryzen 7 3750H with Radeon Vega Mobile Gfx
flags		: fpu vme de pse tsc msr pae mce cx8 apic sep mtrr pge mca cmov pat pse36 clflush mmx fxsr sse sse2 ht syscall nx mmxext fxsr_opt pdpe1gb rdtscp lm constant_tsc rep_good nopl nonstop_tsc cpuid extd_apicid aperfmperf rapl pni pclmulqdq monitor ssse3 fma cx16 sse4_1 sse4_2 movbe popcnt aes xsave avx f16c rdrand lahf_lm cmp_legacy svm extapic cr8_legacy abm sse4a misalignsse 3dnowprefetch osvw skinit wdt tce topoext perfctr_core perfctr_nb bpext perfctr_llc mwaitx cpb hw_pstate ssbd ibpb vmmcall fsgsbase bmi1 avx2 smep bmi2 rdseed adx smap clflushopt sha_ni xsaveopt xsavec xgetbv1 clzero irperf xsaveerptr arat npt lbrv svm_lock nrip_save tsc_scale vmcb_clean flushbyasid decodeassists pausefilter pfthreshold avic v_vmsave_vmload vgif overflow_recov succor smca sev sev_es

Online cpus: 0-7
Offline cpus: 8-15
BIOS frequency limitation: 2300000
Frequency switch latency (ns): 0
Available cpu frequencies: 2300000 1700000 1400000 
Current governor: schedutil
Core performance/turbo boost: 1

Memory: 4k page, physical 15783452k(8394372k free), swap 2097148k(2097148k free)
Page Sizes: 4k

vm_info: OpenJDK 64-Bit Server VM (17.0.8.1+1) for linux-amd64 JRE (17.0.8.1+1), built on Aug 24 2023 00:00:00 by "admin" with gcc 10.3.0

END.
