#
# A fatal error has been detected by the Java Runtime Environment:
#
#  SIGSEGV (0xb) at pc=0x00007fd70b087826, pid=19133, tid=19160
#
# JRE version: OpenJDK Runtime Environment Temurin-17.0.8.1+1 (17.0.8.1+1) (build 17.0.8.1+1)
# Java VM: OpenJDK 64-Bit Server VM Temurin-17.0.8.1+1 (17.0.8.1+1, mixed mode, tiered, compressed oops, compressed class ptrs, parallel gc, linux-amd64)
# Problematic frame:
# V  [libjvm.so+0xc87826]  PSParallelCompact::IsAliveClosure::do_object_b(oopDesc*)+0x36
#
# Core dump will be written. Default location: Core dumps may be processed with "/usr/share/apport/apport -p%p -s%s -c%c -d%d -P%P -u%u -g%g -- %E" (or dumping to /home/emmanuel/Desktop/spring_batch/spring_batch_hello_world/core.19133)
#
# If you would like to submit a bug report, please visit:
#   https://github.com/adoptium/adoptium-support/issues
#

---------------  S U M M A R Y ------------

Command Line: --add-modules=ALL-SYSTEM --add-opens=java.base/java.util=ALL-UNNAMED --add-opens=java.base/java.lang=ALL-UNNAMED --add-opens=java.base/sun.nio.fs=ALL-UNNAMED -Declipse.application=org.eclipse.jdt.ls.core.id1 -Dosgi.bundles.defaultStartLevel=4 -Declipse.product=org.eclipse.jdt.ls.core.product -Djava.import.generatesMetadataFilesAtProjectRoot=false -DDetectVMInstallationsJob.disabled=true -Dfile.encoding=utf8 -XX:+UseParallelGC -XX:GCTimeRatio=4 -XX:AdaptiveSizePolicyWeight=90 -Dsun.zip.disableMemoryMapping=true -Xmx1G -Xms100m -Xlog:disable -javaagent:/home/emmanuel/.vscode/extensions/redhat.java-1.23.0-linux-x64/lombok/lombok-1.18.30.jar -XX:+HeapDumpOnOutOfMemoryError -XX:HeapDumpPath=/home/emmanuel/.config/Code/User/workspaceStorage/9cf0182d8b0822c1a4b2ba5774e2e160/redhat.java -Daether.dependencyCollector.impl=bf /home/emmanuel/.vscode/extensions/redhat.java-1.23.0-linux-x64/server/plugins/org.eclipse.equinox.launcher_1.6.500.v20230717-2134.jar -configuration /home/emmanuel/.config/Code/User/globalStorage/redhat.java/1.23.0/config_linux -data /home/emmanuel/.config/Code/User/workspaceStorage/9cf0182d8b0822c1a4b2ba5774e2e160/redhat.java/jdt_ws

Host: AMD Ryzen 7 3750H with Radeon Vega Mobile Gfx, 8 cores, 15G, Ubuntu 22.04.3 LTS
Time: Sun Oct  8 18:22:38 2023 CDT elapsed time: 1.670145 seconds (0d 0h 0m 1s)

---------------  T H R E A D  ---------------

Current thread (0x00007fd6e0003140):  GCTaskThread "GC Thread#2" [stack: 0x00007fd6e68fc000,0x00007fd6e69fc000] [id=19160]

Stack: [0x00007fd6e68fc000,0x00007fd6e69fc000],  sp=0x00007fd6e69fac68,  free space=1019k
Native frames: (J=compiled Java code, j=interpreted, Vv=VM code, C=native code)
V  [libjvm.so+0xc87826]  PSParallelCompact::IsAliveClosure::do_object_b(oopDesc*)+0x36
V  [libjvm.so+0xf17f2f]  GangWorker::loop()+0x5f
V  [libjvm.so+0xf17f8f]
V  [libjvm.so+0xe68d40]  Thread::call_run()+0xc0
V  [libjvm.so+0xc1e681]  thread_native_entry(Thread*)+0xe1


siginfo: si_signo: 11 (SIGSEGV), si_code: 128 (SI_KERNEL), si_addr: 0x0000000000000000

Register to memory mapping:

RAX=0x0000000000000001 is an unknown value
RBX=0x000000000000003b is an unknown value
RCX=0x0 is NULL
RDX=0x00007fd6f0200000 points into unknown readable memory: 0x2522000495044249 | 49 42 04 95 04 00 22 25
RSP=0x00007fd6e69fac68 points into unknown readable memory: 0x00007fd70b091848 | 48 18 09 0b d7 7f 00 00
RBP=0x00007fd6e69fad50 points into unknown readable memory: 0x00007fd6e69fada0 | a0 ad 9f e6 d6 7f 00 00
RSI=0x007fffffffa00020 is an unknown value
RDI=0x00007fd70b6d3ec8: <offset 0x00000000012d3ec8> in /home/emmanuel/.vscode/extensions/redhat.java-1.23.0-linux-x64/jre/17.0.8.1-linux-x86_64/lib/server/libjvm.so at 0x00007fd70a400000
R8 =0x00000000000000a5 is an unknown value
R9 =0x0 is NULL
R10=0x0 is NULL
R11=0x0 is NULL
R12=0x00007fd704361a00 points into unknown readable memory: 0x00000000c00043f8 | f8 43 00 c0 00 00 00 00
R13=0x00007fd70b6d3ec8: <offset 0x00000000012d3ec8> in /home/emmanuel/.vscode/extensions/redhat.java-1.23.0-linux-x64/jre/17.0.8.1-linux-x86_64/lib/server/libjvm.so at 0x00007fd70a400000
R14=0x00007fd70b6c0d70: <offset 0x00000000012c0d70> in /home/emmanuel/.vscode/extensions/redhat.java-1.23.0-linux-x64/jre/17.0.8.1-linux-x86_64/lib/server/libjvm.so at 0x00007fd70a400000
R15=0x0000000000000025 is an unknown value


Registers:
RAX=0x0000000000000001, RBX=0x000000000000003b, RCX=0x0000000000000000, RDX=0x00007fd6f0200000
RSP=0x00007fd6e69fac68, RBP=0x00007fd6e69fad50, RSI=0x007fffffffa00020, RDI=0x00007fd70b6d3ec8
R8 =0x00000000000000a5, R9 =0x0000000000000000, R10=0x0000000000000000, R11=0x0000000000000000
R12=0x00007fd704361a00, R13=0x00007fd70b6d3ec8, R14=0x00007fd70b6c0d70, R15=0x0000000000000025
RIP=0x00007fd70b087826, EFLAGS=0x0000000000010246, CSGSFS=0x002b000000000033, ERR=0x0000000000000000
  TRAPNO=0x000000000000000d

Top of Stack: (sp=0x00007fd6e69fac68)
0x00007fd6e69fac68:   00007fd70b091848 00007fd6e7efd310
0x00007fd6e69fac78:   0000000300000008 00007fd6e7efcc88
0x00007fd6e69fac88:   00007fd6e69fad00 0000000000000008
0x00007fd6e69fac98:   00007fd6e69face0 0000000000000001 

Instructions: (pc=0x00007fd70b087826)
0x00007fd70b087726:   00 01 00 00 48 89 d8 48 39 d1 0f 84 fc fe ff ff
0x00007fd70b087736:   48 89 de ff d1 48 8d 15 fe 76 60 ff 48 98 48 8d
0x00007fd70b087746:   04 c3 e9 e5 fe ff ff 0f 1f 00 4c 0f be 01 41 80
0x00007fd70b087756:   f8 ff 74 7e 4d 89 f1 49 81 e1 00 fe ff ff 4b 8d
0x00007fd70b087766:   1c c1 e9 35 fe ff ff 0f 1f 00 48 89 de ff d0 48
0x00007fd70b087776:   8d 15 c4 76 60 ff 48 98 48 8d 04 c3 e9 ab fe ff
0x00007fd70b087786:   ff 66 0f 1f 84 00 00 00 00 00 48 8d 05 b1 7b 63
0x00007fd70b087796:   00 48 8d 0d 1a a0 37 00 48 8d 15 43 a0 37 00 be
0x00007fd70b0877a6:   9d 01 00 00 48 8d 3d d7 9f 37 00 48 8b 00 c6 00
0x00007fd70b0877b6:   58 31 c0 e8 02 2b 98 ff 48 83 c4 08 5b 41 5c 41
0x00007fd70b0877c6:   5d 41 5e 41 5f 5d e9 3f 19 f9 ff 0f 1f 80 00 00
0x00007fd70b0877d6:   00 00 4c 8b 4e 58 4c 8b 46 50 4b 8d 1c c8 e9 b9
0x00007fd70b0877e6:   fd ff ff 0f 1f 80 00 00 00 00 48 2b 35 a9 a3 69
0x00007fd70b0877f6:   00 48 8d 05 2a 85 63 00 48 89 f1 48 8b 15 a8 a3
0x00007fd70b087806:   69 00 48 c1 e9 03 48 89 ce 8b 08 b8 01 00 00 00
0x00007fd70b087816:   48 d3 ee 48 89 f1 48 c1 ee 06 83 e1 3f 48 d3 e0
0x00007fd70b087826:   48 23 04 f2 0f 95 c0 c3 66 90 8b 41 1c 25 ff ff
0x00007fd70b087836:   ff 07 0d 00 00 00 60 89 41 1c c3 90 66 66 2e 0f
0x00007fd70b087846:   1f 84 00 00 00 00 00 0f 1f 00 55 48 8d 71 24 48
0x00007fd70b087856:   89 e5 53 48 89 fb 48 89 d7 ba 02 00 00 00 48 83
0x00007fd70b087866:   ec 08 48 8b 43 40 48 89 41 08 b8 01 00 00 00 f0
0x00007fd70b087876:   0f b1 16 8b 41 1c 3d ff ff ff 07 77 22 8b 51 1c
0x00007fd70b087886:   4c 8d 49 1c 81 e2 ff ff ff 07 41 89 d0 89 d0 41
0x00007fd70b087896:   81 c8 00 00 00 40 f0 45 0f b1 01 39 c2 74 0a 8b
0x00007fd70b0878a6:   41 1c 3d ff ff ff 3f 76 13 ba 03 00 00 00 b8 02
0x00007fd70b0878b6:   00 00 00 f0 0f b1 16 83 f8 02 74 0e 48 8b 5d f8
0x00007fd70b0878c6:   c9 c3 0f 1f 84 00 00 00 00 00 8b 41 1c ba 00 00
0x00007fd70b0878d6:   08 00 25 ff ff ff 07 0d 00 00 00 60 89 41 1c 48
0x00007fd70b0878e6:   8b 73 40 48 c1 e6 13 48 03 35 6c a2 69 00 e8 57
0x00007fd70b0878f6:   b8 5c ff 48 8b 7b 40 48 8b 5d f8 c9 e9 89 67 ff
0x00007fd70b087906:   ff 66 0f 1f 84 00 00 00 00 00 48 8d 05 f5 0a 68
0x00007fd70b087916:   00 48 63 00 48 01 c7 83 fe 05 74 0e ff 25 10 77 


Stack slot to memory mapping:
stack at sp + 0 slots: 0x00007fd70b091848: <offset 0x0000000000c91848> in /home/emmanuel/.vscode/extensions/redhat.java-1.23.0-linux-x64/jre/17.0.8.1-linux-x86_64/lib/server/libjvm.so at 0x00007fd70a400000
stack at sp + 1 slots: 0x00007fd6e7efd310 points into unknown readable memory: 0x00007fd70409f2a0 | a0 f2 09 04 d7 7f 00 00
stack at sp + 2 slots: 0x0000000300000008 is an unknown value
stack at sp + 3 slots: 0x00007fd6e7efcc88 points into unknown readable memory: 0x00007fd6e7efd080 | 80 d0 ef e7 d6 7f 00 00
stack at sp + 4 slots: 0x00007fd6e69fad00 points into unknown readable memory: 0x00007fd6e7efd080 | 80 d0 ef e7 d6 7f 00 00
stack at sp + 5 slots: 0x0000000000000008 is an unknown value
stack at sp + 6 slots: 0x00007fd6e69face0 points into unknown readable memory: 0x000000000000001e | 1e 00 00 00 00 00 00 00
stack at sp + 7 slots: 0x0000000000000001 is an unknown value


---------------  P R O C E S S  ---------------

Threads class SMR info:
_java_thread_list=0x00007fd68c0f85f0, length=21, elements={
0x00007fd704028470, 0x00007fd7041e7780, 0x00007fd7041e8d00, 0x00007fd7042101b0,
0x00007fd704213aa0, 0x00007fd704214a40, 0x00007fd7042160a0, 0x00007fd704217560,
0x00007fd7042209a0, 0x00007fd7042b6230, 0x00007fd6c0094120, 0x00007fd7043a9e00,
0x00007fd6cc0a6aa0, 0x00007fd7044a0590, 0x00007fd7045a09e0, 0x00007fd7046024d0,
0x00007fd704605250, 0x00007fd68c33ebd0, 0x00007fd68c48f600, 0x00007fd68c4e8000,
0x00007fd68c259b00
}

Java Threads: ( => current thread )
  0x00007fd704028470 JavaThread "main" [_thread_blocked, id=19134, stack(0x00007fd70a219000,0x00007fd70a319000)]
  0x00007fd7041e7780 JavaThread "Reference Handler" daemon [_thread_blocked, id=19137, stack(0x00007fd6e7cfd000,0x00007fd6e7dfd000)]
  0x00007fd7041e8d00 JavaThread "Finalizer" daemon [_thread_blocked, id=19138, stack(0x00007fd6e7bfd000,0x00007fd6e7cfd000)]
  0x00007fd7042101b0 JavaThread "Signal Dispatcher" daemon [_thread_blocked, id=19139, stack(0x00007fd6e7500000,0x00007fd6e7600000)]
  0x00007fd704213aa0 JavaThread "Service Thread" daemon [_thread_blocked, id=19140, stack(0x00007fd6e7400000,0x00007fd6e7500000)]
  0x00007fd704214a40 JavaThread "Monitor Deflation Thread" daemon [_thread_blocked, id=19141, stack(0x00007fd6e7300000,0x00007fd6e7400000)]
  0x00007fd7042160a0 JavaThread "C2 CompilerThread0" daemon [_thread_blocked, id=19142, stack(0x00007fd6e7200000,0x00007fd6e7300000)]
  0x00007fd704217560 JavaThread "C1 CompilerThread0" daemon [_thread_blocked, id=19143, stack(0x00007fd6e7100000,0x00007fd6e7200000)]
  0x00007fd7042209a0 JavaThread "Sweeper thread" daemon [_thread_blocked, id=19144, stack(0x00007fd6e7000000,0x00007fd6e7100000)]
  0x00007fd7042b6230 JavaThread "Common-Cleaner" daemon [_thread_blocked, id=19145, stack(0x00007fd6e6f00000,0x00007fd6e7000000)]
  0x00007fd6c0094120 JavaThread "C2 CompilerThread1" daemon [_thread_blocked, id=19146, stack(0x00007fd6e6e00000,0x00007fd6e6f00000)]
  0x00007fd7043a9e00 JavaThread "Notification Thread" daemon [_thread_blocked, id=19147, stack(0x00007fd6e6d00000,0x00007fd6e6e00000)]
  0x00007fd6cc0a6aa0 JavaThread "C2 CompilerThread2" daemon [_thread_blocked, id=19155, stack(0x00007fd6e6afe000,0x00007fd6e6bfe000)]
  0x00007fd7044a0590 JavaThread "process reaper" daemon [_thread_blocked, id=19158, stack(0x00007fd7080d4000,0x00007fd7080f6000)]
  0x00007fd7045a09e0 JavaThread "Active Thread: Equinox Container: 2ed5c6d4-ce93-486b-81d8-efe5a705d919" [_thread_blocked, id=19164, stack(0x00007fd6e64f4000,0x00007fd6e65f4000)]
  0x00007fd7046024d0 JavaThread "Framework Event Dispatcher: Equinox Container: 2ed5c6d4-ce93-486b-81d8-efe5a705d919" daemon [_thread_blocked, id=19168, stack(0x00007fd6e63f4000,0x00007fd6e64f4000)]
  0x00007fd704605250 JavaThread "Start Level: Equinox Container: 2ed5c6d4-ce93-486b-81d8-efe5a705d919" daemon [_thread_blocked, id=19169, stack(0x00007fd6e62f4000,0x00007fd6e63f4000)]
  0x00007fd68c33ebd0 JavaThread "Bundle File Closer" daemon [_thread_blocked, id=19174, stack(0x00007fd6e5cfc000,0x00007fd6e5dfc000)]
  0x00007fd68c48f600 JavaThread "SCR Component Actor" daemon [_thread_blocked, id=19175, stack(0x00007fd6e5bfc000,0x00007fd6e5cfc000)]
  0x00007fd68c4e8000 JavaThread "SCR Component Registry" daemon [_thread_blocked, id=19176, stack(0x00007fd6e5afc000,0x00007fd6e5bfc000)]
  0x00007fd68c259b00 JavaThread "Worker-JM" [_thread_blocked, id=19177, stack(0x00007fd6e59fc000,0x00007fd6e5afc000)]

Other Threads:
  0x00007fd7040695d0 VMThread "VM Thread" [stack: 0x00007fd6e7dff000,0x00007fd6e7eff000] [id=19136]
  0x00007fd7040723b0 WatcherThread [stack: 0x00007fd6e6c00000,0x00007fd6e6d00000] [id=19148]
  0x00007fd70403fd80 GCTaskThread "GC Thread#0" [stack: 0x00007fd709d42000,0x00007fd709e42000] [id=19135]
  0x00007fd6e0001250 GCTaskThread "GC Thread#1" [stack: 0x00007fd6e69fe000,0x00007fd6e6afe000] [id=19159]
=>0x00007fd6e0003140 GCTaskThread "GC Thread#2" [stack: 0x00007fd6e68fc000,0x00007fd6e69fc000] [id=19160]
  0x00007fd6e0003af0 GCTaskThread "GC Thread#3" [stack: 0x00007fd6e67fa000,0x00007fd6e68fa000] [id=19161]
  0x00007fd6e00044a0 GCTaskThread "GC Thread#4" [stack: 0x00007fd6e66f8000,0x00007fd6e67f8000] [id=19162]
  0x00007fd6e0004e50 GCTaskThread "GC Thread#5" [stack: 0x00007fd6e65f6000,0x00007fd6e66f6000] [id=19163]
  0x00007fd6e0006250 GCTaskThread "GC Thread#6" [stack: 0x00007fd6e5f00000,0x00007fd6e6000000] [id=19171]
  0x00007fd6e0006b90 GCTaskThread "GC Thread#7" [stack: 0x00007fd6e5dfe000,0x00007fd6e5efe000] [id=19172]

Threads with active compile tasks:
C2 CompilerThread0     1680 2675       4       jdk.internal.reflect.ClassFileAssembler::emitByte (11 bytes)
C1 CompilerThread0     1680 2677       3       org.eclipse.osgi.internal.hooks.EclipseLazyStarter::shouldActivateFor (123 bytes)
C2 CompilerThread2     1680 2671       4       java.util.Properties$LineReader::readLine (584 bytes)

VM state: at safepoint (normal execution)

VM Mutex/Monitor currently owned by a thread:  ([mutex/lock_event])
[0x00007fd704025260] Threads_lock - owner thread: 0x00007fd7040695d0
[0x00007fd704025a10] Heap_lock - owner thread: 0x00007fd704028470

Heap address: 0x00000000c0000000, size: 1024 MB, Compressed Oops mode: 32-bit

CDS archive(s) not mapped
Compressed class space mapped at: 0x0000000100000000-0x0000000140000000, reserved size: 1073741824
Narrow klass base: 0x0000000000000000, Narrow klass shift: 3, Narrow klass range: 0x140000000

GC Precious Log:
 CPUs: 8 total, 8 available
 Memory: 15413M
 Large Page Support: Disabled
 NUMA Support: Disabled
 Compressed Oops: Enabled (32-bit)
 Alignments: Space 512K, Generation 512K, Heap 2M
 Heap Min Capacity: 100M
 Heap Initial Capacity: 100M
 Heap Max Capacity: 1G
 Pre-touch: Disabled
 Parallel Workers: 8

Heap:
 PSYoungGen      total 29696K, used 4079K [0x00000000eab00000, 0x00000000ece00000, 0x0000000100000000)
  eden space 25600K, 0% used [0x00000000eab00000,0x00000000eab00000,0x00000000ec400000)
  from space 4096K, 99% used [0x00000000ec400000,0x00000000ec7fbca8,0x00000000ec800000)
  to   space 5120K, 0% used [0x00000000ec900000,0x00000000ec900000,0x00000000ece00000)
 ParOldGen       total 68608K, used 6379K [0x00000000c0000000, 0x00000000c4300000, 0x00000000eab00000)
  object space 68608K, 9% used [0x00000000c0000000,0x00000000c063add8,0x00000000c4300000)
 Metaspace       used 21033K, committed 21504K, reserved 1114112K
  class space    used 2128K, committed 2304K, reserved 1048576K

Card table byte_map: [0x00007fd709e42000,0x00007fd70a043000] _byte_map_base: 0x00007fd709842000

Marking Bits: (ParMarkBitMap*) 0x00007fd70b721ba0
 Begin Bits: [0x00007fd6f0200000, 0x00007fd6f1200000)
 End Bits:   [0x00007fd6f1200000, 0x00007fd6f2200000)

Polling page: 0x00007fd70bac3000

Metaspace:

Usage:
  Non-class:     18.46 MB used.
      Class:      2.08 MB used.
       Both:     20.54 MB used.

Virtual space:
  Non-class space:       64.00 MB reserved,      18.75 MB ( 29%) committed,  1 nodes.
      Class space:        1.00 GB reserved,       2.25 MB ( <1%) committed,  1 nodes.
             Both:        1.06 GB reserved,      21.00 MB (  2%) committed. 

Chunk freelists:
   Non-Class:  13.12 MB
       Class:  13.69 MB
        Both:  26.81 MB

MaxMetaspaceSize: unlimited
CompressedClassSpaceSize: 1.00 GB
Initial GC threshold: 21.00 MB
Current GC threshold: 21.00 MB
CDS: off
MetaspaceReclaimPolicy: balanced
 - commit_granule_bytes: 65536.
 - commit_granule_words: 8192.
 - virtual_space_node_default_size: 8388608.
 - enlarge_chunks_in_place: 1.
 - new_chunks_are_fully_committed: 0.
 - uncommit_free_chunks: 1.
 - use_allocation_guard: 0.
 - handle_deallocations: 1.


Internal statistics:

num_allocs_failed_limit: 3.
num_arena_births: 218.
num_arena_deaths: 0.
num_vsnodes_births: 2.
num_vsnodes_deaths: 0.
num_space_committed: 336.
num_space_uncommitted: 0.
num_chunks_returned_to_freelist: 3.
num_chunks_taken_from_freelist: 650.
num_chunk_merges: 3.
num_chunk_splits: 433.
num_chunks_enlarged: 302.
num_inconsistent_stats: 0.

CodeHeap 'non-profiled nmethods': size=120028Kb used=1077Kb max_used=1077Kb free=118950Kb
 bounds [0x00007fd6f9cc9000, 0x00007fd6f9f39000, 0x00007fd701200000]
CodeHeap 'profiled nmethods': size=120028Kb used=5329Kb max_used=5329Kb free=114699Kb
 bounds [0x00007fd6f2200000, 0x00007fd6f2740000, 0x00007fd6f9737000]
CodeHeap 'non-nmethods': size=5704Kb used=1178Kb max_used=1199Kb free=4525Kb
 bounds [0x00007fd6f9737000, 0x00007fd6f99a7000, 0x00007fd6f9cc9000]
 total_blobs=3153 nmethods=2671 adapters=397
 compilation: enabled
              stopped_count=0, restarted_count=0
 full_count=0

Compilation events (20 events):
Event: 1.639 Thread 0x00007fd704217560 nmethod 2666 0x00007fd6f272c510 code [0x00007fd6f272c6e0, 0x00007fd6f272cb70]
Event: 1.641 Thread 0x00007fd704217560 2667       3       java.util.ArrayList::add (65 bytes)
Event: 1.642 Thread 0x00007fd704217560 nmethod 2667 0x00007fd6f272cd10 code [0x00007fd6f272cf20, 0x00007fd6f272d550]
Event: 1.642 Thread 0x00007fd704217560 2668       3       java.util.stream.ReferencePipeline::map (26 bytes)
Event: 1.642 Thread 0x00007fd704217560 nmethod 2668 0x00007fd6f272d810 code [0x00007fd6f272da00, 0x00007fd6f272de90]
Event: 1.642 Thread 0x00007fd704217560 2669       3       java.util.stream.ReferencePipeline$3::<init> (20 bytes)
Event: 1.642 Thread 0x00007fd704217560 nmethod 2669 0x00007fd6f272e090 code [0x00007fd6f272e240, 0x00007fd6f272e480]
Event: 1.652 Thread 0x00007fd704217560 2670       3       java.lang.reflect.AccessibleObject::<init> (5 bytes)
Event: 1.652 Thread 0x00007fd704217560 nmethod 2670 0x00007fd6f272e610 code [0x00007fd6f272e7c0, 0x00007fd6f272e910]
Event: 1.652 Thread 0x00007fd6cc0a6aa0 2671       4       java.util.Properties$LineReader::readLine (584 bytes)
Event: 1.652 Thread 0x00007fd704217560 2672   !   3       jdk.internal.reflect.ReflectionFactory::checkInitted (100 bytes)
Event: 1.653 Thread 0x00007fd704217560 nmethod 2672 0x00007fd6f272ea10 code [0x00007fd6f272ed20, 0x00007fd6f272fd00]
Event: 1.653 Thread 0x00007fd704217560 2673       3       java.lang.reflect.ReflectAccess::getRoot (5 bytes)
Event: 1.653 Thread 0x00007fd704217560 nmethod 2673 0x00007fd6f2730190 code [0x00007fd6f2730340, 0x00007fd6f2730500]
Event: 1.653 Thread 0x00007fd704217560 2674       3       jdk.internal.reflect.Reflection::verifyMemberAccess (200 bytes)
Event: 1.655 Thread 0x00007fd704217560 nmethod 2674 0x00007fd6f2730610 code [0x00007fd6f2730b80, 0x00007fd6f2733470]
Event: 1.659 Thread 0x00007fd7042160a0 2675       4       jdk.internal.reflect.ClassFileAssembler::emitByte (11 bytes)
Event: 1.659 Thread 0x00007fd704217560 2676       3       jdk.internal.reflect.ClassFileAssembler::setStack (25 bytes)
Event: 1.659 Thread 0x00007fd704217560 nmethod 2676 0x00007fd6f2734090 code [0x00007fd6f2734220, 0x00007fd6f2734370]
Event: 1.659 Thread 0x00007fd704217560 2677       3       org.eclipse.osgi.internal.hooks.EclipseLazyStarter::shouldActivateFor (123 bytes)

GC Heap History (11 events):
Event: 0.593 GC heap before
{Heap before GC invocations=1 (full 0):
 PSYoungGen      total 29696K, used 25582K [0x00000000eab00000, 0x00000000ecc00000, 0x0000000100000000)
  eden space 25600K, 99% used [0x00000000eab00000,0x00000000ec3fba28,0x00000000ec400000)
  from space 4096K, 0% used [0x00000000ec800000,0x00000000ec800000,0x00000000ecc00000)
  to   space 4096K, 0% used [0x00000000ec400000,0x00000000ec400000,0x00000000ec800000)
 ParOldGen       total 68608K, used 0K [0x00000000c0000000, 0x00000000c4300000, 0x00000000eab00000)
  object space 68608K, 0% used [0x00000000c0000000,0x00000000c0000000,0x00000000c4300000)
 Metaspace       used 11143K, committed 11264K, reserved 1114112K
  class space    used 1118K, committed 1152K, reserved 1048576K
}
Event: 0.597 GC heap after
{Heap after GC invocations=1 (full 0):
 PSYoungGen      total 29696K, used 3139K [0x00000000eab00000, 0x00000000ecc00000, 0x0000000100000000)
  eden space 25600K, 0% used [0x00000000eab00000,0x00000000eab00000,0x00000000ec400000)
  from space 4096K, 76% used [0x00000000ec400000,0x00000000ec710c28,0x00000000ec800000)
  to   space 4096K, 0% used [0x00000000ec800000,0x00000000ec800000,0x00000000ecc00000)
 ParOldGen       total 68608K, used 16K [0x00000000c0000000, 0x00000000c4300000, 0x00000000eab00000)
  object space 68608K, 0% used [0x00000000c0000000,0x00000000c0004000,0x00000000c4300000)
 Metaspace       used 11143K, committed 11264K, reserved 1114112K
  class space    used 1118K, committed 1152K, reserved 1048576K
}
Event: 0.988 GC heap before
{Heap before GC invocations=2 (full 0):
 PSYoungGen      total 29696K, used 28739K [0x00000000eab00000, 0x00000000ecc00000, 0x0000000100000000)
  eden space 25600K, 100% used [0x00000000eab00000,0x00000000ec400000,0x00000000ec400000)
  from space 4096K, 76% used [0x00000000ec400000,0x00000000ec710c28,0x00000000ec800000)
  to   space 4096K, 0% used [0x00000000ec800000,0x00000000ec800000,0x00000000ecc00000)
 ParOldGen       total 68608K, used 16K [0x00000000c0000000, 0x00000000c4300000, 0x00000000eab00000)
  object space 68608K, 0% used [0x00000000c0000000,0x00000000c0004000,0x00000000c4300000)
 Metaspace       used 15006K, committed 15232K, reserved 1114112K
  class space    used 1518K, committed 1600K, reserved 1048576K
}
Event: 0.993 GC heap after
{Heap after GC invocations=2 (full 0):
 PSYoungGen      total 29696K, used 4088K [0x00000000eab00000, 0x00000000ecc00000, 0x0000000100000000)
  eden space 25600K, 0% used [0x00000000eab00000,0x00000000eab00000,0x00000000ec400000)
  from space 4096K, 99% used [0x00000000ec800000,0x00000000ecbfe378,0x00000000ecc00000)
  to   space 4096K, 0% used [0x00000000ec400000,0x00000000ec400000,0x00000000ec800000)
 ParOldGen       total 68608K, used 1492K [0x00000000c0000000, 0x00000000c4300000, 0x00000000eab00000)
  object space 68608K, 2% used [0x00000000c0000000,0x00000000c0175040,0x00000000c4300000)
 Metaspace       used 15006K, committed 15232K, reserved 1114112K
  class space    used 1518K, committed 1600K, reserved 1048576K
}
Event: 1.282 GC heap before
{Heap before GC invocations=3 (full 0):
 PSYoungGen      total 29696K, used 29688K [0x00000000eab00000, 0x00000000ecc00000, 0x0000000100000000)
  eden space 25600K, 100% used [0x00000000eab00000,0x00000000ec400000,0x00000000ec400000)
  from space 4096K, 99% used [0x00000000ec800000,0x00000000ecbfe378,0x00000000ecc00000)
  to   space 4096K, 0% used [0x00000000ec400000,0x00000000ec400000,0x00000000ec800000)
 ParOldGen       total 68608K, used 1492K [0x00000000c0000000, 0x00000000c4300000, 0x00000000eab00000)
  object space 68608K, 2% used [0x00000000c0000000,0x00000000c0175040,0x00000000c4300000)
 Metaspace       used 17467K, committed 17792K, reserved 1114112K
  class space    used 1785K, committed 1920K, reserved 1048576K
}
Event: 1.288 GC heap after
{Heap after GC invocations=3 (full 0):
 PSYoungGen      total 29696K, used 4093K [0x00000000eab00000, 0x00000000ecc00000, 0x0000000100000000)
  eden space 25600K, 0% used [0x00000000eab00000,0x00000000eab00000,0x00000000ec400000)
  from space 4096K, 99% used [0x00000000ec400000,0x00000000ec7ff488,0x00000000ec800000)
  to   space 4096K, 0% used [0x00000000ec800000,0x00000000ec800000,0x00000000ecc00000)
 ParOldGen       total 68608K, used 5294K [0x00000000c0000000, 0x00000000c4300000, 0x00000000eab00000)
  object space 68608K, 7% used [0x00000000c0000000,0x00000000c052bb08,0x00000000c4300000)
 Metaspace       used 17467K, committed 17792K, reserved 1114112K
  class space    used 1785K, committed 1920K, reserved 1048576K
}
Event: 1.656 GC heap before
{Heap before GC invocations=4 (full 0):
 PSYoungGen      total 29696K, used 29693K [0x00000000eab00000, 0x00000000ecc00000, 0x0000000100000000)
  eden space 25600K, 100% used [0x00000000eab00000,0x00000000ec400000,0x00000000ec400000)
  from space 4096K, 99% used [0x00000000ec400000,0x00000000ec7ff488,0x00000000ec800000)
  to   space 4096K, 0% used [0x00000000ec800000,0x00000000ec800000,0x00000000ecc00000)
 ParOldGen       total 68608K, used 5294K [0x00000000c0000000, 0x00000000c4300000, 0x00000000eab00000)
  object space 68608K, 7% used [0x00000000c0000000,0x00000000c052bb08,0x00000000c4300000)
 Metaspace       used 21030K, committed 21440K, reserved 1114112K
  class space    used 2128K, committed 2304K, reserved 1048576K
}
Event: 1.659 GC heap after
{Heap after GC invocations=4 (full 0):
 PSYoungGen      total 29696K, used 4086K [0x00000000eab00000, 0x00000000ecc00000, 0x0000000100000000)
  eden space 25600K, 0% used [0x00000000eab00000,0x00000000eab00000,0x00000000ec400000)
  from space 4096K, 99% used [0x00000000ec800000,0x00000000ecbfd838,0x00000000ecc00000)
  to   space 4096K, 0% used [0x00000000ec400000,0x00000000ec400000,0x00000000ec800000)
 ParOldGen       total 68608K, used 6355K [0x00000000c0000000, 0x00000000c4300000, 0x00000000eab00000)
  object space 68608K, 9% used [0x00000000c0000000,0x00000000c0634dd8,0x00000000c4300000)
 Metaspace       used 21030K, committed 21440K, reserved 1114112K
  class space    used 2128K, committed 2304K, reserved 1048576K
}
Event: 1.660 GC heap before
{Heap before GC invocations=5 (full 0):
 PSYoungGen      total 29696K, used 4622K [0x00000000eab00000, 0x00000000ecc00000, 0x0000000100000000)
  eden space 25600K, 2% used [0x00000000eab00000,0x00000000eab86358,0x00000000ec400000)
  from space 4096K, 99% used [0x00000000ec800000,0x00000000ecbfd838,0x00000000ecc00000)
  to   space 4096K, 0% used [0x00000000ec400000,0x00000000ec400000,0x00000000ec800000)
 ParOldGen       total 68608K, used 6355K [0x00000000c0000000, 0x00000000c4300000, 0x00000000eab00000)
  object space 68608K, 9% used [0x00000000c0000000,0x00000000c0634dd8,0x00000000c4300000)
 Metaspace       used 21033K, committed 21504K, reserved 1114112K
  class space    used 2128K, committed 2304K, reserved 1048576K
}
Event: 1.662 GC heap after
{Heap after GC invocations=5 (full 0):
 PSYoungGen      total 29696K, used 4079K [0x00000000eab00000, 0x00000000ece00000, 0x0000000100000000)
  eden space 25600K, 0% used [0x00000000eab00000,0x00000000eab00000,0x00000000ec400000)
  from space 4096K, 99% used [0x00000000ec400000,0x00000000ec7fbca8,0x00000000ec800000)
  to   space 5120K, 0% used [0x00000000ec900000,0x00000000ec900000,0x00000000ece00000)
 ParOldGen       total 68608K, used 6379K [0x00000000c0000000, 0x00000000c4300000, 0x00000000eab00000)
  object space 68608K, 9% used [0x00000000c0000000,0x00000000c063add8,0x00000000c4300000)
 Metaspace       used 21033K, committed 21504K, reserved 1114112K
  class space    used 2128K, committed 2304K, reserved 1048576K
}
Event: 1.662 GC heap before
{Heap before GC invocations=6 (full 1):
 PSYoungGen      total 29696K, used 4079K [0x00000000eab00000, 0x00000000ece00000, 0x0000000100000000)
  eden space 25600K, 0% used [0x00000000eab00000,0x00000000eab00000,0x00000000ec400000)
  from space 4096K, 99% used [0x00000000ec400000,0x00000000ec7fbca8,0x00000000ec800000)
  to   space 5120K, 0% used [0x00000000ec900000,0x00000000ec900000,0x00000000ece00000)
 ParOldGen       total 68608K, used 6379K [0x00000000c0000000, 0x00000000c4300000, 0x00000000eab00000)
  object space 68608K, 9% used [0x00000000c0000000,0x00000000c063add8,0x00000000c4300000)
 Metaspace       used 21033K, committed 21504K, reserved 1114112K
  class space    used 2128K, committed 2304K, reserved 1048576K
}

Dll operation events (9 events):
Event: 0.002 Loaded shared library /home/emmanuel/.vscode/extensions/redhat.java-1.23.0-linux-x64/jre/17.0.8.1-linux-x86_64/lib/libjava.so
Event: 0.128 Loaded shared library /home/emmanuel/.vscode/extensions/redhat.java-1.23.0-linux-x64/jre/17.0.8.1-linux-x86_64/lib/libzip.so
Event: 0.130 Loaded shared library /home/emmanuel/.vscode/extensions/redhat.java-1.23.0-linux-x64/jre/17.0.8.1-linux-x86_64/lib/libinstrument.so
Event: 0.138 Loaded shared library /home/emmanuel/.vscode/extensions/redhat.java-1.23.0-linux-x64/jre/17.0.8.1-linux-x86_64/lib/libnio.so
Event: 0.145 Loaded shared library /home/emmanuel/.vscode/extensions/redhat.java-1.23.0-linux-x64/jre/17.0.8.1-linux-x86_64/lib/libzip.so
Event: 0.157 Loaded shared library /home/emmanuel/.vscode/extensions/redhat.java-1.23.0-linux-x64/jre/17.0.8.1-linux-x86_64/lib/libjimage.so
Event: 0.195 Loaded shared library /home/emmanuel/.vscode/extensions/redhat.java-1.23.0-linux-x64/jre/17.0.8.1-linux-x86_64/lib/libverify.so
Event: 0.627 Loaded shared library /home/emmanuel/.vscode/extensions/redhat.java-1.23.0-linux-x64/jre/17.0.8.1-linux-x86_64/lib/libnet.so
Event: 0.906 Loaded shared library /home/emmanuel/.config/Code/User/globalStorage/redhat.java/1.23.0/config_linux/org.eclipse.equinox.launcher/org.eclipse.equinox.launcher.gtk.linux.x86_64_1.2.700.v20221108-1024/eclipse_11801.so

Deoptimization events (20 events):
Event: 1.319 Thread 0x00007fd704605250 DEOPT PACKING pc=0x00007fd6f9cfd8a4 sp=0x00007fd6e63f0ce0
Event: 1.319 Thread 0x00007fd704605250 DEOPT UNPACKING pc=0x00007fd6f978d399 sp=0x00007fd6e63f0c50 mode 2
Event: 1.354 Thread 0x00007fd704605250 Uncommon trap: trap_request=0xffffff45 fr.pc=0x00007fd6f9d949b4 relative=0x0000000000000f94
Event: 1.354 Thread 0x00007fd704605250 Uncommon trap: reason=unstable_if action=reinterpret pc=0x00007fd6f9d949b4 method=java.util.Properties.loadConvert([CIILjava/lang/StringBuilder;)Ljava/lang/String; @ 491 c2
Event: 1.354 Thread 0x00007fd704605250 DEOPT PACKING pc=0x00007fd6f9d949b4 sp=0x00007fd6e63eb3d0
Event: 1.354 Thread 0x00007fd704605250 DEOPT UNPACKING pc=0x00007fd6f978d399 sp=0x00007fd6e63eb3b0 mode 2
Event: 1.436 Thread 0x00007fd704605250 DEOPT PACKING pc=0x00007fd6f262ecdc sp=0x00007fd6e63ebb30
Event: 1.436 Thread 0x00007fd704605250 DEOPT UNPACKING pc=0x00007fd6f978db2f sp=0x00007fd6e63eb010 mode 0
Event: 1.439 Thread 0x00007fd704605250 DEOPT PACKING pc=0x00007fd6f262ecdc sp=0x00007fd6e63ebee0
Event: 1.439 Thread 0x00007fd704605250 DEOPT UNPACKING pc=0x00007fd6f978db2f sp=0x00007fd6e63eb3c0 mode 0
Event: 1.491 Thread 0x00007fd704605250 Uncommon trap: trap_request=0xffffffcc fr.pc=0x00007fd6f9dc39f8 relative=0x00000000000001d8
Event: 1.491 Thread 0x00007fd704605250 Uncommon trap: reason=intrinsic_or_type_checked_inlining action=make_not_entrant pc=0x00007fd6f9dc39f8 method=java.util.Arrays.copyOf([Ljava/lang/Object;ILjava/lang/Class;)[Ljava/lang/Object; @ 35 c2
Event: 1.491 Thread 0x00007fd704605250 DEOPT PACKING pc=0x00007fd6f9dc39f8 sp=0x00007fd6e63eea80
Event: 1.491 Thread 0x00007fd704605250 DEOPT UNPACKING pc=0x00007fd6f978d399 sp=0x00007fd6e63eea10 mode 2
Event: 1.503 Thread 0x00007fd704605250 Uncommon trap: trap_request=0xffffff45 fr.pc=0x00007fd6f9db7f48 relative=0x0000000000000408
Event: 1.503 Thread 0x00007fd704605250 Uncommon trap: reason=unstable_if action=reinterpret pc=0x00007fd6f9db7f48 method=com.sun.org.apache.xerces.internal.impl.XMLEntityScanner.scanLiteral(ILcom/sun/org/apache/xerces/internal/xni/XMLString;Z)I @ 299 c2
Event: 1.503 Thread 0x00007fd704605250 DEOPT PACKING pc=0x00007fd6f9db7f48 sp=0x00007fd6e63f0cf0
Event: 1.503 Thread 0x00007fd704605250 DEOPT UNPACKING pc=0x00007fd6f978d399 sp=0x00007fd6e63f0ca0 mode 2
Event: 1.652 Thread 0x00007fd704605250 DEOPT PACKING pc=0x00007fd6f22dce1e sp=0x00007fd6e63e7320
Event: 1.652 Thread 0x00007fd704605250 DEOPT UNPACKING pc=0x00007fd6f978db2f sp=0x00007fd6e63e6838 mode 0

Classes unloaded (0 events):
No events

Classes redefined (0 events):
No events

Internal exceptions (20 events):
Event: 0.579 Thread 0x00007fd704028470 Implicit null exception at 0x00007fd6f9d1746c to 0x00007fd6f9d17644
Event: 0.579 Thread 0x00007fd704028470 Implicit null exception at 0x00007fd6f9d0d4af to 0x00007fd6f9d0d525
Event: 0.615 Thread 0x00007fd704028470 Exception <a 'java/lang/NoSuchMethodError'{0x00000000eac08e58}: 'int java.lang.invoke.DirectMethodHandle$Holder.invokeStaticInit(java.lang.Object, java.lang.Object, java.lang.Object, java.lang.Object)'> (0x00000000eac08e58) 
thrown [src/hotspot/share/interpreter/linkResolver.cpp, line 758]
Event: 0.616 Thread 0x00007fd704028470 Exception <a 'java/lang/NoSuchMethodError'{0x00000000eac13280}: 'java.lang.Object java.lang.invoke.DirectMethodHandle$Holder.invokeInterface(java.lang.Object, java.lang.Object)'> (0x00000000eac13280) 
thrown [src/hotspot/share/interpreter/linkResolver.cpp, line 758]
Event: 0.616 Thread 0x00007fd704028470 Exception <a 'java/lang/IncompatibleClassChangeError'{0x00000000eac16a78}: Found class java.lang.Object, but interface was expected> (0x00000000eac16a78) 
thrown [src/hotspot/share/interpreter/linkResolver.cpp, line 826]
Event: 0.617 Thread 0x00007fd704028470 Exception <a 'java/lang/NoSuchMethodError'{0x00000000eac1af70}: 'void java.lang.invoke.DirectMethodHandle$Holder.invokeStatic(java.lang.Object, java.lang.Object)'> (0x00000000eac1af70) 
thrown [src/hotspot/share/interpreter/linkResolver.cpp, line 758]
Event: 0.617 Thread 0x00007fd704028470 Exception <a 'java/lang/NoSuchMethodError'{0x00000000eac1e770}: 'void java.lang.invoke.DirectMethodHandle$Holder.invokeStaticInit(java.lang.Object, java.lang.Object)'> (0x00000000eac1e770) 
thrown [src/hotspot/share/interpreter/linkResolver.cpp, line 758]
Event: 0.618 Thread 0x00007fd704028470 Exception <a 'java/lang/NoSuchMethodError'{0x00000000eac25d08}: 'int java.lang.invoke.DirectMethodHandle$Holder.invokeStaticInit(java.lang.Object, java.lang.Object)'> (0x00000000eac25d08) 
thrown [src/hotspot/share/interpreter/linkResolver.cpp, line 758]
Event: 0.640 Thread 0x00007fd704028470 Exception <a 'java/lang/NoSuchMethodError'{0x00000000ead5f100}: 'void java.lang.invoke.DirectMethodHandle$Holder.invokeSpecial(java.lang.Object, java.lang.Object, java.lang.Object)'> (0x00000000ead5f100) 
thrown [src/hotspot/share/interpreter/linkResolver.cpp, line 758]
Event: 0.813 Thread 0x00007fd704028470 Exception <a 'java/lang/NoSuchMethodError'{0x00000000eba413c0}: 'java.lang.Object java.lang.invoke.DirectMethodHandle$Holder.newInvokeSpecial(java.lang.Object, int, java.lang.Object)'> (0x00000000eba413c0) 
thrown [src/hotspot/share/interpreter/linkResolver.cpp, line 758]
Event: 0.906 Thread 0x00007fd704028470 Exception <a 'java/lang/UnsatisfiedLinkError'{0x00000000ebf6add8}: 'void org.eclipse.equinox.launcher.JNIBridge._update_splash()'> (0x00000000ebf6add8) 
thrown [src/hotspot/share/prims/nativeLookup.cpp, line 543]
Event: 0.969 Thread 0x00007fd704605250 Exception <a 'java/lang/NoSuchMethodError'{0x00000000ec35b780}: 'java.lang.Object java.lang.invoke.DirectMethodHandle$Holder.newInvokeSpecial(java.lang.Object, java.lang.Object, int, java.lang.Object)'> (0x00000000ec35b780) 
thrown [src/hotspot/share/interpreter/linkResolver.cpp, line 758]
Event: 0.969 Thread 0x00007fd704605250 Exception <a 'java/lang/NoSuchMethodError'{0x00000000ec35f888}: 'java.lang.Object java.lang.invoke.DirectMethodHandle$Holder.invokeSpecial(java.lang.Object, java.lang.Object, java.lang.Object, int, java.lang.Object)'> (0x00000000ec35f888) 
thrown [src/hotspot/share/interpreter/linkResolver.cpp, line 758]
Event: 1.009 Thread 0x00007fd704605250 Exception <a 'java/lang/NoSuchMethodError'{0x00000000eac242c0}: 'java.lang.Object java.lang.invoke.DirectMethodHandle$Holder.invokeStatic(java.lang.Object, int, java.lang.Object)'> (0x00000000eac242c0) 
thrown [src/hotspot/share/interpreter/linkResolver.cpp, line 758]
Event: 1.025 Thread 0x00007fd704605250 Exception <a 'java/lang/ClassNotFoundException'{0x00000000ead5b118}: sun/util/logging/resources/spi/loggingProvider> (0x00000000ead5b118) 
thrown [src/hotspot/share/classfile/systemDictionary.cpp, line 256]
Event: 1.481 Thread 0x00007fd704605250 Exception <a 'java/io/FileNotFoundException'{0x00000000eb963e68}> (0x00000000eb963e68) 
thrown [src/hotspot/share/prims/jni.cpp, line 516]
Event: 1.492 Thread 0x00007fd704605250 Exception <a 'java/lang/NullPointerException'{0x00000000eb9dd0b8}> (0x00000000eb9dd0b8) 
thrown [src/hotspot/share/interpreter/linkResolver.cpp, line 1350]
Event: 1.492 Thread 0x00007fd704605250 Exception <a 'java/lang/NullPointerException'{0x00000000eb9dd8e0}> (0x00000000eb9dd8e0) 
thrown [src/hotspot/share/interpreter/linkResolver.cpp, line 1350]
Event: 1.563 Thread 0x00007fd704605250 Exception <a 'java/lang/NoSuchMethodError'{0x00000000ebcd4cb0}: 'java.lang.Object java.lang.invoke.Invokers$Holder.invokeExact_MT(java.lang.Object, java.lang.Object, java.lang.Object, java.lang.Object, java.lang.Object, java.lang.Object)'> (0x00000000ebcd4cb0) 
thrown [src/hotspot/share/interpreter/linkResolver.cpp, line 758]
Event: 1.634 Thread 0x00007fd704605250 Exception <a 'java/lang/NoSuchMethodError'{0x00000000ec1f3950}: 'void java.lang.invoke.DirectMethodHandle$Holder.invokeInterface(java.lang.Object, java.lang.Object, java.lang.Object)'> (0x00000000ec1f3950) 
thrown [src/hotspot/share/interpreter/linkResolver.cpp, line 758]

VM Operations (20 events):
Event: 0.918 Executing VM operation: ICBufferFull done
Event: 0.947 Executing VM operation: HandshakeAllThreads
Event: 0.947 Executing VM operation: HandshakeAllThreads done
Event: 0.988 Executing VM operation: ParallelGCFailedAllocation
Event: 0.993 Executing VM operation: ParallelGCFailedAllocation done
Event: 1.002 Executing VM operation: HandshakeAllThreads
Event: 1.002 Executing VM operation: HandshakeAllThreads done
Event: 1.035 Executing VM operation: HandshakeAllThreads
Event: 1.035 Executing VM operation: HandshakeAllThreads done
Event: 1.047 Executing VM operation: HandshakeAllThreads
Event: 1.047 Executing VM operation: HandshakeAllThreads done
Event: 1.246 Executing VM operation: HandshakeAllThreads
Event: 1.246 Executing VM operation: HandshakeAllThreads done
Event: 1.282 Executing VM operation: ParallelGCFailedAllocation
Event: 1.288 Executing VM operation: ParallelGCFailedAllocation done
Event: 1.594 Executing VM operation: ICBufferFull
Event: 1.594 Executing VM operation: ICBufferFull done
Event: 1.656 Executing VM operation: ParallelGCFailedAllocation
Event: 1.659 Executing VM operation: ParallelGCFailedAllocation done
Event: 1.660 Executing VM operation: CollectForMetadataAllocation

Events (20 events):
Event: 1.615 loading class java/time/format/DateTimeTextProvider
Event: 1.616 loading class java/time/format/DateTimeTextProvider done
Event: 1.616 loading class java/time/format/DateTimeTextProvider$1
Event: 1.616 loading class java/time/format/DateTimeTextProvider$1 done
Event: 1.616 loading class java/time/format/DateTimeFormatterBuilder$1
Event: 1.616 loading class java/time/format/DateTimeFormatterBuilder$1 done
Event: 1.616 loading class java/time/format/DateTimeFormatterBuilder$TextPrinterParser
Event: 1.616 loading class java/time/format/DateTimeFormatterBuilder$TextPrinterParser done
Event: 1.616 loading class java/time/Period
Event: 1.616 loading class java/time/chrono/ChronoPeriod
Event: 1.616 loading class java/time/chrono/ChronoPeriod done
Event: 1.616 loading class java/time/Period done
Event: 1.633 loading class java/util/concurrent/TimeoutException
Event: 1.633 loading class java/util/concurrent/TimeoutException done
Event: 1.636 loading class java/lang/invoke/MethodHandle$1
Event: 1.636 loading class java/lang/invoke/MethodHandle$1 done
Event: 1.641 Thread 0x00007fd68c259b00 Thread added: 0x00007fd68c259b00
Event: 1.641 Protecting memory [0x00007fd6e59fc000,0x00007fd6e5a00000] with protection modes 0
Event: 1.650 loading class java/net/URISyntaxException
Event: 1.650 loading class java/net/URISyntaxException done


Dynamic libraries:
c0000000-c4300000 rw-p 00000000 00:00 0 
c4300000-eab00000 ---p 00000000 00:00 0 
eab00000-ece00000 rw-p 00000000 00:00 0 
ece00000-100000000 ---p 00000000 00:00 0 
100000000-100010000 rw-p 00000000 00:00 0 
100010000-100030000 rw-p 00000000 00:00 0 
100030000-1000b0000 rw-p 00000000 00:00 0 
1000b0000-1000d0000 rw-p 00000000 00:00 0 
1000d0000-100130000 rw-p 00000000 00:00 0 
100130000-100170000 rw-p 00000000 00:00 0 
100170000-1001f0000 rw-p 00000000 00:00 0 
1001f0000-100200000 ---p 00000000 00:00 0 
100200000-100250000 rw-p 00000000 00:00 0 
100250000-140000000 ---p 00000000 00:00 0 
5648ffddc000-5648ffddd000 r--p 00000000 103:05 5384145                   /home/emmanuel/.vscode/extensions/redhat.java-1.23.0-linux-x64/jre/17.0.8.1-linux-x86_64/bin/java
5648ffddd000-5648ffdde000 r-xp 00001000 103:05 5384145                   /home/emmanuel/.vscode/extensions/redhat.java-1.23.0-linux-x64/jre/17.0.8.1-linux-x86_64/bin/java
5648ffdde000-5648ffddf000 r--p 00002000 103:05 5384145                   /home/emmanuel/.vscode/extensions/redhat.java-1.23.0-linux-x64/jre/17.0.8.1-linux-x86_64/bin/java
5648ffddf000-5648ffde0000 r--p 00002000 103:05 5384145                   /home/emmanuel/.vscode/extensions/redhat.java-1.23.0-linux-x64/jre/17.0.8.1-linux-x86_64/bin/java
5648ffde0000-5648ffde1000 rw-p 00003000 103:05 5384145                   /home/emmanuel/.vscode/extensions/redhat.java-1.23.0-linux-x64/jre/17.0.8.1-linux-x86_64/bin/java
564900163000-5649001ab000 rw-p 00000000 00:00 0                          [heap]
7fd670000000-7fd670021000 rw-p 00000000 00:00 0 
7fd670021000-7fd674000000 ---p 00000000 00:00 0 
7fd674000000-7fd674021000 rw-p 00000000 00:00 0 
7fd674021000-7fd678000000 ---p 00000000 00:00 0 
7fd678000000-7fd678021000 rw-p 00000000 00:00 0 
7fd678021000-7fd67c000000 ---p 00000000 00:00 0 
7fd67c000000-7fd67c021000 rw-p 00000000 00:00 0 
7fd67c021000-7fd680000000 ---p 00000000 00:00 0 
7fd680000000-7fd680021000 rw-p 00000000 00:00 0 
7fd680021000-7fd684000000 ---p 00000000 00:00 0 
7fd684000000-7fd684021000 rw-p 00000000 00:00 0 
7fd684021000-7fd688000000 ---p 00000000 00:00 0 
7fd688000000-7fd688021000 rw-p 00000000 00:00 0 
7fd688021000-7fd68c000000 ---p 00000000 00:00 0 
7fd68c000000-7fd68c52f000 rw-p 00000000 00:00 0 
7fd68c52f000-7fd690000000 ---p 00000000 00:00 0 
7fd690000000-7fd690021000 rw-p 00000000 00:00 0 
7fd690021000-7fd694000000 ---p 00000000 00:00 0 
7fd694000000-7fd694021000 rw-p 00000000 00:00 0 
7fd694021000-7fd698000000 ---p 00000000 00:00 0 
7fd698000000-7fd698021000 rw-p 00000000 00:00 0 
7fd698021000-7fd69c000000 ---p 00000000 00:00 0 
7fd69c000000-7fd69c021000 rw-p 00000000 00:00 0 
7fd69c021000-7fd6a0000000 ---p 00000000 00:00 0 
7fd6a0000000-7fd6a0021000 rw-p 00000000 00:00 0 
7fd6a0021000-7fd6a4000000 ---p 00000000 00:00 0 
7fd6a4000000-7fd6a4021000 rw-p 00000000 00:00 0 
7fd6a4021000-7fd6a8000000 ---p 00000000 00:00 0 
7fd6a8000000-7fd6a8366000 rw-p 00000000 00:00 0 
7fd6a8366000-7fd6ac000000 ---p 00000000 00:00 0 
7fd6ac000000-7fd6ac021000 rw-p 00000000 00:00 0 
7fd6ac021000-7fd6b0000000 ---p 00000000 00:00 0 
7fd6b0000000-7fd6b0021000 rw-p 00000000 00:00 0 
7fd6b0021000-7fd6b4000000 ---p 00000000 00:00 0 
7fd6b4000000-7fd6b4021000 rw-p 00000000 00:00 0 
7fd6b4021000-7fd6b8000000 ---p 00000000 00:00 0 
7fd6b8000000-7fd6b8021000 rw-p 00000000 00:00 0 
7fd6b8021000-7fd6bc000000 ---p 00000000 00:00 0 
7fd6bc000000-7fd6bc45f000 rw-p 00000000 00:00 0 
7fd6bc45f000-7fd6c0000000 ---p 00000000 00:00 0 
7fd6c0000000-7fd6c025c000 rw-p 00000000 00:00 0 
7fd6c025c000-7fd6c4000000 ---p 00000000 00:00 0 
7fd6c4000000-7fd6c4021000 rw-p 00000000 00:00 0 
7fd6c4021000-7fd6c8000000 ---p 00000000 00:00 0 
7fd6c8000000-7fd6c8021000 rw-p 00000000 00:00 0 
7fd6c8021000-7fd6cc000000 ---p 00000000 00:00 0 
7fd6cc000000-7fd6cc46c000 rw-p 00000000 00:00 0 
7fd6cc46c000-7fd6d0000000 ---p 00000000 00:00 0 
7fd6d0000000-7fd6d0021000 rw-p 00000000 00:00 0 
7fd6d0021000-7fd6d4000000 ---p 00000000 00:00 0 
7fd6d4000000-7fd6d4021000 rw-p 00000000 00:00 0 
7fd6d4021000-7fd6d8000000 ---p 00000000 00:00 0 
7fd6d8000000-7fd6d8021000 rw-p 00000000 00:00 0 
7fd6d8021000-7fd6dc000000 ---p 00000000 00:00 0 
7fd6dc000000-7fd6dc021000 rw-p 00000000 00:00 0 
7fd6dc021000-7fd6e0000000 ---p 00000000 00:00 0 
7fd6e0000000-7fd6e0021000 rw-p 00000000 00:00 0 
7fd6e0021000-7fd6e4000000 ---p 00000000 00:00 0 
7fd6e560e000-7fd6e59fc000 rw-p 00000000 00:00 0 
7fd6e59fc000-7fd6e5a00000 ---p 00000000 00:00 0 
7fd6e5a00000-7fd6e5afc000 rw-p 00000000 00:00 0 
7fd6e5afc000-7fd6e5b00000 ---p 00000000 00:00 0 
7fd6e5b00000-7fd6e5bfc000 rw-p 00000000 00:00 0 
7fd6e5bfc000-7fd6e5c00000 ---p 00000000 00:00 0 
7fd6e5c00000-7fd6e5cfc000 rw-p 00000000 00:00 0 
7fd6e5cfc000-7fd6e5d00000 ---p 00000000 00:00 0 
7fd6e5d00000-7fd6e5dfc000 rw-p 00000000 00:00 0 
7fd6e5dfc000-7fd6e5dfd000 ---p 00000000 00:00 0 
7fd6e5dfd000-7fd6e5efe000 rw-p 00000000 00:00 0 
7fd6e5efe000-7fd6e5eff000 ---p 00000000 00:00 0 
7fd6e5eff000-7fd6e6000000 rw-p 00000000 00:00 0 
7fd6e6000000-7fd6e6010000 r-xp 00000000 103:05 5384788                   /home/emmanuel/.config/Code/User/globalStorage/redhat.java/1.23.0/config_linux/org.eclipse.equinox.launcher/org.eclipse.equinox.launcher.gtk.linux.x86_64_1.2.700.v20221108-1024/eclipse_11801.so
7fd6e6010000-7fd6e620f000 ---p 00010000 103:05 5384788                   /home/emmanuel/.config/Code/User/globalStorage/redhat.java/1.23.0/config_linux/org.eclipse.equinox.launcher/org.eclipse.equinox.launcher.gtk.linux.x86_64_1.2.700.v20221108-1024/eclipse_11801.so
7fd6e620f000-7fd6e6210000 r--p 0000f000 103:05 5384788                   /home/emmanuel/.config/Code/User/globalStorage/redhat.java/1.23.0/config_linux/org.eclipse.equinox.launcher/org.eclipse.equinox.launcher.gtk.linux.x86_64_1.2.700.v20221108-1024/eclipse_11801.so
7fd6e6210000-7fd6e6211000 rw-p 00010000 103:05 5384788                   /home/emmanuel/.config/Code/User/globalStorage/redhat.java/1.23.0/config_linux/org.eclipse.equinox.launcher/org.eclipse.equinox.launcher.gtk.linux.x86_64_1.2.700.v20221108-1024/eclipse_11801.so
7fd6e6211000-7fd6e6212000 rw-p 00000000 00:00 0 
7fd6e62f4000-7fd6e62f8000 ---p 00000000 00:00 0 
7fd6e62f8000-7fd6e63f4000 rw-p 00000000 00:00 0 
7fd6e63f4000-7fd6e63f8000 ---p 00000000 00:00 0 
7fd6e63f8000-7fd6e64f4000 rw-p 00000000 00:00 0 
7fd6e64f4000-7fd6e64f8000 ---p 00000000 00:00 0 
7fd6e64f8000-7fd6e65f4000 rw-p 00000000 00:00 0 
7fd6e65f4000-7fd6e65f5000 ---p 00000000 00:00 0 
7fd6e65f5000-7fd6e66f6000 rw-p 00000000 00:00 0 
7fd6e66f6000-7fd6e66f7000 ---p 00000000 00:00 0 
7fd6e66f7000-7fd6e67f8000 rw-p 00000000 00:00 0 
7fd6e67f8000-7fd6e67f9000 ---p 00000000 00:00 0 
7fd6e67f9000-7fd6e68fa000 rw-p 00000000 00:00 0 
7fd6e68fa000-7fd6e68fb000 ---p 00000000 00:00 0 
7fd6e68fb000-7fd6e69fc000 rw-p 00000000 00:00 0 
7fd6e69fc000-7fd6e69fd000 ---p 00000000 00:00 0 
7fd6e69fd000-7fd6e6afe000 rw-p 00000000 00:00 0 
7fd6e6afe000-7fd6e6b02000 ---p 00000000 00:00 0 
7fd6e6b02000-7fd6e6bfe000 rw-p 00000000 00:00 0 
7fd6e6bfe000-7fd6e6bff000 ---p 00000000 00:00 0 
7fd6e6bff000-7fd6e6d00000 rw-p 00000000 00:00 0 
7fd6e6d00000-7fd6e6d04000 ---p 00000000 00:00 0 
7fd6e6d04000-7fd6e6e00000 rw-p 00000000 00:00 0 
7fd6e6e00000-7fd6e6e04000 ---p 00000000 00:00 0 
7fd6e6e04000-7fd6e6f00000 rw-p 00000000 00:00 0 
7fd6e6f00000-7fd6e6f04000 ---p 00000000 00:00 0 
7fd6e6f04000-7fd6e7000000 rw-p 00000000 00:00 0 
7fd6e7000000-7fd6e7004000 ---p 00000000 00:00 0 
7fd6e7004000-7fd6e7100000 rw-p 00000000 00:00 0 
7fd6e7100000-7fd6e7104000 ---p 00000000 00:00 0 
7fd6e7104000-7fd6e7200000 rw-p 00000000 00:00 0 
7fd6e7200000-7fd6e7204000 ---p 00000000 00:00 0 
7fd6e7204000-7fd6e7300000 rw-p 00000000 00:00 0 
7fd6e7300000-7fd6e7304000 ---p 00000000 00:00 0 
7fd6e7304000-7fd6e7400000 rw-p 00000000 00:00 0 
7fd6e7400000-7fd6e7404000 ---p 00000000 00:00 0 
7fd6e7404000-7fd6e7500000 rw-p 00000000 00:00 0 
7fd6e7500000-7fd6e7504000 ---p 00000000 00:00 0 
7fd6e7504000-7fd6e7600000 rw-p 00000000 00:00 0 
7fd6e7600000-7fd6e7b73000 r--p 00000000 103:05 4329506                   /usr/lib/locale/locale-archive
7fd6e7bfd000-7fd6e7c01000 ---p 00000000 00:00 0 
7fd6e7c01000-7fd6e7cfd000 rw-p 00000000 00:00 0 
7fd6e7cfd000-7fd6e7d01000 ---p 00000000 00:00 0 
7fd6e7d01000-7fd6e7dfd000 rw-p 00000000 00:00 0 
7fd6e7dfd000-7fd6e7dfe000 ---p 00000000 00:00 0 
7fd6e7dfe000-7fd6e83f0000 rw-p 00000000 00:00 0 
7fd6e83f0000-7fd6e8450000 rw-p 00000000 00:00 0 
7fd6e8450000-7fd6e8470000 rw-p 00000000 00:00 0 
7fd6e8470000-7fd6e84f0000 rw-p 00000000 00:00 0 
7fd6e84f0000-7fd6e87f0000 rw-p 00000000 00:00 0 
7fd6e87f0000-7fd6e88f0000 rw-p 00000000 00:00 0 
7fd6e88f0000-7fd6e8b70000 rw-p 00000000 00:00 0 
7fd6e8b70000-7fd6e8bf0000 rw-p 00000000 00:00 0 
7fd6e8bf0000-7fd6e8cf0000 rw-p 00000000 00:00 0 
7fd6e8cf0000-7fd6e8df0000 rw-p 00000000 00:00 0 
7fd6e8df0000-7fd6e8ef0000 rw-p 00000000 00:00 0 
7fd6e8ef0000-7fd6e8ff0000 rw-p 00000000 00:00 0 
7fd6e8ff0000-7fd6e9170000 rw-p 00000000 00:00 0 
7fd6e9170000-7fd6e91d0000 rw-p 00000000 00:00 0 
7fd6e91d0000-7fd6e9200000 ---p 00000000 00:00 0 
7fd6e9200000-7fd6e92f0000 rw-p 00000000 00:00 0 
7fd6e92f0000-7fd6ec000000 ---p 00000000 00:00 0 
7fd6ec000000-7fd6ec021000 rw-p 00000000 00:00 0 
7fd6ec021000-7fd6f0000000 ---p 00000000 00:00 0 
7fd6f00ff000-7fd6f2200000 rw-p 00000000 00:00 0 
7fd6f2200000-7fd6f2740000 rwxp 00000000 00:00 0 
7fd6f2740000-7fd6f9737000 ---p 00000000 00:00 0 
7fd6f9737000-7fd6f99a7000 rwxp 00000000 00:00 0 
7fd6f99a7000-7fd6f9cc9000 ---p 00000000 00:00 0 
7fd6f9cc9000-7fd6f9f39000 rwxp 00000000 00:00 0 
7fd6f9f39000-7fd701200000 ---p 00000000 00:00 0 
7fd701200000-7fd703e1b000 r--s 00000000 103:05 5384551                   /home/emmanuel/.vscode/extensions/redhat.java-1.23.0-linux-x64/jre/17.0.8.1-linux-x86_64/lib/modules
7fd703eff000-7fd704000000 rw-p 00000000 00:00 0 
7fd704000000-7fd704623000 rw-p 00000000 00:00 0 
7fd704623000-7fd708000000 ---p 00000000 00:00 0 
7fd7080cd000-7fd7080d4000 r--s 00000000 103:05 4327898                   /usr/lib/x86_64-linux-gnu/gconv/gconv-modules.cache
7fd7080d4000-7fd7080d8000 ---p 00000000 00:00 0 
7fd7080d8000-7fd709c0c000 rw-p 00000000 00:00 0 
7fd709c0c000-7fd709d40000 ---p 00000000 00:00 0 
7fd709d40000-7fd709d41000 ---p 00000000 00:00 0 
7fd709d41000-7fd709e64000 rw-p 00000000 00:00 0 
7fd709e64000-7fd709f97000 ---p 00000000 00:00 0 
7fd709f97000-7fd709fa9000 rw-p 00000000 00:00 0 
7fd709fa9000-7fd70a042000 ---p 00000000 00:00 0 
7fd70a042000-7fd70a048000 rw-p 00000000 00:00 0 
7fd70a048000-7fd70a12e000 ---p 00000000 00:00 0 
7fd70a12e000-7fd70a139000 rw-p 00000000 00:00 0 
7fd70a139000-7fd70a219000 ---p 00000000 00:00 0 
7fd70a219000-7fd70a21d000 ---p 00000000 00:00 0 
7fd70a21d000-7fd70a319000 rw-p 00000000 00:00 0 
7fd70a319000-7fd70a327000 r--p 00000000 103:05 4327526                   /usr/lib/x86_64-linux-gnu/libm.so.6
7fd70a327000-7fd70a3a3000 r-xp 0000e000 103:05 4327526                   /usr/lib/x86_64-linux-gnu/libm.so.6
7fd70a3a3000-7fd70a3fe000 r--p 0008a000 103:05 4327526                   /usr/lib/x86_64-linux-gnu/libm.so.6
7fd70a3fe000-7fd70a3ff000 r--p 000e4000 103:05 4327526                   /usr/lib/x86_64-linux-gnu/libm.so.6
7fd70a3ff000-7fd70a400000 rw-p 000e5000 103:05 4327526                   /usr/lib/x86_64-linux-gnu/libm.so.6
7fd70a400000-7fd70a653000 r--p 00000000 103:05 5384561                   /home/emmanuel/.vscode/extensions/redhat.java-1.23.0-linux-x64/jre/17.0.8.1-linux-x86_64/lib/server/libjvm.so
7fd70a653000-7fd70b375000 r-xp 00253000 103:05 5384561                   /home/emmanuel/.vscode/extensions/redhat.java-1.23.0-linux-x64/jre/17.0.8.1-linux-x86_64/lib/server/libjvm.so
7fd70b375000-7fd70b602000 r--p 00f75000 103:05 5384561                   /home/emmanuel/.vscode/extensions/redhat.java-1.23.0-linux-x64/jre/17.0.8.1-linux-x86_64/lib/server/libjvm.so
7fd70b602000-7fd70b6bb000 r--p 01201000 103:05 5384561                   /home/emmanuel/.vscode/extensions/redhat.java-1.23.0-linux-x64/jre/17.0.8.1-linux-x86_64/lib/server/libjvm.so
7fd70b6bb000-7fd70b6f0000 rw-p 012ba000 103:05 5384561                   /home/emmanuel/.vscode/extensions/redhat.java-1.23.0-linux-x64/jre/17.0.8.1-linux-x86_64/lib/server/libjvm.so
7fd70b6f0000-7fd70b74a000 rw-p 00000000 00:00 0 
7fd70b74d000-7fd70b751000 r--p 00000000 103:05 5384549                   /home/emmanuel/.vscode/extensions/redhat.java-1.23.0-linux-x64/jre/17.0.8.1-linux-x86_64/lib/libverify.so
7fd70b751000-7fd70b758000 r-xp 00004000 103:05 5384549                   /home/emmanuel/.vscode/extensions/redhat.java-1.23.0-linux-x64/jre/17.0.8.1-linux-x86_64/lib/libverify.so
7fd70b758000-7fd70b75a000 r--p 0000b000 103:05 5384549                   /home/emmanuel/.vscode/extensions/redhat.java-1.23.0-linux-x64/jre/17.0.8.1-linux-x86_64/lib/libverify.so
7fd70b75a000-7fd70b75c000 r--p 0000c000 103:05 5384549                   /home/emmanuel/.vscode/extensions/redhat.java-1.23.0-linux-x64/jre/17.0.8.1-linux-x86_64/lib/libverify.so
7fd70b75c000-7fd70b75d000 rw-p 0000e000 103:05 5384549                   /home/emmanuel/.vscode/extensions/redhat.java-1.23.0-linux-x64/jre/17.0.8.1-linux-x86_64/lib/libverify.so
7fd70b75d000-7fd70b761000 r--p 00000000 103:05 5384542                   /home/emmanuel/.vscode/extensions/redhat.java-1.23.0-linux-x64/jre/17.0.8.1-linux-x86_64/lib/libnet.so
7fd70b761000-7fd70b76f000 r-xp 00004000 103:05 5384542                   /home/emmanuel/.vscode/extensions/redhat.java-1.23.0-linux-x64/jre/17.0.8.1-linux-x86_64/lib/libnet.so
7fd70b76f000-7fd70b773000 r--p 00012000 103:05 5384542                   /home/emmanuel/.vscode/extensions/redhat.java-1.23.0-linux-x64/jre/17.0.8.1-linux-x86_64/lib/libnet.so
7fd70b773000-7fd70b774000 r--p 00015000 103:05 5384542                   /home/emmanuel/.vscode/extensions/redhat.java-1.23.0-linux-x64/jre/17.0.8.1-linux-x86_64/lib/libnet.so
7fd70b774000-7fd70b775000 rw-p 00016000 103:05 5384542                   /home/emmanuel/.vscode/extensions/redhat.java-1.23.0-linux-x64/jre/17.0.8.1-linux-x86_64/lib/libnet.so
7fd70b775000-7fd70b77c000 r--p 00000000 103:05 5384543                   /home/emmanuel/.vscode/extensions/redhat.java-1.23.0-linux-x64/jre/17.0.8.1-linux-x86_64/lib/libnio.so
7fd70b77c000-7fd70b785000 r-xp 00007000 103:05 5384543                   /home/emmanuel/.vscode/extensions/redhat.java-1.23.0-linux-x64/jre/17.0.8.1-linux-x86_64/lib/libnio.so
7fd70b785000-7fd70b789000 r--p 00010000 103:05 5384543                   /home/emmanuel/.vscode/extensions/redhat.java-1.23.0-linux-x64/jre/17.0.8.1-linux-x86_64/lib/libnio.so
7fd70b789000-7fd70b78a000 ---p 00014000 103:05 5384543                   /home/emmanuel/.vscode/extensions/redhat.java-1.23.0-linux-x64/jre/17.0.8.1-linux-x86_64/lib/libnio.so
7fd70b78a000-7fd70b78b000 r--p 00014000 103:05 5384543                   /home/emmanuel/.vscode/extensions/redhat.java-1.23.0-linux-x64/jre/17.0.8.1-linux-x86_64/lib/libnio.so
7fd70b78b000-7fd70b78c000 rw-p 00015000 103:05 5384543                   /home/emmanuel/.vscode/extensions/redhat.java-1.23.0-linux-x64/jre/17.0.8.1-linux-x86_64/lib/libnio.so
7fd70b78c000-7fd70b78e000 r--p 00000000 103:05 5384550                   /home/emmanuel/.vscode/extensions/redhat.java-1.23.0-linux-x64/jre/17.0.8.1-linux-x86_64/lib/libzip.so
7fd70b78e000-7fd70b792000 r-xp 00002000 103:05 5384550                   /home/emmanuel/.vscode/extensions/redhat.java-1.23.0-linux-x64/jre/17.0.8.1-linux-x86_64/lib/libzip.so
7fd70b792000-7fd70b794000 r--p 00006000 103:05 5384550                   /home/emmanuel/.vscode/extensions/redhat.java-1.23.0-linux-x64/jre/17.0.8.1-linux-x86_64/lib/libzip.so
7fd70b794000-7fd70b795000 r--p 00007000 103:05 5384550                   /home/emmanuel/.vscode/extensions/redhat.java-1.23.0-linux-x64/jre/17.0.8.1-linux-x86_64/lib/libzip.so
7fd70b795000-7fd70b796000 rw-p 00008000 103:05 5384550                   /home/emmanuel/.vscode/extensions/redhat.java-1.23.0-linux-x64/jre/17.0.8.1-linux-x86_64/lib/libzip.so
7fd70b796000-7fd70b7d7000 rw-p 00000000 00:00 0 
7fd70b7d7000-7fd70b7e4000 r--p 00000000 103:05 5384529                   /home/emmanuel/.vscode/extensions/redhat.java-1.23.0-linux-x64/jre/17.0.8.1-linux-x86_64/lib/libjava.so
7fd70b7e4000-7fd70b7f6000 r-xp 0000d000 103:05 5384529                   /home/emmanuel/.vscode/extensions/redhat.java-1.23.0-linux-x64/jre/17.0.8.1-linux-x86_64/lib/libjava.so
7fd70b7f6000-7fd70b7fc000 r--p 0001f000 103:05 5384529                   /home/emmanuel/.vscode/extensions/redhat.java-1.23.0-linux-x64/jre/17.0.8.1-linux-x86_64/lib/libjava.so
7fd70b7fc000-7fd70b7fd000 ---p 00025000 103:05 5384529                   /home/emmanuel/.vscode/extensions/redhat.java-1.23.0-linux-x64/jre/17.0.8.1-linux-x86_64/lib/libjava.so
7fd70b7fd000-7fd70b7fe000 r--p 00025000 103:05 5384529                   /home/emmanuel/.vscode/extensions/redhat.java-1.23.0-linux-x64/jre/17.0.8.1-linux-x86_64/lib/libjava.so
7fd70b7fe000-7fd70b7ff000 rw-p 00026000 103:05 5384529                   /home/emmanuel/.vscode/extensions/redhat.java-1.23.0-linux-x64/jre/17.0.8.1-linux-x86_64/lib/libjava.so
7fd70b7ff000-7fd70b800000 rw-p 00000000 00:00 0 
7fd70b800000-7fd70b828000 r--p 00000000 103:05 4327521                   /usr/lib/x86_64-linux-gnu/libc.so.6
7fd70b828000-7fd70b9bd000 r-xp 00028000 103:05 4327521                   /usr/lib/x86_64-linux-gnu/libc.so.6
7fd70b9bd000-7fd70ba15000 r--p 001bd000 103:05 4327521                   /usr/lib/x86_64-linux-gnu/libc.so.6
7fd70ba15000-7fd70ba19000 r--p 00214000 103:05 4327521                   /usr/lib/x86_64-linux-gnu/libc.so.6
7fd70ba19000-7fd70ba1b000 rw-p 00218000 103:05 4327521                   /usr/lib/x86_64-linux-gnu/libc.so.6
7fd70ba1b000-7fd70ba28000 rw-p 00000000 00:00 0 
7fd70ba28000-7fd70ba41000 rw-p 00000000 00:00 0 
7fd70ba41000-7fd70ba48000 ---p 00000000 00:00 0 
7fd70ba48000-7fd70ba50000 rw-s 00000000 103:05 395482                    /tmp/hsperfdata_emmanuel/19133
7fd70ba50000-7fd70ba54000 r--p 00000000 103:05 5384533                   /home/emmanuel/.vscode/extensions/redhat.java-1.23.0-linux-x64/jre/17.0.8.1-linux-x86_64/lib/libjimage.so
7fd70ba54000-7fd70ba67000 r-xp 00004000 103:05 5384533                   /home/emmanuel/.vscode/extensions/redhat.java-1.23.0-linux-x64/jre/17.0.8.1-linux-x86_64/lib/libjimage.so
7fd70ba67000-7fd70ba6d000 r--p 00017000 103:05 5384533                   /home/emmanuel/.vscode/extensions/redhat.java-1.23.0-linux-x64/jre/17.0.8.1-linux-x86_64/lib/libjimage.so
7fd70ba6d000-7fd70ba6f000 r--p 0001c000 103:05 5384533                   /home/emmanuel/.vscode/extensions/redhat.java-1.23.0-linux-x64/jre/17.0.8.1-linux-x86_64/lib/libjimage.so
7fd70ba6f000-7fd70ba70000 rw-p 0001e000 103:05 5384533                   /home/emmanuel/.vscode/extensions/redhat.java-1.23.0-linux-x64/jre/17.0.8.1-linux-x86_64/lib/libjimage.so
7fd70ba70000-7fd70ba71000 r--p 00000000 103:05 4327567                   /usr/lib/x86_64-linux-gnu/librt.so.1
7fd70ba71000-7fd70ba72000 r-xp 00001000 103:05 4327567                   /usr/lib/x86_64-linux-gnu/librt.so.1
7fd70ba72000-7fd70ba73000 r--p 00002000 103:05 4327567                   /usr/lib/x86_64-linux-gnu/librt.so.1
7fd70ba73000-7fd70ba74000 r--p 00002000 103:05 4327567                   /usr/lib/x86_64-linux-gnu/librt.so.1
7fd70ba74000-7fd70ba75000 rw-p 00003000 103:05 4327567                   /usr/lib/x86_64-linux-gnu/librt.so.1
7fd70ba75000-7fd70ba79000 rw-p 00000000 00:00 0 
7fd70ba79000-7fd70ba7a000 r--p 00000000 103:05 4327524                   /usr/lib/x86_64-linux-gnu/libdl.so.2
7fd70ba7a000-7fd70ba7b000 r-xp 00001000 103:05 4327524                   /usr/lib/x86_64-linux-gnu/libdl.so.2
7fd70ba7b000-7fd70ba7c000 r--p 00002000 103:05 4327524                   /usr/lib/x86_64-linux-gnu/libdl.so.2
7fd70ba7c000-7fd70ba7d000 r--p 00002000 103:05 4327524                   /usr/lib/x86_64-linux-gnu/libdl.so.2
7fd70ba7d000-7fd70ba7e000 rw-p 00003000 103:05 4327524                   /usr/lib/x86_64-linux-gnu/libdl.so.2
7fd70ba7e000-7fd70ba7f000 r--p 00000000 103:05 4327560                   /usr/lib/x86_64-linux-gnu/libpthread.so.0
7fd70ba7f000-7fd70ba80000 r-xp 00001000 103:05 4327560                   /usr/lib/x86_64-linux-gnu/libpthread.so.0
7fd70ba80000-7fd70ba81000 r--p 00002000 103:05 4327560                   /usr/lib/x86_64-linux-gnu/libpthread.so.0
7fd70ba81000-7fd70ba82000 r--p 00002000 103:05 4327560                   /usr/lib/x86_64-linux-gnu/libpthread.so.0
7fd70ba82000-7fd70ba83000 rw-p 00003000 103:05 4327560                   /usr/lib/x86_64-linux-gnu/libpthread.so.0
7fd70ba83000-7fd70ba86000 r--p 00000000 103:05 5384534                   /home/emmanuel/.vscode/extensions/redhat.java-1.23.0-linux-x64/jre/17.0.8.1-linux-x86_64/lib/libjli.so
7fd70ba86000-7fd70ba90000 r-xp 00003000 103:05 5384534                   /home/emmanuel/.vscode/extensions/redhat.java-1.23.0-linux-x64/jre/17.0.8.1-linux-x86_64/lib/libjli.so
7fd70ba90000-7fd70ba93000 r--p 0000d000 103:05 5384534                   /home/emmanuel/.vscode/extensions/redhat.java-1.23.0-linux-x64/jre/17.0.8.1-linux-x86_64/lib/libjli.so
7fd70ba93000-7fd70ba94000 ---p 00010000 103:05 5384534                   /home/emmanuel/.vscode/extensions/redhat.java-1.23.0-linux-x64/jre/17.0.8.1-linux-x86_64/lib/libjli.so
7fd70ba94000-7fd70ba95000 r--p 00010000 103:05 5384534                   /home/emmanuel/.vscode/extensions/redhat.java-1.23.0-linux-x64/jre/17.0.8.1-linux-x86_64/lib/libjli.so
7fd70ba95000-7fd70ba96000 rw-p 00011000 103:05 5384534                   /home/emmanuel/.vscode/extensions/redhat.java-1.23.0-linux-x64/jre/17.0.8.1-linux-x86_64/lib/libjli.so
7fd70ba96000-7fd70ba98000 r--p 00000000 103:05 4353575                   /usr/lib/x86_64-linux-gnu/libz.so.1.2.11
7fd70ba98000-7fd70baa9000 r-xp 00002000 103:05 4353575                   /usr/lib/x86_64-linux-gnu/libz.so.1.2.11
7fd70baa9000-7fd70baaf000 r--p 00013000 103:05 4353575                   /usr/lib/x86_64-linux-gnu/libz.so.1.2.11
7fd70baaf000-7fd70bab0000 ---p 00019000 103:05 4353575                   /usr/lib/x86_64-linux-gnu/libz.so.1.2.11
7fd70bab0000-7fd70bab1000 r--p 00019000 103:05 4353575                   /usr/lib/x86_64-linux-gnu/libz.so.1.2.11
7fd70bab1000-7fd70bab2000 rw-p 0001a000 103:05 4353575                   /usr/lib/x86_64-linux-gnu/libz.so.1.2.11
7fd70bab6000-7fd70bab8000 r--p 00000000 103:05 5384524                   /home/emmanuel/.vscode/extensions/redhat.java-1.23.0-linux-x64/jre/17.0.8.1-linux-x86_64/lib/libinstrument.so
7fd70bab8000-7fd70babe000 r-xp 00002000 103:05 5384524                   /home/emmanuel/.vscode/extensions/redhat.java-1.23.0-linux-x64/jre/17.0.8.1-linux-x86_64/lib/libinstrument.so
7fd70babe000-7fd70bac1000 r--p 00008000 103:05 5384524                   /home/emmanuel/.vscode/extensions/redhat.java-1.23.0-linux-x64/jre/17.0.8.1-linux-x86_64/lib/libinstrument.so
7fd70bac1000-7fd70bac2000 r--p 0000a000 103:05 5384524                   /home/emmanuel/.vscode/extensions/redhat.java-1.23.0-linux-x64/jre/17.0.8.1-linux-x86_64/lib/libinstrument.so
7fd70bac2000-7fd70bac3000 rw-p 0000b000 103:05 5384524                   /home/emmanuel/.vscode/extensions/redhat.java-1.23.0-linux-x64/jre/17.0.8.1-linux-x86_64/lib/libinstrument.so
7fd70bac3000-7fd70bac4000 ---p 00000000 00:00 0 
7fd70bac4000-7fd70bac5000 r--p 00000000 00:00 0 
7fd70bac5000-7fd70bac7000 rw-p 00000000 00:00 0 
7fd70bac7000-7fd70bac9000 r--p 00000000 103:05 4327516                   /usr/lib/x86_64-linux-gnu/ld-linux-x86-64.so.2
7fd70bac9000-7fd70baf3000 r-xp 00002000 103:05 4327516                   /usr/lib/x86_64-linux-gnu/ld-linux-x86-64.so.2
7fd70baf3000-7fd70bafe000 r--p 0002c000 103:05 4327516                   /usr/lib/x86_64-linux-gnu/ld-linux-x86-64.so.2
7fd70bafe000-7fd70baff000 ---p 00000000 00:00 0 
7fd70baff000-7fd70bb01000 r--p 00037000 103:05 4327516                   /usr/lib/x86_64-linux-gnu/ld-linux-x86-64.so.2
7fd70bb01000-7fd70bb03000 rw-p 00039000 103:05 4327516                   /usr/lib/x86_64-linux-gnu/ld-linux-x86-64.so.2
7ffd00630000-7ffd00652000 rw-p 00000000 00:00 0                          [stack]
7ffd006ca000-7ffd006ce000 r--p 00000000 00:00 0                          [vvar]
7ffd006ce000-7ffd006d0000 r-xp 00000000 00:00 0                          [vdso]
ffffffffff600000-ffffffffff601000 --xp 00000000 00:00 0                  [vsyscall]


VM Arguments:
jvm_args: --add-modules=ALL-SYSTEM --add-opens=java.base/java.util=ALL-UNNAMED --add-opens=java.base/java.lang=ALL-UNNAMED --add-opens=java.base/sun.nio.fs=ALL-UNNAMED -Declipse.application=org.eclipse.jdt.ls.core.id1 -Dosgi.bundles.defaultStartLevel=4 -Declipse.product=org.eclipse.jdt.ls.core.product -Djava.import.generatesMetadataFilesAtProjectRoot=false -DDetectVMInstallationsJob.disabled=true -Dfile.encoding=utf8 -XX:+UseParallelGC -XX:GCTimeRatio=4 -XX:AdaptiveSizePolicyWeight=90 -Dsun.zip.disableMemoryMapping=true -Xmx1G -Xms100m -Xlog:disable -javaagent:/home/emmanuel/.vscode/extensions/redhat.java-1.23.0-linux-x64/lombok/lombok-1.18.30.jar -XX:+HeapDumpOnOutOfMemoryError -XX:HeapDumpPath=/home/emmanuel/.config/Code/User/workspaceStorage/9cf0182d8b0822c1a4b2ba5774e2e160/redhat.java -Daether.dependencyCollector.impl=bf 
java_command: /home/emmanuel/.vscode/extensions/redhat.java-1.23.0-linux-x64/server/plugins/org.eclipse.equinox.launcher_1.6.500.v20230717-2134.jar -configuration /home/emmanuel/.config/Code/User/globalStorage/redhat.java/1.23.0/config_linux -data /home/emmanuel/.config/Code/User/workspaceStorage/9cf0182d8b0822c1a4b2ba5774e2e160/redhat.java/jdt_ws
java_class_path (initial): /home/emmanuel/.vscode/extensions/redhat.java-1.23.0-linux-x64/server/plugins/org.eclipse.equinox.launcher_1.6.500.v20230717-2134.jar
Launcher Type: SUN_STANDARD

[Global flags]
    uintx AdaptiveSizePolicyWeight                 = 90                                        {product} {command line}
     intx CICompilerCount                          = 4                                         {product} {ergonomic}
    uintx GCTimeRatio                              = 4                                         {product} {command line}
     bool HeapDumpOnOutOfMemoryError               = true                                   {manageable} {command line}
    ccstr HeapDumpPath                             = /home/emmanuel/.config/Code/User/workspaceStorage/9cf0182d8b0822c1a4b2ba5774e2e160/redhat.java         {manageable} {command line}
   size_t InitialHeapSize                          = 104857600                                 {product} {command line}
   size_t MaxHeapSize                              = 1073741824                                {product} {command line}
   size_t MaxNewSize                               = 357564416                                 {product} {ergonomic}
   size_t MinHeapDeltaBytes                        = 524288                                    {product} {ergonomic}
   size_t MinHeapSize                              = 104857600                                 {product} {command line}
   size_t NewSize                                  = 34603008                                  {product} {ergonomic}
    uintx NonNMethodCodeHeapSize                   = 5839372                                {pd product} {ergonomic}
    uintx NonProfiledCodeHeapSize                  = 122909434                              {pd product} {ergonomic}
   size_t OldSize                                  = 70254592                                  {product} {ergonomic}
    uintx ProfiledCodeHeapSize                     = 122909434                              {pd product} {ergonomic}
    uintx ReservedCodeCacheSize                    = 251658240                              {pd product} {ergonomic}
     bool SegmentedCodeCache                       = true                                      {product} {ergonomic}
   size_t SoftMaxHeapSize                          = 1073741824                             {manageable} {ergonomic}
     bool UseCompressedClassPointers               = true                           {product lp64_product} {ergonomic}
     bool UseCompressedOops                        = true                           {product lp64_product} {ergonomic}
     bool UseParallelGC                            = true                                      {product} {command line}

Logging:
Log output configuration:
 #0: stdout all=off uptime,level,tags
 #1: stderr all=off uptime,level,tags

Environment Variables:
JAVA_HOME=/usr/lib/jvm/java-17-openjdk-amd64
PATH=/usr/local/sbin:/usr/local/bin:/usr/sbin:/usr/bin:/sbin:/bin:/usr/games:/usr/local/games:/snap/bin:/snap/bin:/usr/lib/jvm/java-17-openjdk-amd64/bin
USERNAME=emmanuel
SHELL=/bin/bash
DISPLAY=:0
LANG=en_US.UTF-8
TERM=xterm-256color

Active Locale:
LC_ALL=en_US.UTF-8
LC_COLLATE=en_US.UTF-8
LC_CTYPE=en_US.UTF-8
LC_MESSAGES=en_US.UTF-8
LC_MONETARY=en_US.UTF-8
LC_NUMERIC=en_US.UTF-8
LC_TIME=en_US.UTF-8

Signal Handlers:
   SIGSEGV: crash_handler in libjvm.so, mask=11100100010111111101111111111110, flags=SA_RESTART|SA_SIGINFO, unblocked
    SIGBUS: crash_handler in libjvm.so, mask=11100100010111111101111111111110, flags=SA_RESTART|SA_SIGINFO, unblocked
    SIGFPE: crash_handler in libjvm.so, mask=11100100010111111101111111111110, flags=SA_RESTART|SA_SIGINFO, unblocked
   SIGPIPE: javaSignalHandler in libjvm.so, mask=11100100010111111101111111111110, flags=SA_RESTART|SA_SIGINFO, blocked
   SIGXFSZ: javaSignalHandler in libjvm.so, mask=11100100010111111101111111111110, flags=SA_RESTART|SA_SIGINFO, blocked
    SIGILL: crash_handler in libjvm.so, mask=11100100010111111101111111111110, flags=SA_RESTART|SA_SIGINFO, unblocked
   SIGUSR2: SR_handler in libjvm.so, mask=00000000000000000000000000000000, flags=SA_RESTART|SA_SIGINFO, blocked
    SIGHUP: UserHandler in libjvm.so, mask=11100100010111111101111111111110, flags=SA_RESTART|SA_SIGINFO, blocked
    SIGINT: UserHandler in libjvm.so, mask=11100100010111111101111111111110, flags=SA_RESTART|SA_SIGINFO, blocked
   SIGTERM: UserHandler in libjvm.so, mask=11100100010111111101111111111110, flags=SA_RESTART|SA_SIGINFO, blocked
   SIGQUIT: UserHandler in libjvm.so, mask=11100100010111111101111111111110, flags=SA_RESTART|SA_SIGINFO, blocked
   SIGTRAP: crash_handler in libjvm.so, mask=11100100010111111101111111111110, flags=SA_RESTART|SA_SIGINFO, unblocked


---------------  S Y S T E M  ---------------

OS:
DISTRIB_ID=Ubuntu
DISTRIB_RELEASE=22.04
DISTRIB_CODENAME=jammy
DISTRIB_DESCRIPTION="Ubuntu 22.04.3 LTS"
uname: Linux 6.2.0-33-generic #33~22.04.1-Ubuntu SMP PREEMPT_DYNAMIC Thu Sep  7 10:33:52 UTC 2 x86_64
OS uptime: 0 days 2:55 hours
libc: glibc 2.35 NPTL 2.35 
rlimit (soft/hard): STACK 8192k/infinity , CORE 0k/infinity , NPROC 61355/61355 , NOFILE 1048576/1048576 , AS infinity/infinity , CPU infinity/infinity , DATA infinity/infinity , FSIZE infinity/infinity , MEMLOCK 1972928k/1972928k
load average: 0.67 0.68 0.87

/proc/meminfo:
MemTotal:       15783452 kB
MemFree:         3532468 kB
MemAvailable:    8381996 kB
Buffers:          164568 kB
Cached:          8807388 kB
SwapCached:            0 kB
Active:          5914344 kB
Inactive:        5212204 kB
Active(anon):    3953084 kB
Inactive(anon):  2198264 kB
Active(file):    1961260 kB
Inactive(file):  3013940 kB
Unevictable:          96 kB
Mlocked:              96 kB
SwapTotal:       2097148 kB
SwapFree:        2097148 kB
Zswap:                 0 kB
Zswapped:              0 kB
Dirty:              1188 kB
Writeback:             0 kB
AnonPages:       2154788 kB
Mapped:          5159528 kB
Shmem:           3996756 kB
KReclaimable:     209668 kB
Slab:             408828 kB
SReclaimable:     209668 kB
SUnreclaim:       199160 kB
KernelStack:       18208 kB
PageTables:        47960 kB
SecPageTables:      7760 kB
NFS_Unstable:          0 kB
Bounce:                0 kB
WritebackTmp:          0 kB
CommitLimit:     9988872 kB
Committed_AS:   14257360 kB
VmallocTotal:   34359738367 kB
VmallocUsed:      142904 kB
VmallocChunk:          0 kB
Percpu:            16384 kB
HardwareCorrupted:     0 kB
AnonHugePages:         0 kB
ShmemHugePages:        0 kB
ShmemPmdMapped:        0 kB
FileHugePages:         0 kB
FilePmdMapped:         0 kB
HugePages_Total:       0
HugePages_Free:        0
HugePages_Rsvd:        0
HugePages_Surp:        0
Hugepagesize:       2048 kB
Hugetlb:               0 kB
DirectMap4k:      808596 kB
DirectMap2M:     9089024 kB
DirectMap1G:     7340032 kB

/sys/kernel/mm/transparent_hugepage/enabled: always [madvise] never
/sys/kernel/mm/transparent_hugepage/defrag (defrag/compaction efforts parameter): always defer defer+madvise [madvise] never

Process Memory:
Virtual Size: 4621596K (peak: 4621596K)
Resident Set Size: 127356K (peak: 127356K) (anon: 99708K, file: 27648K, shmem: 0K)
Swapped out: 0K
C-Heap outstanding allocations: 52514K, retained: 8309K
glibc malloc tunables: (default)

/proc/sys/kernel/threads-max (system-wide limit on the number of threads): 122711
/proc/sys/vm/max_map_count (maximum number of memory map areas a process may have): 65530
/proc/sys/kernel/pid_max (system-wide limit on number of process identifiers): 4194304

container (cgroup) information:
container_type: cgroupv2
cpu_cpuset_cpus: not supported
cpu_memory_nodes: not supported
active_processor_count: 8
cpu_quota: not supported
cpu_period: not supported
cpu_shares: not supported
memory_limit_in_bytes: unlimited
memory_and_swap_limit_in_bytes: unlimited
memory_soft_limit_in_bytes: unlimited
memory_usage_in_bytes: 797388 k
memory_max_usage_in_bytes: not supported
memory_swap_current_in_bytes: unlimited
memory_swap_max_limit_in_bytes: unlimited
maximum number of tasks: 18406
current number of tasks: 192

Steal ticks since vm start: 0
Steal ticks percentage since vm start:  0.000

CPU: total 8 (initial active 8) (8 cores per cpu, 2 threads per core) family 23 model 24 stepping 1 microcode 0x8108102, cx8, cmov, fxsr, ht, mmx, 3dnowpref, sse, sse2, sse3, ssse3, sse4a, sse4.1, sse4.2, popcnt, lzcnt, tsc, tscinvbit, avx, avx2, aes, clmul, bmi1, bmi2, adx, sha, fma, vzeroupper, clflush, clflushopt
CPU Model and flags from /proc/cpuinfo:
model name	: AMD Ryzen 7 3750H with Radeon Vega Mobile Gfx
flags		: fpu vme de pse tsc msr pae mce cx8 apic sep mtrr pge mca cmov pat pse36 clflush mmx fxsr sse sse2 ht syscall nx mmxext fxsr_opt pdpe1gb rdtscp lm constant_tsc rep_good nopl nonstop_tsc cpuid extd_apicid aperfmperf rapl pni pclmulqdq monitor ssse3 fma cx16 sse4_1 sse4_2 movbe popcnt aes xsave avx f16c rdrand lahf_lm cmp_legacy svm extapic cr8_legacy abm sse4a misalignsse 3dnowprefetch osvw skinit wdt tce topoext perfctr_core perfctr_nb bpext perfctr_llc mwaitx cpb hw_pstate ssbd ibpb vmmcall fsgsbase bmi1 avx2 smep bmi2 rdseed adx smap clflushopt sha_ni xsaveopt xsavec xgetbv1 clzero irperf xsaveerptr arat npt lbrv svm_lock nrip_save tsc_scale vmcb_clean flushbyasid decodeassists pausefilter pfthreshold avic v_vmsave_vmload vgif overflow_recov succor smca sev sev_es

Online cpus: 0-7
Offline cpus: 8-15
BIOS frequency limitation: 2300000
Frequency switch latency (ns): 0
Available cpu frequencies: 2300000 1700000 1400000 
Current governor: schedutil
Core performance/turbo boost: 1

Memory: 4k page, physical 15783452k(3532468k free), swap 2097148k(2097148k free)
Page Sizes: 4k

vm_info: OpenJDK 64-Bit Server VM (17.0.8.1+1) for linux-amd64 JRE (17.0.8.1+1), built on Aug 24 2023 00:00:00 by "admin" with gcc 10.3.0

END.
